#! /usr/bin/vvp
:ivl_version "12.0 (stable)";
:ivl_delay_selection "TYPICAL";
:vpi_time_precision - 12;
:vpi_module "/usr/lib/x86_64-linux-gnu/ivl/system.vpi";
:vpi_module "/usr/lib/x86_64-linux-gnu/ivl/vhdl_sys.vpi";
:vpi_module "/usr/lib/x86_64-linux-gnu/ivl/vhdl_textio.vpi";
:vpi_module "/usr/lib/x86_64-linux-gnu/ivl/v2005_math.vpi";
:vpi_module "/usr/lib/x86_64-linux-gnu/ivl/va_math.vpi";
S_0x558b0a55fb80 .scope module, "EX_tb" "EX_tb" 2 4;
 .timescale -9 -12;
v0x558b0a5c7600_0 .var "ALUControl", 3 0;
v0x558b0a5c76e0_0 .net "ALUControl_r", 3 0, v0x558b0a5c4e60_0;  1 drivers
v0x558b0a5c7780_0 .var "ALUSrc", 0 0;
v0x558b0a5c7820_0 .net "ALUSrc_r", 0 0, v0x558b0a5c5050_0;  1 drivers
v0x558b0a5c78c0_0 .net "ALU_result", 31 0, v0x558b0a5c00f0_0;  1 drivers
v0x558b0a5c7a00_0 .var "PC", 31 0;
v0x558b0a5c7aa0_0 .net "PCSel", 0 0, v0x558b0a5c03c0_0;  1 drivers
v0x558b0a5c7b90_0 .net "PCSel_early", 0 0, L_0x558b0a5ed650;  1 drivers
v0x558b0a5c7c30_0 .net "PC_ex", 31 0, v0x558b0a5c0300_0;  1 drivers
v0x558b0a5c7cd0_0 .net "PC_r", 31 0, v0x558b0a5c51e0_0;  1 drivers
v0x558b0a5c7e00_0 .var "bgef3", 0 0;
v0x558b0a5c7ea0_0 .net "bgef3_r", 0 0, v0x558b0a5c53d0_0;  1 drivers
v0x558b0a5c7f40_0 .var "branch", 0 0;
v0x558b0a5c7fe0_0 .net "branch_r", 0 0, v0x558b0a5c5510_0;  1 drivers
v0x558b0a5c80d0_0 .var "clk", 0 0;
v0x558b0a5c8170_0 .var "flush", 0 0;
v0x558b0a5c8210_0 .var "immediate", 31 0;
v0x558b0a5c82b0_0 .net "immediate_r", 31 0, v0x558b0a5c57b0_0;  1 drivers
v0x558b0a5c8350_0 .var "instruction", 31 0;
v0x558b0a5c83f0_0 .net "instruction_ex", 31 0, v0x558b0a5c06f0_0;  1 drivers
v0x558b0a5c8490_0 .net "instruction_r", 31 0, v0x558b0a5c5950_0;  1 drivers
v0x558b0a5c8530_0 .var "jalr", 0 0;
v0x558b0a5c85d0_0 .net "jalr_r", 0 0, v0x558b0a5c5b40_0;  1 drivers
v0x558b0a5c8670_0 .var "jump", 0 0;
v0x558b0a5c8710_0 .net "jump_r", 0 0, v0x558b0a5c5cf0_0;  1 drivers
v0x558b0a5c8800_0 .net "jump_target", 31 0, v0x558b0a5c08b0_0;  1 drivers
v0x558b0a5c88f0_0 .net "jump_target_early", 31 0, L_0x558b0a5ed710;  1 drivers
v0x558b0a5c8990_0 .var "memRead", 0 0;
v0x558b0a5c8a30_0 .net "memRead_ex", 0 0, v0x558b0a5c0a50_0;  1 drivers
v0x558b0a5c8b20_0 .net "memRead_r", 0 0, v0x558b0a5c5e30_0;  1 drivers
v0x558b0a5c8bc0_0 .var "memWrite", 0 0;
v0x558b0a5c8c60_0 .net "memWrite_ex", 0 0, v0x558b0a5c0bb0_0;  1 drivers
v0x558b0a5c8d50_0 .net "memWrite_r", 0 0, v0x558b0a5c5fe0_0;  1 drivers
v0x558b0a5c9000_0 .var "rd", 4 0;
v0x558b0a5c90a0_0 .net "rd_ex", 4 0, v0x558b0a5c0d30_0;  1 drivers
v0x558b0a5c9190_0 .net "rd_r", 4 0, v0x558b0a5c6190_0;  1 drivers
v0x558b0a5c9230_0 .var "regWrite", 0 0;
v0x558b0a5c92d0_0 .net "regWrite_ex", 0 0, v0x558b0a5c0ef0_0;  1 drivers
v0x558b0a5c93c0_0 .net "regWrite_r", 0 0, v0x558b0a5c6380_0;  1 drivers
v0x558b0a5c9460_0 .var "resultSrc", 1 0;
v0x558b0a5c9500_0 .net "resultSrc_ex", 1 0, v0x558b0a5c1070_0;  1 drivers
v0x558b0a5c95f0_0 .net "resultSrc_r", 1 0, v0x558b0a5c6530_0;  1 drivers
v0x558b0a5c9690_0 .var "rs1", 4 0;
v0x558b0a5c9750_0 .net "rs1_ex", 4 0, v0x558b0a5c1230_0;  1 drivers
v0x558b0a5c9840_0 .net "rs1_r", 4 0, v0x558b0a5c6720_0;  1 drivers
v0x558b0a5c9900_0 .var "rs1_val", 31 0;
v0x558b0a5c99c0_0 .net "rs1_val_r", 31 0, v0x558b0a5c6910_0;  1 drivers
v0x558b0a5c9ab0_0 .var "rs2", 4 0;
v0x558b0a5c9b70_0 .net "rs2_ex", 4 0, v0x558b0a5c13f0_0;  1 drivers
v0x558b0a5c9c60_0 .net "rs2_r", 4 0, v0x558b0a5c6ca0_0;  1 drivers
v0x558b0a5c9d20_0 .var "rs2_val", 31 0;
v0x558b0a5c9de0_0 .net "rs2_val_ex", 31 0, v0x558b0a5c15b0_0;  1 drivers
v0x558b0a5c9ed0_0 .net "rs2_val_r", 31 0, v0x558b0a5c6e90_0;  1 drivers
v0x558b0a5ca020_0 .var "rst", 0 0;
E_0x558b0a4e46c0 .event posedge, v0x558b0a5c0650_0;
E_0x558b0a4e4850 .event negedge, v0x558b0a5c0650_0;
S_0x558b0a597120 .scope module, "EX" "execute_stage" 2 50, 3 9 0, S_0x558b0a55fb80;
 .timescale 0 0;
    .port_info 0 /INPUT 1 "clk";
    .port_info 1 /INPUT 1 "rst";
    .port_info 2 /INPUT 1 "jalr";
    .port_info 3 /INPUT 1 "jump";
    .port_info 4 /INPUT 1 "branch";
    .port_info 5 /INPUT 1 "bgef3";
    .port_info 6 /INPUT 1 "ALUSrc";
    .port_info 7 /INPUT 4 "ALUControl";
    .port_info 8 /INPUT 32 "immediate";
    .port_info 9 /INPUT 32 "rs1_val";
    .port_info 10 /INPUT 32 "rs2_val_in";
    .port_info 11 /INPUT 32 "instruction_in";
    .port_info 12 /INPUT 32 "PC_in";
    .port_info 13 /INPUT 1 "memRead_in";
    .port_info 14 /INPUT 1 "memWrite_in";
    .port_info 15 /INPUT 1 "regWrite_in";
    .port_info 16 /INPUT 2 "resultSrc_in";
    .port_info 17 /INPUT 5 "rs1_in";
    .port_info 18 /INPUT 5 "rs2_in";
    .port_info 19 /INPUT 5 "rd_in";
    .port_info 20 /OUTPUT 32 "ALU_result_out";
    .port_info 21 /OUTPUT 32 "jump_target_out";
    .port_info 22 /OUTPUT 32 "jump_target_early_out";
    .port_info 23 /OUTPUT 32 "instruction_out";
    .port_info 24 /OUTPUT 32 "PC_out";
    .port_info 25 /OUTPUT 32 "rs2_val_out";
    .port_info 26 /OUTPUT 1 "PCSel_out";
    .port_info 27 /OUTPUT 1 "PCSel_early_out";
    .port_info 28 /OUTPUT 1 "memRead_out";
    .port_info 29 /OUTPUT 1 "memWrite_out";
    .port_info 30 /OUTPUT 1 "regWrite_out";
    .port_info 31 /OUTPUT 2 "resultSrc_out";
    .port_info 32 /OUTPUT 5 "rs1_out";
    .port_info 33 /OUTPUT 5 "rs2_out";
    .port_info 34 /OUTPUT 5 "rd_out";
L_0x558b0a570ef0 .functor BUFZ 32, v0x558b0a5c6910_0, C4<00000000000000000000000000000000>, C4<00000000000000000000000000000000>, C4<00000000000000000000000000000000>;
L_0x558b0a5dc000 .functor OR 1, L_0x558b0a5ed210, L_0x558b0a5ec9c0, C4<0>, C4<0>;
L_0x558b0a5ed480 .functor AND 1, v0x558b0a5c5510_0, L_0x558b0a5ed3e0, C4<1>, C4<1>;
L_0x558b0a5ed540 .functor OR 1, L_0x558b0a5ed480, v0x558b0a5c5cf0_0, C4<0>, C4<0>;
L_0x558b0a5ed650 .functor BUFZ 1, L_0x558b0a5ed540, C4<0>, C4<0>, C4<0>;
L_0x558b0a5ed710 .functor BUFZ 32, L_0x558b0a5ed170, C4<00000000000000000000000000000000>, C4<00000000000000000000000000000000>, C4<00000000000000000000000000000000>;
v0x558b0a5c1c60_0 .net "ALUControl", 3 0, v0x558b0a5c4e60_0;  alias, 1 drivers
v0x558b0a5c1d70_0 .net "ALUSrc", 0 0, v0x558b0a5c5050_0;  alias, 1 drivers
v0x558b0a5c1e40_0 .net "ALU_in_A", 31 0, L_0x558b0a570ef0;  1 drivers
v0x558b0a5c1f40_0 .net "ALU_in_B", 31 0, L_0x558b0a5daf20;  1 drivers
v0x558b0a5c1fe0_0 .net "ALU_result_out", 31 0, v0x558b0a5c00f0_0;  alias, 1 drivers
v0x558b0a5c20d0_0 .net "ALU_result_w", 31 0, L_0x558b0a5ecce0;  1 drivers
v0x558b0a5c2170_0 .net "PCSel_early_out", 0 0, L_0x558b0a5ed650;  alias, 1 drivers
v0x558b0a5c2210_0 .net "PCSel_out", 0 0, v0x558b0a5c03c0_0;  alias, 1 drivers
v0x558b0a5c22b0_0 .net "PCSel_w", 0 0, L_0x558b0a5ed540;  1 drivers
v0x558b0a5c2380_0 .net "PC_in", 31 0, v0x558b0a5c51e0_0;  alias, 1 drivers
v0x558b0a5c2420_0 .net "PC_out", 31 0, v0x558b0a5c0300_0;  alias, 1 drivers
v0x558b0a5c24c0_0 .net "PC_plus_imm", 31 0, L_0x558b0a5ed0d0;  1 drivers
v0x558b0a5c25b0_0 .net *"_ivl_11", 0 0, L_0x558b0a5ed480;  1 drivers
v0x558b0a5c2670_0 .net *"_ivl_3", 0 0, L_0x558b0a5ed210;  1 drivers
v0x558b0a5c2730_0 .net *"_ivl_5", 0 0, L_0x558b0a5dc000;  1 drivers
v0x558b0a5c27f0_0 .net *"_ivl_7", 0 0, L_0x558b0a5ed2b0;  1 drivers
v0x558b0a5c28b0_0 .net "bgef3", 0 0, v0x558b0a5c53d0_0;  alias, 1 drivers
v0x558b0a5c2a80_0 .net "branch", 0 0, v0x558b0a5c5510_0;  alias, 1 drivers
v0x558b0a5c2b40_0 .net "clk", 0 0, v0x558b0a5c80d0_0;  1 drivers
v0x558b0a5c2be0_0 .net "condition_met", 0 0, L_0x558b0a5ed3e0;  1 drivers
v0x558b0a5c2c80_0 .net "immediate", 31 0, v0x558b0a5c57b0_0;  alias, 1 drivers
v0x558b0a5c2d90_0 .net "instruction_in", 31 0, v0x558b0a5c5950_0;  alias, 1 drivers
v0x558b0a5c2e50_0 .net "instruction_out", 31 0, v0x558b0a5c06f0_0;  alias, 1 drivers
v0x558b0a5c2f20_0 .net "jalr", 0 0, v0x558b0a5c5b40_0;  alias, 1 drivers
v0x558b0a5c2ff0_0 .net "jump", 0 0, v0x558b0a5c5cf0_0;  alias, 1 drivers
v0x558b0a5c3090_0 .net "jump_target_early_out", 31 0, L_0x558b0a5ed710;  alias, 1 drivers
v0x558b0a5c3150_0 .net "jump_target_out", 31 0, v0x558b0a5c08b0_0;  alias, 1 drivers
v0x558b0a5c3240_0 .net "jump_target_w", 31 0, L_0x558b0a5ed170;  1 drivers
v0x558b0a5c3330_0 .net "memRead_in", 0 0, v0x558b0a5c5e30_0;  alias, 1 drivers
v0x558b0a5c33d0_0 .net "memRead_out", 0 0, v0x558b0a5c0a50_0;  alias, 1 drivers
v0x558b0a5c34a0_0 .net "memWrite_in", 0 0, v0x558b0a5c5fe0_0;  alias, 1 drivers
v0x558b0a5c3570_0 .net "memWrite_out", 0 0, v0x558b0a5c0bb0_0;  alias, 1 drivers
v0x558b0a5c3640_0 .net "negative", 0 0, L_0x558b0a5ecf20;  1 drivers
v0x558b0a5c3920_0 .net "rd_in", 4 0, v0x558b0a5c6190_0;  alias, 1 drivers
v0x558b0a5c39f0_0 .net "rd_out", 4 0, v0x558b0a5c0d30_0;  alias, 1 drivers
v0x558b0a5c3ac0_0 .net "regWrite_in", 0 0, v0x558b0a5c6380_0;  alias, 1 drivers
v0x558b0a5c3b90_0 .net "regWrite_out", 0 0, v0x558b0a5c0ef0_0;  alias, 1 drivers
v0x558b0a5c3c60_0 .net "resultSrc_in", 1 0, v0x558b0a5c6530_0;  alias, 1 drivers
v0x558b0a5c3d30_0 .net "resultSrc_out", 1 0, v0x558b0a5c1070_0;  alias, 1 drivers
v0x558b0a5c3e00_0 .net "rs1_in", 4 0, v0x558b0a5c6720_0;  alias, 1 drivers
v0x558b0a5c3ed0_0 .net "rs1_out", 4 0, v0x558b0a5c1230_0;  alias, 1 drivers
v0x558b0a5c3fa0_0 .net "rs1_val", 31 0, v0x558b0a5c6910_0;  alias, 1 drivers
v0x558b0a5c4040_0 .net "rs2_in", 4 0, v0x558b0a5c6ca0_0;  alias, 1 drivers
v0x558b0a5c4110_0 .net "rs2_out", 4 0, v0x558b0a5c13f0_0;  alias, 1 drivers
v0x558b0a5c41e0_0 .net "rs2_val_in", 31 0, v0x558b0a5c6e90_0;  alias, 1 drivers
v0x558b0a5c42d0_0 .net "rs2_val_out", 31 0, v0x558b0a5c15b0_0;  alias, 1 drivers
v0x558b0a5c4370_0 .net "rst", 0 0, v0x558b0a5ca020_0;  1 drivers
v0x558b0a5c4440_0 .net "zero", 0 0, L_0x558b0a5ec9c0;  1 drivers
L_0x558b0a5ed210 .reduce/nor L_0x558b0a5ecf20;
L_0x558b0a5ed2b0 .reduce/nor L_0x558b0a5ec9c0;
L_0x558b0a5ed3e0 .functor MUXZ 1, L_0x558b0a5ed2b0, L_0x558b0a5dc000, v0x558b0a5c53d0_0, C4<>;
S_0x558b0a581010 .scope module, "ALU_B_mux" "mux_2x1" 3 36, 4 1 0, S_0x558b0a597120;
 .timescale 0 0;
    .port_info 0 /INPUT 32 "a";
    .port_info 1 /INPUT 32 "b";
    .port_info 2 /INPUT 1 "s";
    .port_info 3 /OUTPUT 32 "f";
v0x558b0a56d370_0 .net "a", 31 0, v0x558b0a5c6e90_0;  alias, 1 drivers
v0x558b0a56e330_0 .net "b", 31 0, v0x558b0a5c57b0_0;  alias, 1 drivers
v0x558b0a56fd00_0 .net "f", 31 0, L_0x558b0a5daf20;  alias, 1 drivers
v0x558b0a5716a0_0 .net "s", 0 0, v0x558b0a5c5050_0;  alias, 1 drivers
L_0x558b0a5daf20 .functor MUXZ 32, v0x558b0a5c6e90_0, v0x558b0a5c57b0_0, v0x558b0a5c5050_0, C4<>;
S_0x558b0a5bce30 .scope module, "alu_" "ALU" 3 37, 3 75 0, S_0x558b0a597120;
 .timescale 0 0;
    .port_info 0 /INPUT 32 "A";
    .port_info 1 /INPUT 32 "B";
    .port_info 2 /INPUT 4 "ALUControl";
    .port_info 3 /OUTPUT 32 "result";
    .port_info 4 /OUTPUT 1 "zero";
    .port_info 5 /OUTPUT 1 "negative";
L_0x558b0a5528c0 .functor AND 32, L_0x558b0a570ef0, L_0x558b0a5daf20, C4<11111111111111111111111111111111>, C4<11111111111111111111111111111111>;
L_0x558b0a512c30 .functor XOR 32, L_0x558b0a570ef0, L_0x558b0a5daf20, C4<00000000000000000000000000000000>, C4<00000000000000000000000000000000>;
L_0x558b0a5db810 .functor OR 32, L_0x558b0a570ef0, L_0x558b0a5daf20, C4<00000000000000000000000000000000>, C4<00000000000000000000000000000000>;
v0x558b0a5529e0_0 .net "A", 31 0, L_0x558b0a570ef0;  alias, 1 drivers
v0x558b0a552ab0_0 .net "ALUControl", 3 0, v0x558b0a5c4e60_0;  alias, 1 drivers
v0x558b0a5bd0b0_0 .net "B", 31 0, L_0x558b0a5daf20;  alias, 1 drivers
L_0x7cd9aface018 .functor BUFT 1, C4<0000>, C4<0>, C4<0>, C4<0>;
v0x558b0a5bd150_0 .net/2u *"_ivl_0", 3 0, L_0x7cd9aface018;  1 drivers
v0x558b0a5bd210_0 .net *"_ivl_10", 31 0, L_0x558b0a5db300;  1 drivers
L_0x7cd9aface0a8 .functor BUFT 1, C4<0010>, C4<0>, C4<0>, C4<0>;
v0x558b0a5bd340_0 .net/2u *"_ivl_12", 3 0, L_0x7cd9aface0a8;  1 drivers
v0x558b0a5bd420_0 .net *"_ivl_14", 0 0, L_0x558b0a5db4c0;  1 drivers
v0x558b0a5bd4e0_0 .net *"_ivl_16", 31 0, L_0x558b0a5528c0;  1 drivers
L_0x7cd9aface0f0 .functor BUFT 1, C4<0011>, C4<0>, C4<0>, C4<0>;
v0x558b0a5bd5c0_0 .net/2u *"_ivl_18", 3 0, L_0x7cd9aface0f0;  1 drivers
v0x558b0a5bd6a0_0 .net *"_ivl_2", 0 0, L_0x558b0a5db000;  1 drivers
v0x558b0a5bd760_0 .net *"_ivl_20", 0 0, L_0x558b0a5db5c0;  1 drivers
v0x558b0a5bd820_0 .net *"_ivl_22", 31 0, L_0x558b0a512c30;  1 drivers
L_0x7cd9aface138 .functor BUFT 1, C4<0100>, C4<0>, C4<0>, C4<0>;
v0x558b0a5bd900_0 .net/2u *"_ivl_24", 3 0, L_0x7cd9aface138;  1 drivers
v0x558b0a5bd9e0_0 .net *"_ivl_26", 0 0, L_0x558b0a5db720;  1 drivers
v0x558b0a5bdaa0_0 .net *"_ivl_28", 31 0, L_0x558b0a5db810;  1 drivers
L_0x7cd9aface180 .functor BUFT 1, C4<0101>, C4<0>, C4<0>, C4<0>;
v0x558b0a5bdb80_0 .net/2u *"_ivl_30", 3 0, L_0x7cd9aface180;  1 drivers
v0x558b0a5bdc60_0 .net *"_ivl_32", 0 0, L_0x558b0a5db9c0;  1 drivers
v0x558b0a5bdd20_0 .net *"_ivl_34", 31 0, L_0x558b0a5dbb30;  1 drivers
L_0x7cd9aface1c8 .functor BUFT 1, C4<0110>, C4<0>, C4<0>, C4<0>;
v0x558b0a5bde00_0 .net/2u *"_ivl_36", 3 0, L_0x7cd9aface1c8;  1 drivers
v0x558b0a5bdee0_0 .net *"_ivl_38", 0 0, L_0x558b0a5dbd10;  1 drivers
v0x558b0a5bdfa0_0 .net *"_ivl_4", 31 0, L_0x558b0a5db130;  1 drivers
v0x558b0a5be080_0 .net *"_ivl_40", 31 0, L_0x558b0a5dbe90;  1 drivers
v0x558b0a5be160_0 .net *"_ivl_42", 0 0, L_0x558b0a5dbf30;  1 drivers
v0x558b0a5be220_0 .net *"_ivl_44", 31 0, L_0x558b0a5dc070;  1 drivers
L_0x7cd9aface210 .functor BUFT 1, C4<0000000000000000000000000000000>, C4<0>, C4<0>, C4<0>;
v0x558b0a5be300_0 .net *"_ivl_47", 30 0, L_0x7cd9aface210;  1 drivers
v0x558b0a5be3e0_0 .net *"_ivl_48", 31 0, L_0x558b0a5ec1d0;  1 drivers
v0x558b0a5be4c0_0 .net *"_ivl_50", 31 0, L_0x558b0a5ec3e0;  1 drivers
v0x558b0a5be5a0_0 .net *"_ivl_52", 31 0, L_0x558b0a5ec570;  1 drivers
v0x558b0a5be680_0 .net *"_ivl_54", 31 0, L_0x558b0a5ec790;  1 drivers
v0x558b0a5be760_0 .net *"_ivl_56", 31 0, L_0x558b0a5ec920;  1 drivers
v0x558b0a5be840_0 .net *"_ivl_58", 31 0, L_0x558b0a5ecb50;  1 drivers
L_0x7cd9aface060 .functor BUFT 1, C4<0001>, C4<0>, C4<0>, C4<0>;
v0x558b0a5be920_0 .net/2u *"_ivl_6", 3 0, L_0x7cd9aface060;  1 drivers
L_0x7cd9aface258 .functor BUFT 1, C4<00000000000000000000000000000000>, C4<0>, C4<0>, C4<0>;
v0x558b0a5bea00_0 .net/2u *"_ivl_62", 31 0, L_0x7cd9aface258;  1 drivers
v0x558b0a5becf0_0 .net *"_ivl_8", 0 0, L_0x558b0a5db260;  1 drivers
v0x558b0a5bedb0_0 .net "negative", 0 0, L_0x558b0a5ecf20;  alias, 1 drivers
v0x558b0a5bee70_0 .net "result", 31 0, L_0x558b0a5ecce0;  alias, 1 drivers
v0x558b0a5bef50_0 .net "zero", 0 0, L_0x558b0a5ec9c0;  alias, 1 drivers
L_0x558b0a5db000 .cmp/eq 4, v0x558b0a5c4e60_0, L_0x7cd9aface018;
L_0x558b0a5db130 .arith/sum 32, L_0x558b0a570ef0, L_0x558b0a5daf20;
L_0x558b0a5db260 .cmp/eq 4, v0x558b0a5c4e60_0, L_0x7cd9aface060;
L_0x558b0a5db300 .arith/sub 32, L_0x558b0a570ef0, L_0x558b0a5daf20;
L_0x558b0a5db4c0 .cmp/eq 4, v0x558b0a5c4e60_0, L_0x7cd9aface0a8;
L_0x558b0a5db5c0 .cmp/eq 4, v0x558b0a5c4e60_0, L_0x7cd9aface0f0;
L_0x558b0a5db720 .cmp/eq 4, v0x558b0a5c4e60_0, L_0x7cd9aface138;
L_0x558b0a5db9c0 .cmp/eq 4, v0x558b0a5c4e60_0, L_0x7cd9aface180;
L_0x558b0a5dbb30 .shift/r 32, L_0x558b0a570ef0, L_0x558b0a5daf20;
L_0x558b0a5dbd10 .cmp/eq 4, v0x558b0a5c4e60_0, L_0x7cd9aface1c8;
L_0x558b0a5dbe90 .shift/r 32, L_0x558b0a570ef0, L_0x558b0a5daf20;
L_0x558b0a5dbf30 .cmp/gt 32, L_0x558b0a5daf20, L_0x558b0a570ef0;
L_0x558b0a5dc070 .concat [ 1 31 0 0], L_0x558b0a5dbf30, L_0x7cd9aface210;
L_0x558b0a5ec1d0 .functor MUXZ 32, L_0x558b0a5dc070, L_0x558b0a5dbe90, L_0x558b0a5dbd10, C4<>;
L_0x558b0a5ec3e0 .functor MUXZ 32, L_0x558b0a5ec1d0, L_0x558b0a5dbb30, L_0x558b0a5db9c0, C4<>;
L_0x558b0a5ec570 .functor MUXZ 32, L_0x558b0a5ec3e0, L_0x558b0a5db810, L_0x558b0a5db720, C4<>;
L_0x558b0a5ec790 .functor MUXZ 32, L_0x558b0a5ec570, L_0x558b0a512c30, L_0x558b0a5db5c0, C4<>;
L_0x558b0a5ec920 .functor MUXZ 32, L_0x558b0a5ec790, L_0x558b0a5528c0, L_0x558b0a5db4c0, C4<>;
L_0x558b0a5ecb50 .functor MUXZ 32, L_0x558b0a5ec920, L_0x558b0a5db300, L_0x558b0a5db260, C4<>;
L_0x558b0a5ecce0 .functor MUXZ 32, L_0x558b0a5ecb50, L_0x558b0a5db130, L_0x558b0a5db000, C4<>;
L_0x558b0a5ec9c0 .cmp/eq 32, L_0x558b0a5ecce0, L_0x7cd9aface258;
L_0x558b0a5ecf20 .part L_0x558b0a5ecce0, 31, 1;
S_0x558b0a5bf0d0 .scope module, "branch_adder" "adder" 3 41, 4 12 0, S_0x558b0a597120;
 .timescale 0 0;
    .port_info 0 /INPUT 32 "a";
    .port_info 1 /INPUT 32 "b";
    .port_info 2 /OUTPUT 32 "f";
v0x558b0a5bf2b0_0 .net "a", 31 0, v0x558b0a5c51e0_0;  alias, 1 drivers
v0x558b0a5bf3b0_0 .net "b", 31 0, v0x558b0a5c57b0_0;  alias, 1 drivers
v0x558b0a5bf470_0 .net "f", 31 0, L_0x558b0a5ed0d0;  alias, 1 drivers
L_0x558b0a5ed0d0 .arith/sum 32, v0x558b0a5c51e0_0, v0x558b0a5c57b0_0;
S_0x558b0a5bf5c0 .scope module, "branch_jump_mux" "mux_2x1" 3 42, 4 1 0, S_0x558b0a597120;
 .timescale 0 0;
    .port_info 0 /INPUT 32 "a";
    .port_info 1 /INPUT 32 "b";
    .port_info 2 /INPUT 1 "s";
    .port_info 3 /OUTPUT 32 "f";
v0x558b0a5bf7d0_0 .net "a", 31 0, L_0x558b0a5ed0d0;  alias, 1 drivers
v0x558b0a5bf8c0_0 .net "b", 31 0, L_0x558b0a5ecce0;  alias, 1 drivers
v0x558b0a5bf990_0 .net "f", 31 0, L_0x558b0a5ed170;  alias, 1 drivers
v0x558b0a5bfa60_0 .net "s", 0 0, v0x558b0a5c5b40_0;  alias, 1 drivers
L_0x558b0a5ed170 .functor MUXZ 32, L_0x558b0a5ed0d0, L_0x558b0a5ecce0, v0x558b0a5c5b40_0, C4<>;
S_0x558b0a5bfbd0 .scope module, "pipe_reg" "EX_MEM" 3 49, 3 100 0, S_0x558b0a597120;
 .timescale 0 0;
    .port_info 0 /INPUT 1 "clk";
    .port_info 1 /INPUT 1 "rst";
    .port_info 2 /INPUT 32 "ALU_result_r";
    .port_info 3 /INPUT 32 "jump_target_r";
    .port_info 4 /INPUT 32 "instruction_r";
    .port_info 5 /INPUT 32 "PC_r";
    .port_info 6 /INPUT 1 "PCSel_r";
    .port_info 7 /INPUT 1 "memRead_r";
    .port_info 8 /INPUT 1 "memWrite_r";
    .port_info 9 /INPUT 1 "regWrite_r";
    .port_info 10 /INPUT 2 "resultSrc_r";
    .port_info 11 /INPUT 5 "rs1_r";
    .port_info 12 /INPUT 5 "rs2_r";
    .port_info 13 /INPUT 5 "rd_r";
    .port_info 14 /INPUT 32 "rs2_val_r";
    .port_info 15 /OUTPUT 32 "ALU_result";
    .port_info 16 /OUTPUT 32 "jump_target";
    .port_info 17 /OUTPUT 32 "instruction";
    .port_info 18 /OUTPUT 32 "PC";
    .port_info 19 /OUTPUT 1 "PCSel";
    .port_info 20 /OUTPUT 1 "memRead";
    .port_info 21 /OUTPUT 1 "memWrite";
    .port_info 22 /OUTPUT 1 "regWrite";
    .port_info 23 /OUTPUT 2 "resultSrc";
    .port_info 24 /OUTPUT 5 "rs1";
    .port_info 25 /OUTPUT 5 "rs2";
    .port_info 26 /OUTPUT 5 "rd";
    .port_info 27 /OUTPUT 32 "rs2_val";
v0x558b0a5c00f0_0 .var "ALU_result", 31 0;
v0x558b0a5c01f0_0 .net "ALU_result_r", 31 0, L_0x558b0a5ecce0;  alias, 1 drivers
v0x558b0a5c0300_0 .var "PC", 31 0;
v0x558b0a5c03c0_0 .var "PCSel", 0 0;
v0x558b0a5c0480_0 .net "PCSel_r", 0 0, L_0x558b0a5ed540;  alias, 1 drivers
v0x558b0a5c0590_0 .net "PC_r", 31 0, v0x558b0a5c51e0_0;  alias, 1 drivers
v0x558b0a5c0650_0 .net "clk", 0 0, v0x558b0a5c80d0_0;  alias, 1 drivers
v0x558b0a5c06f0_0 .var "instruction", 31 0;
v0x558b0a5c07d0_0 .net "instruction_r", 31 0, v0x558b0a5c5950_0;  alias, 1 drivers
v0x558b0a5c08b0_0 .var "jump_target", 31 0;
v0x558b0a5c0990_0 .net "jump_target_r", 31 0, L_0x558b0a5ed170;  alias, 1 drivers
v0x558b0a5c0a50_0 .var "memRead", 0 0;
v0x558b0a5c0af0_0 .net "memRead_r", 0 0, v0x558b0a5c5e30_0;  alias, 1 drivers
v0x558b0a5c0bb0_0 .var "memWrite", 0 0;
v0x558b0a5c0c70_0 .net "memWrite_r", 0 0, v0x558b0a5c5fe0_0;  alias, 1 drivers
v0x558b0a5c0d30_0 .var "rd", 4 0;
v0x558b0a5c0e10_0 .net "rd_r", 4 0, v0x558b0a5c6190_0;  alias, 1 drivers
v0x558b0a5c0ef0_0 .var "regWrite", 0 0;
v0x558b0a5c0fb0_0 .net "regWrite_r", 0 0, v0x558b0a5c6380_0;  alias, 1 drivers
v0x558b0a5c1070_0 .var "resultSrc", 1 0;
v0x558b0a5c1150_0 .net "resultSrc_r", 1 0, v0x558b0a5c6530_0;  alias, 1 drivers
v0x558b0a5c1230_0 .var "rs1", 4 0;
v0x558b0a5c1310_0 .net "rs1_r", 4 0, v0x558b0a5c6720_0;  alias, 1 drivers
v0x558b0a5c13f0_0 .var "rs2", 4 0;
v0x558b0a5c14d0_0 .net "rs2_r", 4 0, v0x558b0a5c6ca0_0;  alias, 1 drivers
v0x558b0a5c15b0_0 .var "rs2_val", 31 0;
v0x558b0a5c1690_0 .net "rs2_val_r", 31 0, v0x558b0a5c6e90_0;  alias, 1 drivers
v0x558b0a5c1750_0 .net "rst", 0 0, v0x558b0a5ca020_0;  alias, 1 drivers
E_0x558b0a4e3cc0 .event posedge, v0x558b0a5c1750_0, v0x558b0a5c0650_0;
S_0x558b0a5c48b0 .scope module, "pipe_reg" "ID_EX" 2 28, 5 205 0, S_0x558b0a55fb80;
 .timescale -9 -12;
    .port_info 0 /INPUT 32 "PC_r";
    .port_info 1 /INPUT 32 "instruction_r";
    .port_info 2 /INPUT 1 "clk";
    .port_info 3 /INPUT 1 "rst";
    .port_info 4 /INPUT 1 "flush";
    .port_info 5 /INPUT 1 "ALUSrc_r";
    .port_info 6 /INPUT 1 "memRead_r";
    .port_info 7 /INPUT 1 "memWrite_r";
    .port_info 8 /INPUT 1 "jalr_r";
    .port_info 9 /INPUT 1 "jump_r";
    .port_info 10 /INPUT 1 "branch_r";
    .port_info 11 /INPUT 1 "regWrite_r";
    .port_info 12 /INPUT 2 "resultSrc_r";
    .port_info 13 /INPUT 4 "ALUControl_r";
    .port_info 14 /INPUT 32 "immediate_r";
    .port_info 15 /INPUT 32 "rs1_val_r";
    .port_info 16 /INPUT 32 "rs2_val_r";
    .port_info 17 /INPUT 1 "bgef3_r";
    .port_info 18 /INPUT 5 "rs1_r";
    .port_info 19 /INPUT 5 "rs2_r";
    .port_info 20 /INPUT 5 "rd_r";
    .port_info 21 /OUTPUT 32 "instruction";
    .port_info 22 /OUTPUT 32 "PC";
    .port_info 23 /OUTPUT 1 "ALUSrc";
    .port_info 24 /OUTPUT 1 "memRead";
    .port_info 25 /OUTPUT 1 "memWrite";
    .port_info 26 /OUTPUT 1 "jalr";
    .port_info 27 /OUTPUT 1 "jump";
    .port_info 28 /OUTPUT 1 "branch";
    .port_info 29 /OUTPUT 1 "regWrite";
    .port_info 30 /OUTPUT 2 "resultSrc";
    .port_info 31 /OUTPUT 4 "ALUControl";
    .port_info 32 /OUTPUT 32 "immediate";
    .port_info 33 /OUTPUT 32 "rs1_val";
    .port_info 34 /OUTPUT 32 "rs2_val";
    .port_info 35 /OUTPUT 1 "bgef3";
    .port_info 36 /OUTPUT 5 "rs1";
    .port_info 37 /OUTPUT 5 "rs2";
    .port_info 38 /OUTPUT 5 "rd";
v0x558b0a5c4e60_0 .var "ALUControl", 3 0;
v0x558b0a5c4f70_0 .net "ALUControl_r", 3 0, v0x558b0a5c7600_0;  1 drivers
v0x558b0a5c5050_0 .var "ALUSrc", 0 0;
v0x558b0a5c5140_0 .net "ALUSrc_r", 0 0, v0x558b0a5c7780_0;  1 drivers
v0x558b0a5c51e0_0 .var "PC", 31 0;
v0x558b0a5c52f0_0 .net "PC_r", 31 0, v0x558b0a5c7a00_0;  1 drivers
v0x558b0a5c53d0_0 .var "bgef3", 0 0;
v0x558b0a5c5470_0 .net "bgef3_r", 0 0, v0x558b0a5c7e00_0;  1 drivers
v0x558b0a5c5510_0 .var "branch", 0 0;
v0x558b0a5c55b0_0 .net "branch_r", 0 0, v0x558b0a5c7f40_0;  1 drivers
v0x558b0a5c5650_0 .net "clk", 0 0, v0x558b0a5c80d0_0;  alias, 1 drivers
v0x558b0a5c56f0_0 .net "flush", 0 0, v0x558b0a5c8170_0;  1 drivers
v0x558b0a5c57b0_0 .var "immediate", 31 0;
v0x558b0a5c5870_0 .net "immediate_r", 31 0, v0x558b0a5c8210_0;  1 drivers
v0x558b0a5c5950_0 .var "instruction", 31 0;
v0x558b0a5c5a60_0 .net "instruction_r", 31 0, v0x558b0a5c8350_0;  1 drivers
v0x558b0a5c5b40_0 .var "jalr", 0 0;
v0x558b0a5c5c30_0 .net "jalr_r", 0 0, v0x558b0a5c8530_0;  1 drivers
v0x558b0a5c5cf0_0 .var "jump", 0 0;
v0x558b0a5c5d90_0 .net "jump_r", 0 0, v0x558b0a5c8670_0;  1 drivers
v0x558b0a5c5e30_0 .var "memRead", 0 0;
v0x558b0a5c5f20_0 .net "memRead_r", 0 0, v0x558b0a5c8990_0;  1 drivers
v0x558b0a5c5fe0_0 .var "memWrite", 0 0;
v0x558b0a5c60d0_0 .net "memWrite_r", 0 0, v0x558b0a5c8bc0_0;  1 drivers
v0x558b0a5c6190_0 .var "rd", 4 0;
v0x558b0a5c62a0_0 .net "rd_r", 4 0, v0x558b0a5c9000_0;  1 drivers
v0x558b0a5c6380_0 .var "regWrite", 0 0;
v0x558b0a5c6470_0 .net "regWrite_r", 0 0, v0x558b0a5c9230_0;  1 drivers
v0x558b0a5c6530_0 .var "resultSrc", 1 0;
v0x558b0a5c6640_0 .net "resultSrc_r", 1 0, v0x558b0a5c9460_0;  1 drivers
v0x558b0a5c6720_0 .var "rs1", 4 0;
v0x558b0a5c6830_0 .net "rs1_r", 4 0, v0x558b0a5c9690_0;  1 drivers
v0x558b0a5c6910_0 .var "rs1_val", 31 0;
v0x558b0a5c6be0_0 .net "rs1_val_r", 31 0, v0x558b0a5c9900_0;  1 drivers
v0x558b0a5c6ca0_0 .var "rs2", 4 0;
v0x558b0a5c6db0_0 .net "rs2_r", 4 0, v0x558b0a5c9ab0_0;  1 drivers
v0x558b0a5c6e90_0 .var "rs2_val", 31 0;
v0x558b0a5c6f50_0 .net "rs2_val_r", 31 0, v0x558b0a5c9d20_0;  1 drivers
v0x558b0a5c7030_0 .net "rst", 0 0, v0x558b0a5ca020_0;  alias, 1 drivers
S_0x558b0a55f800 .scope module, "decode_stage" "decode_stage" 5 11;
 .timescale -9 -12;
    .port_info 0 /INPUT 1 "clk";
    .port_info 1 /INPUT 1 "rst";
    .port_info 2 /INPUT 1 "flush";
    .port_info 3 /INPUT 1 "regWrite_in";
    .port_info 4 /INPUT 32 "instruction_in";
    .port_info 5 /INPUT 32 "PC_in";
    .port_info 6 /INPUT 32 "WB_result";
    .port_info 7 /INPUT 5 "rd_in";
    .port_info 8 /OUTPUT 32 "PC_out";
    .port_info 9 /OUTPUT 32 "instruction_out";
    .port_info 10 /OUTPUT 1 "ALUSrc_out";
    .port_info 11 /OUTPUT 1 "memRead_out";
    .port_info 12 /OUTPUT 1 "memWrite_out";
    .port_info 13 /OUTPUT 1 "jalr_out";
    .port_info 14 /OUTPUT 1 "jump_out";
    .port_info 15 /OUTPUT 1 "branch_out";
    .port_info 16 /OUTPUT 1 "regWrite_out";
    .port_info 17 /OUTPUT 2 "resultSrc_out";
    .port_info 18 /OUTPUT 4 "ALUControl_out";
    .port_info 19 /OUTPUT 32 "immediate_out";
    .port_info 20 /OUTPUT 32 "rs1_val_out";
    .port_info 21 /OUTPUT 32 "rs2_val_out";
    .port_info 22 /OUTPUT 1 "bgef3_out";
    .port_info 23 /OUTPUT 5 "rs1_out";
    .port_info 24 /OUTPUT 5 "rs2_out";
    .port_info 25 /OUTPUT 5 "rd_out";
v0x558b0a5d8670_0 .net "ALUControl_out", 3 0, v0x558b0a5d5f00_0;  1 drivers
v0x558b0a5d8780_0 .net "ALUControl_w", 3 0, L_0x558b0a5f7290;  1 drivers
v0x558b0a5d8820_0 .net "ALUOp", 1 0, L_0x558b0a5f1030;  1 drivers
v0x558b0a5d8910_0 .net "ALUSrc_out", 0 0, v0x558b0a5d60c0_0;  1 drivers
v0x558b0a5d89b0_0 .net "ALUSrc_w", 0 0, L_0x558b0a5edc00;  1 drivers
o0x7cd9afe8d328 .functor BUFZ 32, C4<zzzzzzzzzzzzzzzzzzzzzzzzzzzzzzzz>; HiZ drive
v0x558b0a5d8af0_0 .net "PC_in", 31 0, o0x7cd9afe8d328;  0 drivers
v0x558b0a5d8b90_0 .net "PC_out", 31 0, v0x558b0a5d6230_0;  1 drivers
o0x7cd9afe8cf08 .functor BUFZ 32, C4<zzzzzzzzzzzzzzzzzzzzzzzzzzzzzzzz>; HiZ drive
v0x558b0a5d8c30_0 .net "WB_result", 31 0, o0x7cd9afe8cf08;  0 drivers
v0x558b0a5d8d00_0 .net "bgef3_out", 0 0, v0x558b0a5d6400_0;  1 drivers
v0x558b0a5d8dd0_0 .net "branch_out", 0 0, v0x558b0a5d6580_0;  1 drivers
v0x558b0a5d8ea0_0 .net "branch_w", 0 0, L_0x558b0a5eeea0;  1 drivers
o0x7cd9afe8cf38 .functor BUFZ 1, C4<z>; HiZ drive
v0x558b0a5d8f40_0 .net "clk", 0 0, o0x7cd9afe8cf38;  0 drivers
o0x7cd9afe8d3e8 .functor BUFZ 1, C4<z>; HiZ drive
v0x558b0a5d9030_0 .net "flush", 0 0, o0x7cd9afe8d3e8;  0 drivers
v0x558b0a5d90d0_0 .net "immSrc", 1 0, L_0x558b0a5f1f70;  1 drivers
v0x558b0a5d91c0_0 .net "immediate_out", 31 0, v0x558b0a5d68e0_0;  1 drivers
v0x558b0a5d9260_0 .net "immediate_w", 31 0, L_0x558b0a5f4c50;  1 drivers
o0x7cd9afe8ce48 .functor BUFZ 32, C4<zzzzzzzzzzzzzzzzzzzzzzzzzzzzzzzz>; HiZ drive
v0x558b0a5d9350_0 .net "instruction_in", 31 0, o0x7cd9afe8ce48;  0 drivers
v0x558b0a5d93f0_0 .net "instruction_out", 31 0, v0x558b0a5d6a90_0;  1 drivers
v0x558b0a5d9490_0 .net "jalr_out", 0 0, v0x558b0a5d6c30_0;  1 drivers
v0x558b0a5d9560_0 .net "jalr_w", 0 0, L_0x558b0a5ee720;  1 drivers
v0x558b0a5d9650_0 .net "jump_out", 0 0, v0x558b0a5d6dc0_0;  1 drivers
v0x558b0a5d96f0_0 .net "jump_w", 0 0, L_0x558b0a5eebb0;  1 drivers
v0x558b0a5d97e0_0 .net "memRead_out", 0 0, v0x558b0a5d6f30_0;  1 drivers
v0x558b0a5d9880_0 .net "memRead_w", 0 0, L_0x558b0a5ee0d0;  1 drivers
v0x558b0a5d9970_0 .net "memWrite_out", 0 0, v0x558b0a5d70a0_0;  1 drivers
v0x558b0a5d9a10_0 .net "memWrite_w", 0 0, L_0x558b0a5ee4a0;  1 drivers
o0x7cd9afe8cf98 .functor BUFZ 5, C4<zzzzz>; HiZ drive
v0x558b0a5d9b00_0 .net "rd_in", 4 0, o0x7cd9afe8cf98;  0 drivers
v0x558b0a5d9ba0_0 .net "rd_out", 4 0, v0x558b0a5d7210_0;  1 drivers
v0x558b0a5d9c70_0 .net "rd_w", 4 0, L_0x558b0a5ed9e0;  1 drivers
o0x7cd9afe8cfc8 .functor BUFZ 1, C4<z>; HiZ drive
v0x558b0a5d9d40_0 .net "regWrite_in", 0 0, o0x7cd9afe8cfc8;  0 drivers
v0x558b0a5d9e10_0 .net "regWrite_out", 0 0, v0x558b0a5d73b0_0;  1 drivers
v0x558b0a5d9ee0_0 .net "regWrite_w", 0 0, L_0x558b0a5ef660;  1 drivers
v0x558b0a5d9fd0_0 .net "resultSrc_out", 1 0, v0x558b0a5d7540_0;  1 drivers
v0x558b0a5da280_0 .net "resultSrc_w", 1 0, L_0x558b0a5f0120;  1 drivers
v0x558b0a5da370_0 .net "rs1_out", 4 0, v0x558b0a5d76f0_0;  1 drivers
v0x558b0a5da410_0 .net "rs1_val_out", 31 0, v0x558b0a5d78a0_0;  1 drivers
v0x558b0a5da4e0_0 .net "rs1_val_w", 31 0, v0x558b0a5d5330_0;  1 drivers
v0x558b0a5da5d0_0 .net "rs1_w", 4 0, L_0x558b0a5ed8a0;  1 drivers
v0x558b0a5da6c0_0 .net "rs2_out", 4 0, v0x558b0a5d7c60_0;  1 drivers
v0x558b0a5da760_0 .net "rs2_val_out", 31 0, v0x558b0a5d7e10_0;  1 drivers
v0x558b0a5da800_0 .net "rs2_val_w", 31 0, v0x558b0a5d54f0_0;  1 drivers
v0x558b0a5da8f0_0 .net "rs2_w", 4 0, L_0x558b0a5ed940;  1 drivers
o0x7cd9afe8d0b8 .functor BUFZ 1, C4<z>; HiZ drive
v0x558b0a5da9e0_0 .net "rst", 0 0, o0x7cd9afe8d0b8;  0 drivers
L_0x558b0a5ed8a0 .part o0x7cd9afe8ce48, 15, 5;
L_0x558b0a5ed940 .part o0x7cd9afe8ce48, 20, 5;
L_0x558b0a5ed9e0 .part o0x7cd9afe8ce48, 7, 5;
L_0x558b0a5f2240 .part o0x7cd9afe8ce48, 0, 7;
L_0x558b0a5f22e0 .part o0x7cd9afe8ce48, 25, 7;
L_0x558b0a5f2380 .part o0x7cd9afe8ce48, 12, 3;
L_0x558b0a5f7420 .part o0x7cd9afe8ce48, 12, 3;
L_0x558b0a5f74c0 .part o0x7cd9afe8ce48, 25, 7;
L_0x558b0a5f7600 .part o0x7cd9afe8ce48, 14, 1;
S_0x558b0a5ca0c0 .scope module, "ALUControl" "ALU_control" 5 69, 5 128 0, S_0x558b0a55f800;
 .timescale -9 -12;
    .port_info 0 /INPUT 3 "funct3";
    .port_info 1 /INPUT 7 "funct7";
    .port_info 2 /INPUT 2 "ALUOp";
    .port_info 3 /OUTPUT 4 "ALUControl";
L_0x558b0a5f54c0 .functor AND 1, L_0x558b0a5f5330, L_0x558b0a5f53d0, C4<1>, C4<1>;
L_0x558b0a5f5840 .functor AND 1, L_0x558b0a5f55d0, L_0x558b0a5f56c0, C4<1>, C4<1>;
L_0x558b0a5f60c0 .functor AND 1, L_0x558b0a5f5e10, L_0x558b0a5f5f70, C4<1>, C4<1>;
v0x558b0a5ca270_0 .net "ALUControl", 3 0, L_0x558b0a5f7290;  alias, 1 drivers
v0x558b0a5ca370_0 .net "ALUOp", 1 0, L_0x558b0a5f1030;  alias, 1 drivers
L_0x7cd9afacf188 .functor BUFT 1, C4<01>, C4<0>, C4<0>, C4<0>;
v0x558b0a5ca450_0 .net/2u *"_ivl_0", 1 0, L_0x7cd9afacf188;  1 drivers
L_0x7cd9afacf260 .functor BUFT 1, C4<0001>, C4<0>, C4<0>, C4<0>;
v0x558b0a5ca510_0 .net/2u *"_ivl_10", 3 0, L_0x7cd9afacf260;  1 drivers
L_0x7cd9afacf2a8 .functor BUFT 1, C4<11>, C4<0>, C4<0>, C4<0>;
v0x558b0a5ca5f0_0 .net/2u *"_ivl_12", 1 0, L_0x7cd9afacf2a8;  1 drivers
v0x558b0a5ca720_0 .net *"_ivl_14", 0 0, L_0x558b0a5f5330;  1 drivers
L_0x7cd9afacf2f0 .functor BUFT 1, C4<000>, C4<0>, C4<0>, C4<0>;
v0x558b0a5ca7e0_0 .net/2u *"_ivl_16", 2 0, L_0x7cd9afacf2f0;  1 drivers
v0x558b0a5ca8c0_0 .net *"_ivl_18", 0 0, L_0x558b0a5f53d0;  1 drivers
v0x558b0a5ca980_0 .net *"_ivl_2", 0 0, L_0x558b0a5f4de0;  1 drivers
v0x558b0a5caad0_0 .net *"_ivl_21", 0 0, L_0x558b0a5f54c0;  1 drivers
L_0x7cd9afacf338 .functor BUFT 1, C4<0010>, C4<0>, C4<0>, C4<0>;
v0x558b0a5cab90_0 .net/2u *"_ivl_22", 3 0, L_0x7cd9afacf338;  1 drivers
L_0x7cd9afacf380 .functor BUFT 1, C4<11>, C4<0>, C4<0>, C4<0>;
v0x558b0a5cac70_0 .net/2u *"_ivl_24", 1 0, L_0x7cd9afacf380;  1 drivers
v0x558b0a5cad50_0 .net *"_ivl_26", 0 0, L_0x558b0a5f55d0;  1 drivers
L_0x7cd9afacf3c8 .functor BUFT 1, C4<111>, C4<0>, C4<0>, C4<0>;
v0x558b0a5cae10_0 .net/2u *"_ivl_28", 2 0, L_0x7cd9afacf3c8;  1 drivers
v0x558b0a5caef0_0 .net *"_ivl_30", 0 0, L_0x558b0a5f56c0;  1 drivers
v0x558b0a5cafb0_0 .net *"_ivl_33", 0 0, L_0x558b0a5f5840;  1 drivers
L_0x7cd9afacf410 .functor BUFT 1, C4<0100>, C4<0>, C4<0>, C4<0>;
v0x558b0a5cb070_0 .net/2u *"_ivl_34", 3 0, L_0x7cd9afacf410;  1 drivers
L_0x7cd9afacf458 .functor BUFT 1, C4<001>, C4<0>, C4<0>, C4<0>;
v0x558b0a5cb150_0 .net/2u *"_ivl_36", 2 0, L_0x7cd9afacf458;  1 drivers
v0x558b0a5cb230_0 .net *"_ivl_38", 0 0, L_0x558b0a5f5950;  1 drivers
L_0x7cd9afacf1d0 .functor BUFT 1, C4<0000>, C4<0>, C4<0>, C4<0>;
v0x558b0a5cb2f0_0 .net/2u *"_ivl_4", 3 0, L_0x7cd9afacf1d0;  1 drivers
L_0x7cd9afacf4a0 .functor BUFT 1, C4<0000>, C4<0>, C4<0>, C4<0>;
v0x558b0a5cb3d0_0 .net/2u *"_ivl_40", 3 0, L_0x7cd9afacf4a0;  1 drivers
L_0x7cd9afacf4e8 .functor BUFT 1, C4<000>, C4<0>, C4<0>, C4<0>;
v0x558b0a5cb4b0_0 .net/2u *"_ivl_42", 2 0, L_0x7cd9afacf4e8;  1 drivers
v0x558b0a5cb590_0 .net *"_ivl_44", 0 0, L_0x558b0a5f5a40;  1 drivers
L_0x7cd9afacf530 .functor BUFT 1, C4<0010>, C4<0>, C4<0>, C4<0>;
v0x558b0a5cb650_0 .net/2u *"_ivl_46", 3 0, L_0x7cd9afacf530;  1 drivers
L_0x7cd9afacf578 .functor BUFT 1, C4<101>, C4<0>, C4<0>, C4<0>;
v0x558b0a5cb730_0 .net/2u *"_ivl_48", 2 0, L_0x7cd9afacf578;  1 drivers
v0x558b0a5cb810_0 .net *"_ivl_50", 0 0, L_0x558b0a5f5b30;  1 drivers
L_0x7cd9afacf5c0 .functor BUFT 1, C4<0011>, C4<0>, C4<0>, C4<0>;
v0x558b0a5cb8d0_0 .net/2u *"_ivl_52", 3 0, L_0x7cd9afacf5c0;  1 drivers
L_0x7cd9afacf608 .functor BUFT 1, C4<111>, C4<0>, C4<0>, C4<0>;
v0x558b0a5cb9b0_0 .net/2u *"_ivl_54", 2 0, L_0x7cd9afacf608;  1 drivers
v0x558b0a5cba90_0 .net *"_ivl_56", 0 0, L_0x558b0a5f5c20;  1 drivers
L_0x7cd9afacf650 .functor BUFT 1, C4<0100>, C4<0>, C4<0>, C4<0>;
v0x558b0a5cbb50_0 .net/2u *"_ivl_58", 3 0, L_0x7cd9afacf650;  1 drivers
L_0x7cd9afacf218 .functor BUFT 1, C4<10>, C4<0>, C4<0>, C4<0>;
v0x558b0a5cbc30_0 .net/2u *"_ivl_6", 1 0, L_0x7cd9afacf218;  1 drivers
L_0x7cd9afacf698 .functor BUFT 1, C4<100>, C4<0>, C4<0>, C4<0>;
v0x558b0a5cbd10_0 .net/2u *"_ivl_60", 2 0, L_0x7cd9afacf698;  1 drivers
v0x558b0a5cbdf0_0 .net *"_ivl_62", 0 0, L_0x558b0a5f5d70;  1 drivers
L_0x7cd9afacf6e0 .functor BUFT 1, C4<0111>, C4<0>, C4<0>, C4<0>;
v0x558b0a5cc0c0_0 .net/2u *"_ivl_64", 3 0, L_0x7cd9afacf6e0;  1 drivers
L_0x7cd9afacf728 .functor BUFT 1, C4<110>, C4<0>, C4<0>, C4<0>;
v0x558b0a5cc1a0_0 .net/2u *"_ivl_66", 2 0, L_0x7cd9afacf728;  1 drivers
v0x558b0a5cc280_0 .net *"_ivl_68", 0 0, L_0x558b0a5f5e10;  1 drivers
L_0x7cd9afacf770 .functor BUFT 1, C4<0010000>, C4<0>, C4<0>, C4<0>;
v0x558b0a5cc340_0 .net/2u *"_ivl_70", 6 0, L_0x7cd9afacf770;  1 drivers
v0x558b0a5cc420_0 .net *"_ivl_72", 0 0, L_0x558b0a5f5f70;  1 drivers
v0x558b0a5cc4e0_0 .net *"_ivl_74", 0 0, L_0x558b0a5f60c0;  1 drivers
L_0x7cd9afacf7b8 .functor BUFT 1, C4<0101>, C4<0>, C4<0>, C4<0>;
v0x558b0a5cc5c0_0 .net/2u *"_ivl_76", 3 0, L_0x7cd9afacf7b8;  1 drivers
L_0x7cd9afacf800 .functor BUFT 1, C4<0110>, C4<0>, C4<0>, C4<0>;
v0x558b0a5cc6a0_0 .net/2u *"_ivl_78", 3 0, L_0x7cd9afacf800;  1 drivers
v0x558b0a5cc780_0 .net *"_ivl_8", 0 0, L_0x558b0a5f5290;  1 drivers
v0x558b0a5cc840_0 .net *"_ivl_80", 3 0, L_0x558b0a5f61d0;  1 drivers
v0x558b0a5cc920_0 .net *"_ivl_82", 3 0, L_0x558b0a5f6410;  1 drivers
v0x558b0a5cca00_0 .net *"_ivl_84", 3 0, L_0x558b0a5f65a0;  1 drivers
v0x558b0a5ccae0_0 .net *"_ivl_86", 3 0, L_0x558b0a5f67c0;  1 drivers
v0x558b0a5ccbc0_0 .net *"_ivl_88", 3 0, L_0x558b0a5f6950;  1 drivers
v0x558b0a5ccca0_0 .net *"_ivl_90", 3 0, L_0x558b0a5f6b80;  1 drivers
v0x558b0a5ccd80_0 .net *"_ivl_92", 3 0, L_0x558b0a5f6d10;  1 drivers
v0x558b0a5cce60_0 .net *"_ivl_94", 3 0, L_0x558b0a5f69f0;  1 drivers
v0x558b0a5ccf40_0 .net *"_ivl_96", 3 0, L_0x558b0a5f7040;  1 drivers
v0x558b0a5cd020_0 .net "funct3", 2 0, L_0x558b0a5f7420;  1 drivers
v0x558b0a5cd100_0 .net "funct7", 6 0, L_0x558b0a5f74c0;  1 drivers
L_0x558b0a5f4de0 .cmp/eq 2, L_0x558b0a5f1030, L_0x7cd9afacf188;
L_0x558b0a5f5290 .cmp/eq 2, L_0x558b0a5f1030, L_0x7cd9afacf218;
L_0x558b0a5f5330 .cmp/eq 2, L_0x558b0a5f1030, L_0x7cd9afacf2a8;
L_0x558b0a5f53d0 .cmp/eq 3, L_0x558b0a5f7420, L_0x7cd9afacf2f0;
L_0x558b0a5f55d0 .cmp/eq 2, L_0x558b0a5f1030, L_0x7cd9afacf380;
L_0x558b0a5f56c0 .cmp/eq 3, L_0x558b0a5f7420, L_0x7cd9afacf3c8;
L_0x558b0a5f5950 .cmp/eq 3, L_0x558b0a5f7420, L_0x7cd9afacf458;
L_0x558b0a5f5a40 .cmp/eq 3, L_0x558b0a5f7420, L_0x7cd9afacf4e8;
L_0x558b0a5f5b30 .cmp/eq 3, L_0x558b0a5f7420, L_0x7cd9afacf578;
L_0x558b0a5f5c20 .cmp/eq 3, L_0x558b0a5f7420, L_0x7cd9afacf608;
L_0x558b0a5f5d70 .cmp/eq 3, L_0x558b0a5f7420, L_0x7cd9afacf698;
L_0x558b0a5f5e10 .cmp/eq 3, L_0x558b0a5f7420, L_0x7cd9afacf728;
L_0x558b0a5f5f70 .cmp/eq 7, L_0x558b0a5f74c0, L_0x7cd9afacf770;
L_0x558b0a5f61d0 .functor MUXZ 4, L_0x7cd9afacf800, L_0x7cd9afacf7b8, L_0x558b0a5f60c0, C4<>;
L_0x558b0a5f6410 .functor MUXZ 4, L_0x558b0a5f61d0, L_0x7cd9afacf6e0, L_0x558b0a5f5d70, C4<>;
L_0x558b0a5f65a0 .functor MUXZ 4, L_0x558b0a5f6410, L_0x7cd9afacf650, L_0x558b0a5f5c20, C4<>;
L_0x558b0a5f67c0 .functor MUXZ 4, L_0x558b0a5f65a0, L_0x7cd9afacf5c0, L_0x558b0a5f5b30, C4<>;
L_0x558b0a5f6950 .functor MUXZ 4, L_0x558b0a5f67c0, L_0x7cd9afacf530, L_0x558b0a5f5a40, C4<>;
L_0x558b0a5f6b80 .functor MUXZ 4, L_0x558b0a5f6950, L_0x7cd9afacf4a0, L_0x558b0a5f5950, C4<>;
L_0x558b0a5f6d10 .functor MUXZ 4, L_0x558b0a5f6b80, L_0x7cd9afacf410, L_0x558b0a5f5840, C4<>;
L_0x558b0a5f69f0 .functor MUXZ 4, L_0x558b0a5f6d10, L_0x7cd9afacf338, L_0x558b0a5f54c0, C4<>;
L_0x558b0a5f7040 .functor MUXZ 4, L_0x558b0a5f69f0, L_0x7cd9afacf260, L_0x558b0a5f5290, C4<>;
L_0x558b0a5f7290 .functor MUXZ 4, L_0x558b0a5f7040, L_0x7cd9afacf1d0, L_0x558b0a5f4de0, C4<>;
S_0x558b0a5cd260 .scope module, "CU" "control_unit" 5 42, 5 96 0, S_0x558b0a55f800;
 .timescale -9 -12;
    .port_info 0 /INPUT 7 "opcode";
    .port_info 1 /INPUT 7 "funct7";
    .port_info 2 /INPUT 3 "funct3";
    .port_info 3 /OUTPUT 1 "ALUSrc";
    .port_info 4 /OUTPUT 2 "ALUOp";
    .port_info 5 /OUTPUT 1 "memRead";
    .port_info 6 /OUTPUT 1 "memWrite";
    .port_info 7 /OUTPUT 1 "jalr";
    .port_info 8 /OUTPUT 1 "jump";
    .port_info 9 /OUTPUT 1 "branch";
    .port_info 10 /OUTPUT 1 "regWrite";
    .port_info 11 /OUTPUT 2 "resultSrc";
    .port_info 12 /OUTPUT 2 "immSrc";
L_0x558b0a5edfc0 .functor AND 1, L_0x558b0a5edd90, L_0x558b0a5eded0, C4<1>, C4<1>;
L_0x558b0a5eeaa0 .functor OR 1, L_0x558b0a5ee8b0, L_0x558b0a5eea00, C4<0>, C4<0>;
L_0x558b0a5eec50 .functor OR 1, L_0x558b0a5ef030, L_0x558b0a5ef230, C4<0>, C4<0>;
L_0x558b0a5efa70 .functor OR 1, L_0x558b0a5ef7f0, L_0x558b0a5ef980, C4<0>, C4<0>;
L_0x558b0a5efdc0 .functor AND 1, L_0x558b0a5efb80, L_0x558b0a5ef8e0, C4<1>, C4<1>;
L_0x558b0a5f09b0 .functor OR 1, L_0x558b0a5f0730, L_0x558b0a5f0820, C4<0>, C4<0>;
L_0x558b0a5f0b00 .functor AND 1, L_0x558b0a5f0560, L_0x558b0a5f09b0, C4<1>, C4<1>;
L_0x558b0a5f16c0 .functor OR 1, L_0x558b0a5f11c0, L_0x558b0a5f15d0, C4<0>, C4<0>;
v0x558b0a5cd410_0 .net "ALUOp", 1 0, L_0x558b0a5f1030;  alias, 1 drivers
v0x558b0a5cd4d0_0 .net "ALUSrc", 0 0, L_0x558b0a5edc00;  alias, 1 drivers
L_0x7cd9aface2a0 .functor BUFT 1, C4<0110100>, C4<0>, C4<0>, C4<0>;
v0x558b0a5cd570_0 .net/2u *"_ivl_0", 6 0, L_0x7cd9aface2a0;  1 drivers
L_0x7cd9aface378 .functor BUFT 1, C4<0010100>, C4<0>, C4<0>, C4<0>;
v0x558b0a5cd630_0 .net/2u *"_ivl_10", 6 0, L_0x7cd9aface378;  1 drivers
L_0x7cd9afacea38 .functor BUFT 1, C4<0010100>, C4<0>, C4<0>, C4<0>;
v0x558b0a5cd710_0 .net/2u *"_ivl_100", 6 0, L_0x7cd9afacea38;  1 drivers
v0x558b0a5cd840_0 .net *"_ivl_102", 0 0, L_0x558b0a5efb80;  1 drivers
L_0x7cd9afacea80 .functor BUFT 1, C4<011>, C4<0>, C4<0>, C4<0>;
v0x558b0a5cd900_0 .net/2u *"_ivl_104", 2 0, L_0x7cd9afacea80;  1 drivers
v0x558b0a5cd9e0_0 .net *"_ivl_106", 0 0, L_0x558b0a5ef8e0;  1 drivers
v0x558b0a5cdaa0_0 .net *"_ivl_108", 0 0, L_0x558b0a5efdc0;  1 drivers
L_0x7cd9afaceac8 .functor BUFT 1, C4<01>, C4<0>, C4<0>, C4<0>;
v0x558b0a5cdb80_0 .net/2u *"_ivl_110", 1 0, L_0x7cd9afaceac8;  1 drivers
L_0x7cd9afaceb10 .functor BUFT 1, C4<00>, C4<0>, C4<0>, C4<0>;
v0x558b0a5cdc60_0 .net/2u *"_ivl_112", 1 0, L_0x7cd9afaceb10;  1 drivers
v0x558b0a5cdd40_0 .net *"_ivl_114", 1 0, L_0x558b0a5efed0;  1 drivers
L_0x7cd9afaceb58 .functor BUFT 1, C4<0110100>, C4<0>, C4<0>, C4<0>;
v0x558b0a5cde20_0 .net/2u *"_ivl_118", 6 0, L_0x7cd9afaceb58;  1 drivers
v0x558b0a5cdf00_0 .net *"_ivl_12", 0 0, L_0x558b0a5edd90;  1 drivers
v0x558b0a5cdfc0_0 .net *"_ivl_120", 0 0, L_0x558b0a5f02b0;  1 drivers
L_0x7cd9afaceba0 .functor BUFT 1, C4<00>, C4<0>, C4<0>, C4<0>;
v0x558b0a5ce080_0 .net/2u *"_ivl_122", 1 0, L_0x7cd9afaceba0;  1 drivers
L_0x7cd9afacebe8 .functor BUFT 1, C4<1100100>, C4<0>, C4<0>, C4<0>;
v0x558b0a5ce160_0 .net/2u *"_ivl_124", 6 0, L_0x7cd9afacebe8;  1 drivers
v0x558b0a5ce240_0 .net *"_ivl_126", 0 0, L_0x558b0a5f0470;  1 drivers
L_0x7cd9afacec30 .functor BUFT 1, C4<10>, C4<0>, C4<0>, C4<0>;
v0x558b0a5ce300_0 .net/2u *"_ivl_128", 1 0, L_0x7cd9afacec30;  1 drivers
L_0x7cd9afacec78 .functor BUFT 1, C4<0010100>, C4<0>, C4<0>, C4<0>;
v0x558b0a5ce3e0_0 .net/2u *"_ivl_130", 6 0, L_0x7cd9afacec78;  1 drivers
v0x558b0a5ce4c0_0 .net *"_ivl_132", 0 0, L_0x558b0a5f0560;  1 drivers
L_0x7cd9afacecc0 .functor BUFT 1, C4<000>, C4<0>, C4<0>, C4<0>;
v0x558b0a5ce580_0 .net/2u *"_ivl_134", 2 0, L_0x7cd9afacecc0;  1 drivers
v0x558b0a5ce660_0 .net *"_ivl_136", 0 0, L_0x558b0a5f0730;  1 drivers
L_0x7cd9afaced08 .functor BUFT 1, C4<111>, C4<0>, C4<0>, C4<0>;
v0x558b0a5ce720_0 .net/2u *"_ivl_138", 2 0, L_0x7cd9afaced08;  1 drivers
L_0x7cd9aface3c0 .functor BUFT 1, C4<011>, C4<0>, C4<0>, C4<0>;
v0x558b0a5ce800_0 .net/2u *"_ivl_14", 2 0, L_0x7cd9aface3c0;  1 drivers
v0x558b0a5ce8e0_0 .net *"_ivl_140", 0 0, L_0x558b0a5f0820;  1 drivers
v0x558b0a5ce9a0_0 .net *"_ivl_143", 0 0, L_0x558b0a5f09b0;  1 drivers
v0x558b0a5cea60_0 .net *"_ivl_145", 0 0, L_0x558b0a5f0b00;  1 drivers
L_0x7cd9afaced50 .functor BUFT 1, C4<11>, C4<0>, C4<0>, C4<0>;
v0x558b0a5ceb20_0 .net/2u *"_ivl_146", 1 0, L_0x7cd9afaced50;  1 drivers
L_0x7cd9afaced98 .functor BUFT 1, C4<01>, C4<0>, C4<0>, C4<0>;
v0x558b0a5cec00_0 .net/2u *"_ivl_148", 1 0, L_0x7cd9afaced98;  1 drivers
v0x558b0a5cece0_0 .net *"_ivl_150", 1 0, L_0x558b0a5f0c10;  1 drivers
v0x558b0a5cedc0_0 .net *"_ivl_152", 1 0, L_0x558b0a5f0da0;  1 drivers
L_0x7cd9afacede0 .functor BUFT 1, C4<0010100>, C4<0>, C4<0>, C4<0>;
v0x558b0a5ceea0_0 .net/2u *"_ivl_156", 6 0, L_0x7cd9afacede0;  1 drivers
v0x558b0a5cf190_0 .net *"_ivl_158", 0 0, L_0x558b0a5f11c0;  1 drivers
v0x558b0a5cf250_0 .net *"_ivl_16", 0 0, L_0x558b0a5eded0;  1 drivers
L_0x7cd9afacee28 .functor BUFT 1, C4<1101000>, C4<0>, C4<0>, C4<0>;
v0x558b0a5cf310_0 .net/2u *"_ivl_160", 6 0, L_0x7cd9afacee28;  1 drivers
v0x558b0a5cf3f0_0 .net *"_ivl_162", 0 0, L_0x558b0a5f15d0;  1 drivers
v0x558b0a5cf4b0_0 .net *"_ivl_164", 0 0, L_0x558b0a5f16c0;  1 drivers
L_0x7cd9afacee70 .functor BUFT 1, C4<00>, C4<0>, C4<0>, C4<0>;
v0x558b0a5cf590_0 .net/2u *"_ivl_166", 1 0, L_0x7cd9afacee70;  1 drivers
L_0x7cd9afaceeb8 .functor BUFT 1, C4<0100100>, C4<0>, C4<0>, C4<0>;
v0x558b0a5cf670_0 .net/2u *"_ivl_168", 6 0, L_0x7cd9afaceeb8;  1 drivers
v0x558b0a5cf750_0 .net *"_ivl_170", 0 0, L_0x558b0a5f1820;  1 drivers
L_0x7cd9afacef00 .functor BUFT 1, C4<01>, C4<0>, C4<0>, C4<0>;
v0x558b0a5cf810_0 .net/2u *"_ivl_172", 1 0, L_0x7cd9afacef00;  1 drivers
L_0x7cd9afacef48 .functor BUFT 1, C4<1100100>, C4<0>, C4<0>, C4<0>;
v0x558b0a5cf8f0_0 .net/2u *"_ivl_174", 6 0, L_0x7cd9afacef48;  1 drivers
v0x558b0a5cf9d0_0 .net *"_ivl_176", 0 0, L_0x558b0a5f1a30;  1 drivers
L_0x7cd9afacef90 .functor BUFT 1, C4<10>, C4<0>, C4<0>, C4<0>;
v0x558b0a5cfa90_0 .net/2u *"_ivl_178", 1 0, L_0x7cd9afacef90;  1 drivers
v0x558b0a5cfb70_0 .net *"_ivl_18", 0 0, L_0x558b0a5edfc0;  1 drivers
L_0x7cd9afacefd8 .functor BUFT 1, C4<11>, C4<0>, C4<0>, C4<0>;
v0x558b0a5cfc50_0 .net/2u *"_ivl_180", 1 0, L_0x7cd9afacefd8;  1 drivers
v0x558b0a5cfd30_0 .net *"_ivl_182", 1 0, L_0x558b0a5f1b20;  1 drivers
v0x558b0a5cfe10_0 .net *"_ivl_184", 1 0, L_0x558b0a5f1de0;  1 drivers
v0x558b0a5cfef0_0 .net *"_ivl_2", 0 0, L_0x558b0a5edb60;  1 drivers
L_0x7cd9aface408 .functor BUFT 1, C4<1>, C4<0>, C4<0>, C4<0>;
v0x558b0a5cffb0_0 .net/2u *"_ivl_20", 0 0, L_0x7cd9aface408;  1 drivers
L_0x7cd9aface450 .functor BUFT 1, C4<0>, C4<0>, C4<0>, C4<0>;
v0x558b0a5d0090_0 .net/2u *"_ivl_22", 0 0, L_0x7cd9aface450;  1 drivers
L_0x7cd9aface498 .functor BUFT 1, C4<0100100>, C4<0>, C4<0>, C4<0>;
v0x558b0a5d0170_0 .net/2u *"_ivl_26", 6 0, L_0x7cd9aface498;  1 drivers
v0x558b0a5d0250_0 .net *"_ivl_28", 0 0, L_0x558b0a5ee370;  1 drivers
L_0x7cd9aface4e0 .functor BUFT 1, C4<1>, C4<0>, C4<0>, C4<0>;
v0x558b0a5d0310_0 .net/2u *"_ivl_30", 0 0, L_0x7cd9aface4e0;  1 drivers
L_0x7cd9aface528 .functor BUFT 1, C4<0>, C4<0>, C4<0>, C4<0>;
v0x558b0a5d03f0_0 .net/2u *"_ivl_32", 0 0, L_0x7cd9aface528;  1 drivers
L_0x7cd9aface570 .functor BUFT 1, C4<1101000>, C4<0>, C4<0>, C4<0>;
v0x558b0a5d04d0_0 .net/2u *"_ivl_36", 6 0, L_0x7cd9aface570;  1 drivers
v0x558b0a5d05b0_0 .net *"_ivl_38", 0 0, L_0x558b0a5ee630;  1 drivers
L_0x7cd9aface2e8 .functor BUFT 1, C4<0>, C4<0>, C4<0>, C4<0>;
v0x558b0a5d0670_0 .net/2u *"_ivl_4", 0 0, L_0x7cd9aface2e8;  1 drivers
L_0x7cd9aface5b8 .functor BUFT 1, C4<1>, C4<0>, C4<0>, C4<0>;
v0x558b0a5d0750_0 .net/2u *"_ivl_40", 0 0, L_0x7cd9aface5b8;  1 drivers
L_0x7cd9aface600 .functor BUFT 1, C4<0>, C4<0>, C4<0>, C4<0>;
v0x558b0a5d0830_0 .net/2u *"_ivl_42", 0 0, L_0x7cd9aface600;  1 drivers
L_0x7cd9aface648 .functor BUFT 1, C4<1101000>, C4<0>, C4<0>, C4<0>;
v0x558b0a5d0910_0 .net/2u *"_ivl_46", 6 0, L_0x7cd9aface648;  1 drivers
v0x558b0a5d09f0_0 .net *"_ivl_48", 0 0, L_0x558b0a5ee8b0;  1 drivers
L_0x7cd9aface690 .functor BUFT 1, C4<1110000>, C4<0>, C4<0>, C4<0>;
v0x558b0a5d0ab0_0 .net/2u *"_ivl_50", 6 0, L_0x7cd9aface690;  1 drivers
v0x558b0a5d0b90_0 .net *"_ivl_52", 0 0, L_0x558b0a5eea00;  1 drivers
v0x558b0a5d0c50_0 .net *"_ivl_54", 0 0, L_0x558b0a5eeaa0;  1 drivers
L_0x7cd9aface6d8 .functor BUFT 1, C4<1>, C4<0>, C4<0>, C4<0>;
v0x558b0a5d0d30_0 .net/2u *"_ivl_56", 0 0, L_0x7cd9aface6d8;  1 drivers
L_0x7cd9aface720 .functor BUFT 1, C4<0>, C4<0>, C4<0>, C4<0>;
v0x558b0a5d0e10_0 .net/2u *"_ivl_58", 0 0, L_0x7cd9aface720;  1 drivers
L_0x7cd9aface330 .functor BUFT 1, C4<1>, C4<0>, C4<0>, C4<0>;
v0x558b0a5d0ef0_0 .net/2u *"_ivl_6", 0 0, L_0x7cd9aface330;  1 drivers
L_0x7cd9aface768 .functor BUFT 1, C4<1100100>, C4<0>, C4<0>, C4<0>;
v0x558b0a5d0fd0_0 .net/2u *"_ivl_62", 6 0, L_0x7cd9aface768;  1 drivers
v0x558b0a5d10b0_0 .net *"_ivl_64", 0 0, L_0x558b0a5eedb0;  1 drivers
L_0x7cd9aface7b0 .functor BUFT 1, C4<1>, C4<0>, C4<0>, C4<0>;
v0x558b0a5d1170_0 .net/2u *"_ivl_66", 0 0, L_0x7cd9aface7b0;  1 drivers
L_0x7cd9aface7f8 .functor BUFT 1, C4<0>, C4<0>, C4<0>, C4<0>;
v0x558b0a5d1250_0 .net/2u *"_ivl_68", 0 0, L_0x7cd9aface7f8;  1 drivers
L_0x7cd9aface840 .functor BUFT 1, C4<1100100>, C4<0>, C4<0>, C4<0>;
v0x558b0a5d1330_0 .net/2u *"_ivl_72", 6 0, L_0x7cd9aface840;  1 drivers
v0x558b0a5d1410_0 .net *"_ivl_74", 0 0, L_0x558b0a5ef030;  1 drivers
L_0x7cd9aface888 .functor BUFT 1, C4<0100100>, C4<0>, C4<0>, C4<0>;
v0x558b0a5d14d0_0 .net/2u *"_ivl_76", 6 0, L_0x7cd9aface888;  1 drivers
v0x558b0a5d15b0_0 .net *"_ivl_78", 0 0, L_0x558b0a5ef230;  1 drivers
v0x558b0a5d1670_0 .net *"_ivl_80", 0 0, L_0x558b0a5eec50;  1 drivers
L_0x7cd9aface8d0 .functor BUFT 1, C4<0>, C4<0>, C4<0>, C4<0>;
v0x558b0a5d1750_0 .net/2u *"_ivl_82", 0 0, L_0x7cd9aface8d0;  1 drivers
L_0x7cd9aface918 .functor BUFT 1, C4<1>, C4<0>, C4<0>, C4<0>;
v0x558b0a5d1830_0 .net/2u *"_ivl_84", 0 0, L_0x7cd9aface918;  1 drivers
L_0x7cd9aface960 .functor BUFT 1, C4<1101000>, C4<0>, C4<0>, C4<0>;
v0x558b0a5d1910_0 .net/2u *"_ivl_88", 6 0, L_0x7cd9aface960;  1 drivers
v0x558b0a5d19f0_0 .net *"_ivl_90", 0 0, L_0x558b0a5ef7f0;  1 drivers
L_0x7cd9aface9a8 .functor BUFT 1, C4<1110000>, C4<0>, C4<0>, C4<0>;
v0x558b0a5d1ab0_0 .net/2u *"_ivl_92", 6 0, L_0x7cd9aface9a8;  1 drivers
v0x558b0a5d1b90_0 .net *"_ivl_94", 0 0, L_0x558b0a5ef980;  1 drivers
v0x558b0a5d1c50_0 .net *"_ivl_96", 0 0, L_0x558b0a5efa70;  1 drivers
L_0x7cd9aface9f0 .functor BUFT 1, C4<10>, C4<0>, C4<0>, C4<0>;
v0x558b0a5d1d30_0 .net/2u *"_ivl_98", 1 0, L_0x7cd9aface9f0;  1 drivers
v0x558b0a5d1e10_0 .net "branch", 0 0, L_0x558b0a5eeea0;  alias, 1 drivers
v0x558b0a5d1ed0_0 .net "funct3", 2 0, L_0x558b0a5f2380;  1 drivers
v0x558b0a5d1fb0_0 .net "funct7", 6 0, L_0x558b0a5f22e0;  1 drivers
v0x558b0a5d2090_0 .net "immSrc", 1 0, L_0x558b0a5f1f70;  alias, 1 drivers
v0x558b0a5d2170_0 .net "jalr", 0 0, L_0x558b0a5ee720;  alias, 1 drivers
v0x558b0a5d2230_0 .net "jump", 0 0, L_0x558b0a5eebb0;  alias, 1 drivers
v0x558b0a5d22f0_0 .net "memRead", 0 0, L_0x558b0a5ee0d0;  alias, 1 drivers
v0x558b0a5d23b0_0 .net "memWrite", 0 0, L_0x558b0a5ee4a0;  alias, 1 drivers
v0x558b0a5d2470_0 .net "opcode", 6 0, L_0x558b0a5f2240;  1 drivers
v0x558b0a5d2550_0 .net "regWrite", 0 0, L_0x558b0a5ef660;  alias, 1 drivers
v0x558b0a5d2610_0 .net "resultSrc", 1 0, L_0x558b0a5f0120;  alias, 1 drivers
L_0x558b0a5edb60 .cmp/eq 7, L_0x558b0a5f2240, L_0x7cd9aface2a0;
L_0x558b0a5edc00 .functor MUXZ 1, L_0x7cd9aface330, L_0x7cd9aface2e8, L_0x558b0a5edb60, C4<>;
L_0x558b0a5edd90 .cmp/eq 7, L_0x558b0a5f2240, L_0x7cd9aface378;
L_0x558b0a5eded0 .cmp/eq 3, L_0x558b0a5f2380, L_0x7cd9aface3c0;
L_0x558b0a5ee0d0 .functor MUXZ 1, L_0x7cd9aface450, L_0x7cd9aface408, L_0x558b0a5edfc0, C4<>;
L_0x558b0a5ee370 .cmp/eq 7, L_0x558b0a5f2240, L_0x7cd9aface498;
L_0x558b0a5ee4a0 .functor MUXZ 1, L_0x7cd9aface528, L_0x7cd9aface4e0, L_0x558b0a5ee370, C4<>;
L_0x558b0a5ee630 .cmp/eq 7, L_0x558b0a5f2240, L_0x7cd9aface570;
L_0x558b0a5ee720 .functor MUXZ 1, L_0x7cd9aface600, L_0x7cd9aface5b8, L_0x558b0a5ee630, C4<>;
L_0x558b0a5ee8b0 .cmp/eq 7, L_0x558b0a5f2240, L_0x7cd9aface648;
L_0x558b0a5eea00 .cmp/eq 7, L_0x558b0a5f2240, L_0x7cd9aface690;
L_0x558b0a5eebb0 .functor MUXZ 1, L_0x7cd9aface720, L_0x7cd9aface6d8, L_0x558b0a5eeaa0, C4<>;
L_0x558b0a5eedb0 .cmp/eq 7, L_0x558b0a5f2240, L_0x7cd9aface768;
L_0x558b0a5eeea0 .functor MUXZ 1, L_0x7cd9aface7f8, L_0x7cd9aface7b0, L_0x558b0a5eedb0, C4<>;
L_0x558b0a5ef030 .cmp/eq 7, L_0x558b0a5f2240, L_0x7cd9aface840;
L_0x558b0a5ef230 .cmp/eq 7, L_0x558b0a5f2240, L_0x7cd9aface888;
L_0x558b0a5ef660 .functor MUXZ 1, L_0x7cd9aface918, L_0x7cd9aface8d0, L_0x558b0a5eec50, C4<>;
L_0x558b0a5ef7f0 .cmp/eq 7, L_0x558b0a5f2240, L_0x7cd9aface960;
L_0x558b0a5ef980 .cmp/eq 7, L_0x558b0a5f2240, L_0x7cd9aface9a8;
L_0x558b0a5efb80 .cmp/eq 7, L_0x558b0a5f2240, L_0x7cd9afacea38;
L_0x558b0a5ef8e0 .cmp/eq 3, L_0x558b0a5f2380, L_0x7cd9afacea80;
L_0x558b0a5efed0 .functor MUXZ 2, L_0x7cd9afaceb10, L_0x7cd9afaceac8, L_0x558b0a5efdc0, C4<>;
L_0x558b0a5f0120 .functor MUXZ 2, L_0x558b0a5efed0, L_0x7cd9aface9f0, L_0x558b0a5efa70, C4<>;
L_0x558b0a5f02b0 .cmp/eq 7, L_0x558b0a5f2240, L_0x7cd9afaceb58;
L_0x558b0a5f0470 .cmp/eq 7, L_0x558b0a5f2240, L_0x7cd9afacebe8;
L_0x558b0a5f0560 .cmp/eq 7, L_0x558b0a5f2240, L_0x7cd9afacec78;
L_0x558b0a5f0730 .cmp/eq 3, L_0x558b0a5f2380, L_0x7cd9afacecc0;
L_0x558b0a5f0820 .cmp/eq 3, L_0x558b0a5f2380, L_0x7cd9afaced08;
L_0x558b0a5f0c10 .functor MUXZ 2, L_0x7cd9afaced98, L_0x7cd9afaced50, L_0x558b0a5f0b00, C4<>;
L_0x558b0a5f0da0 .functor MUXZ 2, L_0x558b0a5f0c10, L_0x7cd9afacec30, L_0x558b0a5f0470, C4<>;
L_0x558b0a5f1030 .functor MUXZ 2, L_0x558b0a5f0da0, L_0x7cd9afaceba0, L_0x558b0a5f02b0, C4<>;
L_0x558b0a5f11c0 .cmp/eq 7, L_0x558b0a5f2240, L_0x7cd9afacede0;
L_0x558b0a5f15d0 .cmp/eq 7, L_0x558b0a5f2240, L_0x7cd9afacee28;
L_0x558b0a5f1820 .cmp/eq 7, L_0x558b0a5f2240, L_0x7cd9afaceeb8;
L_0x558b0a5f1a30 .cmp/eq 7, L_0x558b0a5f2240, L_0x7cd9afacef48;
L_0x558b0a5f1b20 .functor MUXZ 2, L_0x7cd9afacefd8, L_0x7cd9afacef90, L_0x558b0a5f1a30, C4<>;
L_0x558b0a5f1de0 .functor MUXZ 2, L_0x558b0a5f1b20, L_0x7cd9afacef00, L_0x558b0a5f1820, C4<>;
L_0x558b0a5f1f70 .functor MUXZ 2, L_0x558b0a5f1de0, L_0x7cd9afacee70, L_0x558b0a5f16c0, C4<>;
S_0x558b0a5d2890 .scope module, "IMM" "imm_gen" 5 59, 5 152 0, S_0x558b0a55f800;
 .timescale -9 -12;
    .port_info 0 /INPUT 32 "inst";
    .port_info 1 /INPUT 2 "immSrc";
    .port_info 2 /OUTPUT 32 "immediate";
L_0x7cd9afacf020 .functor BUFT 1, C4<00>, C4<0>, C4<0>, C4<0>;
v0x558b0a5d2a70_0 .net/2u *"_ivl_0", 1 0, L_0x7cd9afacf020;  1 drivers
v0x558b0a5d2b70_0 .net *"_ivl_10", 31 0, L_0x558b0a5f2940;  1 drivers
L_0x7cd9afacf068 .functor BUFT 1, C4<01>, C4<0>, C4<0>, C4<0>;
v0x558b0a5d2c50_0 .net/2u *"_ivl_12", 1 0, L_0x7cd9afacf068;  1 drivers
v0x558b0a5d2d10_0 .net *"_ivl_14", 0 0, L_0x558b0a5f2a30;  1 drivers
v0x558b0a5d2dd0_0 .net *"_ivl_17", 0 0, L_0x558b0a5f2b60;  1 drivers
v0x558b0a5d2f00_0 .net *"_ivl_18", 19 0, L_0x558b0a5f2c00;  1 drivers
v0x558b0a5d2fe0_0 .net *"_ivl_2", 0 0, L_0x558b0a5f2460;  1 drivers
v0x558b0a5d30a0_0 .net *"_ivl_21", 6 0, L_0x558b0a5f2f50;  1 drivers
v0x558b0a5d3180_0 .net *"_ivl_23", 4 0, L_0x558b0a5f2ff0;  1 drivers
v0x558b0a5d3260_0 .net *"_ivl_24", 31 0, L_0x558b0a5f30f0;  1 drivers
L_0x7cd9afacf0b0 .functor BUFT 1, C4<10>, C4<0>, C4<0>, C4<0>;
v0x558b0a5d3340_0 .net/2u *"_ivl_26", 1 0, L_0x7cd9afacf0b0;  1 drivers
v0x558b0a5d3420_0 .net *"_ivl_28", 0 0, L_0x558b0a5f31e0;  1 drivers
v0x558b0a5d34e0_0 .net *"_ivl_31", 0 0, L_0x558b0a5f3340;  1 drivers
v0x558b0a5d35c0_0 .net *"_ivl_32", 18 0, L_0x558b0a5f33e0;  1 drivers
v0x558b0a5d36a0_0 .net *"_ivl_35", 0 0, L_0x558b0a5f3790;  1 drivers
v0x558b0a5d3780_0 .net *"_ivl_37", 0 0, L_0x558b0a5f3830;  1 drivers
v0x558b0a5d3860_0 .net *"_ivl_39", 5 0, L_0x558b0a5f3960;  1 drivers
v0x558b0a5d3940_0 .net *"_ivl_41", 3 0, L_0x558b0a5f3c10;  1 drivers
L_0x7cd9afacf0f8 .functor BUFT 1, C4<0>, C4<0>, C4<0>, C4<0>;
v0x558b0a5d3a20_0 .net/2u *"_ivl_42", 0 0, L_0x7cd9afacf0f8;  1 drivers
v0x558b0a5d3b00_0 .net *"_ivl_44", 31 0, L_0x558b0a5f3d50;  1 drivers
v0x558b0a5d3be0_0 .net *"_ivl_47", 0 0, L_0x558b0a5f3f80;  1 drivers
v0x558b0a5d3cc0_0 .net *"_ivl_48", 10 0, L_0x558b0a5f3cb0;  1 drivers
v0x558b0a5d3da0_0 .net *"_ivl_5", 0 0, L_0x558b0a5f2500;  1 drivers
v0x558b0a5d3e80_0 .net *"_ivl_51", 0 0, L_0x558b0a5f4120;  1 drivers
v0x558b0a5d3f60_0 .net *"_ivl_53", 7 0, L_0x558b0a5f4280;  1 drivers
v0x558b0a5d4040_0 .net *"_ivl_55", 0 0, L_0x558b0a5f4320;  1 drivers
v0x558b0a5d4120_0 .net *"_ivl_57", 9 0, L_0x558b0a5f4490;  1 drivers
L_0x7cd9afacf140 .functor BUFT 1, C4<0>, C4<0>, C4<0>, C4<0>;
v0x558b0a5d4200_0 .net/2u *"_ivl_58", 0 0, L_0x7cd9afacf140;  1 drivers
v0x558b0a5d42e0_0 .net *"_ivl_6", 19 0, L_0x558b0a5f25a0;  1 drivers
v0x558b0a5d43c0_0 .net *"_ivl_60", 31 0, L_0x558b0a5f4530;  1 drivers
v0x558b0a5d44a0_0 .net *"_ivl_62", 31 0, L_0x558b0a5f4840;  1 drivers
v0x558b0a5d4580_0 .net *"_ivl_64", 31 0, L_0x558b0a5f49d0;  1 drivers
v0x558b0a5d4660_0 .net *"_ivl_9", 11 0, L_0x558b0a5f28a0;  1 drivers
v0x558b0a5d4740_0 .net "immSrc", 1 0, L_0x558b0a5f1f70;  alias, 1 drivers
v0x558b0a5d4800_0 .net "immediate", 31 0, L_0x558b0a5f4c50;  alias, 1 drivers
v0x558b0a5d48c0_0 .net "inst", 31 0, o0x7cd9afe8ce48;  alias, 0 drivers
L_0x558b0a5f2460 .cmp/eq 2, L_0x558b0a5f1f70, L_0x7cd9afacf020;
L_0x558b0a5f2500 .part o0x7cd9afe8ce48, 31, 1;
LS_0x558b0a5f25a0_0_0 .concat [ 1 1 1 1], L_0x558b0a5f2500, L_0x558b0a5f2500, L_0x558b0a5f2500, L_0x558b0a5f2500;
LS_0x558b0a5f25a0_0_4 .concat [ 1 1 1 1], L_0x558b0a5f2500, L_0x558b0a5f2500, L_0x558b0a5f2500, L_0x558b0a5f2500;
LS_0x558b0a5f25a0_0_8 .concat [ 1 1 1 1], L_0x558b0a5f2500, L_0x558b0a5f2500, L_0x558b0a5f2500, L_0x558b0a5f2500;
LS_0x558b0a5f25a0_0_12 .concat [ 1 1 1 1], L_0x558b0a5f2500, L_0x558b0a5f2500, L_0x558b0a5f2500, L_0x558b0a5f2500;
LS_0x558b0a5f25a0_0_16 .concat [ 1 1 1 1], L_0x558b0a5f2500, L_0x558b0a5f2500, L_0x558b0a5f2500, L_0x558b0a5f2500;
LS_0x558b0a5f25a0_1_0 .concat [ 4 4 4 4], LS_0x558b0a5f25a0_0_0, LS_0x558b0a5f25a0_0_4, LS_0x558b0a5f25a0_0_8, LS_0x558b0a5f25a0_0_12;
LS_0x558b0a5f25a0_1_4 .concat [ 4 0 0 0], LS_0x558b0a5f25a0_0_16;
L_0x558b0a5f25a0 .concat [ 16 4 0 0], LS_0x558b0a5f25a0_1_0, LS_0x558b0a5f25a0_1_4;
L_0x558b0a5f28a0 .part o0x7cd9afe8ce48, 20, 12;
L_0x558b0a5f2940 .concat [ 12 20 0 0], L_0x558b0a5f28a0, L_0x558b0a5f25a0;
L_0x558b0a5f2a30 .cmp/eq 2, L_0x558b0a5f1f70, L_0x7cd9afacf068;
L_0x558b0a5f2b60 .part o0x7cd9afe8ce48, 31, 1;
LS_0x558b0a5f2c00_0_0 .concat [ 1 1 1 1], L_0x558b0a5f2b60, L_0x558b0a5f2b60, L_0x558b0a5f2b60, L_0x558b0a5f2b60;
LS_0x558b0a5f2c00_0_4 .concat [ 1 1 1 1], L_0x558b0a5f2b60, L_0x558b0a5f2b60, L_0x558b0a5f2b60, L_0x558b0a5f2b60;
LS_0x558b0a5f2c00_0_8 .concat [ 1 1 1 1], L_0x558b0a5f2b60, L_0x558b0a5f2b60, L_0x558b0a5f2b60, L_0x558b0a5f2b60;
LS_0x558b0a5f2c00_0_12 .concat [ 1 1 1 1], L_0x558b0a5f2b60, L_0x558b0a5f2b60, L_0x558b0a5f2b60, L_0x558b0a5f2b60;
LS_0x558b0a5f2c00_0_16 .concat [ 1 1 1 1], L_0x558b0a5f2b60, L_0x558b0a5f2b60, L_0x558b0a5f2b60, L_0x558b0a5f2b60;
LS_0x558b0a5f2c00_1_0 .concat [ 4 4 4 4], LS_0x558b0a5f2c00_0_0, LS_0x558b0a5f2c00_0_4, LS_0x558b0a5f2c00_0_8, LS_0x558b0a5f2c00_0_12;
LS_0x558b0a5f2c00_1_4 .concat [ 4 0 0 0], LS_0x558b0a5f2c00_0_16;
L_0x558b0a5f2c00 .concat [ 16 4 0 0], LS_0x558b0a5f2c00_1_0, LS_0x558b0a5f2c00_1_4;
L_0x558b0a5f2f50 .part o0x7cd9afe8ce48, 25, 7;
L_0x558b0a5f2ff0 .part o0x7cd9afe8ce48, 7, 5;
L_0x558b0a5f30f0 .concat [ 5 7 20 0], L_0x558b0a5f2ff0, L_0x558b0a5f2f50, L_0x558b0a5f2c00;
L_0x558b0a5f31e0 .cmp/eq 2, L_0x558b0a5f1f70, L_0x7cd9afacf0b0;
L_0x558b0a5f3340 .part o0x7cd9afe8ce48, 31, 1;
LS_0x558b0a5f33e0_0_0 .concat [ 1 1 1 1], L_0x558b0a5f3340, L_0x558b0a5f3340, L_0x558b0a5f3340, L_0x558b0a5f3340;
LS_0x558b0a5f33e0_0_4 .concat [ 1 1 1 1], L_0x558b0a5f3340, L_0x558b0a5f3340, L_0x558b0a5f3340, L_0x558b0a5f3340;
LS_0x558b0a5f33e0_0_8 .concat [ 1 1 1 1], L_0x558b0a5f3340, L_0x558b0a5f3340, L_0x558b0a5f3340, L_0x558b0a5f3340;
LS_0x558b0a5f33e0_0_12 .concat [ 1 1 1 1], L_0x558b0a5f3340, L_0x558b0a5f3340, L_0x558b0a5f3340, L_0x558b0a5f3340;
LS_0x558b0a5f33e0_0_16 .concat [ 1 1 1 0], L_0x558b0a5f3340, L_0x558b0a5f3340, L_0x558b0a5f3340;
LS_0x558b0a5f33e0_1_0 .concat [ 4 4 4 4], LS_0x558b0a5f33e0_0_0, LS_0x558b0a5f33e0_0_4, LS_0x558b0a5f33e0_0_8, LS_0x558b0a5f33e0_0_12;
LS_0x558b0a5f33e0_1_4 .concat [ 3 0 0 0], LS_0x558b0a5f33e0_0_16;
L_0x558b0a5f33e0 .concat [ 16 3 0 0], LS_0x558b0a5f33e0_1_0, LS_0x558b0a5f33e0_1_4;
L_0x558b0a5f3790 .part o0x7cd9afe8ce48, 31, 1;
L_0x558b0a5f3830 .part o0x7cd9afe8ce48, 7, 1;
L_0x558b0a5f3960 .part o0x7cd9afe8ce48, 25, 6;
L_0x558b0a5f3c10 .part o0x7cd9afe8ce48, 8, 4;
LS_0x558b0a5f3d50_0_0 .concat [ 1 4 6 1], L_0x7cd9afacf0f8, L_0x558b0a5f3c10, L_0x558b0a5f3960, L_0x558b0a5f3830;
LS_0x558b0a5f3d50_0_4 .concat [ 1 19 0 0], L_0x558b0a5f3790, L_0x558b0a5f33e0;
L_0x558b0a5f3d50 .concat [ 12 20 0 0], LS_0x558b0a5f3d50_0_0, LS_0x558b0a5f3d50_0_4;
L_0x558b0a5f3f80 .part o0x7cd9afe8ce48, 31, 1;
LS_0x558b0a5f3cb0_0_0 .concat [ 1 1 1 1], L_0x558b0a5f3f80, L_0x558b0a5f3f80, L_0x558b0a5f3f80, L_0x558b0a5f3f80;
LS_0x558b0a5f3cb0_0_4 .concat [ 1 1 1 1], L_0x558b0a5f3f80, L_0x558b0a5f3f80, L_0x558b0a5f3f80, L_0x558b0a5f3f80;
LS_0x558b0a5f3cb0_0_8 .concat [ 1 1 1 0], L_0x558b0a5f3f80, L_0x558b0a5f3f80, L_0x558b0a5f3f80;
L_0x558b0a5f3cb0 .concat [ 4 4 3 0], LS_0x558b0a5f3cb0_0_0, LS_0x558b0a5f3cb0_0_4, LS_0x558b0a5f3cb0_0_8;
L_0x558b0a5f4120 .part o0x7cd9afe8ce48, 31, 1;
L_0x558b0a5f4280 .part o0x7cd9afe8ce48, 12, 8;
L_0x558b0a5f4320 .part o0x7cd9afe8ce48, 20, 1;
L_0x558b0a5f4490 .part o0x7cd9afe8ce48, 21, 10;
LS_0x558b0a5f4530_0_0 .concat [ 1 10 1 8], L_0x7cd9afacf140, L_0x558b0a5f4490, L_0x558b0a5f4320, L_0x558b0a5f4280;
LS_0x558b0a5f4530_0_4 .concat [ 1 11 0 0], L_0x558b0a5f4120, L_0x558b0a5f3cb0;
L_0x558b0a5f4530 .concat [ 20 12 0 0], LS_0x558b0a5f4530_0_0, LS_0x558b0a5f4530_0_4;
L_0x558b0a5f4840 .functor MUXZ 32, L_0x558b0a5f4530, L_0x558b0a5f3d50, L_0x558b0a5f31e0, C4<>;
L_0x558b0a5f49d0 .functor MUXZ 32, L_0x558b0a5f4840, L_0x558b0a5f30f0, L_0x558b0a5f2a30, C4<>;
L_0x558b0a5f4c50 .functor MUXZ 32, L_0x558b0a5f49d0, L_0x558b0a5f2940, L_0x558b0a5f2460, C4<>;
S_0x558b0a5d4a20 .scope module, "RF" "register_file" 5 63, 5 168 0, S_0x558b0a55f800;
 .timescale -9 -12;
    .port_info 0 /INPUT 1 "clk";
    .port_info 1 /INPUT 1 "rst";
    .port_info 2 /INPUT 1 "regWrite";
    .port_info 3 /INPUT 5 "rs1";
    .port_info 4 /INPUT 5 "rs2";
    .port_info 5 /INPUT 5 "rd";
    .port_info 6 /INPUT 32 "WB_result";
    .port_info 7 /OUTPUT 32 "rs1_val";
    .port_info 8 /OUTPUT 32 "rs2_val";
v0x558b0a5d4d20_0 .net "WB_result", 31 0, o0x7cd9afe8cf08;  alias, 0 drivers
v0x558b0a5d4e20_0 .net "clk", 0 0, o0x7cd9afe8cf38;  alias, 0 drivers
v0x558b0a5d4ee0_0 .var/i "i", 31 0;
v0x558b0a5d4fa0_0 .net "rd", 4 0, o0x7cd9afe8cf98;  alias, 0 drivers
v0x558b0a5d5080_0 .net "regWrite", 0 0, o0x7cd9afe8cfc8;  alias, 0 drivers
v0x558b0a5d5190 .array "register", 0 31, 31 0;
v0x558b0a5d5250_0 .net "rs1", 4 0, L_0x558b0a5ed8a0;  alias, 1 drivers
v0x558b0a5d5330_0 .var "rs1_val", 31 0;
v0x558b0a5d5410_0 .net "rs2", 4 0, L_0x558b0a5ed940;  alias, 1 drivers
v0x558b0a5d54f0_0 .var "rs2_val", 31 0;
v0x558b0a5d55d0_0 .net "rst", 0 0, o0x7cd9afe8d0b8;  alias, 0 drivers
E_0x558b0a5a9e70 .event negedge, v0x558b0a5d4e20_0;
E_0x558b0a5aa120 .event posedge, v0x558b0a5d4e20_0;
S_0x558b0a5d57b0 .scope module, "pipe_reg" "ID_EX" 5 77, 5 205 0, S_0x558b0a55f800;
 .timescale -9 -12;
    .port_info 0 /INPUT 32 "PC_r";
    .port_info 1 /INPUT 32 "instruction_r";
    .port_info 2 /INPUT 1 "clk";
    .port_info 3 /INPUT 1 "rst";
    .port_info 4 /INPUT 1 "flush";
    .port_info 5 /INPUT 1 "ALUSrc_r";
    .port_info 6 /INPUT 1 "memRead_r";
    .port_info 7 /INPUT 1 "memWrite_r";
    .port_info 8 /INPUT 1 "jalr_r";
    .port_info 9 /INPUT 1 "jump_r";
    .port_info 10 /INPUT 1 "branch_r";
    .port_info 11 /INPUT 1 "regWrite_r";
    .port_info 12 /INPUT 2 "resultSrc_r";
    .port_info 13 /INPUT 4 "ALUControl_r";
    .port_info 14 /INPUT 32 "immediate_r";
    .port_info 15 /INPUT 32 "rs1_val_r";
    .port_info 16 /INPUT 32 "rs2_val_r";
    .port_info 17 /INPUT 1 "bgef3_r";
    .port_info 18 /INPUT 5 "rs1_r";
    .port_info 19 /INPUT 5 "rs2_r";
    .port_info 20 /INPUT 5 "rd_r";
    .port_info 21 /OUTPUT 32 "instruction";
    .port_info 22 /OUTPUT 32 "PC";
    .port_info 23 /OUTPUT 1 "ALUSrc";
    .port_info 24 /OUTPUT 1 "memRead";
    .port_info 25 /OUTPUT 1 "memWrite";
    .port_info 26 /OUTPUT 1 "jalr";
    .port_info 27 /OUTPUT 1 "jump";
    .port_info 28 /OUTPUT 1 "branch";
    .port_info 29 /OUTPUT 1 "regWrite";
    .port_info 30 /OUTPUT 2 "resultSrc";
    .port_info 31 /OUTPUT 4 "ALUControl";
    .port_info 32 /OUTPUT 32 "immediate";
    .port_info 33 /OUTPUT 32 "rs1_val";
    .port_info 34 /OUTPUT 32 "rs2_val";
    .port_info 35 /OUTPUT 1 "bgef3";
    .port_info 36 /OUTPUT 5 "rs1";
    .port_info 37 /OUTPUT 5 "rs2";
    .port_info 38 /OUTPUT 5 "rd";
v0x558b0a5d5f00_0 .var "ALUControl", 3 0;
v0x558b0a5d6000_0 .net "ALUControl_r", 3 0, L_0x558b0a5f7290;  alias, 1 drivers
v0x558b0a5d60c0_0 .var "ALUSrc", 0 0;
v0x558b0a5d6160_0 .net "ALUSrc_r", 0 0, L_0x558b0a5edc00;  alias, 1 drivers
v0x558b0a5d6230_0 .var "PC", 31 0;
v0x558b0a5d6320_0 .net "PC_r", 31 0, o0x7cd9afe8d328;  alias, 0 drivers
v0x558b0a5d6400_0 .var "bgef3", 0 0;
v0x558b0a5d64c0_0 .net "bgef3_r", 0 0, L_0x558b0a5f7600;  1 drivers
v0x558b0a5d6580_0 .var "branch", 0 0;
v0x558b0a5d66d0_0 .net "branch_r", 0 0, L_0x558b0a5eeea0;  alias, 1 drivers
v0x558b0a5d6770_0 .net "clk", 0 0, o0x7cd9afe8cf38;  alias, 0 drivers
v0x558b0a5d6840_0 .net "flush", 0 0, o0x7cd9afe8d3e8;  alias, 0 drivers
v0x558b0a5d68e0_0 .var "immediate", 31 0;
v0x558b0a5d69a0_0 .net "immediate_r", 31 0, L_0x558b0a5f4c50;  alias, 1 drivers
v0x558b0a5d6a90_0 .var "instruction", 31 0;
o0x7cd9afe8d478 .functor BUFZ 32, C4<zzzzzzzzzzzzzzzzzzzzzzzzzzzzzzzz>; HiZ drive
v0x558b0a5d6b50_0 .net "instruction_r", 31 0, o0x7cd9afe8d478;  0 drivers
v0x558b0a5d6c30_0 .var "jalr", 0 0;
v0x558b0a5d6cf0_0 .net "jalr_r", 0 0, L_0x558b0a5ee720;  alias, 1 drivers
v0x558b0a5d6dc0_0 .var "jump", 0 0;
v0x558b0a5d6e60_0 .net "jump_r", 0 0, L_0x558b0a5eebb0;  alias, 1 drivers
v0x558b0a5d6f30_0 .var "memRead", 0 0;
v0x558b0a5d6fd0_0 .net "memRead_r", 0 0, L_0x558b0a5ee0d0;  alias, 1 drivers
v0x558b0a5d70a0_0 .var "memWrite", 0 0;
v0x558b0a5d7140_0 .net "memWrite_r", 0 0, L_0x558b0a5ee4a0;  alias, 1 drivers
v0x558b0a5d7210_0 .var "rd", 4 0;
v0x558b0a5d72d0_0 .net "rd_r", 4 0, L_0x558b0a5ed9e0;  alias, 1 drivers
v0x558b0a5d73b0_0 .var "regWrite", 0 0;
v0x558b0a5d7470_0 .net "regWrite_r", 0 0, L_0x558b0a5ef660;  alias, 1 drivers
v0x558b0a5d7540_0 .var "resultSrc", 1 0;
v0x558b0a5d7600_0 .net "resultSrc_r", 1 0, L_0x558b0a5f0120;  alias, 1 drivers
v0x558b0a5d76f0_0 .var "rs1", 4 0;
v0x558b0a5d77b0_0 .net "rs1_r", 4 0, L_0x558b0a5ed8a0;  alias, 1 drivers
v0x558b0a5d78a0_0 .var "rs1_val", 31 0;
v0x558b0a5d7b70_0 .net "rs1_val_r", 31 0, v0x558b0a5d5330_0;  alias, 1 drivers
v0x558b0a5d7c60_0 .var "rs2", 4 0;
v0x558b0a5d7d20_0 .net "rs2_r", 4 0, L_0x558b0a5ed940;  alias, 1 drivers
v0x558b0a5d7e10_0 .var "rs2_val", 31 0;
v0x558b0a5d7ed0_0 .net "rs2_val_r", 31 0, v0x558b0a5d54f0_0;  alias, 1 drivers
v0x558b0a5d7fc0_0 .net "rst", 0 0, o0x7cd9afe8d0b8;  alias, 0 drivers
E_0x558b0a5d5e80 .event posedge, v0x558b0a5d55d0_0, v0x558b0a5d4e20_0;
    .scope S_0x558b0a5c48b0;
T_0 ;
    %wait E_0x558b0a4e3cc0;
    %load/vec4 v0x558b0a5c7030_0;
    %flag_set/vec4 8;
    %jmp/0xz  T_0.0, 8;
    %pushi/vec4 0, 0, 32;
    %assign/vec4 v0x558b0a5c5950_0, 0;
    %pushi/vec4 0, 0, 32;
    %assign/vec4 v0x558b0a5c51e0_0, 0;
    %pushi/vec4 0, 0, 1;
    %assign/vec4 v0x558b0a5c5050_0, 0;
    %pushi/vec4 0, 0, 1;
    %assign/vec4 v0x558b0a5c5e30_0, 0;
    %pushi/vec4 0, 0, 1;
    %assign/vec4 v0x558b0a5c5fe0_0, 0;
    %pushi/vec4 0, 0, 1;
    %assign/vec4 v0x558b0a5c5b40_0, 0;
    %pushi/vec4 0, 0, 1;
    %assign/vec4 v0x558b0a5c5cf0_0, 0;
    %pushi/vec4 0, 0, 1;
    %assign/vec4 v0x558b0a5c5510_0, 0;
    %pushi/vec4 0, 0, 1;
    %assign/vec4 v0x558b0a5c6380_0, 0;
    %pushi/vec4 0, 0, 2;
    %assign/vec4 v0x558b0a5c6530_0, 0;
    %pushi/vec4 0, 0, 4;
    %assign/vec4 v0x558b0a5c4e60_0, 0;
    %pushi/vec4 0, 0, 32;
    %assign/vec4 v0x558b0a5c57b0_0, 0;
    %pushi/vec4 0, 0, 32;
    %assign/vec4 v0x558b0a5c6910_0, 0;
    %pushi/vec4 0, 0, 32;
    %assign/vec4 v0x558b0a5c6e90_0, 0;
    %pushi/vec4 0, 0, 1;
    %assign/vec4 v0x558b0a5c53d0_0, 0;
    %pushi/vec4 0, 0, 5;
    %assign/vec4 v0x558b0a5c6720_0, 0;
    %pushi/vec4 0, 0, 5;
    %assign/vec4 v0x558b0a5c6ca0_0, 0;
    %pushi/vec4 0, 0, 5;
    %assign/vec4 v0x558b0a5c6190_0, 0;
    %jmp T_0.1;
T_0.0 ;
    %load/vec4 v0x558b0a5c56f0_0;
    %flag_set/vec4 8;
    %jmp/0xz  T_0.2, 8;
    %pushi/vec4 0, 0, 32;
    %assign/vec4 v0x558b0a5c5950_0, 0;
    %pushi/vec4 0, 0, 32;
    %assign/vec4 v0x558b0a5c51e0_0, 0;
    %pushi/vec4 0, 0, 1;
    %assign/vec4 v0x558b0a5c5050_0, 0;
    %pushi/vec4 0, 0, 1;
    %assign/vec4 v0x558b0a5c5e30_0, 0;
    %pushi/vec4 0, 0, 1;
    %assign/vec4 v0x558b0a5c5fe0_0, 0;
    %pushi/vec4 0, 0, 1;
    %assign/vec4 v0x558b0a5c5b40_0, 0;
    %pushi/vec4 0, 0, 1;
    %assign/vec4 v0x558b0a5c5cf0_0, 0;
    %pushi/vec4 0, 0, 1;
    %assign/vec4 v0x558b0a5c5510_0, 0;
    %pushi/vec4 0, 0, 1;
    %assign/vec4 v0x558b0a5c6380_0, 0;
    %pushi/vec4 0, 0, 2;
    %assign/vec4 v0x558b0a5c6530_0, 0;
    %pushi/vec4 0, 0, 4;
    %assign/vec4 v0x558b0a5c4e60_0, 0;
    %pushi/vec4 0, 0, 32;
    %assign/vec4 v0x558b0a5c57b0_0, 0;
    %pushi/vec4 0, 0, 32;
    %assign/vec4 v0x558b0a5c6910_0, 0;
    %pushi/vec4 0, 0, 32;
    %assign/vec4 v0x558b0a5c6e90_0, 0;
    %pushi/vec4 0, 0, 1;
    %assign/vec4 v0x558b0a5c53d0_0, 0;
    %pushi/vec4 0, 0, 5;
    %assign/vec4 v0x558b0a5c6720_0, 0;
    %pushi/vec4 0, 0, 5;
    %assign/vec4 v0x558b0a5c6ca0_0, 0;
    %pushi/vec4 0, 0, 5;
    %assign/vec4 v0x558b0a5c6190_0, 0;
    %jmp T_0.3;
T_0.2 ;
    %load/vec4 v0x558b0a5c5a60_0;
    %assign/vec4 v0x558b0a5c5950_0, 0;
    %load/vec4 v0x558b0a5c52f0_0;
    %assign/vec4 v0x558b0a5c51e0_0, 0;
    %load/vec4 v0x558b0a5c5140_0;
    %assign/vec4 v0x558b0a5c5050_0, 0;
    %load/vec4 v0x558b0a5c5f20_0;
    %assign/vec4 v0x558b0a5c5e30_0, 0;
    %load/vec4 v0x558b0a5c60d0_0;
    %assign/vec4 v0x558b0a5c5fe0_0, 0;
    %load/vec4 v0x558b0a5c5c30_0;
    %assign/vec4 v0x558b0a5c5b40_0, 0;
    %load/vec4 v0x558b0a5c5d90_0;
    %assign/vec4 v0x558b0a5c5cf0_0, 0;
    %load/vec4 v0x558b0a5c55b0_0;
    %assign/vec4 v0x558b0a5c5510_0, 0;
    %load/vec4 v0x558b0a5c6470_0;
    %assign/vec4 v0x558b0a5c6380_0, 0;
    %load/vec4 v0x558b0a5c6640_0;
    %assign/vec4 v0x558b0a5c6530_0, 0;
    %load/vec4 v0x558b0a5c4f70_0;
    %assign/vec4 v0x558b0a5c4e60_0, 0;
    %load/vec4 v0x558b0a5c5870_0;
    %assign/vec4 v0x558b0a5c57b0_0, 0;
    %load/vec4 v0x558b0a5c6be0_0;
    %assign/vec4 v0x558b0a5c6910_0, 0;
    %load/vec4 v0x558b0a5c6f50_0;
    %assign/vec4 v0x558b0a5c6e90_0, 0;
    %load/vec4 v0x558b0a5c5470_0;
    %assign/vec4 v0x558b0a5c53d0_0, 0;
    %load/vec4 v0x558b0a5c6830_0;
    %assign/vec4 v0x558b0a5c6720_0, 0;
    %load/vec4 v0x558b0a5c6db0_0;
    %assign/vec4 v0x558b0a5c6ca0_0, 0;
    %load/vec4 v0x558b0a5c62a0_0;
    %assign/vec4 v0x558b0a5c6190_0, 0;
T_0.3 ;
T_0.1 ;
    %jmp T_0;
    .thread T_0;
    .scope S_0x558b0a5bfbd0;
T_1 ;
    %wait E_0x558b0a4e3cc0;
    %load/vec4 v0x558b0a5c1750_0;
    %flag_set/vec4 8;
    %jmp/0xz  T_1.0, 8;
    %pushi/vec4 0, 0, 32;
    %assign/vec4 v0x558b0a5c06f0_0, 0;
    %pushi/vec4 0, 0, 32;
    %assign/vec4 v0x558b0a5c0300_0, 0;
    %pushi/vec4 0, 0, 1;
    %assign/vec4 v0x558b0a5c0a50_0, 0;
    %pushi/vec4 0, 0, 1;
    %assign/vec4 v0x558b0a5c0bb0_0, 0;
    %pushi/vec4 0, 0, 1;
    %assign/vec4 v0x558b0a5c0ef0_0, 0;
    %pushi/vec4 0, 0, 2;
    %assign/vec4 v0x558b0a5c1070_0, 0;
    %pushi/vec4 0, 0, 32;
    %assign/vec4 v0x558b0a5c15b0_0, 0;
    %pushi/vec4 0, 0, 5;
    %assign/vec4 v0x558b0a5c1230_0, 0;
    %pushi/vec4 0, 0, 5;
    %assign/vec4 v0x558b0a5c13f0_0, 0;
    %pushi/vec4 0, 0, 5;
    %assign/vec4 v0x558b0a5c0d30_0, 0;
    %pushi/vec4 0, 0, 32;
    %assign/vec4 v0x558b0a5c00f0_0, 0;
    %pushi/vec4 0, 0, 32;
    %assign/vec4 v0x558b0a5c08b0_0, 0;
    %pushi/vec4 0, 0, 1;
    %assign/vec4 v0x558b0a5c03c0_0, 0;
    %jmp T_1.1;
T_1.0 ;
    %load/vec4 v0x558b0a5c07d0_0;
    %assign/vec4 v0x558b0a5c06f0_0, 0;
    %load/vec4 v0x558b0a5c0590_0;
    %assign/vec4 v0x558b0a5c0300_0, 0;
    %load/vec4 v0x558b0a5c0af0_0;
    %assign/vec4 v0x558b0a5c0a50_0, 0;
    %load/vec4 v0x558b0a5c0c70_0;
    %assign/vec4 v0x558b0a5c0bb0_0, 0;
    %load/vec4 v0x558b0a5c0fb0_0;
    %assign/vec4 v0x558b0a5c0ef0_0, 0;
    %load/vec4 v0x558b0a5c1150_0;
    %assign/vec4 v0x558b0a5c1070_0, 0;
    %load/vec4 v0x558b0a5c1690_0;
    %assign/vec4 v0x558b0a5c15b0_0, 0;
    %load/vec4 v0x558b0a5c1310_0;
    %assign/vec4 v0x558b0a5c1230_0, 0;
    %load/vec4 v0x558b0a5c14d0_0;
    %assign/vec4 v0x558b0a5c13f0_0, 0;
    %load/vec4 v0x558b0a5c0e10_0;
    %assign/vec4 v0x558b0a5c0d30_0, 0;
    %load/vec4 v0x558b0a5c01f0_0;
    %assign/vec4 v0x558b0a5c00f0_0, 0;
    %load/vec4 v0x558b0a5c0990_0;
    %assign/vec4 v0x558b0a5c08b0_0, 0;
    %load/vec4 v0x558b0a5c0480_0;
    %assign/vec4 v0x558b0a5c03c0_0, 0;
T_1.1 ;
    %jmp T_1;
    .thread T_1;
    .scope S_0x558b0a55fb80;
T_2 ;
    %delay 5000, 0;
    %load/vec4 v0x558b0a5c80d0_0;
    %inv;
    %store/vec4 v0x558b0a5c80d0_0, 0, 1;
    %jmp T_2;
    .thread T_2;
    .scope S_0x558b0a55fb80;
T_3 ;
    %pushi/vec4 0, 0, 1;
    %store/vec4 v0x558b0a5c80d0_0, 0, 1;
    %pushi/vec4 1, 0, 1;
    %store/vec4 v0x558b0a5ca020_0, 0, 1;
    %pushi/vec4 0, 0, 1;
    %store/vec4 v0x558b0a5c8170_0, 0, 1;
    %pushi/vec4 0, 0, 32;
    %store/vec4 v0x558b0a5c7a00_0, 0, 32;
    %pushi/vec4 0, 0, 32;
    %store/vec4 v0x558b0a5c8350_0, 0, 32;
    %pushi/vec4 0, 0, 1;
    %store/vec4 v0x558b0a5c7780_0, 0, 1;
    %pushi/vec4 0, 0, 4;
    %store/vec4 v0x558b0a5c7600_0, 0, 4;
    %pushi/vec4 0, 0, 32;
    %store/vec4 v0x558b0a5c9900_0, 0, 32;
    %pushi/vec4 0, 0, 32;
    %store/vec4 v0x558b0a5c9d20_0, 0, 32;
    %pushi/vec4 0, 0, 32;
    %store/vec4 v0x558b0a5c8210_0, 0, 32;
    %pushi/vec4 0, 0, 1;
    %store/vec4 v0x558b0a5c8990_0, 0, 1;
    %pushi/vec4 0, 0, 1;
    %store/vec4 v0x558b0a5c8bc0_0, 0, 1;
    %pushi/vec4 0, 0, 1;
    %store/vec4 v0x558b0a5c8530_0, 0, 1;
    %pushi/vec4 0, 0, 1;
    %store/vec4 v0x558b0a5c8670_0, 0, 1;
    %pushi/vec4 0, 0, 1;
    %store/vec4 v0x558b0a5c7f40_0, 0, 1;
    %pushi/vec4 0, 0, 2;
    %store/vec4 v0x558b0a5c9460_0, 0, 2;
    %pushi/vec4 0, 0, 1;
    %store/vec4 v0x558b0a5c7e00_0, 0, 1;
    %pushi/vec4 0, 0, 5;
    %store/vec4 v0x558b0a5c9690_0, 0, 5;
    %pushi/vec4 0, 0, 5;
    %store/vec4 v0x558b0a5c9ab0_0, 0, 5;
    %pushi/vec4 0, 0, 5;
    %store/vec4 v0x558b0a5c9000_0, 0, 5;
    %delay 10000, 0;
    %pushi/vec4 0, 0, 1;
    %store/vec4 v0x558b0a5ca020_0, 0, 1;
    %wait E_0x558b0a4e4850;
    %pushi/vec4 0, 0, 1;
    %store/vec4 v0x558b0a5c7780_0, 0, 1;
    %pushi/vec4 0, 0, 4;
    %store/vec4 v0x558b0a5c7600_0, 0, 4;
    %pushi/vec4 10, 0, 32;
    %store/vec4 v0x558b0a5c9900_0, 0, 32;
    %pushi/vec4 20, 0, 32;
    %store/vec4 v0x558b0a5c9d20_0, 0, 32;
    %pushi/vec4 0, 0, 32;
    %store/vec4 v0x558b0a5c8350_0, 0, 32;
    %pushi/vec4 2, 0, 32;
T_3.0 %dup/vec4;
    %pushi/vec4 0, 0, 32;
    %cmp/s;
    %jmp/1xz T_3.1, 5;
    %jmp/1 T_3.1, 4;
    %pushi/vec4 1, 0, 32;
    %sub;
    %wait E_0x558b0a4e46c0;
    %jmp T_3.0;
T_3.1 ;
    %pop/vec4 1;
    %delay 1000, 0;
    %vpi_call 2 92 "$display", "--- Testing Add ---" {0 0 0};
    %vpi_call 2 93 "$display", "Time: %t", $time {0 0 0};
    %vpi_call 2 94 "$display", "in: rs1 val: %d, rs2 val: %d, ALUSrc: %b, Control: %b", v0x558b0a5c99c0_0, v0x558b0a5c9ed0_0, v0x558b0a5c7820_0, v0x558b0a5c76e0_0 {0 0 0};
    %vpi_call 2 95 "$display", "out: ALU_Result: %d", v0x558b0a5c78c0_0 {0 0 0};
    %wait E_0x558b0a4e4850;
    %pushi/vec4 0, 0, 1;
    %store/vec4 v0x558b0a5c7780_0, 0, 1;
    %pushi/vec4 1, 0, 4;
    %store/vec4 v0x558b0a5c7600_0, 0, 4;
    %pushi/vec4 4, 0, 32;
    %store/vec4 v0x558b0a5c7a00_0, 0, 32;
    %pushi/vec4 12, 0, 32;
    %store/vec4 v0x558b0a5c8210_0, 0, 32;
    %pushi/vec4 30, 0, 32;
    %store/vec4 v0x558b0a5c9900_0, 0, 32;
    %pushi/vec4 20, 0, 32;
    %store/vec4 v0x558b0a5c9d20_0, 0, 32;
    %pushi/vec4 0, 0, 32;
    %store/vec4 v0x558b0a5c8350_0, 0, 32;
    %pushi/vec4 1, 0, 1;
    %store/vec4 v0x558b0a5c7e00_0, 0, 1;
    %pushi/vec4 1, 0, 1;
    %store/vec4 v0x558b0a5c7f40_0, 0, 1;
    %pushi/vec4 2, 0, 32;
T_3.2 %dup/vec4;
    %pushi/vec4 0, 0, 32;
    %cmp/s;
    %jmp/1xz T_3.3, 5;
    %jmp/1 T_3.3, 4;
    %pushi/vec4 1, 0, 32;
    %sub;
    %wait E_0x558b0a4e46c0;
    %jmp T_3.2;
T_3.3 ;
    %pop/vec4 1;
    %delay 1000, 0;
    %vpi_call 2 114 "$display", "--- Testing BGE (condition is met) ---" {0 0 0};
    %vpi_call 2 115 "$display", "Time: %t", $time {0 0 0};
    %vpi_call 2 116 "$display", "in: rs1 val: %d, rs2 val: %d, ALUSrc: %b, Control: %b PC = %d, immediate = %d", v0x558b0a5c99c0_0, v0x558b0a5c9ed0_0, v0x558b0a5c7820_0, v0x558b0a5c76e0_0, v0x558b0a5c7cd0_0, v0x558b0a5c82b0_0 {0 0 0};
    %vpi_call 2 117 "$display", "out: ALU_Result %d, PCSel: %d", v0x558b0a5c78c0_0, v0x558b0a5c7aa0_0 {0 0 0};
    %wait E_0x558b0a4e4850;
    %pushi/vec4 0, 0, 1;
    %store/vec4 v0x558b0a5c7780_0, 0, 1;
    %pushi/vec4 1, 0, 4;
    %store/vec4 v0x558b0a5c7600_0, 0, 4;
    %pushi/vec4 10, 0, 32;
    %store/vec4 v0x558b0a5c9900_0, 0, 32;
    %pushi/vec4 20, 0, 32;
    %store/vec4 v0x558b0a5c9d20_0, 0, 32;
    %pushi/vec4 0, 0, 32;
    %store/vec4 v0x558b0a5c8350_0, 0, 32;
    %pushi/vec4 1, 0, 1;
    %store/vec4 v0x558b0a5c7e00_0, 0, 1;
    %pushi/vec4 1, 0, 1;
    %store/vec4 v0x558b0a5c7f40_0, 0, 1;
    %pushi/vec4 2, 0, 32;
T_3.4 %dup/vec4;
    %pushi/vec4 0, 0, 32;
    %cmp/s;
    %jmp/1xz T_3.5, 5;
    %jmp/1 T_3.5, 4;
    %pushi/vec4 1, 0, 32;
    %sub;
    %wait E_0x558b0a4e46c0;
    %jmp T_3.4;
T_3.5 ;
    %pop/vec4 1;
    %delay 1000, 0;
    %vpi_call 2 134 "$display", "--- Testing BGE (condition not met) ---" {0 0 0};
    %vpi_call 2 135 "$display", "Time: %t", $time {0 0 0};
    %vpi_call 2 136 "$display", "in: rs1 val: %d, rs2 val: %d, ALUSrc: %b, Control: %b", v0x558b0a5c99c0_0, v0x558b0a5c9ed0_0, v0x558b0a5c7820_0, v0x558b0a5c76e0_0 {0 0 0};
    %load/vec4 v0x558b0a5c78c0_0;
    %vpi_call 2 137 "$display", "out: ALU_Result %d, PCSel: %d", S<0,vec4,s32>, v0x558b0a5c7aa0_0 {1 0 0};
    %wait E_0x558b0a4e4850;
    %pushi/vec4 0, 0, 1;
    %store/vec4 v0x558b0a5c7780_0, 0, 1;
    %pushi/vec4 1, 0, 4;
    %store/vec4 v0x558b0a5c7600_0, 0, 4;
    %pushi/vec4 4, 0, 32;
    %store/vec4 v0x558b0a5c7a00_0, 0, 32;
    %pushi/vec4 12, 0, 32;
    %store/vec4 v0x558b0a5c8210_0, 0, 32;
    %pushi/vec4 30, 0, 32;
    %store/vec4 v0x558b0a5c9900_0, 0, 32;
    %pushi/vec4 20, 0, 32;
    %store/vec4 v0x558b0a5c9d20_0, 0, 32;
    %pushi/vec4 0, 0, 32;
    %store/vec4 v0x558b0a5c8350_0, 0, 32;
    %pushi/vec4 0, 0, 1;
    %store/vec4 v0x558b0a5c7e00_0, 0, 1;
    %pushi/vec4 1, 0, 1;
    %store/vec4 v0x558b0a5c7f40_0, 0, 1;
    %pushi/vec4 2, 0, 32;
T_3.6 %dup/vec4;
    %pushi/vec4 0, 0, 32;
    %cmp/s;
    %jmp/1xz T_3.7, 5;
    %jmp/1 T_3.7, 4;
    %pushi/vec4 1, 0, 32;
    %sub;
    %wait E_0x558b0a4e46c0;
    %jmp T_3.6;
T_3.7 ;
    %pop/vec4 1;
    %delay 1000, 0;
    %vpi_call 2 156 "$display", "--- Testing BNE (condition not met) ---" {0 0 0};
    %vpi_call 2 157 "$display", "Time: %t", $time {0 0 0};
    %vpi_call 2 158 "$display", "in: rs1 val: %d, rs2 val: %d, ALUSrc: %b, Control: %b, PC = %d, immediate = %d", v0x558b0a5c99c0_0, v0x558b0a5c9ed0_0, v0x558b0a5c7820_0, v0x558b0a5c76e0_0, v0x558b0a5c7cd0_0, v0x558b0a5c82b0_0 {0 0 0};
    %load/vec4 v0x558b0a5c78c0_0;
    %vpi_call 2 159 "$display", "out: ALU_Result %d, PCSel: %d, jump_target", S<0,vec4,s32>, v0x558b0a5c7aa0_0, v0x558b0a5c8800_0 {1 0 0};
    %wait E_0x558b0a4e4850;
    %pushi/vec4 0, 0, 1;
    %store/vec4 v0x558b0a5c7780_0, 0, 1;
    %pushi/vec4 1, 0, 4;
    %store/vec4 v0x558b0a5c7600_0, 0, 4;
    %pushi/vec4 30, 0, 32;
    %store/vec4 v0x558b0a5c9900_0, 0, 32;
    %pushi/vec4 20, 0, 32;
    %store/vec4 v0x558b0a5c9d20_0, 0, 32;
    %pushi/vec4 0, 0, 32;
    %store/vec4 v0x558b0a5c8350_0, 0, 32;
    %pushi/vec4 0, 0, 1;
    %store/vec4 v0x558b0a5c7e00_0, 0, 1;
    %pushi/vec4 1, 0, 1;
    %store/vec4 v0x558b0a5c7f40_0, 0, 1;
    %pushi/vec4 2, 0, 32;
T_3.8 %dup/vec4;
    %pushi/vec4 0, 0, 32;
    %cmp/s;
    %jmp/1xz T_3.9, 5;
    %jmp/1 T_3.9, 4;
    %pushi/vec4 1, 0, 32;
    %sub;
    %wait E_0x558b0a4e46c0;
    %jmp T_3.8;
T_3.9 ;
    %pop/vec4 1;
    %delay 1000, 0;
    %vpi_call 2 175 "$display", "--- Testing BNE (condition not met) ---" {0 0 0};
    %vpi_call 2 176 "$display", "Time: %t", $time {0 0 0};
    %vpi_call 2 177 "$display", "in: rs1 val: %d, rs2 val: %d, ALUSrc: %b, Control: %b", v0x558b0a5c99c0_0, v0x558b0a5c9ed0_0, v0x558b0a5c7820_0, v0x558b0a5c76e0_0 {0 0 0};
    %load/vec4 v0x558b0a5c78c0_0;
    %vpi_call 2 178 "$display", "out: ALU_Result %d, PCSel: %d", S<0,vec4,s32>, v0x558b0a5c7aa0_0 {1 0 0};
    %wait E_0x558b0a4e4850;
    %pushi/vec4 1, 0, 1;
    %store/vec4 v0x558b0a5c7780_0, 0, 1;
    %pushi/vec4 4, 0, 4;
    %store/vec4 v0x558b0a5c7600_0, 0, 4;
    %pushi/vec4 12, 0, 32;
    %store/vec4 v0x558b0a5c8210_0, 0, 32;
    %pushi/vec4 0, 0, 32;
    %store/vec4 v0x558b0a5c9900_0, 0, 32;
    %pushi/vec4 2, 0, 32;
    %store/vec4 v0x558b0a5c9d20_0, 0, 32;
    %pushi/vec4 0, 0, 32;
    %store/vec4 v0x558b0a5c8350_0, 0, 32;
    %pushi/vec4 2, 0, 32;
T_3.10 %dup/vec4;
    %pushi/vec4 0, 0, 32;
    %cmp/s;
    %jmp/1xz T_3.11, 5;
    %jmp/1 T_3.11, 4;
    %pushi/vec4 1, 0, 32;
    %sub;
    %wait E_0x558b0a4e46c0;
    %jmp T_3.10;
T_3.11 ;
    %pop/vec4 1;
    %delay 1000, 0;
    %vpi_call 2 192 "$display", "--- Testing ori ---" {0 0 0};
    %vpi_call 2 193 "$display", "Time: %t", $time {0 0 0};
    %vpi_call 2 194 "$display", "in: rs1 val: %d, ALUSrc: %b, Control: %b, immediate = %d", v0x558b0a5c99c0_0, v0x558b0a5c7820_0, v0x558b0a5c76e0_0, v0x558b0a5c82b0_0 {0 0 0};
    %load/vec4 v0x558b0a5c78c0_0;
    %vpi_call 2 195 "$display", "out: ALU_Result %d", S<0,vec4,s32> {1 0 0};
    %wait E_0x558b0a4e4850;
    %pushi/vec4 1, 0, 1;
    %store/vec4 v0x558b0a5c7780_0, 0, 1;
    %pushi/vec4 0, 0, 4;
    %store/vec4 v0x558b0a5c7600_0, 0, 4;
    %pushi/vec4 12, 0, 32;
    %store/vec4 v0x558b0a5c8210_0, 0, 32;
    %pushi/vec4 10, 0, 32;
    %store/vec4 v0x558b0a5c9900_0, 0, 32;
    %pushi/vec4 20, 0, 32;
    %store/vec4 v0x558b0a5c9d20_0, 0, 32;
    %pushi/vec4 0, 0, 32;
    %store/vec4 v0x558b0a5c8350_0, 0, 32;
    %pushi/vec4 1, 0, 1;
    %store/vec4 v0x558b0a5c8670_0, 0, 1;
    %pushi/vec4 1, 0, 1;
    %store/vec4 v0x558b0a5c8530_0, 0, 1;
    %pushi/vec4 2, 0, 32;
T_3.12 %dup/vec4;
    %pushi/vec4 0, 0, 32;
    %cmp/s;
    %jmp/1xz T_3.13, 5;
    %jmp/1 T_3.13, 4;
    %pushi/vec4 1, 0, 32;
    %sub;
    %wait E_0x558b0a4e46c0;
    %jmp T_3.12;
T_3.13 ;
    %pop/vec4 1;
    %delay 1000, 0;
    %vpi_call 2 211 "$display", "--- Testing jalr ---" {0 0 0};
    %vpi_call 2 212 "$display", "Time: %t", $time {0 0 0};
    %vpi_call 2 213 "$display", "in: rs1 val: %d, ALUSrc: %b, Control: %b, PC = %d, immediate = %d", v0x558b0a5c99c0_0, v0x558b0a5c7820_0, v0x558b0a5c76e0_0, v0x558b0a5c7cd0_0, v0x558b0a5c82b0_0 {0 0 0};
    %load/vec4 v0x558b0a5c78c0_0;
    %vpi_call 2 214 "$display", "out: ALU_Result %d, PCSel: %d, jump_target", S<0,vec4,s32>, v0x558b0a5c7aa0_0, v0x558b0a5c8800_0 {1 0 0};
    %delay 10000, 0;
    %vpi_call 2 218 "$finish" {0 0 0};
    %end;
    .thread T_3;
    .scope S_0x558b0a5d4a20;
T_4 ;
    %wait E_0x558b0a5aa120;
    %load/vec4 v0x558b0a5d5080_0;
    %load/vec4 v0x558b0a5d4fa0_0;
    %pushi/vec4 0, 0, 5;
    %cmp/ne;
    %flag_get/vec4 4;
    %and;
    %flag_set/vec4 8;
    %jmp/0xz  T_4.0, 8;
    %load/vec4 v0x558b0a5d4d20_0;
    %load/vec4 v0x558b0a5d4fa0_0;
    %pad/u 7;
    %ix/vec4 3;
    %ix/load 4, 0, 0; Constant delay
    %assign/vec4/a/d v0x558b0a5d5190, 0, 4;
T_4.0 ;
    %jmp T_4;
    .thread T_4;
    .scope S_0x558b0a5d4a20;
T_5 ;
    %wait E_0x558b0a5a9e70;
    %load/vec4 v0x558b0a5d55d0_0;
    %cmpi/e 1, 0, 1;
    %flag_mov 8, 4;
    %jmp/0 T_5.0, 8;
    %pushi/vec4 0, 0, 32;
    %jmp/1 T_5.1, 8;
T_5.0 ; End of true expr.
    %load/vec4 v0x558b0a5d5250_0;
    %pad/u 7;
    %ix/vec4 4;
    %load/vec4a v0x558b0a5d5190, 4;
    %jmp/0 T_5.1, 8;
 ; End of false expr.
    %blend;
T_5.1;
    %store/vec4 v0x558b0a5d5330_0, 0, 32;
    %load/vec4 v0x558b0a5d55d0_0;
    %cmpi/e 1, 0, 1;
    %flag_mov 8, 4;
    %jmp/0 T_5.2, 8;
    %pushi/vec4 0, 0, 32;
    %jmp/1 T_5.3, 8;
T_5.2 ; End of true expr.
    %load/vec4 v0x558b0a5d5410_0;
    %pad/u 7;
    %ix/vec4 4;
    %load/vec4a v0x558b0a5d5190, 4;
    %jmp/0 T_5.3, 8;
 ; End of false expr.
    %blend;
T_5.3;
    %store/vec4 v0x558b0a5d54f0_0, 0, 32;
    %jmp T_5;
    .thread T_5;
    .scope S_0x558b0a5d4a20;
T_6 ;
    %pushi/vec4 0, 0, 32;
    %store/vec4 v0x558b0a5d4ee0_0, 0, 32;
T_6.0 ;
    %load/vec4 v0x558b0a5d4ee0_0;
    %cmpi/s 32, 0, 32;
    %jmp/0xz T_6.1, 5;
    %pushi/vec4 0, 0, 32;
    %ix/getv/s 4, v0x558b0a5d4ee0_0;
    %store/vec4a v0x558b0a5d5190, 4, 0;
    %load/vec4 v0x558b0a5d4ee0_0;
    %addi 1, 0, 32;
    %store/vec4 v0x558b0a5d4ee0_0, 0, 32;
    %jmp T_6.0;
T_6.1 ;
    %end;
    .thread T_6;
    .scope S_0x558b0a5d57b0;
T_7 ;
    %wait E_0x558b0a5d5e80;
    %load/vec4 v0x558b0a5d7fc0_0;
    %flag_set/vec4 8;
    %jmp/0xz  T_7.0, 8;
    %pushi/vec4 0, 0, 32;
    %assign/vec4 v0x558b0a5d6a90_0, 0;
    %pushi/vec4 0, 0, 32;
    %assign/vec4 v0x558b0a5d6230_0, 0;
    %pushi/vec4 0, 0, 1;
    %assign/vec4 v0x558b0a5d60c0_0, 0;
    %pushi/vec4 0, 0, 1;
    %assign/vec4 v0x558b0a5d6f30_0, 0;
    %pushi/vec4 0, 0, 1;
    %assign/vec4 v0x558b0a5d70a0_0, 0;
    %pushi/vec4 0, 0, 1;
    %assign/vec4 v0x558b0a5d6c30_0, 0;
    %pushi/vec4 0, 0, 1;
    %assign/vec4 v0x558b0a5d6dc0_0, 0;
    %pushi/vec4 0, 0, 1;
    %assign/vec4 v0x558b0a5d6580_0, 0;
    %pushi/vec4 0, 0, 1;
    %assign/vec4 v0x558b0a5d73b0_0, 0;
    %pushi/vec4 0, 0, 2;
    %assign/vec4 v0x558b0a5d7540_0, 0;
    %pushi/vec4 0, 0, 4;
    %assign/vec4 v0x558b0a5d5f00_0, 0;
    %pushi/vec4 0, 0, 32;
    %assign/vec4 v0x558b0a5d68e0_0, 0;
    %pushi/vec4 0, 0, 32;
    %assign/vec4 v0x558b0a5d78a0_0, 0;
    %pushi/vec4 0, 0, 32;
    %assign/vec4 v0x558b0a5d7e10_0, 0;
    %pushi/vec4 0, 0, 1;
    %assign/vec4 v0x558b0a5d6400_0, 0;
    %pushi/vec4 0, 0, 5;
    %assign/vec4 v0x558b0a5d76f0_0, 0;
    %pushi/vec4 0, 0, 5;
    %assign/vec4 v0x558b0a5d7c60_0, 0;
    %pushi/vec4 0, 0, 5;
    %assign/vec4 v0x558b0a5d7210_0, 0;
    %jmp T_7.1;
T_7.0 ;
    %load/vec4 v0x558b0a5d6840_0;
    %flag_set/vec4 8;
    %jmp/0xz  T_7.2, 8;
    %pushi/vec4 0, 0, 32;
    %assign/vec4 v0x558b0a5d6a90_0, 0;
    %pushi/vec4 0, 0, 32;
    %assign/vec4 v0x558b0a5d6230_0, 0;
    %pushi/vec4 0, 0, 1;
    %assign/vec4 v0x558b0a5d60c0_0, 0;
    %pushi/vec4 0, 0, 1;
    %assign/vec4 v0x558b0a5d6f30_0, 0;
    %pushi/vec4 0, 0, 1;
    %assign/vec4 v0x558b0a5d70a0_0, 0;
    %pushi/vec4 0, 0, 1;
    %assign/vec4 v0x558b0a5d6c30_0, 0;
    %pushi/vec4 0, 0, 1;
    %assign/vec4 v0x558b0a5d6dc0_0, 0;
    %pushi/vec4 0, 0, 1;
    %assign/vec4 v0x558b0a5d6580_0, 0;
    %pushi/vec4 0, 0, 1;
    %assign/vec4 v0x558b0a5d73b0_0, 0;
    %pushi/vec4 0, 0, 2;
    %assign/vec4 v0x558b0a5d7540_0, 0;
    %pushi/vec4 0, 0, 4;
    %assign/vec4 v0x558b0a5d5f00_0, 0;
    %pushi/vec4 0, 0, 32;
    %assign/vec4 v0x558b0a5d68e0_0, 0;
    %pushi/vec4 0, 0, 32;
    %assign/vec4 v0x558b0a5d78a0_0, 0;
    %pushi/vec4 0, 0, 32;
    %assign/vec4 v0x558b0a5d7e10_0, 0;
    %pushi/vec4 0, 0, 1;
    %assign/vec4 v0x558b0a5d6400_0, 0;
    %pushi/vec4 0, 0, 5;
    %assign/vec4 v0x558b0a5d76f0_0, 0;
    %pushi/vec4 0, 0, 5;
    %assign/vec4 v0x558b0a5d7c60_0, 0;
    %pushi/vec4 0, 0, 5;
    %assign/vec4 v0x558b0a5d7210_0, 0;
    %jmp T_7.3;
T_7.2 ;
    %load/vec4 v0x558b0a5d6b50_0;
    %assign/vec4 v0x558b0a5d6a90_0, 0;
    %load/vec4 v0x558b0a5d6320_0;
    %assign/vec4 v0x558b0a5d6230_0, 0;
    %load/vec4 v0x558b0a5d6160_0;
    %assign/vec4 v0x558b0a5d60c0_0, 0;
    %load/vec4 v0x558b0a5d6fd0_0;
    %assign/vec4 v0x558b0a5d6f30_0, 0;
    %load/vec4 v0x558b0a5d7140_0;
    %assign/vec4 v0x558b0a5d70a0_0, 0;
    %load/vec4 v0x558b0a5d6cf0_0;
    %assign/vec4 v0x558b0a5d6c30_0, 0;
    %load/vec4 v0x558b0a5d6e60_0;
    %assign/vec4 v0x558b0a5d6dc0_0, 0;
    %load/vec4 v0x558b0a5d66d0_0;
    %assign/vec4 v0x558b0a5d6580_0, 0;
    %load/vec4 v0x558b0a5d7470_0;
    %assign/vec4 v0x558b0a5d73b0_0, 0;
    %load/vec4 v0x558b0a5d7600_0;
    %assign/vec4 v0x558b0a5d7540_0, 0;
    %load/vec4 v0x558b0a5d6000_0;
    %assign/vec4 v0x558b0a5d5f00_0, 0;
    %load/vec4 v0x558b0a5d69a0_0;
    %assign/vec4 v0x558b0a5d68e0_0, 0;
    %load/vec4 v0x558b0a5d7b70_0;
    %assign/vec4 v0x558b0a5d78a0_0, 0;
    %load/vec4 v0x558b0a5d7ed0_0;
    %assign/vec4 v0x558b0a5d7e10_0, 0;
    %load/vec4 v0x558b0a5d64c0_0;
    %assign/vec4 v0x558b0a5d6400_0, 0;
    %load/vec4 v0x558b0a5d77b0_0;
    %assign/vec4 v0x558b0a5d76f0_0, 0;
    %load/vec4 v0x558b0a5d7d20_0;
    %assign/vec4 v0x558b0a5d7c60_0, 0;
    %load/vec4 v0x558b0a5d72d0_0;
    %assign/vec4 v0x558b0a5d7210_0, 0;
T_7.3 ;
T_7.1 ;
    %jmp T_7;
    .thread T_7;
# The file index is used to find the file name in the following table.
:file_names 6;
    "N/A";
    "<interactive>";
    "EX_tb.v";
    "execute_stage.v";
    "shared_modules.v";
    "decode_stage.v";
