#! /usr/bin/vvp
:ivl_version "12.0 (stable)";
:ivl_delay_selection "TYPICAL";
:vpi_time_precision + 0;
:vpi_module "/usr/lib/x86_64-linux-gnu/ivl/system.vpi";
:vpi_module "/usr/lib/x86_64-linux-gnu/ivl/vhdl_sys.vpi";
:vpi_module "/usr/lib/x86_64-linux-gnu/ivl/vhdl_textio.vpi";
:vpi_module "/usr/lib/x86_64-linux-gnu/ivl/v2005_math.vpi";
:vpi_module "/usr/lib/x86_64-linux-gnu/ivl/va_math.vpi";
S_0x5d5931c956e0 .scope module, "IF_tb" "IF_tb" 2 3;
 .timescale 0 0;
v0x5d5931cb60f0_0 .net "PC", 31 0, v0x5d5931c86aa0_0;  1 drivers
v0x5d5931cb6220_0 .var "PCSel", 0 0;
v0x5d5931cb62e0_0 .var "clk", 0 0;
v0x5d5931cb6380_0 .net "ins", 31 0, v0x5d5931cb32e0_0;  1 drivers
v0x5d5931cb6470_0 .var "jump_target", 0 31;
v0x5d5931cb65b0_0 .var "rst", 0 0;
S_0x5d5931c95870 .scope module, "IF" "fetch_stage" 2 9, 3 10 0, S_0x5d5931c956e0;
 .timescale 0 0;
    .port_info 0 /INPUT 1 "clk";
    .port_info 1 /INPUT 1 "rst";
    .port_info 2 /INPUT 1 "PCSel";
    .port_info 3 /INPUT 32 "jump_target";
    .port_info 4 /OUTPUT 32 "PC_out";
    .port_info 5 /OUTPUT 32 "instruction_out";
v0x5d5931cb5750_0 .net "PCSel", 0 0, v0x5d5931cb6220_0;  1 drivers
v0x5d5931cb5860_0 .net "PC_out", 31 0, v0x5d5931c86aa0_0;  alias, 1 drivers
v0x5d5931cb5920_0 .net "PC_plus_4", 31 0, L_0x5d5931cb6650;  1 drivers
v0x5d5931cb5a10_0 .net "PC_w", 31 0, v0x5d5931cb47c0_0;  1 drivers
v0x5d5931cb5ab0_0 .net "clk", 0 0, v0x5d5931cb62e0_0;  1 drivers
v0x5d5931cb5ba0_0 .net "instruction_out", 31 0, v0x5d5931cb32e0_0;  alias, 1 drivers
v0x5d5931cb5c60_0 .net "instruction_w", 31 0, L_0x5d5931cc7010;  1 drivers
v0x5d5931cb5d50_0 .net "jump_target", 31 0, v0x5d5931cb6470_0;  1 drivers
v0x5d5931cb5e10_0 .net "next_PC_val", 31 0, L_0x5d5931cc67e0;  1 drivers
v0x5d5931cb5f40_0 .net "rst", 0 0, v0x5d5931cb65b0_0;  1 drivers
S_0x5d5931c86810 .scope module, "IFID" "IF_ID" 3 35, 3 87 0, S_0x5d5931c95870;
 .timescale 0 0;
    .port_info 0 /INPUT 1 "clk";
    .port_info 1 /INPUT 1 "rst";
    .port_info 2 /INPUT 1 "flush";
    .port_info 3 /INPUT 32 "PC_r";
    .port_info 4 /INPUT 32 "instr_r";
    .port_info 5 /OUTPUT 32 "PC";
    .port_info 6 /OUTPUT 32 "instr";
v0x5d5931c86aa0_0 .var "PC", 31 0;
v0x5d5931cb30a0_0 .net "PC_r", 31 0, v0x5d5931cb47c0_0;  alias, 1 drivers
v0x5d5931cb3180_0 .net "clk", 0 0, v0x5d5931cb62e0_0;  alias, 1 drivers
v0x5d5931cb3220_0 .net "flush", 0 0, v0x5d5931cb6220_0;  alias, 1 drivers
v0x5d5931cb32e0_0 .var "instr", 31 0;
v0x5d5931cb3410_0 .net "instr_r", 31 0, L_0x5d5931cc7010;  alias, 1 drivers
v0x5d5931cb34f0_0 .net "rst", 0 0, v0x5d5931cb65b0_0;  alias, 1 drivers
E_0x5d5931c92e00 .event posedge, v0x5d5931cb34f0_0, v0x5d5931cb3180_0;
S_0x5d5931cb3690 .scope module, "IM" "instruction_memory" 3 30, 3 40 0, S_0x5d5931c95870;
 .timescale 0 0;
    .port_info 0 /INPUT 32 "PC";
    .port_info 1 /OUTPUT 32 "instruction";
v0x5d5931cb3890_0 .net "PC", 31 0, v0x5d5931cb47c0_0;  alias, 1 drivers
v0x5d5931cb3970_0 .net *"_ivl_0", 7 0, L_0x5d5931cc69e0;  1 drivers
v0x5d5931cb3a30_0 .net *"_ivl_10", 31 0, L_0x5d5931cc6be0;  1 drivers
v0x5d5931cb3af0_0 .net *"_ivl_12", 7 0, L_0x5d5931cc6d50;  1 drivers
L_0x75036f4ce0f0 .functor BUFT 1, C4<00000000000000000000000000000001>, C4<0>, C4<0>, C4<0>;
v0x5d5931cb3bd0_0 .net/2u *"_ivl_14", 31 0, L_0x75036f4ce0f0;  1 drivers
v0x5d5931cb3d00_0 .net *"_ivl_16", 31 0, L_0x5d5931cc6df0;  1 drivers
v0x5d5931cb3de0_0 .net *"_ivl_18", 7 0, L_0x5d5931cc6f70;  1 drivers
L_0x75036f4ce060 .functor BUFT 1, C4<00000000000000000000000000000011>, C4<0>, C4<0>, C4<0>;
v0x5d5931cb3ec0_0 .net/2u *"_ivl_2", 31 0, L_0x75036f4ce060;  1 drivers
v0x5d5931cb3fa0_0 .net *"_ivl_4", 31 0, L_0x5d5931cc6aa0;  1 drivers
v0x5d5931cb4080_0 .net *"_ivl_6", 7 0, L_0x5d5931cc6b40;  1 drivers
L_0x75036f4ce0a8 .functor BUFT 1, C4<00000000000000000000000000000010>, C4<0>, C4<0>, C4<0>;
v0x5d5931cb4160_0 .net/2u *"_ivl_8", 31 0, L_0x75036f4ce0a8;  1 drivers
v0x5d5931cb4240_0 .var/i "i", 31 0;
v0x5d5931cb4320_0 .net "instruction", 31 0, L_0x5d5931cc7010;  alias, 1 drivers
v0x5d5931cb43e0 .array "memory", 65535 0, 7 0;
v0x5d5931cb4480 .array "temp_mem", 16383 0, 31 0;
L_0x5d5931cc69e0 .array/port v0x5d5931cb43e0, L_0x5d5931cc6aa0;
L_0x5d5931cc6aa0 .arith/sum 32, v0x5d5931cb47c0_0, L_0x75036f4ce060;
L_0x5d5931cc6b40 .array/port v0x5d5931cb43e0, L_0x5d5931cc6be0;
L_0x5d5931cc6be0 .arith/sum 32, v0x5d5931cb47c0_0, L_0x75036f4ce0a8;
L_0x5d5931cc6d50 .array/port v0x5d5931cb43e0, L_0x5d5931cc6df0;
L_0x5d5931cc6df0 .arith/sum 32, v0x5d5931cb47c0_0, L_0x75036f4ce0f0;
L_0x5d5931cc6f70 .array/port v0x5d5931cb43e0, v0x5d5931cb47c0_0;
L_0x5d5931cc7010 .concat [ 8 8 8 8], L_0x5d5931cc6f70, L_0x5d5931cc6d50, L_0x5d5931cc6b40, L_0x5d5931cc69e0;
S_0x5d5931cb45a0 .scope module, "PC_Reg" "program_counter" 3 23, 3 73 0, S_0x5d5931c95870;
 .timescale 0 0;
    .port_info 0 /INPUT 1 "clk";
    .port_info 1 /INPUT 32 "PC_mux_output";
    .port_info 2 /INPUT 1 "rst";
    .port_info 3 /OUTPUT 32 "PC";
v0x5d5931cb47c0_0 .var "PC", 31 0;
v0x5d5931cb48d0_0 .net "PC_mux_output", 31 0, L_0x5d5931cc67e0;  alias, 1 drivers
v0x5d5931cb49b0_0 .net "clk", 0 0, v0x5d5931cb62e0_0;  alias, 1 drivers
v0x5d5931cb4a50_0 .net "rst", 0 0, v0x5d5931cb65b0_0;  alias, 1 drivers
E_0x5d5931c71310 .event posedge, v0x5d5931cb3180_0;
S_0x5d5931cb4b70 .scope module, "adder_4" "adder" 3 19, 4 12 0, S_0x5d5931c95870;
 .timescale 0 0;
    .port_info 0 /INPUT 32 "a";
    .port_info 1 /INPUT 32 "b";
    .port_info 2 /OUTPUT 32 "f";
v0x5d5931cb4dc0_0 .net "a", 31 0, v0x5d5931cb47c0_0;  alias, 1 drivers
L_0x75036f4ce018 .functor BUFT 1, C4<00000000000000000000000000000100>, C4<0>, C4<0>, C4<0>;
v0x5d5931cb4ea0_0 .net "b", 31 0, L_0x75036f4ce018;  1 drivers
v0x5d5931cb4f80_0 .net "f", 31 0, L_0x5d5931cb6650;  alias, 1 drivers
L_0x5d5931cb6650 .arith/sum 32, v0x5d5931cb47c0_0, L_0x75036f4ce018;
S_0x5d5931cb50c0 .scope module, "mux" "mux_2x1" 3 21, 4 1 0, S_0x5d5931c95870;
 .timescale 0 0;
    .port_info 0 /INPUT 32 "a";
    .port_info 1 /INPUT 32 "b";
    .port_info 2 /INPUT 1 "s";
    .port_info 3 /OUTPUT 32 "f";
v0x5d5931cb5360_0 .net "a", 31 0, L_0x5d5931cb6650;  alias, 1 drivers
v0x5d5931cb5450_0 .net "b", 31 0, v0x5d5931cb6470_0;  alias, 1 drivers
v0x5d5931cb5510_0 .net "f", 31 0, L_0x5d5931cc67e0;  alias, 1 drivers
v0x5d5931cb5610_0 .net "s", 0 0, v0x5d5931cb6220_0;  alias, 1 drivers
L_0x5d5931cc67e0 .functor MUXZ 32, L_0x5d5931cb6650, v0x5d5931cb6470_0, v0x5d5931cb6220_0, C4<>;
    .scope S_0x5d5931cb45a0;
T_0 ;
    %wait E_0x5d5931c71310;
    %load/vec4 v0x5d5931cb4a50_0;
    %cmpi/e 1, 0, 1;
    %jmp/0xz  T_0.0, 4;
    %pushi/vec4 0, 0, 32;
    %assign/vec4 v0x5d5931cb47c0_0, 0;
    %jmp T_0.1;
T_0.0 ;
    %load/vec4 v0x5d5931cb48d0_0;
    %assign/vec4 v0x5d5931cb47c0_0, 0;
T_0.1 ;
    %jmp T_0;
    .thread T_0;
    .scope S_0x5d5931cb3690;
T_1 ;
    %pushi/vec4 0, 0, 32;
    %store/vec4 v0x5d5931cb4240_0, 0, 32;
T_1.0 ;
    %load/vec4 v0x5d5931cb4240_0;
    %cmpi/s 16384, 0, 32;
    %jmp/0xz T_1.1, 5;
    %pushi/vec4 4116, 0, 32;
    %ix/getv/s 4, v0x5d5931cb4240_0;
    %store/vec4a v0x5d5931cb4480, 4, 0;
    %load/vec4 v0x5d5931cb4240_0;
    %addi 1, 0, 32;
    %store/vec4 v0x5d5931cb4240_0, 0, 32;
    %jmp T_1.0;
T_1.1 ;
    %vpi_call 3 57 "$readmemb", "program.txt", v0x5d5931cb4480 {0 0 0};
    %pushi/vec4 0, 0, 32;
    %store/vec4 v0x5d5931cb4240_0, 0, 32;
T_1.2 ;
    %load/vec4 v0x5d5931cb4240_0;
    %cmpi/s 16384, 0, 32;
    %jmp/0xz T_1.3, 5;
    %ix/getv/s 4, v0x5d5931cb4240_0;
    %load/vec4a v0x5d5931cb4480, 4;
    %parti/s 8, 0, 2;
    %load/vec4 v0x5d5931cb4240_0;
    %muli 4, 0, 32;
    %ix/vec4/s 4;
    %store/vec4a v0x5d5931cb43e0, 4, 0;
    %ix/getv/s 4, v0x5d5931cb4240_0;
    %load/vec4a v0x5d5931cb4480, 4;
    %parti/s 8, 8, 5;
    %load/vec4 v0x5d5931cb4240_0;
    %muli 4, 0, 32;
    %addi 1, 0, 32;
    %ix/vec4/s 4;
    %store/vec4a v0x5d5931cb43e0, 4, 0;
    %ix/getv/s 4, v0x5d5931cb4240_0;
    %load/vec4a v0x5d5931cb4480, 4;
    %parti/s 8, 16, 6;
    %load/vec4 v0x5d5931cb4240_0;
    %muli 4, 0, 32;
    %addi 2, 0, 32;
    %ix/vec4/s 4;
    %store/vec4a v0x5d5931cb43e0, 4, 0;
    %ix/getv/s 4, v0x5d5931cb4240_0;
    %load/vec4a v0x5d5931cb4480, 4;
    %parti/s 8, 24, 6;
    %load/vec4 v0x5d5931cb4240_0;
    %muli 4, 0, 32;
    %addi 3, 0, 32;
    %ix/vec4/s 4;
    %store/vec4a v0x5d5931cb43e0, 4, 0;
    %load/vec4 v0x5d5931cb4240_0;
    %addi 1, 0, 32;
    %store/vec4 v0x5d5931cb4240_0, 0, 32;
    %jmp T_1.2;
T_1.3 ;
    %end;
    .thread T_1;
    .scope S_0x5d5931c86810;
T_2 ;
    %wait E_0x5d5931c92e00;
    %load/vec4 v0x5d5931cb34f0_0;
    %flag_set/vec4 8;
    %jmp/0xz  T_2.0, 8;
    %pushi/vec4 0, 0, 32;
    %assign/vec4 v0x5d5931c86aa0_0, 0;
    %pushi/vec4 0, 0, 32;
    %assign/vec4 v0x5d5931cb32e0_0, 0;
    %jmp T_2.1;
T_2.0 ;
    %load/vec4 v0x5d5931cb3220_0;
    %flag_set/vec4 8;
    %jmp/0xz  T_2.2, 8;
    %load/vec4 v0x5d5931cb30a0_0;
    %assign/vec4 v0x5d5931c86aa0_0, 0;
    %pushi/vec4 0, 0, 32;
    %assign/vec4 v0x5d5931cb32e0_0, 0;
    %jmp T_2.3;
T_2.2 ;
    %load/vec4 v0x5d5931cb30a0_0;
    %assign/vec4 v0x5d5931c86aa0_0, 0;
    %load/vec4 v0x5d5931cb3410_0;
    %assign/vec4 v0x5d5931cb32e0_0, 0;
T_2.3 ;
T_2.1 ;
    %jmp T_2;
    .thread T_2;
    .scope S_0x5d5931c956e0;
T_3 ;
    %delay 5, 0;
    %load/vec4 v0x5d5931cb62e0_0;
    %inv;
    %store/vec4 v0x5d5931cb62e0_0, 0, 1;
    %jmp T_3;
    .thread T_3;
    .scope S_0x5d5931c956e0;
T_4 ;
    %pushi/vec4 1, 0, 1;
    %store/vec4 v0x5d5931cb62e0_0, 0, 1;
    %pushi/vec4 1, 0, 1;
    %store/vec4 v0x5d5931cb65b0_0, 0, 1;
    %delay 10, 0;
    %vpi_call 2 19 "$monitor", "time = %t, clk = %b, rst = %b, PCSel = %b, jump_target = %h, PC = %h, ins = %h", $time, v0x5d5931cb62e0_0, v0x5d5931cb65b0_0, v0x5d5931cb6220_0, v0x5d5931cb6470_0, v0x5d5931cb60f0_0, v0x5d5931cb6380_0 {0 0 0};
    %pushi/vec4 0, 0, 1;
    %store/vec4 v0x5d5931cb65b0_0, 0, 1;
    %pushi/vec4 0, 0, 1;
    %store/vec4 v0x5d5931cb6220_0, 0, 1;
    %pushi/vec4 20, 0, 32;
    %store/vec4 v0x5d5931cb6470_0, 0, 32;
    %delay 30, 0;
    %pushi/vec4 0, 0, 1;
    %store/vec4 v0x5d5931cb65b0_0, 0, 1;
    %pushi/vec4 1, 0, 1;
    %store/vec4 v0x5d5931cb6220_0, 0, 1;
    %delay 10, 0;
    %vpi_call 2 27 "$finish" {0 0 0};
    %end;
    .thread T_4;
# The file index is used to find the file name in the following table.
:file_names 5;
    "N/A";
    "<interactive>";
    "IF_tb.v";
    "fetch_stage.v";
    "shared_modules.v";
