#! /c/Source/iverilog-install/bin/vvp
:ivl_version "12.0 (devel)" "(s20150603-1539-g2693dd32b)";
:ivl_delay_selection "TYPICAL";
:vpi_time_precision - 12;
:vpi_module "D:\iverilog\lib\ivl\system.vpi";
:vpi_module "D:\iverilog\lib\ivl\vhdl_sys.vpi";
:vpi_module "D:\iverilog\lib\ivl\vhdl_textio.vpi";
:vpi_module "D:\iverilog\lib\ivl\v2005_math.vpi";
:vpi_module "D:\iverilog\lib\ivl\va_math.vpi";
S_000002a4c90969d0 .scope module, "WB_tb" "WB_tb" 2 4;
 .timescale -9 -12;
v000002a4c90a2bb0_0 .var "ALU_result_in", 31 0;
v000002a4c90a2ed0_0 .var "PC_plus_4_in", 31 0;
v000002a4c90a2f70_0 .net "WB_result_out", 31 0, L_000002a4c91542b0;  1 drivers
v000002a4c90a3010_0 .var "mem_result_in", 31 0;
v000002a4c90a29d0_0 .var "rd_in", 4 0;
v000002a4c90a2c50_0 .net "rd_out", 4 0, L_000002a4c90acb50;  1 drivers
v000002a4c90a2a70_0 .var "regWrite_in", 0 0;
v000002a4c90a2d90_0 .net "regWrite_out", 0 0, L_000002a4c90ac5a0;  1 drivers
v000002a4c90a3150_0 .var "resultSrc_in", 1 0;
S_000002a4c9096b60 .scope module, "uut" "wb_stage" 2 15, 3 3 0, S_000002a4c90969d0;
 .timescale 0 0;
    .port_info 0 /INPUT 32 "ALU_result_in";
    .port_info 1 /INPUT 32 "mem_result_in";
    .port_info 2 /INPUT 32 "PC_plus_4_in";
    .port_info 3 /INPUT 2 "resultSrc_in";
    .port_info 4 /INPUT 1 "regWrite_in";
    .port_info 5 /INPUT 5 "rd_in";
    .port_info 6 /OUTPUT 32 "WB_result_out";
    .port_info 7 /OUTPUT 1 "regWrite_out";
    .port_info 8 /OUTPUT 5 "rd_out";
L_000002a4c90ac5a0 .functor BUFZ 1, v000002a4c90a2a70_0, C4<0>, C4<0>, C4<0>;
L_000002a4c90acb50 .functor BUFZ 5, v000002a4c90a29d0_0, C4<00000>, C4<00000>, C4<00000>;
v000002a4c9094e40_0 .net "ALU_result_in", 31 0, v000002a4c90a2bb0_0;  1 drivers
v000002a4c905db50_0 .net "PC_plus_4_in", 31 0, v000002a4c90a2ed0_0;  1 drivers
v000002a4c905dbf0_0 .net "WB_result_out", 31 0, L_000002a4c91542b0;  alias, 1 drivers
L_000002a4c90fb028 .functor BUFT 1, C4<00>, C4<0>, C4<0>, C4<0>;
v000002a4c905dc90_0 .net/2u *"_ivl_0", 1 0, L_000002a4c90fb028;  1 drivers
v000002a4c905dd30_0 .net *"_ivl_10", 0 0, L_000002a4c90a3330;  1 drivers
L_000002a4c90fb100 .functor BUFT 1, C4<00000000000000000000000000000000>, C4<0>, C4<0>, C4<0>;
v000002a4c905ddd0_0 .net/2u *"_ivl_12", 31 0, L_000002a4c90fb100;  1 drivers
v000002a4c905de70_0 .net *"_ivl_14", 31 0, L_000002a4c90a33d0;  1 drivers
v000002a4c90a2e30_0 .net *"_ivl_16", 31 0, L_000002a4c90a3470;  1 drivers
v000002a4c90a3510_0 .net *"_ivl_2", 0 0, L_000002a4c90a31f0;  1 drivers
L_000002a4c90fb070 .functor BUFT 1, C4<01>, C4<0>, C4<0>, C4<0>;
v000002a4c90a2930_0 .net/2u *"_ivl_4", 1 0, L_000002a4c90fb070;  1 drivers
v000002a4c90a2cf0_0 .net *"_ivl_6", 0 0, L_000002a4c90a3290;  1 drivers
L_000002a4c90fb0b8 .functor BUFT 1, C4<10>, C4<0>, C4<0>, C4<0>;
v000002a4c90a2b10_0 .net/2u *"_ivl_8", 1 0, L_000002a4c90fb0b8;  1 drivers
v000002a4c90a35b0_0 .net "mem_result_in", 31 0, v000002a4c90a3010_0;  1 drivers
v000002a4c90a30b0_0 .net "rd_in", 4 0, v000002a4c90a29d0_0;  1 drivers
v000002a4c90a3650_0 .net "rd_out", 4 0, L_000002a4c90acb50;  alias, 1 drivers
v000002a4c90a36f0_0 .net "regWrite_in", 0 0, v000002a4c90a2a70_0;  1 drivers
v000002a4c90a2890_0 .net "regWrite_out", 0 0, L_000002a4c90ac5a0;  alias, 1 drivers
v000002a4c90a27f0_0 .net "resultSrc_in", 1 0, v000002a4c90a3150_0;  1 drivers
L_000002a4c90a31f0 .cmp/eq 2, v000002a4c90a3150_0, L_000002a4c90fb028;
L_000002a4c90a3290 .cmp/eq 2, v000002a4c90a3150_0, L_000002a4c90fb070;
L_000002a4c90a3330 .cmp/eq 2, v000002a4c90a3150_0, L_000002a4c90fb0b8;
L_000002a4c90a33d0 .functor MUXZ 32, L_000002a4c90fb100, v000002a4c90a2ed0_0, L_000002a4c90a3330, C4<>;
L_000002a4c90a3470 .functor MUXZ 32, L_000002a4c90a33d0, v000002a4c90a3010_0, L_000002a4c90a3290, C4<>;
L_000002a4c91542b0 .functor MUXZ 32, L_000002a4c90a3470, v000002a4c90a2bb0_0, L_000002a4c90a31f0, C4<>;
    .scope S_000002a4c90969d0;
T_0 ;
    %vpi_call 2 28 "$dumpfile", "WB_tb.vcd" {0 0 0};
    %vpi_call 2 29 "$dumpvars", 32'sb00000000000000000000000000000000, S_000002a4c90969d0 {0 0 0};
    %pushi/vec4 111, 0, 32;
    %store/vec4 v000002a4c90a2bb0_0, 0, 32;
    %pushi/vec4 222, 0, 32;
    %store/vec4 v000002a4c90a3010_0, 0, 32;
    %pushi/vec4 333, 0, 32;
    %store/vec4 v000002a4c90a2ed0_0, 0, 32;
    %pushi/vec4 1, 0, 1;
    %store/vec4 v000002a4c90a2a70_0, 0, 1;
    %pushi/vec4 7, 0, 5;
    %store/vec4 v000002a4c90a29d0_0, 0, 5;
    %pushi/vec4 0, 0, 2;
    %store/vec4 v000002a4c90a3150_0, 0, 2;
    %delay 1000, 0;
    %vpi_call 2 38 "$display", "ALU select   -> %d (expected 111)", v000002a4c90a2f70_0 {0 0 0};
    %pushi/vec4 1, 0, 2;
    %store/vec4 v000002a4c90a3150_0, 0, 2;
    %delay 1000, 0;
    %vpi_call 2 41 "$display", "MEM select   -> %d (expected 222)", v000002a4c90a2f70_0 {0 0 0};
    %pushi/vec4 2, 0, 2;
    %store/vec4 v000002a4c90a3150_0, 0, 2;
    %delay 1000, 0;
    %vpi_call 2 44 "$display", "PC+4 select  -> %d (expected 333)", v000002a4c90a2f70_0 {0 0 0};
    %pushi/vec4 3, 0, 2;
    %store/vec4 v000002a4c90a3150_0, 0, 2;
    %delay 1000, 0;
    %vpi_call 2 47 "$display", "Default      -> %d (expected 0)", v000002a4c90a2f70_0 {0 0 0};
    %vpi_call 2 49 "$display", "WB pass-through rd=%0d regWrite=%b", v000002a4c90a2c50_0, v000002a4c90a2d90_0 {0 0 0};
    %vpi_call 2 50 "$finish" {0 0 0};
    %end;
    .thread T_0;
# The file index is used to find the file name in the following table.
:file_names 4;
    "N/A";
    "<interactive>";
    "WB_tb.v";
    "wb_stage.v";
