#! /c/Source/iverilog-install/bin/vvp
:ivl_version "12.0 (devel)" "(s20150603-1539-g2693dd32b)";
:ivl_delay_selection "TYPICAL";
:vpi_time_precision - 12;
:vpi_module "D:\iverilog\lib\ivl\system.vpi";
:vpi_module "D:\iverilog\lib\ivl\vhdl_sys.vpi";
:vpi_module "D:\iverilog\lib\ivl\vhdl_textio.vpi";
:vpi_module "D:\iverilog\lib\ivl\v2005_math.vpi";
:vpi_module "D:\iverilog\lib\ivl\va_math.vpi";
S_000001f4b7504090 .scope module, "EX_tb" "EX_tb" 2 4;
 .timescale -9 -12;
v000001f4b75d5b80_0 .var "ALUControl", 3 0;
v000001f4b75d41e0_0 .net "ALUControl_r", 3 0, v000001f4b75d3170_0;  1 drivers
v000001f4b75d4e60_0 .var "ALUSrc", 0 0;
v000001f4b75d4640_0 .net "ALUSrc_r", 0 0, v000001f4b75d3030_0;  1 drivers
v000001f4b75d40a0_0 .net "ALU_result", 31 0, v000001f4b75cdf00_0;  1 drivers
v000001f4b75d4320_0 .var "PC", 31 0;
v000001f4b75d4780_0 .net "PCSel", 0 0, v000001f4b75cd640_0;  1 drivers
v000001f4b75d57c0_0 .net "PC_ex", 31 0, v000001f4b75cd5a0_0;  1 drivers
v000001f4b75d5180_0 .net "PC_r", 31 0, v000001f4b75d3e90_0;  1 drivers
v000001f4b75d43c0_0 .var "bgef3", 0 0;
v000001f4b75d4b40_0 .net "bgef3_r", 0 0, v000001f4b75d30d0_0;  1 drivers
v000001f4b75d5cc0_0 .var "branch", 0 0;
v000001f4b75d52c0_0 .net "branch_r", 0 0, v000001f4b75d3350_0;  1 drivers
v000001f4b75d5720_0 .var "clk", 0 0;
v000001f4b75d4820_0 .var "immediate", 31 0;
v000001f4b75d5860_0 .net "immediate_r", 31 0, v000001f4b75d37b0_0;  1 drivers
v000001f4b75d4f00_0 .var "instruction", 31 0;
v000001f4b75d4460_0 .net "instruction_ex", 31 0, v000001f4b75d1ac0_0;  1 drivers
v000001f4b75d4960_0 .net "instruction_r", 31 0, v000001f4b75d3df0_0;  1 drivers
v000001f4b75d4be0_0 .var "jalr", 0 0;
v000001f4b75d45a0_0 .net "jalr_r", 0 0, v000001f4b75d2310_0;  1 drivers
v000001f4b75d4c80_0 .var "jump", 0 0;
v000001f4b75d4d20_0 .net "jump_r", 0 0, v000001f4b75d26d0_0;  1 drivers
v000001f4b75d5360_0 .net "jump_target", 31 0, v000001f4b75d0da0_0;  1 drivers
v000001f4b75d5d60_0 .var "memRead", 0 0;
v000001f4b75d59a0_0 .net "memRead_ex", 0 0, v000001f4b75d15c0_0;  1 drivers
v000001f4b75d5a40_0 .net "memRead_r", 0 0, v000001f4b75d3530_0;  1 drivers
v000001f4b75d4fa0_0 .var "memWrite", 0 0;
v000001f4b75d5e00_0 .net "memWrite_ex", 0 0, v000001f4b75d09e0_0;  1 drivers
v000001f4b75d4500_0 .net "memWrite_r", 0 0, v000001f4b75d28b0_0;  1 drivers
v000001f4b75d50e0_0 .var "rd", 4 0;
v000001f4b75d5f40_0 .net "rd_ex", 4 0, v000001f4b75d1660_0;  1 drivers
v000001f4b75d5220_0 .net "rd_r", 4 0, v000001f4b75d29f0_0;  1 drivers
v000001f4b75d5400_0 .var "regWrite", 0 0;
v000001f4b75d5ea0_0 .net "regWrite_ex", 0 0, v000001f4b75d0b20_0;  1 drivers
v000001f4b75d54a0_0 .net "regWrite_r", 0 0, v000001f4b75d2e50_0;  1 drivers
v000001f4b75d5540_0 .var "resultSrc", 1 0;
v000001f4b75d5900_0 .net "resultSrc_ex", 1 0, v000001f4b75d1700_0;  1 drivers
v000001f4b75d8c00_0 .net "resultSrc_r", 1 0, v000001f4b75d5ae0_0;  1 drivers
v000001f4b75d9a60_0 .var "rs1", 4 0;
v000001f4b75d8b60_0 .net "rs1_ex", 4 0, v000001f4b75d0260_0;  1 drivers
v000001f4b75d9ce0_0 .net "rs1_r", 4 0, v000001f4b75d55e0_0;  1 drivers
v000001f4b75d8660_0 .var "rs1_val", 31 0;
v000001f4b75d9d80_0 .net "rs1_val_r", 31 0, v000001f4b75d4dc0_0;  1 drivers
v000001f4b75d99c0_0 .var "rs2", 4 0;
v000001f4b75d8480_0 .net "rs2_ex", 4 0, v000001f4b75d1020_0;  1 drivers
v000001f4b75d9c40_0 .net "rs2_r", 4 0, v000001f4b75d4a00_0;  1 drivers
v000001f4b75d87a0_0 .var "rs2_val", 31 0;
v000001f4b75d9b00_0 .net "rs2_val_ex", 31 0, v000001f4b75d1c00_0;  1 drivers
v000001f4b75d85c0_0 .net "rs2_val_r", 31 0, v000001f4b75d5680_0;  1 drivers
v000001f4b75d97e0_0 .var "rst", 0 0;
E_000001f4b754e5c0 .event posedge, v000001f4b75d0f80_0;
E_000001f4b754d840 .event negedge, v000001f4b75d0f80_0;
S_000001f4b750bed0 .scope module, "EX" "execute_stage" 2 48, 3 9 0, S_000001f4b7504090;
 .timescale -9 -12;
    .port_info 0 /INPUT 1 "clk";
    .port_info 1 /INPUT 1 "rst";
    .port_info 2 /INPUT 1 "jalr";
    .port_info 3 /INPUT 1 "jump";
    .port_info 4 /INPUT 1 "branch";
    .port_info 5 /INPUT 1 "bgef3";
    .port_info 6 /INPUT 1 "ALUSrc";
    .port_info 7 /INPUT 4 "ALUControl";
    .port_info 8 /INPUT 32 "immediate";
    .port_info 9 /INPUT 32 "rs1_val";
    .port_info 10 /INPUT 32 "rs2_val_in";
    .port_info 11 /INPUT 32 "instruction_in";
    .port_info 12 /INPUT 32 "PC_in";
    .port_info 13 /INPUT 1 "memRead_in";
    .port_info 14 /INPUT 1 "memWrite_in";
    .port_info 15 /INPUT 1 "regWrite_in";
    .port_info 16 /INPUT 2 "resultSrc_in";
    .port_info 17 /INPUT 5 "rs1_in";
    .port_info 18 /INPUT 5 "rs2_in";
    .port_info 19 /INPUT 5 "rd_in";
    .port_info 20 /OUTPUT 32 "ALU_result_out";
    .port_info 21 /OUTPUT 32 "jump_target_out";
    .port_info 22 /OUTPUT 32 "jump_target_early_out";
    .port_info 23 /OUTPUT 32 "instruction_out";
    .port_info 24 /OUTPUT 32 "PC_out";
    .port_info 25 /OUTPUT 32 "rs2_val_out";
    .port_info 26 /OUTPUT 1 "PCSel_out";
    .port_info 27 /OUTPUT 1 "PCSel_early_out";
    .port_info 28 /OUTPUT 1 "memRead_out";
    .port_info 29 /OUTPUT 1 "memWrite_out";
    .port_info 30 /OUTPUT 1 "regWrite_out";
    .port_info 31 /OUTPUT 2 "resultSrc_out";
    .port_info 32 /OUTPUT 5 "rs1_out";
    .port_info 33 /OUTPUT 5 "rs2_out";
    .port_info 34 /OUTPUT 5 "rd_out";
L_000001f4b7572b20 .functor AND 1, v000001f4b75d26d0_0, L_000001f4b75eb180, C4<1>, C4<1>;
L_000001f4b7572ff0 .functor OR 1, L_000001f4b75ec4e0, L_000001f4b75ebd60, C4<0>, C4<0>;
L_000001f4b7572570 .functor AND 1, v000001f4b75d3350_0, L_000001f4b75ed0c0, C4<1>, C4<1>;
L_000001f4b7572650 .functor OR 1, L_000001f4b7572570, v000001f4b75d26d0_0, C4<0>, C4<0>;
L_000001f4b7572ce0 .functor BUFZ 1, L_000001f4b7572650, C4<0>, C4<0>, C4<0>;
L_000001f4b7572500 .functor BUFZ 32, L_000001f4b75ebb80, C4<00000000000000000000000000000000>, C4<00000000000000000000000000000000>, C4<00000000000000000000000000000000>;
v000001f4b75d06c0_0 .net "ALUControl", 3 0, v000001f4b75d3170_0;  alias, 1 drivers
v000001f4b75d10c0_0 .net "ALUSrc", 0 0, v000001f4b75d3030_0;  alias, 1 drivers
v000001f4b75d0c60_0 .net "ALUSrc_jal", 0 0, L_000001f4b7572b20;  1 drivers
v000001f4b75d0080_0 .net "ALU_in_A", 31 0, L_000001f4b75eb220;  1 drivers
v000001f4b75d1d40_0 .net "ALU_in_B", 31 0, L_000001f4b75eb360;  1 drivers
v000001f4b75d0d00_0 .net "ALU_result_out", 31 0, v000001f4b75cdf00_0;  alias, 1 drivers
v000001f4b75d1160_0 .net "ALU_result_w", 31 0, L_000001f4b75ed480;  1 drivers
v000001f4b75d0300_0 .net "PCSel_early_out", 0 0, L_000001f4b7572ce0;  1 drivers
v000001f4b75d03a0_0 .net "PCSel_out", 0 0, v000001f4b75cd640_0;  alias, 1 drivers
v000001f4b75d1200_0 .net "PCSel_w", 0 0, L_000001f4b7572650;  1 drivers
v000001f4b75d12a0_0 .net "PC_in", 31 0, v000001f4b75d3e90_0;  alias, 1 drivers
v000001f4b75d13e0_0 .net "PC_out", 31 0, v000001f4b75cd5a0_0;  alias, 1 drivers
v000001f4b75d01c0_0 .net "PC_plus_imm", 31 0, L_000001f4b75eb4a0;  1 drivers
v000001f4b75d1de0_0 .net *"_ivl_1", 0 0, L_000001f4b75eb180;  1 drivers
v000001f4b75d0440_0 .net *"_ivl_13", 0 0, L_000001f4b7572570;  1 drivers
v000001f4b75d1480_0 .net *"_ivl_5", 0 0, L_000001f4b75ec4e0;  1 drivers
v000001f4b75d1f20_0 .net *"_ivl_7", 0 0, L_000001f4b7572ff0;  1 drivers
v000001f4b75d1840_0 .net *"_ivl_9", 0 0, L_000001f4b75ecc60;  1 drivers
v000001f4b75d18e0_0 .net "bgef3", 0 0, v000001f4b75d30d0_0;  alias, 1 drivers
v000001f4b75d1980_0 .net "branch", 0 0, v000001f4b75d3350_0;  alias, 1 drivers
v000001f4b75d1a20_0 .net "clk", 0 0, v000001f4b75d5720_0;  1 drivers
v000001f4b75d04e0_0 .net "condition_met", 0 0, L_000001f4b75ed0c0;  1 drivers
v000001f4b75d1e80_0 .net "immediate", 31 0, v000001f4b75d37b0_0;  alias, 1 drivers
v000001f4b75d0580_0 .net "instruction_in", 31 0, v000001f4b75d3df0_0;  alias, 1 drivers
v000001f4b75d0620_0 .net "instruction_out", 31 0, v000001f4b75d1ac0_0;  alias, 1 drivers
v000001f4b75d0760_0 .net "jalr", 0 0, v000001f4b75d2310_0;  alias, 1 drivers
v000001f4b75d2c70_0 .net "jump", 0 0, v000001f4b75d26d0_0;  alias, 1 drivers
v000001f4b75d3990_0 .net "jump_target_early_out", 31 0, L_000001f4b7572500;  1 drivers
v000001f4b75d3850_0 .net "jump_target_out", 31 0, v000001f4b75d0da0_0;  alias, 1 drivers
v000001f4b75d3b70_0 .net "jump_target_w", 31 0, L_000001f4b75ebb80;  1 drivers
v000001f4b75d2d10_0 .net "memRead_in", 0 0, v000001f4b75d3530_0;  alias, 1 drivers
v000001f4b75d3210_0 .net "memRead_out", 0 0, v000001f4b75d15c0_0;  alias, 1 drivers
v000001f4b75d2810_0 .net "memWrite_in", 0 0, v000001f4b75d28b0_0;  alias, 1 drivers
v000001f4b75d2270_0 .net "memWrite_out", 0 0, v000001f4b75d09e0_0;  alias, 1 drivers
v000001f4b75d2950_0 .net "negative", 0 0, L_000001f4b75ebfe0;  1 drivers
v000001f4b75d3cb0_0 .net "rd_in", 4 0, v000001f4b75d29f0_0;  alias, 1 drivers
v000001f4b75d2450_0 .net "rd_out", 4 0, v000001f4b75d1660_0;  alias, 1 drivers
v000001f4b75d2090_0 .net "regWrite_in", 0 0, v000001f4b75d2e50_0;  alias, 1 drivers
v000001f4b75d23b0_0 .net "regWrite_out", 0 0, v000001f4b75d0b20_0;  alias, 1 drivers
v000001f4b75d24f0_0 .net "resultSrc_in", 1 0, v000001f4b75d5ae0_0;  alias, 1 drivers
v000001f4b75d2590_0 .net "resultSrc_out", 1 0, v000001f4b75d1700_0;  alias, 1 drivers
v000001f4b75d2130_0 .net "rs1_in", 4 0, v000001f4b75d55e0_0;  alias, 1 drivers
v000001f4b75d3670_0 .net "rs1_out", 4 0, v000001f4b75d0260_0;  alias, 1 drivers
v000001f4b75d38f0_0 .net "rs1_val", 31 0, v000001f4b75d4dc0_0;  alias, 1 drivers
v000001f4b75d3a30_0 .net "rs2_in", 4 0, v000001f4b75d4a00_0;  alias, 1 drivers
v000001f4b75d2ef0_0 .net "rs2_out", 4 0, v000001f4b75d1020_0;  alias, 1 drivers
v000001f4b75d3ad0_0 .net "rs2_val_in", 31 0, v000001f4b75d5680_0;  alias, 1 drivers
v000001f4b75d2a90_0 .net "rs2_val_out", 31 0, v000001f4b75d1c00_0;  alias, 1 drivers
v000001f4b75d2b30_0 .net "rst", 0 0, v000001f4b75d97e0_0;  1 drivers
v000001f4b75d3c10_0 .net "zero", 0 0, L_000001f4b75ebd60;  1 drivers
L_000001f4b75eb180 .reduce/nor v000001f4b75d2310_0;
L_000001f4b75ec4e0 .reduce/nor L_000001f4b75ebfe0;
L_000001f4b75ecc60 .reduce/nor L_000001f4b75ebd60;
L_000001f4b75ed0c0 .functor MUXZ 1, L_000001f4b75ecc60, L_000001f4b7572ff0, v000001f4b75d30d0_0, C4<>;
S_000001f4b74f8ca0 .scope module, "ALU_A_mux" "mux_2x1" 3 36, 4 1 0, S_000001f4b750bed0;
 .timescale -9 -12;
    .port_info 0 /INPUT 32 "a";
    .port_info 1 /INPUT 32 "b";
    .port_info 2 /INPUT 1 "s";
    .port_info 3 /OUTPUT 32 "f";
v000001f4b756e210_0 .net "a", 31 0, v000001f4b75d4dc0_0;  alias, 1 drivers
v000001f4b756e0d0_0 .net "b", 31 0, v000001f4b75d3e90_0;  alias, 1 drivers
v000001f4b756ea30_0 .net "f", 31 0, L_000001f4b75eb220;  alias, 1 drivers
v000001f4b756d1d0_0 .net "s", 0 0, L_000001f4b7572b20;  alias, 1 drivers
L_000001f4b75eb220 .functor MUXZ 32, v000001f4b75d4dc0_0, v000001f4b75d3e90_0, L_000001f4b7572b20, C4<>;
S_000001f4b74f8e30 .scope module, "ALU_B_mux" "mux_2x1" 3 37, 4 1 0, S_000001f4b750bed0;
 .timescale -9 -12;
    .port_info 0 /INPUT 32 "a";
    .port_info 1 /INPUT 32 "b";
    .port_info 2 /INPUT 1 "s";
    .port_info 3 /OUTPUT 32 "f";
v000001f4b756d270_0 .net "a", 31 0, v000001f4b75d5680_0;  alias, 1 drivers
v000001f4b756d450_0 .net "b", 31 0, v000001f4b75d37b0_0;  alias, 1 drivers
v000001f4b756d4f0_0 .net "f", 31 0, L_000001f4b75eb360;  alias, 1 drivers
v000001f4b75cce20_0 .net "s", 0 0, v000001f4b75d3030_0;  alias, 1 drivers
L_000001f4b75eb360 .functor MUXZ 32, v000001f4b75d5680_0, v000001f4b75d37b0_0, v000001f4b75d3030_0, C4<>;
S_000001f4b74de8d0 .scope module, "alu_" "ALU" 3 38, 3 76 0, S_000001f4b750bed0;
 .timescale -9 -12;
    .port_info 0 /INPUT 32 "A";
    .port_info 1 /INPUT 32 "B";
    .port_info 2 /INPUT 4 "ALUControl";
    .port_info 3 /OUTPUT 32 "result";
    .port_info 4 /OUTPUT 1 "zero";
    .port_info 5 /OUTPUT 1 "negative";
L_000001f4b7573290 .functor AND 32, L_000001f4b75eb220, L_000001f4b75eb360, C4<11111111111111111111111111111111>, C4<11111111111111111111111111111111>;
L_000001f4b7572f10 .functor XOR 32, L_000001f4b75eb220, L_000001f4b75eb360, C4<00000000000000000000000000000000>, C4<00000000000000000000000000000000>;
L_000001f4b7572c70 .functor OR 32, L_000001f4b75eb220, L_000001f4b75eb360, C4<00000000000000000000000000000000>, C4<00000000000000000000000000000000>;
v000001f4b75cdc80_0 .net "A", 31 0, L_000001f4b75eb220;  alias, 1 drivers
v000001f4b75cd1e0_0 .net "ALUControl", 3 0, v000001f4b75d3170_0;  alias, 1 drivers
v000001f4b75cd6e0_0 .net "B", 31 0, L_000001f4b75eb360;  alias, 1 drivers
L_000001f4b75f02b8 .functor BUFT 1, C4<0000>, C4<0>, C4<0>, C4<0>;
v000001f4b75cc380_0 .net/2u *"_ivl_0", 3 0, L_000001f4b75f02b8;  1 drivers
v000001f4b75cdb40_0 .net *"_ivl_10", 31 0, L_000001f4b75ec080;  1 drivers
L_000001f4b75f0348 .functor BUFT 1, C4<0010>, C4<0>, C4<0>, C4<0>;
v000001f4b75ccf60_0 .net/2u *"_ivl_12", 3 0, L_000001f4b75f0348;  1 drivers
v000001f4b75cdd20_0 .net *"_ivl_14", 0 0, L_000001f4b75ed520;  1 drivers
v000001f4b75cc920_0 .net *"_ivl_16", 31 0, L_000001f4b7573290;  1 drivers
L_000001f4b75f0390 .functor BUFT 1, C4<0011>, C4<0>, C4<0>, C4<0>;
v000001f4b75ccba0_0 .net/2u *"_ivl_18", 3 0, L_000001f4b75f0390;  1 drivers
v000001f4b75cd320_0 .net *"_ivl_2", 0 0, L_000001f4b75eb720;  1 drivers
v000001f4b75ccce0_0 .net *"_ivl_20", 0 0, L_000001f4b75ed5c0;  1 drivers
v000001f4b75cc600_0 .net *"_ivl_22", 31 0, L_000001f4b7572f10;  1 drivers
L_000001f4b75f03d8 .functor BUFT 1, C4<0100>, C4<0>, C4<0>, C4<0>;
v000001f4b75cda00_0 .net/2u *"_ivl_24", 3 0, L_000001f4b75f03d8;  1 drivers
v000001f4b75cd280_0 .net *"_ivl_26", 0 0, L_000001f4b75eb9a0;  1 drivers
v000001f4b75ccd80_0 .net *"_ivl_28", 31 0, L_000001f4b7572c70;  1 drivers
L_000001f4b75f0420 .functor BUFT 1, C4<0101>, C4<0>, C4<0>, C4<0>;
v000001f4b75cd0a0_0 .net/2u *"_ivl_30", 3 0, L_000001f4b75f0420;  1 drivers
v000001f4b75cc240_0 .net *"_ivl_32", 0 0, L_000001f4b75ecda0;  1 drivers
v000001f4b75cc420_0 .net *"_ivl_34", 31 0, L_000001f4b75ebf40;  1 drivers
L_000001f4b75f0468 .functor BUFT 1, C4<0110>, C4<0>, C4<0>, C4<0>;
v000001f4b75cc1a0_0 .net/2u *"_ivl_36", 3 0, L_000001f4b75f0468;  1 drivers
v000001f4b75cc560_0 .net *"_ivl_38", 0 0, L_000001f4b75ec300;  1 drivers
v000001f4b75cc100_0 .net *"_ivl_4", 31 0, L_000001f4b75ecee0;  1 drivers
v000001f4b75cc4c0_0 .net *"_ivl_40", 31 0, L_000001f4b75ecbc0;  1 drivers
v000001f4b75cc6a0_0 .net *"_ivl_42", 0 0, L_000001f4b75eb2c0;  1 drivers
v000001f4b75cd8c0_0 .net *"_ivl_44", 31 0, L_000001f4b75eb400;  1 drivers
L_000001f4b75f04b0 .functor BUFT 1, C4<0000000000000000000000000000000>, C4<0>, C4<0>, C4<0>;
v000001f4b75cde60_0 .net *"_ivl_47", 30 0, L_000001f4b75f04b0;  1 drivers
v000001f4b75cd460_0 .net *"_ivl_48", 31 0, L_000001f4b75ec800;  1 drivers
v000001f4b75cddc0_0 .net *"_ivl_50", 31 0, L_000001f4b75ed7a0;  1 drivers
v000001f4b75cd780_0 .net *"_ivl_52", 31 0, L_000001f4b75ed840;  1 drivers
v000001f4b75cc740_0 .net *"_ivl_54", 31 0, L_000001f4b75ebae0;  1 drivers
v000001f4b75cd820_0 .net *"_ivl_56", 31 0, L_000001f4b75ed660;  1 drivers
v000001f4b75ccec0_0 .net *"_ivl_58", 31 0, L_000001f4b75ec8a0;  1 drivers
L_000001f4b75f0300 .functor BUFT 1, C4<0001>, C4<0>, C4<0>, C4<0>;
v000001f4b75cd960_0 .net/2u *"_ivl_6", 3 0, L_000001f4b75f0300;  1 drivers
L_000001f4b75f04f8 .functor BUFT 1, C4<00000000000000000000000000000000>, C4<0>, C4<0>, C4<0>;
v000001f4b75cd3c0_0 .net/2u *"_ivl_62", 31 0, L_000001f4b75f04f8;  1 drivers
L_000001f4b75f0540 .functor BUFT 1, C4<00000000000000000000000000000000>, C4<0>, C4<0>, C4<0>;
v000001f4b75cd500_0 .net/2u *"_ivl_66", 31 0, L_000001f4b75f0540;  1 drivers
v000001f4b75cc9c0_0 .net *"_ivl_8", 0 0, L_000001f4b75ebc20;  1 drivers
v000001f4b75ccb00_0 .net "negative", 0 0, L_000001f4b75ebfe0;  alias, 1 drivers
v000001f4b75cc7e0_0 .net "result", 31 0, L_000001f4b75ed480;  alias, 1 drivers
v000001f4b75cc880_0 .net "zero", 0 0, L_000001f4b75ebd60;  alias, 1 drivers
L_000001f4b75eb720 .cmp/eq 4, v000001f4b75d3170_0, L_000001f4b75f02b8;
L_000001f4b75ecee0 .arith/sum 32, L_000001f4b75eb220, L_000001f4b75eb360;
L_000001f4b75ebc20 .cmp/eq 4, v000001f4b75d3170_0, L_000001f4b75f0300;
L_000001f4b75ec080 .arith/sub 32, L_000001f4b75eb220, L_000001f4b75eb360;
L_000001f4b75ed520 .cmp/eq 4, v000001f4b75d3170_0, L_000001f4b75f0348;
L_000001f4b75ed5c0 .cmp/eq 4, v000001f4b75d3170_0, L_000001f4b75f0390;
L_000001f4b75eb9a0 .cmp/eq 4, v000001f4b75d3170_0, L_000001f4b75f03d8;
L_000001f4b75ecda0 .cmp/eq 4, v000001f4b75d3170_0, L_000001f4b75f0420;
L_000001f4b75ebf40 .shift/r 32, L_000001f4b75eb220, L_000001f4b75eb360;
L_000001f4b75ec300 .cmp/eq 4, v000001f4b75d3170_0, L_000001f4b75f0468;
L_000001f4b75ecbc0 .shift/r 32, L_000001f4b75eb220, L_000001f4b75eb360;
L_000001f4b75eb2c0 .cmp/gt 32, L_000001f4b75eb360, L_000001f4b75eb220;
L_000001f4b75eb400 .concat [ 1 31 0 0], L_000001f4b75eb2c0, L_000001f4b75f04b0;
L_000001f4b75ec800 .functor MUXZ 32, L_000001f4b75eb400, L_000001f4b75ecbc0, L_000001f4b75ec300, C4<>;
L_000001f4b75ed7a0 .functor MUXZ 32, L_000001f4b75ec800, L_000001f4b75ebf40, L_000001f4b75ecda0, C4<>;
L_000001f4b75ed840 .functor MUXZ 32, L_000001f4b75ed7a0, L_000001f4b7572c70, L_000001f4b75eb9a0, C4<>;
L_000001f4b75ebae0 .functor MUXZ 32, L_000001f4b75ed840, L_000001f4b7572f10, L_000001f4b75ed5c0, C4<>;
L_000001f4b75ed660 .functor MUXZ 32, L_000001f4b75ebae0, L_000001f4b7573290, L_000001f4b75ed520, C4<>;
L_000001f4b75ec8a0 .functor MUXZ 32, L_000001f4b75ed660, L_000001f4b75ec080, L_000001f4b75ebc20, C4<>;
L_000001f4b75ed480 .functor MUXZ 32, L_000001f4b75ec8a0, L_000001f4b75ecee0, L_000001f4b75eb720, C4<>;
L_000001f4b75ebd60 .cmp/eq 32, L_000001f4b75ed480, L_000001f4b75f04f8;
L_000001f4b75ebfe0 .cmp/gt 32, L_000001f4b75f0540, L_000001f4b75ed480;
S_000001f4b74ea030 .scope module, "branch_adder" "adder" 3 42, 4 12 0, S_000001f4b750bed0;
 .timescale -9 -12;
    .port_info 0 /INPUT 32 "a";
    .port_info 1 /INPUT 32 "b";
    .port_info 2 /OUTPUT 32 "f";
v000001f4b75cc2e0_0 .net "a", 31 0, v000001f4b75d3e90_0;  alias, 1 drivers
v000001f4b75cdaa0_0 .net "b", 31 0, v000001f4b75d37b0_0;  alias, 1 drivers
v000001f4b75cca60_0 .net "f", 31 0, L_000001f4b75eb4a0;  alias, 1 drivers
L_000001f4b75eb4a0 .arith/sum 32, v000001f4b75d3e90_0, v000001f4b75d37b0_0;
S_000001f4b74ea1c0 .scope module, "branch_jump_mux" "mux_2x1" 3 43, 4 1 0, S_000001f4b750bed0;
 .timescale -9 -12;
    .port_info 0 /INPUT 32 "a";
    .port_info 1 /INPUT 32 "b";
    .port_info 2 /INPUT 1 "s";
    .port_info 3 /OUTPUT 32 "f";
v000001f4b75cc060_0 .net "a", 31 0, L_000001f4b75eb4a0;  alias, 1 drivers
v000001f4b75ccc40_0 .net "b", 31 0, L_000001f4b75ed480;  alias, 1 drivers
v000001f4b75cdbe0_0 .net "f", 31 0, L_000001f4b75ebb80;  alias, 1 drivers
v000001f4b75cd000_0 .net "s", 0 0, v000001f4b75d2310_0;  alias, 1 drivers
L_000001f4b75ebb80 .functor MUXZ 32, L_000001f4b75eb4a0, L_000001f4b75ed480, v000001f4b75d2310_0, C4<>;
S_000001f4b7510360 .scope module, "pipe_reg" "EX_MEM" 3 50, 3 100 0, S_000001f4b750bed0;
 .timescale -9 -12;
    .port_info 0 /INPUT 1 "clk";
    .port_info 1 /INPUT 1 "rst";
    .port_info 2 /INPUT 32 "ALU_result_r";
    .port_info 3 /INPUT 32 "jump_target_r";
    .port_info 4 /INPUT 32 "instruction_r";
    .port_info 5 /INPUT 32 "PC_r";
    .port_info 6 /INPUT 1 "PCSel_r";
    .port_info 7 /INPUT 1 "memRead_r";
    .port_info 8 /INPUT 1 "memWrite_r";
    .port_info 9 /INPUT 1 "regWrite_r";
    .port_info 10 /INPUT 2 "resultSrc_r";
    .port_info 11 /INPUT 5 "rs1_r";
    .port_info 12 /INPUT 5 "rs2_r";
    .port_info 13 /INPUT 5 "rd_r";
    .port_info 14 /INPUT 32 "rs2_val_r";
    .port_info 15 /OUTPUT 32 "ALU_result";
    .port_info 16 /OUTPUT 32 "jump_target";
    .port_info 17 /OUTPUT 32 "instruction";
    .port_info 18 /OUTPUT 32 "PC";
    .port_info 19 /OUTPUT 1 "PCSel";
    .port_info 20 /OUTPUT 1 "memRead";
    .port_info 21 /OUTPUT 1 "memWrite";
    .port_info 22 /OUTPUT 1 "regWrite";
    .port_info 23 /OUTPUT 2 "resultSrc";
    .port_info 24 /OUTPUT 5 "rs1";
    .port_info 25 /OUTPUT 5 "rs2";
    .port_info 26 /OUTPUT 5 "rd";
    .port_info 27 /OUTPUT 32 "rs2_val";
v000001f4b75cdf00_0 .var "ALU_result", 31 0;
v000001f4b75cd140_0 .net "ALU_result_r", 31 0, L_000001f4b75ed480;  alias, 1 drivers
v000001f4b75cd5a0_0 .var "PC", 31 0;
v000001f4b75cd640_0 .var "PCSel", 0 0;
v000001f4b75d0ee0_0 .net "PCSel_r", 0 0, L_000001f4b7572650;  alias, 1 drivers
v000001f4b75d0a80_0 .net "PC_r", 31 0, v000001f4b75d3e90_0;  alias, 1 drivers
v000001f4b75d0f80_0 .net "clk", 0 0, v000001f4b75d5720_0;  alias, 1 drivers
v000001f4b75d1ac0_0 .var "instruction", 31 0;
v000001f4b75d1520_0 .net "instruction_r", 31 0, v000001f4b75d3df0_0;  alias, 1 drivers
v000001f4b75d0da0_0 .var "jump_target", 31 0;
v000001f4b75d08a0_0 .net "jump_target_r", 31 0, L_000001f4b75ebb80;  alias, 1 drivers
v000001f4b75d15c0_0 .var "memRead", 0 0;
v000001f4b75d1b60_0 .net "memRead_r", 0 0, v000001f4b75d3530_0;  alias, 1 drivers
v000001f4b75d09e0_0 .var "memWrite", 0 0;
v000001f4b75d0e40_0 .net "memWrite_r", 0 0, v000001f4b75d28b0_0;  alias, 1 drivers
v000001f4b75d1660_0 .var "rd", 4 0;
v000001f4b75d0800_0 .net "rd_r", 4 0, v000001f4b75d29f0_0;  alias, 1 drivers
v000001f4b75d0b20_0 .var "regWrite", 0 0;
v000001f4b75d1340_0 .net "regWrite_r", 0 0, v000001f4b75d2e50_0;  alias, 1 drivers
v000001f4b75d1700_0 .var "resultSrc", 1 0;
v000001f4b75d0bc0_0 .net "resultSrc_r", 1 0, v000001f4b75d5ae0_0;  alias, 1 drivers
v000001f4b75d0260_0 .var "rs1", 4 0;
v000001f4b75d0940_0 .net "rs1_r", 4 0, v000001f4b75d55e0_0;  alias, 1 drivers
v000001f4b75d1020_0 .var "rs2", 4 0;
v000001f4b75d0120_0 .net "rs2_r", 4 0, v000001f4b75d4a00_0;  alias, 1 drivers
v000001f4b75d1c00_0 .var "rs2_val", 31 0;
v000001f4b75d1ca0_0 .net "rs2_val_r", 31 0, v000001f4b75d5680_0;  alias, 1 drivers
v000001f4b75d17a0_0 .net "rst", 0 0, v000001f4b75d97e0_0;  alias, 1 drivers
E_000001f4b754f2c0 .event posedge, v000001f4b75d17a0_0, v000001f4b75d0f80_0;
S_000001f4b74ff820 .scope module, "pipe_reg" "ID_EX" 2 26, 5 205 0, S_000001f4b7504090;
 .timescale -9 -12;
    .port_info 0 /INPUT 32 "PC_r";
    .port_info 1 /INPUT 32 "instruction_r";
    .port_info 2 /INPUT 1 "clk";
    .port_info 3 /INPUT 1 "rst";
    .port_info 4 /INPUT 1 "ALUSrc_r";
    .port_info 5 /INPUT 1 "memRead_r";
    .port_info 6 /INPUT 1 "memWrite_r";
    .port_info 7 /INPUT 1 "jalr_r";
    .port_info 8 /INPUT 1 "jump_r";
    .port_info 9 /INPUT 1 "branch_r";
    .port_info 10 /INPUT 1 "regWrite_r";
    .port_info 11 /INPUT 2 "resultSrc_r";
    .port_info 12 /INPUT 4 "ALUControl_r";
    .port_info 13 /INPUT 32 "immediate_r";
    .port_info 14 /INPUT 32 "rs1_val_r";
    .port_info 15 /INPUT 32 "rs2_val_r";
    .port_info 16 /INPUT 1 "bgef3_r";
    .port_info 17 /INPUT 5 "rs1_r";
    .port_info 18 /INPUT 5 "rs2_r";
    .port_info 19 /INPUT 5 "rd_r";
    .port_info 20 /OUTPUT 32 "instruction";
    .port_info 21 /OUTPUT 32 "PC";
    .port_info 22 /OUTPUT 1 "ALUSrc";
    .port_info 23 /OUTPUT 1 "memRead";
    .port_info 24 /OUTPUT 1 "memWrite";
    .port_info 25 /OUTPUT 1 "jalr";
    .port_info 26 /OUTPUT 1 "jump";
    .port_info 27 /OUTPUT 1 "branch";
    .port_info 28 /OUTPUT 1 "regWrite";
    .port_info 29 /OUTPUT 2 "resultSrc";
    .port_info 30 /OUTPUT 4 "ALUControl";
    .port_info 31 /OUTPUT 32 "immediate";
    .port_info 32 /OUTPUT 32 "rs1_val";
    .port_info 33 /OUTPUT 32 "rs2_val";
    .port_info 34 /OUTPUT 1 "bgef3";
    .port_info 35 /OUTPUT 5 "rs1";
    .port_info 36 /OUTPUT 5 "rs2";
    .port_info 37 /OUTPUT 5 "rd";
v000001f4b75d3170_0 .var "ALUControl", 3 0;
v000001f4b75d32b0_0 .net "ALUControl_r", 3 0, v000001f4b75d5b80_0;  1 drivers
v000001f4b75d3030_0 .var "ALUSrc", 0 0;
v000001f4b75d3d50_0 .net "ALUSrc_r", 0 0, v000001f4b75d4e60_0;  1 drivers
v000001f4b75d3e90_0 .var "PC", 31 0;
v000001f4b75d2bd0_0 .net "PC_r", 31 0, v000001f4b75d4320_0;  1 drivers
v000001f4b75d30d0_0 .var "bgef3", 0 0;
v000001f4b75d2630_0 .net "bgef3_r", 0 0, v000001f4b75d43c0_0;  1 drivers
v000001f4b75d3350_0 .var "branch", 0 0;
v000001f4b75d33f0_0 .net "branch_r", 0 0, v000001f4b75d5cc0_0;  1 drivers
v000001f4b75d3490_0 .net "clk", 0 0, v000001f4b75d5720_0;  alias, 1 drivers
v000001f4b75d37b0_0 .var "immediate", 31 0;
v000001f4b75d21d0_0 .net "immediate_r", 31 0, v000001f4b75d4820_0;  1 drivers
v000001f4b75d3df0_0 .var "instruction", 31 0;
v000001f4b75d3f30_0 .net "instruction_r", 31 0, v000001f4b75d4f00_0;  1 drivers
v000001f4b75d2310_0 .var "jalr", 0 0;
v000001f4b75d3710_0 .net "jalr_r", 0 0, v000001f4b75d4be0_0;  1 drivers
v000001f4b75d26d0_0 .var "jump", 0 0;
v000001f4b75d2770_0 .net "jump_r", 0 0, v000001f4b75d4c80_0;  1 drivers
v000001f4b75d3530_0 .var "memRead", 0 0;
v000001f4b75d2f90_0 .net "memRead_r", 0 0, v000001f4b75d5d60_0;  1 drivers
v000001f4b75d28b0_0 .var "memWrite", 0 0;
v000001f4b75d2db0_0 .net "memWrite_r", 0 0, v000001f4b75d4fa0_0;  1 drivers
v000001f4b75d29f0_0 .var "rd", 4 0;
v000001f4b75d35d0_0 .net "rd_r", 4 0, v000001f4b75d50e0_0;  1 drivers
v000001f4b75d2e50_0 .var "regWrite", 0 0;
v000001f4b75d4280_0 .net "regWrite_r", 0 0, v000001f4b75d5400_0;  1 drivers
v000001f4b75d5ae0_0 .var "resultSrc", 1 0;
v000001f4b75d48c0_0 .net "resultSrc_r", 1 0, v000001f4b75d5540_0;  1 drivers
v000001f4b75d55e0_0 .var "rs1", 4 0;
v000001f4b75d5c20_0 .net "rs1_r", 4 0, v000001f4b75d9a60_0;  1 drivers
v000001f4b75d4dc0_0 .var "rs1_val", 31 0;
v000001f4b75d5040_0 .net "rs1_val_r", 31 0, v000001f4b75d8660_0;  1 drivers
v000001f4b75d4a00_0 .var "rs2", 4 0;
v000001f4b75d4aa0_0 .net "rs2_r", 4 0, v000001f4b75d99c0_0;  1 drivers
v000001f4b75d5680_0 .var "rs2_val", 31 0;
v000001f4b75d46e0_0 .net "rs2_val_r", 31 0, v000001f4b75d87a0_0;  1 drivers
v000001f4b75d4140_0 .net "rst", 0 0, v000001f4b75d97e0_0;  alias, 1 drivers
S_000001f4b74fa540 .scope module, "decode_stage" "decode_stage" 5 11;
 .timescale -9 -12;
    .port_info 0 /INPUT 1 "clk";
    .port_info 1 /INPUT 1 "rst";
    .port_info 2 /INPUT 1 "flush";
    .port_info 3 /INPUT 1 "regWrite_in";
    .port_info 4 /INPUT 32 "instruction_in";
    .port_info 5 /INPUT 32 "PC_in";
    .port_info 6 /INPUT 32 "WB_result";
    .port_info 7 /INPUT 5 "rd_in";
    .port_info 8 /OUTPUT 32 "PC_out";
    .port_info 9 /OUTPUT 32 "instruction_out";
    .port_info 10 /OUTPUT 1 "ALUSrc_out";
    .port_info 11 /OUTPUT 1 "memRead_out";
    .port_info 12 /OUTPUT 1 "memWrite_out";
    .port_info 13 /OUTPUT 1 "jalr_out";
    .port_info 14 /OUTPUT 1 "jump_out";
    .port_info 15 /OUTPUT 1 "branch_out";
    .port_info 16 /OUTPUT 1 "regWrite_out";
    .port_info 17 /OUTPUT 2 "resultSrc_out";
    .port_info 18 /OUTPUT 4 "ALUControl_out";
    .port_info 19 /OUTPUT 32 "immediate_out";
    .port_info 20 /OUTPUT 32 "rs1_val_out";
    .port_info 21 /OUTPUT 32 "rs2_val_out";
    .port_info 22 /OUTPUT 1 "bgef3_out";
    .port_info 23 /OUTPUT 5 "rs1_out";
    .port_info 24 /OUTPUT 5 "rs2_out";
    .port_info 25 /OUTPUT 5 "rd_out";
o000001f4b757d818 .functor BUFZ 1, C4<z>; HiZ drive
o000001f4b757e538 .functor BUFZ 1, C4<z>; HiZ drive
L_000001f4b75727a0 .functor OR 1, o000001f4b757d818, o000001f4b757e538, C4<0>, C4<0>;
v000001f4b75dff70_0 .net "ALUControl_out", 3 0, v000001f4b75de8f0_0;  1 drivers
v000001f4b75e0150_0 .net "ALUControl_w", 3 0, L_000001f4b764ce90;  1 drivers
v000001f4b75e03d0_0 .net "ALUOp", 1 0, L_000001f4b764aeb0;  1 drivers
v000001f4b75ee740_0 .net "ALUSrc_out", 0 0, v000001f4b75e01f0_0;  1 drivers
v000001f4b75ee2e0_0 .net "ALUSrc_w", 0 0, L_000001f4b75eb680;  1 drivers
o000001f4b757da88 .functor BUFZ 32, C4<zzzzzzzzzzzzzzzzzzzzzzzzzzzzzzzz>; HiZ drive
v000001f4b75eeb00_0 .net "PC_in", 31 0, o000001f4b757da88;  0 drivers
v000001f4b75ee100_0 .net "PC_out", 31 0, v000001f4b75e08d0_0;  1 drivers
o000001f4b757d668 .functor BUFZ 32, C4<zzzzzzzzzzzzzzzzzzzzzzzzzzzzzzzz>; HiZ drive
v000001f4b75eda20_0 .net "WB_result", 31 0, o000001f4b757d668;  0 drivers
v000001f4b75eeba0_0 .net "bgef3_out", 0 0, v000001f4b75e0650_0;  1 drivers
v000001f4b75ee380_0 .net "branch_out", 0 0, v000001f4b75df110_0;  1 drivers
v000001f4b75ee6a0_0 .net "branch_w", 0 0, L_000001f4b75ed700;  1 drivers
o000001f4b757d698 .functor BUFZ 1, C4<z>; HiZ drive
v000001f4b75ee880_0 .net "clk", 0 0, o000001f4b757d698;  0 drivers
v000001f4b75eeec0_0 .net "flush", 0 0, o000001f4b757e538;  0 drivers
v000001f4b75ee4c0_0 .net "immSrc", 1 0, L_000001f4b764b3b0;  1 drivers
v000001f4b75ee1a0_0 .net "immediate_out", 31 0, v000001f4b75dee90_0;  1 drivers
v000001f4b75edca0_0 .net "immediate_w", 31 0, L_000001f4b764c210;  1 drivers
o000001f4b757d5a8 .functor BUFZ 32, C4<zzzzzzzzzzzzzzzzzzzzzzzzzzzzzzzz>; HiZ drive
v000001f4b75ee240_0 .net "instruction_in", 31 0, o000001f4b757d5a8;  0 drivers
v000001f4b75ee920_0 .net "instruction_out", 31 0, v000001f4b75e0010_0;  1 drivers
v000001f4b75eece0_0 .net "jalr_out", 0 0, v000001f4b75dea30_0;  1 drivers
v000001f4b75edf20_0 .net "jalr_w", 0 0, L_000001f4b75ed2a0;  1 drivers
v000001f4b75ee420_0 .net "jump_out", 0 0, v000001f4b75e0790_0;  1 drivers
v000001f4b75eee20_0 .net "jump_w", 0 0, L_000001f4b75ed3e0;  1 drivers
v000001f4b75eec40_0 .net "memRead_out", 0 0, v000001f4b75e0830_0;  1 drivers
v000001f4b75ee560_0 .net "memRead_w", 0 0, L_000001f4b75ecb20;  1 drivers
v000001f4b75ede80_0 .net "memWrite_out", 0 0, v000001f4b75decb0_0;  1 drivers
v000001f4b75ee9c0_0 .net "memWrite_w", 0 0, L_000001f4b75ebe00;  1 drivers
o000001f4b757d6f8 .functor BUFZ 5, C4<zzzzz>; HiZ drive
v000001f4b75eed80_0 .net "rd_in", 4 0, o000001f4b757d6f8;  0 drivers
v000001f4b75edac0_0 .net "rd_out", 4 0, v000001f4b75ded50_0;  1 drivers
v000001f4b75eef60_0 .net "rd_w", 4 0, L_000001f4b75ebcc0;  1 drivers
o000001f4b757d728 .functor BUFZ 1, C4<z>; HiZ drive
v000001f4b75ee600_0 .net "regWrite_in", 0 0, o000001f4b757d728;  0 drivers
v000001f4b75ed8e0_0 .net "regWrite_out", 0 0, v000001f4b75def30_0;  1 drivers
v000001f4b75ed980_0 .net "regWrite_w", 0 0, L_000001f4b75ed340;  1 drivers
v000001f4b75edb60_0 .net "resultSrc_out", 1 0, v000001f4b75df9d0_0;  1 drivers
v000001f4b75eea60_0 .net "resultSrc_w", 1 0, L_000001f4b75ec9e0;  1 drivers
v000001f4b75edc00_0 .net "rs1_out", 4 0, v000001f4b75dfc50_0;  1 drivers
v000001f4b75ee7e0_0 .net "rs1_val_out", 31 0, v000001f4b75e0d30_0;  1 drivers
v000001f4b75edd40_0 .net "rs1_val_w", 31 0, v000001f4b75dedf0_0;  1 drivers
v000001f4b75edde0_0 .net "rs1_w", 4 0, L_000001f4b75ec120;  1 drivers
v000001f4b75edfc0_0 .net "rs2_out", 4 0, v000001f4b75e00b0_0;  1 drivers
v000001f4b75ee060_0 .net "rs2_val_out", 31 0, v000001f4b75e0510_0;  1 drivers
v000001f4b75eb540_0 .net "rs2_val_w", 31 0, v000001f4b75e0330_0;  1 drivers
v000001f4b75eba40_0 .net "rs2_w", 4 0, L_000001f4b75eb5e0;  1 drivers
v000001f4b75eb0e0_0 .net "rst", 0 0, o000001f4b757d818;  0 drivers
L_000001f4b75ec120 .part o000001f4b757d5a8, 15, 5;
L_000001f4b75eb5e0 .part o000001f4b757d5a8, 20, 5;
L_000001f4b75ebcc0 .part o000001f4b757d5a8, 7, 5;
L_000001f4b764bd10 .part o000001f4b757d5a8, 0, 7;
L_000001f4b764c8f0 .part o000001f4b757d5a8, 25, 7;
L_000001f4b764a550 .part o000001f4b757d5a8, 12, 3;
L_000001f4b764de30 .part o000001f4b757d5a8, 12, 3;
L_000001f4b764d890 .part o000001f4b757d5a8, 25, 7;
L_000001f4b764d750 .part o000001f4b757d5a8, 14, 1;
S_000001f4b74f7210 .scope module, "ALUControl" "ALU_control" 5 69, 5 128 0, S_000001f4b74fa540;
 .timescale -9 -12;
    .port_info 0 /INPUT 3 "funct3";
    .port_info 1 /INPUT 7 "funct7";
    .port_info 2 /INPUT 2 "ALUOp";
    .port_info 3 /OUTPUT 4 "ALUControl";
L_000001f4b7573370 .functor AND 1, L_000001f4b764bbd0, L_000001f4b764bc70, C4<1>, C4<1>;
L_000001f4b75725e0 .functor AND 1, L_000001f4b764cb70, L_000001f4b764bf90, C4<1>, C4<1>;
L_000001f4b7572960 .functor AND 1, L_000001f4b764a910, L_000001f4b764ad70, C4<1>, C4<1>;
v000001f4b75d96a0_0 .net "ALUControl", 3 0, L_000001f4b764ce90;  alias, 1 drivers
v000001f4b75d91a0_0 .net "ALUOp", 1 0, L_000001f4b764aeb0;  alias, 1 drivers
L_000001f4b75f1470 .functor BUFT 1, C4<01>, C4<0>, C4<0>, C4<0>;
v000001f4b75d9ba0_0 .net/2u *"_ivl_0", 1 0, L_000001f4b75f1470;  1 drivers
L_000001f4b75f1548 .functor BUFT 1, C4<0001>, C4<0>, C4<0>, C4<0>;
v000001f4b75d8ca0_0 .net/2u *"_ivl_10", 3 0, L_000001f4b75f1548;  1 drivers
L_000001f4b75f1590 .functor BUFT 1, C4<11>, C4<0>, C4<0>, C4<0>;
v000001f4b75d8200_0 .net/2u *"_ivl_12", 1 0, L_000001f4b75f1590;  1 drivers
v000001f4b75d8520_0 .net *"_ivl_14", 0 0, L_000001f4b764bbd0;  1 drivers
L_000001f4b75f15d8 .functor BUFT 1, C4<000>, C4<0>, C4<0>, C4<0>;
v000001f4b75d8f20_0 .net/2u *"_ivl_16", 2 0, L_000001f4b75f15d8;  1 drivers
v000001f4b75d9e20_0 .net *"_ivl_18", 0 0, L_000001f4b764bc70;  1 drivers
v000001f4b75d9240_0 .net *"_ivl_2", 0 0, L_000001f4b764ba90;  1 drivers
v000001f4b75d92e0_0 .net *"_ivl_21", 0 0, L_000001f4b7573370;  1 drivers
L_000001f4b75f1620 .functor BUFT 1, C4<0010>, C4<0>, C4<0>, C4<0>;
v000001f4b75d80c0_0 .net/2u *"_ivl_22", 3 0, L_000001f4b75f1620;  1 drivers
L_000001f4b75f1668 .functor BUFT 1, C4<11>, C4<0>, C4<0>, C4<0>;
v000001f4b75d9560_0 .net/2u *"_ivl_24", 1 0, L_000001f4b75f1668;  1 drivers
v000001f4b75d8d40_0 .net *"_ivl_26", 0 0, L_000001f4b764cb70;  1 drivers
L_000001f4b75f16b0 .functor BUFT 1, C4<111>, C4<0>, C4<0>, C4<0>;
v000001f4b75d8de0_0 .net/2u *"_ivl_28", 2 0, L_000001f4b75f16b0;  1 drivers
v000001f4b75d9060_0 .net *"_ivl_30", 0 0, L_000001f4b764bf90;  1 drivers
v000001f4b75d8700_0 .net *"_ivl_33", 0 0, L_000001f4b75725e0;  1 drivers
L_000001f4b75f16f8 .functor BUFT 1, C4<0100>, C4<0>, C4<0>, C4<0>;
v000001f4b75d8fc0_0 .net/2u *"_ivl_34", 3 0, L_000001f4b75f16f8;  1 drivers
L_000001f4b75f1740 .functor BUFT 1, C4<001>, C4<0>, C4<0>, C4<0>;
v000001f4b75d9600_0 .net/2u *"_ivl_36", 2 0, L_000001f4b75f1740;  1 drivers
v000001f4b75d9740_0 .net *"_ivl_38", 0 0, L_000001f4b764aaf0;  1 drivers
L_000001f4b75f14b8 .functor BUFT 1, C4<0000>, C4<0>, C4<0>, C4<0>;
v000001f4b75d9f60_0 .net/2u *"_ivl_4", 3 0, L_000001f4b75f14b8;  1 drivers
L_000001f4b75f1788 .functor BUFT 1, C4<0000>, C4<0>, C4<0>, C4<0>;
v000001f4b75d9100_0 .net/2u *"_ivl_40", 3 0, L_000001f4b75f1788;  1 drivers
L_000001f4b75f17d0 .functor BUFT 1, C4<000>, C4<0>, C4<0>, C4<0>;
v000001f4b75d8160_0 .net/2u *"_ivl_42", 2 0, L_000001f4b75f17d0;  1 drivers
v000001f4b75d8840_0 .net *"_ivl_44", 0 0, L_000001f4b764c0d0;  1 drivers
L_000001f4b75f1818 .functor BUFT 1, C4<0010>, C4<0>, C4<0>, C4<0>;
v000001f4b75d9880_0 .net/2u *"_ivl_46", 3 0, L_000001f4b75f1818;  1 drivers
L_000001f4b75f1860 .functor BUFT 1, C4<101>, C4<0>, C4<0>, C4<0>;
v000001f4b75d9380_0 .net/2u *"_ivl_48", 2 0, L_000001f4b75f1860;  1 drivers
v000001f4b75d8e80_0 .net *"_ivl_50", 0 0, L_000001f4b764c5d0;  1 drivers
L_000001f4b75f18a8 .functor BUFT 1, C4<0011>, C4<0>, C4<0>, C4<0>;
v000001f4b75d9ec0_0 .net/2u *"_ivl_52", 3 0, L_000001f4b75f18a8;  1 drivers
L_000001f4b75f18f0 .functor BUFT 1, C4<111>, C4<0>, C4<0>, C4<0>;
v000001f4b75d9420_0 .net/2u *"_ivl_54", 2 0, L_000001f4b75f18f0;  1 drivers
v000001f4b75d82a0_0 .net *"_ivl_56", 0 0, L_000001f4b764cc10;  1 drivers
L_000001f4b75f1938 .functor BUFT 1, C4<0100>, C4<0>, C4<0>, C4<0>;
v000001f4b75d88e0_0 .net/2u *"_ivl_58", 3 0, L_000001f4b75f1938;  1 drivers
L_000001f4b75f1500 .functor BUFT 1, C4<10>, C4<0>, C4<0>, C4<0>;
v000001f4b75d8340_0 .net/2u *"_ivl_6", 1 0, L_000001f4b75f1500;  1 drivers
L_000001f4b75f1980 .functor BUFT 1, C4<100>, C4<0>, C4<0>, C4<0>;
v000001f4b75d8ac0_0 .net/2u *"_ivl_60", 2 0, L_000001f4b75f1980;  1 drivers
v000001f4b75d8980_0 .net *"_ivl_62", 0 0, L_000001f4b764a5f0;  1 drivers
L_000001f4b75f19c8 .functor BUFT 1, C4<0111>, C4<0>, C4<0>, C4<0>;
v000001f4b75d83e0_0 .net/2u *"_ivl_64", 3 0, L_000001f4b75f19c8;  1 drivers
L_000001f4b75f1a10 .functor BUFT 1, C4<110>, C4<0>, C4<0>, C4<0>;
v000001f4b75d9920_0 .net/2u *"_ivl_66", 2 0, L_000001f4b75f1a10;  1 drivers
v000001f4b75d8a20_0 .net *"_ivl_68", 0 0, L_000001f4b764a910;  1 drivers
L_000001f4b75f1a58 .functor BUFT 1, C4<0010000>, C4<0>, C4<0>, C4<0>;
v000001f4b75d94c0_0 .net/2u *"_ivl_70", 6 0, L_000001f4b75f1a58;  1 drivers
v000001f4b75dcca0_0 .net *"_ivl_72", 0 0, L_000001f4b764ad70;  1 drivers
v000001f4b75dd740_0 .net *"_ivl_74", 0 0, L_000001f4b7572960;  1 drivers
L_000001f4b75f1aa0 .functor BUFT 1, C4<0101>, C4<0>, C4<0>, C4<0>;
v000001f4b75dcd40_0 .net/2u *"_ivl_76", 3 0, L_000001f4b75f1aa0;  1 drivers
L_000001f4b75f1ae8 .functor BUFT 1, C4<0110>, C4<0>, C4<0>, C4<0>;
v000001f4b75dc980_0 .net/2u *"_ivl_78", 3 0, L_000001f4b75f1ae8;  1 drivers
v000001f4b75dd100_0 .net *"_ivl_8", 0 0, L_000001f4b764be50;  1 drivers
v000001f4b75dcac0_0 .net *"_ivl_80", 3 0, L_000001f4b764ccb0;  1 drivers
v000001f4b75dde20_0 .net *"_ivl_82", 3 0, L_000001f4b764a690;  1 drivers
v000001f4b75dce80_0 .net *"_ivl_84", 3 0, L_000001f4b764ae10;  1 drivers
v000001f4b75dcf20_0 .net *"_ivl_86", 3 0, L_000001f4b764c2b0;  1 drivers
v000001f4b75dd380_0 .net *"_ivl_88", 3 0, L_000001f4b764c3f0;  1 drivers
v000001f4b75dcfc0_0 .net *"_ivl_90", 3 0, L_000001f4b764b1d0;  1 drivers
v000001f4b75dd060_0 .net *"_ivl_92", 3 0, L_000001f4b764aff0;  1 drivers
v000001f4b75dd1a0_0 .net *"_ivl_94", 3 0, L_000001f4b764c670;  1 drivers
v000001f4b75dca20_0 .net *"_ivl_96", 3 0, L_000001f4b764c530;  1 drivers
v000001f4b75ddc40_0 .net "funct3", 2 0, L_000001f4b764de30;  1 drivers
v000001f4b75dcc00_0 .net "funct7", 6 0, L_000001f4b764d890;  1 drivers
L_000001f4b764ba90 .cmp/eq 2, L_000001f4b764aeb0, L_000001f4b75f1470;
L_000001f4b764be50 .cmp/eq 2, L_000001f4b764aeb0, L_000001f4b75f1500;
L_000001f4b764bbd0 .cmp/eq 2, L_000001f4b764aeb0, L_000001f4b75f1590;
L_000001f4b764bc70 .cmp/eq 3, L_000001f4b764de30, L_000001f4b75f15d8;
L_000001f4b764cb70 .cmp/eq 2, L_000001f4b764aeb0, L_000001f4b75f1668;
L_000001f4b764bf90 .cmp/eq 3, L_000001f4b764de30, L_000001f4b75f16b0;
L_000001f4b764aaf0 .cmp/eq 3, L_000001f4b764de30, L_000001f4b75f1740;
L_000001f4b764c0d0 .cmp/eq 3, L_000001f4b764de30, L_000001f4b75f17d0;
L_000001f4b764c5d0 .cmp/eq 3, L_000001f4b764de30, L_000001f4b75f1860;
L_000001f4b764cc10 .cmp/eq 3, L_000001f4b764de30, L_000001f4b75f18f0;
L_000001f4b764a5f0 .cmp/eq 3, L_000001f4b764de30, L_000001f4b75f1980;
L_000001f4b764a910 .cmp/eq 3, L_000001f4b764de30, L_000001f4b75f1a10;
L_000001f4b764ad70 .cmp/eq 7, L_000001f4b764d890, L_000001f4b75f1a58;
L_000001f4b764ccb0 .functor MUXZ 4, L_000001f4b75f1ae8, L_000001f4b75f1aa0, L_000001f4b7572960, C4<>;
L_000001f4b764a690 .functor MUXZ 4, L_000001f4b764ccb0, L_000001f4b75f19c8, L_000001f4b764a5f0, C4<>;
L_000001f4b764ae10 .functor MUXZ 4, L_000001f4b764a690, L_000001f4b75f1938, L_000001f4b764cc10, C4<>;
L_000001f4b764c2b0 .functor MUXZ 4, L_000001f4b764ae10, L_000001f4b75f18a8, L_000001f4b764c5d0, C4<>;
L_000001f4b764c3f0 .functor MUXZ 4, L_000001f4b764c2b0, L_000001f4b75f1818, L_000001f4b764c0d0, C4<>;
L_000001f4b764b1d0 .functor MUXZ 4, L_000001f4b764c3f0, L_000001f4b75f1788, L_000001f4b764aaf0, C4<>;
L_000001f4b764aff0 .functor MUXZ 4, L_000001f4b764b1d0, L_000001f4b75f16f8, L_000001f4b75725e0, C4<>;
L_000001f4b764c670 .functor MUXZ 4, L_000001f4b764aff0, L_000001f4b75f1620, L_000001f4b7573370, C4<>;
L_000001f4b764c530 .functor MUXZ 4, L_000001f4b764c670, L_000001f4b75f1548, L_000001f4b764be50, C4<>;
L_000001f4b764ce90 .functor MUXZ 4, L_000001f4b764c530, L_000001f4b75f14b8, L_000001f4b764ba90, C4<>;
S_000001f4b74d0410 .scope module, "CU" "control_unit" 5 42, 5 96 0, S_000001f4b74fa540;
 .timescale -9 -12;
    .port_info 0 /INPUT 7 "opcode";
    .port_info 1 /INPUT 7 "funct7";
    .port_info 2 /INPUT 3 "funct3";
    .port_info 3 /OUTPUT 1 "ALUSrc";
    .port_info 4 /OUTPUT 2 "ALUOp";
    .port_info 5 /OUTPUT 1 "memRead";
    .port_info 6 /OUTPUT 1 "memWrite";
    .port_info 7 /OUTPUT 1 "jalr";
    .port_info 8 /OUTPUT 1 "jump";
    .port_info 9 /OUTPUT 1 "branch";
    .port_info 10 /OUTPUT 1 "regWrite";
    .port_info 11 /OUTPUT 2 "resultSrc";
    .port_info 12 /OUTPUT 2 "immSrc";
L_000001f4b7573060 .functor AND 1, L_000001f4b75eb7c0, L_000001f4b75ec1c0, C4<1>, C4<1>;
L_000001f4b7573220 .functor OR 1, L_000001f4b75ed160, L_000001f4b75ed200, C4<0>, C4<0>;
L_000001f4b7572b90 .functor OR 1, L_000001f4b75ec440, L_000001f4b75eb900, C4<0>, C4<0>;
L_000001f4b75729d0 .functor OR 1, L_000001f4b75ec580, L_000001f4b75ec620, C4<0>, C4<0>;
L_000001f4b75726c0 .functor AND 1, L_000001f4b75ec6c0, L_000001f4b75ec760, C4<1>, C4<1>;
L_000001f4b75730d0 .functor OR 1, L_000001f4b75ecf80, L_000001f4b75ed020, C4<0>, C4<0>;
L_000001f4b7572730 .functor AND 1, L_000001f4b75ece40, L_000001f4b75730d0, C4<1>, C4<1>;
L_000001f4b7573300 .functor OR 1, L_000001f4b764c710, L_000001f4b764c990, C4<0>, C4<0>;
v000001f4b75dd240_0 .net "ALUOp", 1 0, L_000001f4b764aeb0;  alias, 1 drivers
v000001f4b75dc8e0_0 .net "ALUSrc", 0 0, L_000001f4b75eb680;  alias, 1 drivers
L_000001f4b75f0588 .functor BUFT 1, C4<0110100>, C4<0>, C4<0>, C4<0>;
v000001f4b75dd2e0_0 .net/2u *"_ivl_0", 6 0, L_000001f4b75f0588;  1 drivers
L_000001f4b75f0660 .functor BUFT 1, C4<0010100>, C4<0>, C4<0>, C4<0>;
v000001f4b75dcde0_0 .net/2u *"_ivl_10", 6 0, L_000001f4b75f0660;  1 drivers
L_000001f4b75f0d20 .functor BUFT 1, C4<0010100>, C4<0>, C4<0>, C4<0>;
v000001f4b75dd420_0 .net/2u *"_ivl_100", 6 0, L_000001f4b75f0d20;  1 drivers
v000001f4b75dd4c0_0 .net *"_ivl_102", 0 0, L_000001f4b75ec6c0;  1 drivers
L_000001f4b75f0d68 .functor BUFT 1, C4<011>, C4<0>, C4<0>, C4<0>;
v000001f4b75ddec0_0 .net/2u *"_ivl_104", 2 0, L_000001f4b75f0d68;  1 drivers
v000001f4b75ddce0_0 .net *"_ivl_106", 0 0, L_000001f4b75ec760;  1 drivers
v000001f4b75dd600_0 .net *"_ivl_108", 0 0, L_000001f4b75726c0;  1 drivers
L_000001f4b75f0db0 .functor BUFT 1, C4<01>, C4<0>, C4<0>, C4<0>;
v000001f4b75dcb60_0 .net/2u *"_ivl_110", 1 0, L_000001f4b75f0db0;  1 drivers
L_000001f4b75f0df8 .functor BUFT 1, C4<00>, C4<0>, C4<0>, C4<0>;
v000001f4b75dd560_0 .net/2u *"_ivl_112", 1 0, L_000001f4b75f0df8;  1 drivers
v000001f4b75ddd80_0 .net *"_ivl_114", 1 0, L_000001f4b75ec940;  1 drivers
L_000001f4b75f0e40 .functor BUFT 1, C4<0110100>, C4<0>, C4<0>, C4<0>;
v000001f4b75dd880_0 .net/2u *"_ivl_118", 6 0, L_000001f4b75f0e40;  1 drivers
v000001f4b75dd7e0_0 .net *"_ivl_12", 0 0, L_000001f4b75eb7c0;  1 drivers
v000001f4b75ddf60_0 .net *"_ivl_120", 0 0, L_000001f4b75eca80;  1 drivers
L_000001f4b75f0e88 .functor BUFT 1, C4<00>, C4<0>, C4<0>, C4<0>;
v000001f4b75dd6a0_0 .net/2u *"_ivl_122", 1 0, L_000001f4b75f0e88;  1 drivers
L_000001f4b75f0ed0 .functor BUFT 1, C4<1100100>, C4<0>, C4<0>, C4<0>;
v000001f4b75dd920_0 .net/2u *"_ivl_124", 6 0, L_000001f4b75f0ed0;  1 drivers
v000001f4b75dd9c0_0 .net *"_ivl_126", 0 0, L_000001f4b75ecd00;  1 drivers
L_000001f4b75f0f18 .functor BUFT 1, C4<10>, C4<0>, C4<0>, C4<0>;
v000001f4b75dda60_0 .net/2u *"_ivl_128", 1 0, L_000001f4b75f0f18;  1 drivers
L_000001f4b75f0f60 .functor BUFT 1, C4<0010100>, C4<0>, C4<0>, C4<0>;
v000001f4b75ddb00_0 .net/2u *"_ivl_130", 6 0, L_000001f4b75f0f60;  1 drivers
v000001f4b75ddba0_0 .net *"_ivl_132", 0 0, L_000001f4b75ece40;  1 drivers
L_000001f4b75f0fa8 .functor BUFT 1, C4<000>, C4<0>, C4<0>, C4<0>;
v000001f4b75da220_0 .net/2u *"_ivl_134", 2 0, L_000001f4b75f0fa8;  1 drivers
v000001f4b75da720_0 .net *"_ivl_136", 0 0, L_000001f4b75ecf80;  1 drivers
L_000001f4b75f0ff0 .functor BUFT 1, C4<111>, C4<0>, C4<0>, C4<0>;
v000001f4b75db1c0_0 .net/2u *"_ivl_138", 2 0, L_000001f4b75f0ff0;  1 drivers
L_000001f4b75f06a8 .functor BUFT 1, C4<011>, C4<0>, C4<0>, C4<0>;
v000001f4b75dbee0_0 .net/2u *"_ivl_14", 2 0, L_000001f4b75f06a8;  1 drivers
v000001f4b75dac20_0 .net *"_ivl_140", 0 0, L_000001f4b75ed020;  1 drivers
v000001f4b75db3a0_0 .net *"_ivl_143", 0 0, L_000001f4b75730d0;  1 drivers
v000001f4b75db580_0 .net *"_ivl_145", 0 0, L_000001f4b7572730;  1 drivers
L_000001f4b75f1038 .functor BUFT 1, C4<11>, C4<0>, C4<0>, C4<0>;
v000001f4b75dc520_0 .net/2u *"_ivl_146", 1 0, L_000001f4b75f1038;  1 drivers
L_000001f4b75f1080 .functor BUFT 1, C4<01>, C4<0>, C4<0>, C4<0>;
v000001f4b75db080_0 .net/2u *"_ivl_148", 1 0, L_000001f4b75f1080;  1 drivers
v000001f4b75dbbc0_0 .net *"_ivl_150", 1 0, L_000001f4b764c7b0;  1 drivers
v000001f4b75dc5c0_0 .net *"_ivl_152", 1 0, L_000001f4b764c850;  1 drivers
L_000001f4b75f10c8 .functor BUFT 1, C4<0010100>, C4<0>, C4<0>, C4<0>;
v000001f4b75da540_0 .net/2u *"_ivl_156", 6 0, L_000001f4b75f10c8;  1 drivers
v000001f4b75da860_0 .net *"_ivl_158", 0 0, L_000001f4b764c710;  1 drivers
v000001f4b75db4e0_0 .net *"_ivl_16", 0 0, L_000001f4b75ec1c0;  1 drivers
L_000001f4b75f1110 .functor BUFT 1, C4<1101000>, C4<0>, C4<0>, C4<0>;
v000001f4b75dbf80_0 .net/2u *"_ivl_160", 6 0, L_000001f4b75f1110;  1 drivers
v000001f4b75dbc60_0 .net *"_ivl_162", 0 0, L_000001f4b764c990;  1 drivers
v000001f4b75db260_0 .net *"_ivl_164", 0 0, L_000001f4b7573300;  1 drivers
L_000001f4b75f1158 .functor BUFT 1, C4<00>, C4<0>, C4<0>, C4<0>;
v000001f4b75da4a0_0 .net/2u *"_ivl_166", 1 0, L_000001f4b75f1158;  1 drivers
L_000001f4b75f11a0 .functor BUFT 1, C4<0100100>, C4<0>, C4<0>, C4<0>;
v000001f4b75dc3e0_0 .net/2u *"_ivl_168", 6 0, L_000001f4b75f11a0;  1 drivers
v000001f4b75db620_0 .net *"_ivl_170", 0 0, L_000001f4b764b630;  1 drivers
L_000001f4b75f11e8 .functor BUFT 1, C4<01>, C4<0>, C4<0>, C4<0>;
v000001f4b75daa40_0 .net/2u *"_ivl_172", 1 0, L_000001f4b75f11e8;  1 drivers
L_000001f4b75f1230 .functor BUFT 1, C4<1100100>, C4<0>, C4<0>, C4<0>;
v000001f4b75da180_0 .net/2u *"_ivl_174", 6 0, L_000001f4b75f1230;  1 drivers
v000001f4b75da400_0 .net *"_ivl_176", 0 0, L_000001f4b764b8b0;  1 drivers
L_000001f4b75f1278 .functor BUFT 1, C4<10>, C4<0>, C4<0>, C4<0>;
v000001f4b75da0e0_0 .net/2u *"_ivl_178", 1 0, L_000001f4b75f1278;  1 drivers
v000001f4b75dc160_0 .net *"_ivl_18", 0 0, L_000001f4b7573060;  1 drivers
L_000001f4b75f12c0 .functor BUFT 1, C4<11>, C4<0>, C4<0>, C4<0>;
v000001f4b75dc020_0 .net/2u *"_ivl_180", 1 0, L_000001f4b75f12c0;  1 drivers
v000001f4b75dc480_0 .net *"_ivl_182", 1 0, L_000001f4b764b130;  1 drivers
v000001f4b75dc660_0 .net *"_ivl_184", 1 0, L_000001f4b764b770;  1 drivers
v000001f4b75da2c0_0 .net *"_ivl_2", 0 0, L_000001f4b75ec3a0;  1 drivers
L_000001f4b75f06f0 .functor BUFT 1, C4<1>, C4<0>, C4<0>, C4<0>;
v000001f4b75db120_0 .net/2u *"_ivl_20", 0 0, L_000001f4b75f06f0;  1 drivers
L_000001f4b75f0738 .functor BUFT 1, C4<0>, C4<0>, C4<0>, C4<0>;
v000001f4b75dacc0_0 .net/2u *"_ivl_22", 0 0, L_000001f4b75f0738;  1 drivers
L_000001f4b75f0780 .functor BUFT 1, C4<0100100>, C4<0>, C4<0>, C4<0>;
v000001f4b75db300_0 .net/2u *"_ivl_26", 6 0, L_000001f4b75f0780;  1 drivers
v000001f4b75dab80_0 .net *"_ivl_28", 0 0, L_000001f4b75eb860;  1 drivers
L_000001f4b75f07c8 .functor BUFT 1, C4<1>, C4<0>, C4<0>, C4<0>;
v000001f4b75da360_0 .net/2u *"_ivl_30", 0 0, L_000001f4b75f07c8;  1 drivers
L_000001f4b75f0810 .functor BUFT 1, C4<0>, C4<0>, C4<0>, C4<0>;
v000001f4b75dafe0_0 .net/2u *"_ivl_32", 0 0, L_000001f4b75f0810;  1 drivers
L_000001f4b75f0858 .functor BUFT 1, C4<1101000>, C4<0>, C4<0>, C4<0>;
v000001f4b75db440_0 .net/2u *"_ivl_36", 6 0, L_000001f4b75f0858;  1 drivers
v000001f4b75dc0c0_0 .net *"_ivl_38", 0 0, L_000001f4b75ebea0;  1 drivers
L_000001f4b75f05d0 .functor BUFT 1, C4<0>, C4<0>, C4<0>, C4<0>;
v000001f4b75dbb20_0 .net/2u *"_ivl_4", 0 0, L_000001f4b75f05d0;  1 drivers
L_000001f4b75f08a0 .functor BUFT 1, C4<1>, C4<0>, C4<0>, C4<0>;
v000001f4b75da5e0_0 .net/2u *"_ivl_40", 0 0, L_000001f4b75f08a0;  1 drivers
L_000001f4b75f08e8 .functor BUFT 1, C4<0>, C4<0>, C4<0>, C4<0>;
v000001f4b75da680_0 .net/2u *"_ivl_42", 0 0, L_000001f4b75f08e8;  1 drivers
L_000001f4b75f0930 .functor BUFT 1, C4<1101000>, C4<0>, C4<0>, C4<0>;
v000001f4b75da7c0_0 .net/2u *"_ivl_46", 6 0, L_000001f4b75f0930;  1 drivers
v000001f4b75db6c0_0 .net *"_ivl_48", 0 0, L_000001f4b75ed160;  1 drivers
L_000001f4b75f0978 .functor BUFT 1, C4<1110000>, C4<0>, C4<0>, C4<0>;
v000001f4b75dc200_0 .net/2u *"_ivl_50", 6 0, L_000001f4b75f0978;  1 drivers
v000001f4b75dad60_0 .net *"_ivl_52", 0 0, L_000001f4b75ed200;  1 drivers
v000001f4b75db760_0 .net *"_ivl_54", 0 0, L_000001f4b7573220;  1 drivers
L_000001f4b75f09c0 .functor BUFT 1, C4<1>, C4<0>, C4<0>, C4<0>;
v000001f4b75dae00_0 .net/2u *"_ivl_56", 0 0, L_000001f4b75f09c0;  1 drivers
L_000001f4b75f0a08 .functor BUFT 1, C4<0>, C4<0>, C4<0>, C4<0>;
v000001f4b75db800_0 .net/2u *"_ivl_58", 0 0, L_000001f4b75f0a08;  1 drivers
L_000001f4b75f0618 .functor BUFT 1, C4<1>, C4<0>, C4<0>, C4<0>;
v000001f4b75db8a0_0 .net/2u *"_ivl_6", 0 0, L_000001f4b75f0618;  1 drivers
L_000001f4b75f0a50 .functor BUFT 1, C4<1100100>, C4<0>, C4<0>, C4<0>;
v000001f4b75daea0_0 .net/2u *"_ivl_62", 6 0, L_000001f4b75f0a50;  1 drivers
v000001f4b75db9e0_0 .net *"_ivl_64", 0 0, L_000001f4b75ec260;  1 drivers
L_000001f4b75f0a98 .functor BUFT 1, C4<1>, C4<0>, C4<0>, C4<0>;
v000001f4b75dc700_0 .net/2u *"_ivl_66", 0 0, L_000001f4b75f0a98;  1 drivers
L_000001f4b75f0ae0 .functor BUFT 1, C4<0>, C4<0>, C4<0>, C4<0>;
v000001f4b75dc2a0_0 .net/2u *"_ivl_68", 0 0, L_000001f4b75f0ae0;  1 drivers
L_000001f4b75f0b28 .functor BUFT 1, C4<1100100>, C4<0>, C4<0>, C4<0>;
v000001f4b75dc340_0 .net/2u *"_ivl_72", 6 0, L_000001f4b75f0b28;  1 drivers
v000001f4b75dbd00_0 .net *"_ivl_74", 0 0, L_000001f4b75ec440;  1 drivers
L_000001f4b75f0b70 .functor BUFT 1, C4<0100100>, C4<0>, C4<0>, C4<0>;
v000001f4b75db940_0 .net/2u *"_ivl_76", 6 0, L_000001f4b75f0b70;  1 drivers
v000001f4b75da900_0 .net *"_ivl_78", 0 0, L_000001f4b75eb900;  1 drivers
v000001f4b75daf40_0 .net *"_ivl_80", 0 0, L_000001f4b7572b90;  1 drivers
L_000001f4b75f0bb8 .functor BUFT 1, C4<0>, C4<0>, C4<0>, C4<0>;
v000001f4b75da9a0_0 .net/2u *"_ivl_82", 0 0, L_000001f4b75f0bb8;  1 drivers
L_000001f4b75f0c00 .functor BUFT 1, C4<1>, C4<0>, C4<0>, C4<0>;
v000001f4b75daae0_0 .net/2u *"_ivl_84", 0 0, L_000001f4b75f0c00;  1 drivers
L_000001f4b75f0c48 .functor BUFT 1, C4<1101000>, C4<0>, C4<0>, C4<0>;
v000001f4b75dba80_0 .net/2u *"_ivl_88", 6 0, L_000001f4b75f0c48;  1 drivers
v000001f4b75dc7a0_0 .net *"_ivl_90", 0 0, L_000001f4b75ec580;  1 drivers
L_000001f4b75f0c90 .functor BUFT 1, C4<1110000>, C4<0>, C4<0>, C4<0>;
v000001f4b75dbda0_0 .net/2u *"_ivl_92", 6 0, L_000001f4b75f0c90;  1 drivers
v000001f4b75dbe40_0 .net *"_ivl_94", 0 0, L_000001f4b75ec620;  1 drivers
v000001f4b75dc840_0 .net *"_ivl_96", 0 0, L_000001f4b75729d0;  1 drivers
L_000001f4b75f0cd8 .functor BUFT 1, C4<10>, C4<0>, C4<0>, C4<0>;
v000001f4b75e1af0_0 .net/2u *"_ivl_98", 1 0, L_000001f4b75f0cd8;  1 drivers
v000001f4b75e0fb0_0 .net "branch", 0 0, L_000001f4b75ed700;  alias, 1 drivers
v000001f4b75e1050_0 .net "funct3", 2 0, L_000001f4b764a550;  1 drivers
v000001f4b75e2130_0 .net "funct7", 6 0, L_000001f4b764c8f0;  1 drivers
v000001f4b75e19b0_0 .net "immSrc", 1 0, L_000001f4b764b3b0;  alias, 1 drivers
v000001f4b75e1c30_0 .net "jalr", 0 0, L_000001f4b75ed2a0;  alias, 1 drivers
v000001f4b75e1a50_0 .net "jump", 0 0, L_000001f4b75ed3e0;  alias, 1 drivers
v000001f4b75e1f50_0 .net "memRead", 0 0, L_000001f4b75ecb20;  alias, 1 drivers
v000001f4b75e2590_0 .net "memWrite", 0 0, L_000001f4b75ebe00;  alias, 1 drivers
v000001f4b75e21d0_0 .net "opcode", 6 0, L_000001f4b764bd10;  1 drivers
v000001f4b75e17d0_0 .net "regWrite", 0 0, L_000001f4b75ed340;  alias, 1 drivers
v000001f4b75e10f0_0 .net "resultSrc", 1 0, L_000001f4b75ec9e0;  alias, 1 drivers
L_000001f4b75ec3a0 .cmp/eq 7, L_000001f4b764bd10, L_000001f4b75f0588;
L_000001f4b75eb680 .functor MUXZ 1, L_000001f4b75f0618, L_000001f4b75f05d0, L_000001f4b75ec3a0, C4<>;
L_000001f4b75eb7c0 .cmp/eq 7, L_000001f4b764bd10, L_000001f4b75f0660;
L_000001f4b75ec1c0 .cmp/eq 3, L_000001f4b764a550, L_000001f4b75f06a8;
L_000001f4b75ecb20 .functor MUXZ 1, L_000001f4b75f0738, L_000001f4b75f06f0, L_000001f4b7573060, C4<>;
L_000001f4b75eb860 .cmp/eq 7, L_000001f4b764bd10, L_000001f4b75f0780;
L_000001f4b75ebe00 .functor MUXZ 1, L_000001f4b75f0810, L_000001f4b75f07c8, L_000001f4b75eb860, C4<>;
L_000001f4b75ebea0 .cmp/eq 7, L_000001f4b764bd10, L_000001f4b75f0858;
L_000001f4b75ed2a0 .functor MUXZ 1, L_000001f4b75f08e8, L_000001f4b75f08a0, L_000001f4b75ebea0, C4<>;
L_000001f4b75ed160 .cmp/eq 7, L_000001f4b764bd10, L_000001f4b75f0930;
L_000001f4b75ed200 .cmp/eq 7, L_000001f4b764bd10, L_000001f4b75f0978;
L_000001f4b75ed3e0 .functor MUXZ 1, L_000001f4b75f0a08, L_000001f4b75f09c0, L_000001f4b7573220, C4<>;
L_000001f4b75ec260 .cmp/eq 7, L_000001f4b764bd10, L_000001f4b75f0a50;
L_000001f4b75ed700 .functor MUXZ 1, L_000001f4b75f0ae0, L_000001f4b75f0a98, L_000001f4b75ec260, C4<>;
L_000001f4b75ec440 .cmp/eq 7, L_000001f4b764bd10, L_000001f4b75f0b28;
L_000001f4b75eb900 .cmp/eq 7, L_000001f4b764bd10, L_000001f4b75f0b70;
L_000001f4b75ed340 .functor MUXZ 1, L_000001f4b75f0c00, L_000001f4b75f0bb8, L_000001f4b7572b90, C4<>;
L_000001f4b75ec580 .cmp/eq 7, L_000001f4b764bd10, L_000001f4b75f0c48;
L_000001f4b75ec620 .cmp/eq 7, L_000001f4b764bd10, L_000001f4b75f0c90;
L_000001f4b75ec6c0 .cmp/eq 7, L_000001f4b764bd10, L_000001f4b75f0d20;
L_000001f4b75ec760 .cmp/eq 3, L_000001f4b764a550, L_000001f4b75f0d68;
L_000001f4b75ec940 .functor MUXZ 2, L_000001f4b75f0df8, L_000001f4b75f0db0, L_000001f4b75726c0, C4<>;
L_000001f4b75ec9e0 .functor MUXZ 2, L_000001f4b75ec940, L_000001f4b75f0cd8, L_000001f4b75729d0, C4<>;
L_000001f4b75eca80 .cmp/eq 7, L_000001f4b764bd10, L_000001f4b75f0e40;
L_000001f4b75ecd00 .cmp/eq 7, L_000001f4b764bd10, L_000001f4b75f0ed0;
L_000001f4b75ece40 .cmp/eq 7, L_000001f4b764bd10, L_000001f4b75f0f60;
L_000001f4b75ecf80 .cmp/eq 3, L_000001f4b764a550, L_000001f4b75f0fa8;
L_000001f4b75ed020 .cmp/eq 3, L_000001f4b764a550, L_000001f4b75f0ff0;
L_000001f4b764c7b0 .functor MUXZ 2, L_000001f4b75f1080, L_000001f4b75f1038, L_000001f4b7572730, C4<>;
L_000001f4b764c850 .functor MUXZ 2, L_000001f4b764c7b0, L_000001f4b75f0f18, L_000001f4b75ecd00, C4<>;
L_000001f4b764aeb0 .functor MUXZ 2, L_000001f4b764c850, L_000001f4b75f0e88, L_000001f4b75eca80, C4<>;
L_000001f4b764c710 .cmp/eq 7, L_000001f4b764bd10, L_000001f4b75f10c8;
L_000001f4b764c990 .cmp/eq 7, L_000001f4b764bd10, L_000001f4b75f1110;
L_000001f4b764b630 .cmp/eq 7, L_000001f4b764bd10, L_000001f4b75f11a0;
L_000001f4b764b8b0 .cmp/eq 7, L_000001f4b764bd10, L_000001f4b75f1230;
L_000001f4b764b130 .functor MUXZ 2, L_000001f4b75f12c0, L_000001f4b75f1278, L_000001f4b764b8b0, C4<>;
L_000001f4b764b770 .functor MUXZ 2, L_000001f4b764b130, L_000001f4b75f11e8, L_000001f4b764b630, C4<>;
L_000001f4b764b3b0 .functor MUXZ 2, L_000001f4b764b770, L_000001f4b75f1158, L_000001f4b7573300, C4<>;
S_000001f4b75de090 .scope module, "IMM" "imm_gen" 5 59, 5 152 0, S_000001f4b74fa540;
 .timescale -9 -12;
    .port_info 0 /INPUT 32 "inst";
    .port_info 1 /INPUT 2 "immSrc";
    .port_info 2 /OUTPUT 32 "immediate";
L_000001f4b75f1308 .functor BUFT 1, C4<00>, C4<0>, C4<0>, C4<0>;
v000001f4b75e0f10_0 .net/2u *"_ivl_0", 1 0, L_000001f4b75f1308;  1 drivers
v000001f4b75e1730_0 .net *"_ivl_10", 31 0, L_000001f4b764c490;  1 drivers
L_000001f4b75f1350 .functor BUFT 1, C4<01>, C4<0>, C4<0>, C4<0>;
v000001f4b75e12d0_0 .net/2u *"_ivl_12", 1 0, L_000001f4b75f1350;  1 drivers
v000001f4b75e2270_0 .net *"_ivl_14", 0 0, L_000001f4b764c350;  1 drivers
v000001f4b75e1190_0 .net *"_ivl_17", 0 0, L_000001f4b764ab90;  1 drivers
v000001f4b75e1870_0 .net *"_ivl_18", 19 0, L_000001f4b764b810;  1 drivers
v000001f4b75e2310_0 .net *"_ivl_2", 0 0, L_000001f4b764ca30;  1 drivers
v000001f4b75e2450_0 .net *"_ivl_21", 6 0, L_000001f4b764b950;  1 drivers
v000001f4b75e23b0_0 .net *"_ivl_23", 4 0, L_000001f4b764b090;  1 drivers
v000001f4b75e1370_0 .net *"_ivl_24", 31 0, L_000001f4b764bb30;  1 drivers
L_000001f4b75f1398 .functor BUFT 1, C4<10>, C4<0>, C4<0>, C4<0>;
v000001f4b75e1910_0 .net/2u *"_ivl_26", 1 0, L_000001f4b75f1398;  1 drivers
v000001f4b75e1230_0 .net *"_ivl_28", 0 0, L_000001f4b764b310;  1 drivers
v000001f4b75e1410_0 .net *"_ivl_31", 0 0, L_000001f4b764acd0;  1 drivers
v000001f4b75e2090_0 .net *"_ivl_32", 18 0, L_000001f4b764b9f0;  1 drivers
v000001f4b75e14b0_0 .net *"_ivl_35", 0 0, L_000001f4b764b270;  1 drivers
v000001f4b75e1550_0 .net *"_ivl_37", 0 0, L_000001f4b764a9b0;  1 drivers
v000001f4b75e1b90_0 .net *"_ivl_39", 5 0, L_000001f4b764cad0;  1 drivers
v000001f4b75e15f0_0 .net *"_ivl_41", 3 0, L_000001f4b764a870;  1 drivers
L_000001f4b75f13e0 .functor BUFT 1, C4<0>, C4<0>, C4<0>, C4<0>;
v000001f4b75e1ff0_0 .net/2u *"_ivl_42", 0 0, L_000001f4b75f13e0;  1 drivers
v000001f4b75e1690_0 .net *"_ivl_44", 31 0, L_000001f4b764af50;  1 drivers
v000001f4b75e1cd0_0 .net *"_ivl_47", 0 0, L_000001f4b764b450;  1 drivers
v000001f4b75e1d70_0 .net *"_ivl_48", 10 0, L_000001f4b764bef0;  1 drivers
v000001f4b75e1e10_0 .net *"_ivl_5", 0 0, L_000001f4b764a730;  1 drivers
v000001f4b75e24f0_0 .net *"_ivl_51", 0 0, L_000001f4b764c030;  1 drivers
v000001f4b75e1eb0_0 .net *"_ivl_53", 7 0, L_000001f4b764b4f0;  1 drivers
v000001f4b75df6b0_0 .net *"_ivl_55", 0 0, L_000001f4b764b590;  1 drivers
v000001f4b75dfa70_0 .net *"_ivl_57", 9 0, L_000001f4b764a7d0;  1 drivers
L_000001f4b75f1428 .functor BUFT 1, C4<0>, C4<0>, C4<0>, C4<0>;
v000001f4b75e0bf0_0 .net/2u *"_ivl_58", 0 0, L_000001f4b75f1428;  1 drivers
v000001f4b75deb70_0 .net *"_ivl_6", 19 0, L_000001f4b764ac30;  1 drivers
v000001f4b75df070_0 .net *"_ivl_60", 31 0, L_000001f4b764aa50;  1 drivers
v000001f4b75df570_0 .net *"_ivl_62", 31 0, L_000001f4b764c170;  1 drivers
v000001f4b75e0dd0_0 .net *"_ivl_64", 31 0, L_000001f4b764bdb0;  1 drivers
v000001f4b75dfbb0_0 .net *"_ivl_9", 11 0, L_000001f4b764b6d0;  1 drivers
v000001f4b75e0e70_0 .net "immSrc", 1 0, L_000001f4b764b3b0;  alias, 1 drivers
v000001f4b75de990_0 .net "immediate", 31 0, L_000001f4b764c210;  alias, 1 drivers
v000001f4b75defd0_0 .net "inst", 31 0, o000001f4b757d5a8;  alias, 0 drivers
L_000001f4b764ca30 .cmp/eq 2, L_000001f4b764b3b0, L_000001f4b75f1308;
L_000001f4b764a730 .part o000001f4b757d5a8, 31, 1;
LS_000001f4b764ac30_0_0 .concat [ 1 1 1 1], L_000001f4b764a730, L_000001f4b764a730, L_000001f4b764a730, L_000001f4b764a730;
LS_000001f4b764ac30_0_4 .concat [ 1 1 1 1], L_000001f4b764a730, L_000001f4b764a730, L_000001f4b764a730, L_000001f4b764a730;
LS_000001f4b764ac30_0_8 .concat [ 1 1 1 1], L_000001f4b764a730, L_000001f4b764a730, L_000001f4b764a730, L_000001f4b764a730;
LS_000001f4b764ac30_0_12 .concat [ 1 1 1 1], L_000001f4b764a730, L_000001f4b764a730, L_000001f4b764a730, L_000001f4b764a730;
LS_000001f4b764ac30_0_16 .concat [ 1 1 1 1], L_000001f4b764a730, L_000001f4b764a730, L_000001f4b764a730, L_000001f4b764a730;
LS_000001f4b764ac30_1_0 .concat [ 4 4 4 4], LS_000001f4b764ac30_0_0, LS_000001f4b764ac30_0_4, LS_000001f4b764ac30_0_8, LS_000001f4b764ac30_0_12;
LS_000001f4b764ac30_1_4 .concat [ 4 0 0 0], LS_000001f4b764ac30_0_16;
L_000001f4b764ac30 .concat [ 16 4 0 0], LS_000001f4b764ac30_1_0, LS_000001f4b764ac30_1_4;
L_000001f4b764b6d0 .part o000001f4b757d5a8, 20, 12;
L_000001f4b764c490 .concat [ 12 20 0 0], L_000001f4b764b6d0, L_000001f4b764ac30;
L_000001f4b764c350 .cmp/eq 2, L_000001f4b764b3b0, L_000001f4b75f1350;
L_000001f4b764ab90 .part o000001f4b757d5a8, 31, 1;
LS_000001f4b764b810_0_0 .concat [ 1 1 1 1], L_000001f4b764ab90, L_000001f4b764ab90, L_000001f4b764ab90, L_000001f4b764ab90;
LS_000001f4b764b810_0_4 .concat [ 1 1 1 1], L_000001f4b764ab90, L_000001f4b764ab90, L_000001f4b764ab90, L_000001f4b764ab90;
LS_000001f4b764b810_0_8 .concat [ 1 1 1 1], L_000001f4b764ab90, L_000001f4b764ab90, L_000001f4b764ab90, L_000001f4b764ab90;
LS_000001f4b764b810_0_12 .concat [ 1 1 1 1], L_000001f4b764ab90, L_000001f4b764ab90, L_000001f4b764ab90, L_000001f4b764ab90;
LS_000001f4b764b810_0_16 .concat [ 1 1 1 1], L_000001f4b764ab90, L_000001f4b764ab90, L_000001f4b764ab90, L_000001f4b764ab90;
LS_000001f4b764b810_1_0 .concat [ 4 4 4 4], LS_000001f4b764b810_0_0, LS_000001f4b764b810_0_4, LS_000001f4b764b810_0_8, LS_000001f4b764b810_0_12;
LS_000001f4b764b810_1_4 .concat [ 4 0 0 0], LS_000001f4b764b810_0_16;
L_000001f4b764b810 .concat [ 16 4 0 0], LS_000001f4b764b810_1_0, LS_000001f4b764b810_1_4;
L_000001f4b764b950 .part o000001f4b757d5a8, 25, 7;
L_000001f4b764b090 .part o000001f4b757d5a8, 7, 5;
L_000001f4b764bb30 .concat [ 5 7 20 0], L_000001f4b764b090, L_000001f4b764b950, L_000001f4b764b810;
L_000001f4b764b310 .cmp/eq 2, L_000001f4b764b3b0, L_000001f4b75f1398;
L_000001f4b764acd0 .part o000001f4b757d5a8, 31, 1;
LS_000001f4b764b9f0_0_0 .concat [ 1 1 1 1], L_000001f4b764acd0, L_000001f4b764acd0, L_000001f4b764acd0, L_000001f4b764acd0;
LS_000001f4b764b9f0_0_4 .concat [ 1 1 1 1], L_000001f4b764acd0, L_000001f4b764acd0, L_000001f4b764acd0, L_000001f4b764acd0;
LS_000001f4b764b9f0_0_8 .concat [ 1 1 1 1], L_000001f4b764acd0, L_000001f4b764acd0, L_000001f4b764acd0, L_000001f4b764acd0;
LS_000001f4b764b9f0_0_12 .concat [ 1 1 1 1], L_000001f4b764acd0, L_000001f4b764acd0, L_000001f4b764acd0, L_000001f4b764acd0;
LS_000001f4b764b9f0_0_16 .concat [ 1 1 1 0], L_000001f4b764acd0, L_000001f4b764acd0, L_000001f4b764acd0;
LS_000001f4b764b9f0_1_0 .concat [ 4 4 4 4], LS_000001f4b764b9f0_0_0, LS_000001f4b764b9f0_0_4, LS_000001f4b764b9f0_0_8, LS_000001f4b764b9f0_0_12;
LS_000001f4b764b9f0_1_4 .concat [ 3 0 0 0], LS_000001f4b764b9f0_0_16;
L_000001f4b764b9f0 .concat [ 16 3 0 0], LS_000001f4b764b9f0_1_0, LS_000001f4b764b9f0_1_4;
L_000001f4b764b270 .part o000001f4b757d5a8, 31, 1;
L_000001f4b764a9b0 .part o000001f4b757d5a8, 7, 1;
L_000001f4b764cad0 .part o000001f4b757d5a8, 25, 6;
L_000001f4b764a870 .part o000001f4b757d5a8, 8, 4;
LS_000001f4b764af50_0_0 .concat [ 1 4 6 1], L_000001f4b75f13e0, L_000001f4b764a870, L_000001f4b764cad0, L_000001f4b764a9b0;
LS_000001f4b764af50_0_4 .concat [ 1 19 0 0], L_000001f4b764b270, L_000001f4b764b9f0;
L_000001f4b764af50 .concat [ 12 20 0 0], LS_000001f4b764af50_0_0, LS_000001f4b764af50_0_4;
L_000001f4b764b450 .part o000001f4b757d5a8, 31, 1;
LS_000001f4b764bef0_0_0 .concat [ 1 1 1 1], L_000001f4b764b450, L_000001f4b764b450, L_000001f4b764b450, L_000001f4b764b450;
LS_000001f4b764bef0_0_4 .concat [ 1 1 1 1], L_000001f4b764b450, L_000001f4b764b450, L_000001f4b764b450, L_000001f4b764b450;
LS_000001f4b764bef0_0_8 .concat [ 1 1 1 0], L_000001f4b764b450, L_000001f4b764b450, L_000001f4b764b450;
L_000001f4b764bef0 .concat [ 4 4 3 0], LS_000001f4b764bef0_0_0, LS_000001f4b764bef0_0_4, LS_000001f4b764bef0_0_8;
L_000001f4b764c030 .part o000001f4b757d5a8, 31, 1;
L_000001f4b764b4f0 .part o000001f4b757d5a8, 12, 8;
L_000001f4b764b590 .part o000001f4b757d5a8, 20, 1;
L_000001f4b764a7d0 .part o000001f4b757d5a8, 21, 10;
LS_000001f4b764aa50_0_0 .concat [ 1 10 1 8], L_000001f4b75f1428, L_000001f4b764a7d0, L_000001f4b764b590, L_000001f4b764b4f0;
LS_000001f4b764aa50_0_4 .concat [ 1 11 0 0], L_000001f4b764c030, L_000001f4b764bef0;
L_000001f4b764aa50 .concat [ 20 12 0 0], LS_000001f4b764aa50_0_0, LS_000001f4b764aa50_0_4;
L_000001f4b764c170 .functor MUXZ 32, L_000001f4b764aa50, L_000001f4b764af50, L_000001f4b764b310, C4<>;
L_000001f4b764bdb0 .functor MUXZ 32, L_000001f4b764c170, L_000001f4b764bb30, L_000001f4b764c350, C4<>;
L_000001f4b764c210 .functor MUXZ 32, L_000001f4b764bdb0, L_000001f4b764c490, L_000001f4b764ca30, C4<>;
S_000001f4b75ea8e0 .scope module, "RF" "register_file" 5 63, 5 168 0, S_000001f4b74fa540;
 .timescale -9 -12;
    .port_info 0 /INPUT 1 "clk";
    .port_info 1 /INPUT 1 "rst";
    .port_info 2 /INPUT 1 "regWrite";
    .port_info 3 /INPUT 5 "rs1";
    .port_info 4 /INPUT 5 "rs2";
    .port_info 5 /INPUT 5 "rd";
    .port_info 6 /INPUT 32 "WB_result";
    .port_info 7 /OUTPUT 32 "rs1_val";
    .port_info 8 /OUTPUT 32 "rs2_val";
v000001f4b75de710_0 .net "WB_result", 31 0, o000001f4b757d668;  alias, 0 drivers
v000001f4b75df1b0_0 .net "clk", 0 0, o000001f4b757d698;  alias, 0 drivers
v000001f4b75e0290_0 .var/i "i", 31 0;
v000001f4b75df390_0 .net "rd", 4 0, o000001f4b757d6f8;  alias, 0 drivers
v000001f4b75de7b0_0 .net "regWrite", 0 0, o000001f4b757d728;  alias, 0 drivers
v000001f4b75df750 .array "register", 0 31, 31 0;
v000001f4b75df610_0 .net "rs1", 4 0, L_000001f4b75ec120;  alias, 1 drivers
v000001f4b75dedf0_0 .var "rs1_val", 31 0;
v000001f4b75df7f0_0 .net "rs2", 4 0, L_000001f4b75eb5e0;  alias, 1 drivers
v000001f4b75e0330_0 .var "rs2_val", 31 0;
v000001f4b75e0970_0 .net "rst", 0 0, o000001f4b757d818;  alias, 0 drivers
E_000001f4b7550180 .event negedge, v000001f4b75df1b0_0;
E_000001f4b75501c0 .event posedge, v000001f4b75df1b0_0;
S_000001f4b75eaa70 .scope module, "pipe_reg" "ID_EX" 5 77, 5 205 0, S_000001f4b74fa540;
 .timescale -9 -12;
    .port_info 0 /INPUT 32 "PC_r";
    .port_info 1 /INPUT 32 "instruction_r";
    .port_info 2 /INPUT 1 "clk";
    .port_info 3 /INPUT 1 "rst";
    .port_info 4 /INPUT 1 "ALUSrc_r";
    .port_info 5 /INPUT 1 "memRead_r";
    .port_info 6 /INPUT 1 "memWrite_r";
    .port_info 7 /INPUT 1 "jalr_r";
    .port_info 8 /INPUT 1 "jump_r";
    .port_info 9 /INPUT 1 "branch_r";
    .port_info 10 /INPUT 1 "regWrite_r";
    .port_info 11 /INPUT 2 "resultSrc_r";
    .port_info 12 /INPUT 4 "ALUControl_r";
    .port_info 13 /INPUT 32 "immediate_r";
    .port_info 14 /INPUT 32 "rs1_val_r";
    .port_info 15 /INPUT 32 "rs2_val_r";
    .port_info 16 /INPUT 1 "bgef3_r";
    .port_info 17 /INPUT 5 "rs1_r";
    .port_info 18 /INPUT 5 "rs2_r";
    .port_info 19 /INPUT 5 "rd_r";
    .port_info 20 /OUTPUT 32 "instruction";
    .port_info 21 /OUTPUT 32 "PC";
    .port_info 22 /OUTPUT 1 "ALUSrc";
    .port_info 23 /OUTPUT 1 "memRead";
    .port_info 24 /OUTPUT 1 "memWrite";
    .port_info 25 /OUTPUT 1 "jalr";
    .port_info 26 /OUTPUT 1 "jump";
    .port_info 27 /OUTPUT 1 "branch";
    .port_info 28 /OUTPUT 1 "regWrite";
    .port_info 29 /OUTPUT 2 "resultSrc";
    .port_info 30 /OUTPUT 4 "ALUControl";
    .port_info 31 /OUTPUT 32 "immediate";
    .port_info 32 /OUTPUT 32 "rs1_val";
    .port_info 33 /OUTPUT 32 "rs2_val";
    .port_info 34 /OUTPUT 1 "bgef3";
    .port_info 35 /OUTPUT 5 "rs1";
    .port_info 36 /OUTPUT 5 "rs2";
    .port_info 37 /OUTPUT 5 "rd";
v000001f4b75de8f0_0 .var "ALUControl", 3 0;
v000001f4b75df2f0_0 .net "ALUControl_r", 3 0, L_000001f4b764ce90;  alias, 1 drivers
v000001f4b75e01f0_0 .var "ALUSrc", 0 0;
v000001f4b75e06f0_0 .net "ALUSrc_r", 0 0, L_000001f4b75eb680;  alias, 1 drivers
v000001f4b75e08d0_0 .var "PC", 31 0;
v000001f4b75e0b50_0 .net "PC_r", 31 0, o000001f4b757da88;  alias, 0 drivers
v000001f4b75e0650_0 .var "bgef3", 0 0;
v000001f4b75e0470_0 .net "bgef3_r", 0 0, L_000001f4b764d750;  1 drivers
v000001f4b75df110_0 .var "branch", 0 0;
v000001f4b75df250_0 .net "branch_r", 0 0, L_000001f4b75ed700;  alias, 1 drivers
v000001f4b75e0a10_0 .net "clk", 0 0, o000001f4b757d698;  alias, 0 drivers
v000001f4b75dee90_0 .var "immediate", 31 0;
v000001f4b75df430_0 .net "immediate_r", 31 0, L_000001f4b764c210;  alias, 1 drivers
v000001f4b75e0010_0 .var "instruction", 31 0;
v000001f4b75dec10_0 .net "instruction_r", 31 0, o000001f4b757d5a8;  alias, 0 drivers
v000001f4b75dea30_0 .var "jalr", 0 0;
v000001f4b75de850_0 .net "jalr_r", 0 0, L_000001f4b75ed2a0;  alias, 1 drivers
v000001f4b75e0790_0 .var "jump", 0 0;
v000001f4b75df890_0 .net "jump_r", 0 0, L_000001f4b75ed3e0;  alias, 1 drivers
v000001f4b75e0830_0 .var "memRead", 0 0;
v000001f4b75e0ab0_0 .net "memRead_r", 0 0, L_000001f4b75ecb20;  alias, 1 drivers
v000001f4b75decb0_0 .var "memWrite", 0 0;
v000001f4b75e0c90_0 .net "memWrite_r", 0 0, L_000001f4b75ebe00;  alias, 1 drivers
v000001f4b75ded50_0 .var "rd", 4 0;
v000001f4b75df4d0_0 .net "rd_r", 4 0, L_000001f4b75ebcc0;  alias, 1 drivers
v000001f4b75def30_0 .var "regWrite", 0 0;
v000001f4b75df930_0 .net "regWrite_r", 0 0, L_000001f4b75ed340;  alias, 1 drivers
v000001f4b75df9d0_0 .var "resultSrc", 1 0;
v000001f4b75dfb10_0 .net "resultSrc_r", 1 0, L_000001f4b75ec9e0;  alias, 1 drivers
v000001f4b75dfc50_0 .var "rs1", 4 0;
v000001f4b75dfcf0_0 .net "rs1_r", 4 0, L_000001f4b75ec120;  alias, 1 drivers
v000001f4b75e0d30_0 .var "rs1_val", 31 0;
v000001f4b75dfd90_0 .net "rs1_val_r", 31 0, v000001f4b75dedf0_0;  alias, 1 drivers
v000001f4b75e00b0_0 .var "rs2", 4 0;
v000001f4b75dfe30_0 .net "rs2_r", 4 0, L_000001f4b75eb5e0;  alias, 1 drivers
v000001f4b75e0510_0 .var "rs2_val", 31 0;
v000001f4b75dfed0_0 .net "rs2_val_r", 31 0, v000001f4b75e0330_0;  alias, 1 drivers
v000001f4b75e05b0_0 .net "rst", 0 0, L_000001f4b75727a0;  1 drivers
E_000001f4b7551280 .event posedge, v000001f4b75e05b0_0, v000001f4b75df1b0_0;
    .scope S_000001f4b74ff820;
T_0 ;
    %wait E_000001f4b754f2c0;
    %load/vec4 v000001f4b75d4140_0;
    %flag_set/vec4 8;
    %jmp/0xz  T_0.0, 8;
    %pushi/vec4 0, 0, 32;
    %assign/vec4 v000001f4b75d3df0_0, 0;
    %pushi/vec4 0, 0, 32;
    %assign/vec4 v000001f4b75d3e90_0, 0;
    %pushi/vec4 0, 0, 1;
    %assign/vec4 v000001f4b75d3030_0, 0;
    %pushi/vec4 0, 0, 1;
    %assign/vec4 v000001f4b75d3530_0, 0;
    %pushi/vec4 0, 0, 1;
    %assign/vec4 v000001f4b75d28b0_0, 0;
    %pushi/vec4 0, 0, 1;
    %assign/vec4 v000001f4b75d2310_0, 0;
    %pushi/vec4 0, 0, 1;
    %assign/vec4 v000001f4b75d26d0_0, 0;
    %pushi/vec4 0, 0, 1;
    %assign/vec4 v000001f4b75d3350_0, 0;
    %pushi/vec4 0, 0, 1;
    %assign/vec4 v000001f4b75d2e50_0, 0;
    %pushi/vec4 0, 0, 2;
    %assign/vec4 v000001f4b75d5ae0_0, 0;
    %pushi/vec4 0, 0, 4;
    %assign/vec4 v000001f4b75d3170_0, 0;
    %pushi/vec4 0, 0, 32;
    %assign/vec4 v000001f4b75d37b0_0, 0;
    %pushi/vec4 0, 0, 32;
    %assign/vec4 v000001f4b75d4dc0_0, 0;
    %pushi/vec4 0, 0, 32;
    %assign/vec4 v000001f4b75d5680_0, 0;
    %pushi/vec4 0, 0, 1;
    %assign/vec4 v000001f4b75d30d0_0, 0;
    %pushi/vec4 0, 0, 5;
    %assign/vec4 v000001f4b75d55e0_0, 0;
    %pushi/vec4 0, 0, 5;
    %assign/vec4 v000001f4b75d4a00_0, 0;
    %pushi/vec4 0, 0, 5;
    %assign/vec4 v000001f4b75d29f0_0, 0;
    %jmp T_0.1;
T_0.0 ;
    %load/vec4 v000001f4b75d3f30_0;
    %assign/vec4 v000001f4b75d3df0_0, 0;
    %load/vec4 v000001f4b75d2bd0_0;
    %assign/vec4 v000001f4b75d3e90_0, 0;
    %load/vec4 v000001f4b75d3d50_0;
    %assign/vec4 v000001f4b75d3030_0, 0;
    %load/vec4 v000001f4b75d2f90_0;
    %assign/vec4 v000001f4b75d3530_0, 0;
    %load/vec4 v000001f4b75d2db0_0;
    %assign/vec4 v000001f4b75d28b0_0, 0;
    %load/vec4 v000001f4b75d3710_0;
    %assign/vec4 v000001f4b75d2310_0, 0;
    %load/vec4 v000001f4b75d2770_0;
    %assign/vec4 v000001f4b75d26d0_0, 0;
    %load/vec4 v000001f4b75d33f0_0;
    %assign/vec4 v000001f4b75d3350_0, 0;
    %load/vec4 v000001f4b75d4280_0;
    %assign/vec4 v000001f4b75d2e50_0, 0;
    %load/vec4 v000001f4b75d48c0_0;
    %assign/vec4 v000001f4b75d5ae0_0, 0;
    %load/vec4 v000001f4b75d32b0_0;
    %assign/vec4 v000001f4b75d3170_0, 0;
    %load/vec4 v000001f4b75d21d0_0;
    %assign/vec4 v000001f4b75d37b0_0, 0;
    %load/vec4 v000001f4b75d5040_0;
    %assign/vec4 v000001f4b75d4dc0_0, 0;
    %load/vec4 v000001f4b75d46e0_0;
    %assign/vec4 v000001f4b75d5680_0, 0;
    %load/vec4 v000001f4b75d2630_0;
    %assign/vec4 v000001f4b75d30d0_0, 0;
    %load/vec4 v000001f4b75d5c20_0;
    %assign/vec4 v000001f4b75d55e0_0, 0;
    %load/vec4 v000001f4b75d4aa0_0;
    %assign/vec4 v000001f4b75d4a00_0, 0;
    %load/vec4 v000001f4b75d35d0_0;
    %assign/vec4 v000001f4b75d29f0_0, 0;
T_0.1 ;
    %jmp T_0;
    .thread T_0;
    .scope S_000001f4b7510360;
T_1 ;
    %wait E_000001f4b754f2c0;
    %load/vec4 v000001f4b75d17a0_0;
    %flag_set/vec4 8;
    %jmp/0xz  T_1.0, 8;
    %pushi/vec4 0, 0, 32;
    %assign/vec4 v000001f4b75d1ac0_0, 0;
    %pushi/vec4 0, 0, 32;
    %assign/vec4 v000001f4b75cd5a0_0, 0;
    %pushi/vec4 0, 0, 1;
    %assign/vec4 v000001f4b75d15c0_0, 0;
    %pushi/vec4 0, 0, 1;
    %assign/vec4 v000001f4b75d09e0_0, 0;
    %pushi/vec4 0, 0, 1;
    %assign/vec4 v000001f4b75d0b20_0, 0;
    %pushi/vec4 0, 0, 2;
    %assign/vec4 v000001f4b75d1700_0, 0;
    %pushi/vec4 0, 0, 32;
    %assign/vec4 v000001f4b75d1c00_0, 0;
    %pushi/vec4 0, 0, 5;
    %assign/vec4 v000001f4b75d0260_0, 0;
    %pushi/vec4 0, 0, 5;
    %assign/vec4 v000001f4b75d1020_0, 0;
    %pushi/vec4 0, 0, 5;
    %assign/vec4 v000001f4b75d1660_0, 0;
    %pushi/vec4 0, 0, 32;
    %assign/vec4 v000001f4b75cdf00_0, 0;
    %pushi/vec4 0, 0, 32;
    %assign/vec4 v000001f4b75d0da0_0, 0;
    %pushi/vec4 0, 0, 1;
    %assign/vec4 v000001f4b75cd640_0, 0;
    %jmp T_1.1;
T_1.0 ;
    %load/vec4 v000001f4b75d1520_0;
    %assign/vec4 v000001f4b75d1ac0_0, 0;
    %load/vec4 v000001f4b75d0a80_0;
    %assign/vec4 v000001f4b75cd5a0_0, 0;
    %load/vec4 v000001f4b75d1b60_0;
    %assign/vec4 v000001f4b75d15c0_0, 0;
    %load/vec4 v000001f4b75d0e40_0;
    %assign/vec4 v000001f4b75d09e0_0, 0;
    %load/vec4 v000001f4b75d1340_0;
    %assign/vec4 v000001f4b75d0b20_0, 0;
    %load/vec4 v000001f4b75d0bc0_0;
    %assign/vec4 v000001f4b75d1700_0, 0;
    %load/vec4 v000001f4b75d1ca0_0;
    %assign/vec4 v000001f4b75d1c00_0, 0;
    %load/vec4 v000001f4b75d0940_0;
    %assign/vec4 v000001f4b75d0260_0, 0;
    %load/vec4 v000001f4b75d0120_0;
    %assign/vec4 v000001f4b75d1020_0, 0;
    %load/vec4 v000001f4b75d0800_0;
    %assign/vec4 v000001f4b75d1660_0, 0;
    %load/vec4 v000001f4b75cd140_0;
    %assign/vec4 v000001f4b75cdf00_0, 0;
    %load/vec4 v000001f4b75d08a0_0;
    %assign/vec4 v000001f4b75d0da0_0, 0;
    %load/vec4 v000001f4b75d0ee0_0;
    %assign/vec4 v000001f4b75cd640_0, 0;
T_1.1 ;
    %jmp T_1;
    .thread T_1;
    .scope S_000001f4b7504090;
T_2 ;
    %delay 5000, 0;
    %load/vec4 v000001f4b75d5720_0;
    %inv;
    %store/vec4 v000001f4b75d5720_0, 0, 1;
    %jmp T_2;
    .thread T_2;
    .scope S_000001f4b7504090;
T_3 ;
    %pushi/vec4 0, 0, 1;
    %store/vec4 v000001f4b75d5720_0, 0, 1;
    %pushi/vec4 1, 0, 1;
    %store/vec4 v000001f4b75d97e0_0, 0, 1;
    %pushi/vec4 0, 0, 32;
    %store/vec4 v000001f4b75d4320_0, 0, 32;
    %pushi/vec4 0, 0, 32;
    %store/vec4 v000001f4b75d4f00_0, 0, 32;
    %pushi/vec4 0, 0, 1;
    %store/vec4 v000001f4b75d4e60_0, 0, 1;
    %pushi/vec4 0, 0, 4;
    %store/vec4 v000001f4b75d5b80_0, 0, 4;
    %pushi/vec4 0, 0, 32;
    %store/vec4 v000001f4b75d8660_0, 0, 32;
    %pushi/vec4 0, 0, 32;
    %store/vec4 v000001f4b75d87a0_0, 0, 32;
    %pushi/vec4 0, 0, 32;
    %store/vec4 v000001f4b75d4820_0, 0, 32;
    %pushi/vec4 0, 0, 1;
    %store/vec4 v000001f4b75d5d60_0, 0, 1;
    %pushi/vec4 0, 0, 1;
    %store/vec4 v000001f4b75d4fa0_0, 0, 1;
    %pushi/vec4 0, 0, 1;
    %store/vec4 v000001f4b75d4be0_0, 0, 1;
    %pushi/vec4 0, 0, 1;
    %store/vec4 v000001f4b75d4c80_0, 0, 1;
    %pushi/vec4 0, 0, 1;
    %store/vec4 v000001f4b75d5cc0_0, 0, 1;
    %pushi/vec4 0, 0, 2;
    %store/vec4 v000001f4b75d5540_0, 0, 2;
    %pushi/vec4 0, 0, 1;
    %store/vec4 v000001f4b75d43c0_0, 0, 1;
    %pushi/vec4 0, 0, 5;
    %store/vec4 v000001f4b75d9a60_0, 0, 5;
    %pushi/vec4 0, 0, 5;
    %store/vec4 v000001f4b75d99c0_0, 0, 5;
    %pushi/vec4 0, 0, 5;
    %store/vec4 v000001f4b75d50e0_0, 0, 5;
    %delay 10000, 0;
    %pushi/vec4 0, 0, 1;
    %store/vec4 v000001f4b75d97e0_0, 0, 1;
    %wait E_000001f4b754d840;
    %pushi/vec4 0, 0, 1;
    %store/vec4 v000001f4b75d4e60_0, 0, 1;
    %pushi/vec4 0, 0, 4;
    %store/vec4 v000001f4b75d5b80_0, 0, 4;
    %pushi/vec4 10, 0, 32;
    %store/vec4 v000001f4b75d8660_0, 0, 32;
    %pushi/vec4 20, 0, 32;
    %store/vec4 v000001f4b75d87a0_0, 0, 32;
    %pushi/vec4 0, 0, 32;
    %store/vec4 v000001f4b75d4f00_0, 0, 32;
    %pushi/vec4 2, 0, 32;
T_3.0 %dup/vec4;
    %pushi/vec4 0, 0, 32;
    %cmp/s;
    %jmp/1xz T_3.1, 5;
    %jmp/1 T_3.1, 4;
    %pushi/vec4 1, 0, 32;
    %sub;
    %wait E_000001f4b754e5c0;
    %jmp T_3.0;
T_3.1 ;
    %pop/vec4 1;
    %delay 1000, 0;
    %vpi_call 2 89 "$display", "--- Testing EX Stage ---" {0 0 0};
    %vpi_call 2 90 "$display", "Time: %t", $time {0 0 0};
    %vpi_call 2 91 "$display", "in: rs1 val: %d, rs2 val: %d, ALUSrc: %b, Control: %b", v000001f4b75d9d80_0, v000001f4b75d85c0_0, v000001f4b75d4640_0, v000001f4b75d41e0_0 {0 0 0};
    %vpi_call 2 92 "$display", "out: ALU_Result: %d", v000001f4b75d40a0_0 {0 0 0};
    %delay 10000, 0;
    %vpi_call 2 94 "$finish" {0 0 0};
    %end;
    .thread T_3;
    .scope S_000001f4b75ea8e0;
T_4 ;
    %wait E_000001f4b75501c0;
    %load/vec4 v000001f4b75de7b0_0;
    %load/vec4 v000001f4b75df390_0;
    %pushi/vec4 0, 0, 5;
    %cmp/ne;
    %flag_get/vec4 4;
    %and;
    %flag_set/vec4 8;
    %jmp/0xz  T_4.0, 8;
    %load/vec4 v000001f4b75de710_0;
    %load/vec4 v000001f4b75df390_0;
    %pad/u 7;
    %ix/vec4 3;
    %ix/load 4, 0, 0; Constant delay
    %assign/vec4/a/d v000001f4b75df750, 0, 4;
T_4.0 ;
    %jmp T_4;
    .thread T_4;
    .scope S_000001f4b75ea8e0;
T_5 ;
    %wait E_000001f4b7550180;
    %load/vec4 v000001f4b75e0970_0;
    %cmpi/e 1, 0, 1;
    %flag_mov 8, 4;
    %jmp/0 T_5.0, 8;
    %pushi/vec4 0, 0, 32;
    %jmp/1 T_5.1, 8;
T_5.0 ; End of true expr.
    %load/vec4 v000001f4b75df610_0;
    %pad/u 7;
    %ix/vec4 4;
    %load/vec4a v000001f4b75df750, 4;
    %jmp/0 T_5.1, 8;
 ; End of false expr.
    %blend;
T_5.1;
    %store/vec4 v000001f4b75dedf0_0, 0, 32;
    %load/vec4 v000001f4b75e0970_0;
    %cmpi/e 1, 0, 1;
    %flag_mov 8, 4;
    %jmp/0 T_5.2, 8;
    %pushi/vec4 0, 0, 32;
    %jmp/1 T_5.3, 8;
T_5.2 ; End of true expr.
    %load/vec4 v000001f4b75df7f0_0;
    %pad/u 7;
    %ix/vec4 4;
    %load/vec4a v000001f4b75df750, 4;
    %jmp/0 T_5.3, 8;
 ; End of false expr.
    %blend;
T_5.3;
    %store/vec4 v000001f4b75e0330_0, 0, 32;
    %jmp T_5;
    .thread T_5;
    .scope S_000001f4b75ea8e0;
T_6 ;
    %pushi/vec4 0, 0, 32;
    %store/vec4 v000001f4b75e0290_0, 0, 32;
T_6.0 ;
    %load/vec4 v000001f4b75e0290_0;
    %cmpi/s 32, 0, 32;
    %jmp/0xz T_6.1, 5;
    %pushi/vec4 0, 0, 32;
    %ix/getv/s 4, v000001f4b75e0290_0;
    %store/vec4a v000001f4b75df750, 4, 0;
    %load/vec4 v000001f4b75e0290_0;
    %addi 1, 0, 32;
    %store/vec4 v000001f4b75e0290_0, 0, 32;
    %jmp T_6.0;
T_6.1 ;
    %end;
    .thread T_6;
    .scope S_000001f4b75eaa70;
T_7 ;
    %wait E_000001f4b7551280;
    %load/vec4 v000001f4b75e05b0_0;
    %flag_set/vec4 8;
    %jmp/0xz  T_7.0, 8;
    %pushi/vec4 0, 0, 32;
    %assign/vec4 v000001f4b75e0010_0, 0;
    %pushi/vec4 0, 0, 32;
    %assign/vec4 v000001f4b75e08d0_0, 0;
    %pushi/vec4 0, 0, 1;
    %assign/vec4 v000001f4b75e01f0_0, 0;
    %pushi/vec4 0, 0, 1;
    %assign/vec4 v000001f4b75e0830_0, 0;
    %pushi/vec4 0, 0, 1;
    %assign/vec4 v000001f4b75decb0_0, 0;
    %pushi/vec4 0, 0, 1;
    %assign/vec4 v000001f4b75dea30_0, 0;
    %pushi/vec4 0, 0, 1;
    %assign/vec4 v000001f4b75e0790_0, 0;
    %pushi/vec4 0, 0, 1;
    %assign/vec4 v000001f4b75df110_0, 0;
    %pushi/vec4 0, 0, 1;
    %assign/vec4 v000001f4b75def30_0, 0;
    %pushi/vec4 0, 0, 2;
    %assign/vec4 v000001f4b75df9d0_0, 0;
    %pushi/vec4 0, 0, 4;
    %assign/vec4 v000001f4b75de8f0_0, 0;
    %pushi/vec4 0, 0, 32;
    %assign/vec4 v000001f4b75dee90_0, 0;
    %pushi/vec4 0, 0, 32;
    %assign/vec4 v000001f4b75e0d30_0, 0;
    %pushi/vec4 0, 0, 32;
    %assign/vec4 v000001f4b75e0510_0, 0;
    %pushi/vec4 0, 0, 1;
    %assign/vec4 v000001f4b75e0650_0, 0;
    %pushi/vec4 0, 0, 5;
    %assign/vec4 v000001f4b75dfc50_0, 0;
    %pushi/vec4 0, 0, 5;
    %assign/vec4 v000001f4b75e00b0_0, 0;
    %pushi/vec4 0, 0, 5;
    %assign/vec4 v000001f4b75ded50_0, 0;
    %jmp T_7.1;
T_7.0 ;
    %load/vec4 v000001f4b75dec10_0;
    %assign/vec4 v000001f4b75e0010_0, 0;
    %load/vec4 v000001f4b75e0b50_0;
    %assign/vec4 v000001f4b75e08d0_0, 0;
    %load/vec4 v000001f4b75e06f0_0;
    %assign/vec4 v000001f4b75e01f0_0, 0;
    %load/vec4 v000001f4b75e0ab0_0;
    %assign/vec4 v000001f4b75e0830_0, 0;
    %load/vec4 v000001f4b75e0c90_0;
    %assign/vec4 v000001f4b75decb0_0, 0;
    %load/vec4 v000001f4b75de850_0;
    %assign/vec4 v000001f4b75dea30_0, 0;
    %load/vec4 v000001f4b75df890_0;
    %assign/vec4 v000001f4b75e0790_0, 0;
    %load/vec4 v000001f4b75df250_0;
    %assign/vec4 v000001f4b75df110_0, 0;
    %load/vec4 v000001f4b75df930_0;
    %assign/vec4 v000001f4b75def30_0, 0;
    %load/vec4 v000001f4b75dfb10_0;
    %assign/vec4 v000001f4b75df9d0_0, 0;
    %load/vec4 v000001f4b75df2f0_0;
    %assign/vec4 v000001f4b75de8f0_0, 0;
    %load/vec4 v000001f4b75df430_0;
    %assign/vec4 v000001f4b75dee90_0, 0;
    %load/vec4 v000001f4b75dfd90_0;
    %assign/vec4 v000001f4b75e0d30_0, 0;
    %load/vec4 v000001f4b75dfed0_0;
    %assign/vec4 v000001f4b75e0510_0, 0;
    %load/vec4 v000001f4b75e0470_0;
    %assign/vec4 v000001f4b75e0650_0, 0;
    %load/vec4 v000001f4b75dfcf0_0;
    %assign/vec4 v000001f4b75dfc50_0, 0;
    %load/vec4 v000001f4b75dfe30_0;
    %assign/vec4 v000001f4b75e00b0_0, 0;
    %load/vec4 v000001f4b75df4d0_0;
    %assign/vec4 v000001f4b75ded50_0, 0;
T_7.1 ;
    %jmp T_7;
    .thread T_7;
# The file index is used to find the file name in the following table.
:file_names 6;
    "N/A";
    "<interactive>";
    "EX_tb.v";
    "execute_stage.v";
    "shared_modules.v";
    "decode_stage.v";
