#! /c/Source/iverilog-install/bin/vvp
:ivl_version "12.0 (devel)" "(s20150603-1539-g2693dd32b)";
:ivl_delay_selection "TYPICAL";
:vpi_time_precision - 12;
:vpi_module "D:\iverilog\lib\ivl\system.vpi";
:vpi_module "D:\iverilog\lib\ivl\vhdl_sys.vpi";
:vpi_module "D:\iverilog\lib\ivl\vhdl_textio.vpi";
:vpi_module "D:\iverilog\lib\ivl\v2005_math.vpi";
:vpi_module "D:\iverilog\lib\ivl\va_math.vpi";
S_00000224e96f6e40 .scope module, "ID_tb" "ID_tb" 2 4;
 .timescale -9 -12;
v00000224e987d400_0 .net "ALUControl", 3 0, v00000224e9879650_0;  1 drivers
v00000224e987f660_0 .net "ALUSrc", 0 0, v00000224e987a7d0_0;  1 drivers
v00000224e987e620_0 .net "PC", 31 0, v00000224e9879f10_0;  1 drivers
v00000224e987ebc0_0 .var "PC_in", 31 0;
v00000224e987db80_0 .net "PC_r", 31 0, v00000224e97556e0_0;  1 drivers
v00000224e987d4a0_0 .var "WB_result", 31 0;
v00000224e987e800_0 .net "bgef3", 0 0, v00000224e987a0f0_0;  1 drivers
v00000224e987e4e0_0 .net "branch", 0 0, v00000224e987a230_0;  1 drivers
v00000224e987d540_0 .var "clk", 0 0;
v00000224e987dc20_0 .var "flush", 0 0;
v00000224e987f0c0_0 .net "immediate", 31 0, v00000224e987ce20_0;  1 drivers
v00000224e987ee40_0 .net "instruction", 31 0, v00000224e987b3e0_0;  1 drivers
v00000224e987d5e0_0 .var "instruction_in", 31 0;
v00000224e987f160_0 .net "instruction_r", 31 0, v00000224e97541a0_0;  1 drivers
v00000224e987d720_0 .net "jalr", 0 0, v00000224e987c6a0_0;  1 drivers
v00000224e987f020_0 .net "jump", 0 0, v00000224e987cec0_0;  1 drivers
v00000224e987ed00_0 .net "memRead", 0 0, v00000224e987bd40_0;  1 drivers
v00000224e987d860_0 .net "memWrite", 0 0, v00000224e987ca60_0;  1 drivers
v00000224e987d680_0 .net "rd", 4 0, v00000224e987b7a0_0;  1 drivers
v00000224e987eda0_0 .var "rd_in", 4 0;
v00000224e987dea0_0 .net "regWrite", 0 0, v00000224e987c600_0;  1 drivers
v00000224e987ef80_0 .var "regWrite_prev", 0 0;
v00000224e987e6c0_0 .net "resultSrc", 1 0, v00000224e987c4c0_0;  1 drivers
v00000224e987d900_0 .net "rs1", 4 0, v00000224e987c240_0;  1 drivers
v00000224e987da40_0 .net "rs1_if", 4 0, L_00000224e98831a0;  1 drivers
v00000224e987dcc0_0 .net "rs1_val", 31 0, v00000224e987c380_0;  1 drivers
v00000224e987dd60_0 .net "rs2", 4 0, v00000224e987cce0_0;  1 drivers
v00000224e987de00_0 .net "rs2_if", 4 0, L_00000224e98848c0;  1 drivers
v00000224e987e120_0 .net "rs2_val", 31 0, v00000224e987c560_0;  1 drivers
v00000224e987e1c0_0 .var "rst", 0 0;
S_00000224e975c1e0 .scope module, "pipe_reg" "IF_ID" 2 29, 3 87 0, S_00000224e96f6e40;
 .timescale -9 -12;
    .port_info 0 /INPUT 1 "clk";
    .port_info 1 /INPUT 1 "rst";
    .port_info 2 /INPUT 1 "stall";
    .port_info 3 /INPUT 32 "PC_r";
    .port_info 4 /INPUT 32 "instr_r";
    .port_info 5 /OUTPUT 32 "PC";
    .port_info 6 /OUTPUT 32 "instr";
    .port_info 7 /OUTPUT 5 "rs1_out";
    .port_info 8 /OUTPUT 5 "rs2_out";
v00000224e97556e0_0 .var "PC", 31 0;
v00000224e9754420_0 .net "PC_r", 31 0, v00000224e987ebc0_0;  1 drivers
v00000224e97542e0_0 .net "clk", 0 0, v00000224e987d540_0;  1 drivers
v00000224e97541a0_0 .var "instr", 31 0;
v00000224e9755780_0 .net "instr_r", 31 0, v00000224e987d5e0_0;  1 drivers
v00000224e9754d80_0 .net "rs1_out", 4 0, L_00000224e98831a0;  alias, 1 drivers
v00000224e9754f60_0 .net "rs2_out", 4 0, L_00000224e98848c0;  alias, 1 drivers
v00000224e9754380_0 .net "rst", 0 0, v00000224e987e1c0_0;  1 drivers
L_00000224e9887158 .functor BUFT 1, C4<0>, C4<0>, C4<0>, C4<0>;
v00000224e9754e20_0 .net "stall", 0 0, L_00000224e9887158;  1 drivers
E_00000224e97486d0 .event posedge, v00000224e9754380_0, v00000224e97542e0_0;
L_00000224e98831a0 .part v00000224e987d5e0_0, 15, 5;
L_00000224e98848c0 .part v00000224e987d5e0_0, 20, 5;
S_00000224e96ee160 .scope module, "uut" "decode_stage" 2 33, 4 11 0, S_00000224e96f6e40;
 .timescale -9 -12;
    .port_info 0 /INPUT 1 "clk";
    .port_info 1 /INPUT 1 "rst";
    .port_info 2 /INPUT 1 "flush";
    .port_info 3 /INPUT 1 "stall";
    .port_info 4 /INPUT 1 "regWrite_in";
    .port_info 5 /INPUT 32 "instruction_in";
    .port_info 6 /INPUT 32 "PC_in";
    .port_info 7 /INPUT 32 "WB_result";
    .port_info 8 /INPUT 5 "rd_in";
    .port_info 9 /OUTPUT 32 "PC_out";
    .port_info 10 /OUTPUT 32 "instruction_out";
    .port_info 11 /OUTPUT 1 "ALUSrc_out";
    .port_info 12 /OUTPUT 1 "memRead_out";
    .port_info 13 /OUTPUT 1 "memWrite_out";
    .port_info 14 /OUTPUT 1 "jalr_out";
    .port_info 15 /OUTPUT 1 "jump_out";
    .port_info 16 /OUTPUT 1 "branch_out";
    .port_info 17 /OUTPUT 1 "regWrite_out";
    .port_info 18 /OUTPUT 2 "resultSrc_out";
    .port_info 19 /OUTPUT 4 "ALUControl_out";
    .port_info 20 /OUTPUT 32 "immediate_out";
    .port_info 21 /OUTPUT 32 "rs1_val_out";
    .port_info 22 /OUTPUT 32 "rs2_val_out";
    .port_info 23 /OUTPUT 1 "bgef3_out";
    .port_info 24 /OUTPUT 5 "rs1_out";
    .port_info 25 /OUTPUT 5 "rs2_out";
    .port_info 26 /OUTPUT 5 "rd_out";
L_00000224e9888748 .functor BUFT 1, C4<0>, C4<0>, C4<0>, C4<0>;
L_00000224e976b420 .functor OR 1, v00000224e987dc20_0, L_00000224e9888748, C4<0>, C4<0>;
v00000224e987cb00_0 .net "ALUControl_out", 3 0, v00000224e9879650_0;  alias, 1 drivers
v00000224e987b8e0_0 .net "ALUControl_w", 3 0, L_00000224e9886800;  1 drivers
v00000224e987bca0_0 .net "ALUOp", 1 0, L_00000224e9884000;  1 drivers
v00000224e987c1a0_0 .net "ALUSrc_out", 0 0, v00000224e987a7d0_0;  alias, 1 drivers
v00000224e987cf60_0 .net "ALUSrc_w", 0 0, L_00000224e9884a00;  1 drivers
v00000224e987cba0_0 .net "PC_in", 31 0, v00000224e97556e0_0;  alias, 1 drivers
v00000224e987b980_0 .net "PC_out", 31 0, v00000224e9879f10_0;  alias, 1 drivers
v00000224e987c060_0 .net "WB_result", 31 0, v00000224e987d4a0_0;  1 drivers
v00000224e987d000_0 .net "bgef3_out", 0 0, v00000224e987a0f0_0;  alias, 1 drivers
v00000224e987c7e0_0 .net "branch_out", 0 0, v00000224e987a230_0;  alias, 1 drivers
v00000224e987ba20_0 .net "branch_w", 0 0, L_00000224e9885180;  1 drivers
v00000224e987cc40_0 .net "clk", 0 0, v00000224e987d540_0;  alias, 1 drivers
v00000224e987c880_0 .net "flush", 0 0, v00000224e987dc20_0;  1 drivers
v00000224e987c920_0 .net "immSrc", 1 0, L_00000224e98836a0;  1 drivers
v00000224e987bac0_0 .net "immediate_out", 31 0, v00000224e987ce20_0;  alias, 1 drivers
v00000224e987bb60_0 .net "immediate_w", 31 0, L_00000224e98861c0;  1 drivers
v00000224e987bf20_0 .net "instruction_in", 31 0, v00000224e97541a0_0;  alias, 1 drivers
v00000224e987bc00_0 .net "instruction_out", 31 0, v00000224e987b3e0_0;  alias, 1 drivers
v00000224e987bde0_0 .net "jalr_out", 0 0, v00000224e987c6a0_0;  alias, 1 drivers
v00000224e987be80_0 .net "jalr_w", 0 0, L_00000224e9884aa0;  1 drivers
v00000224e987cd80_0 .net "jump_out", 0 0, v00000224e987cec0_0;  alias, 1 drivers
v00000224e987f700_0 .net "jump_w", 0 0, L_00000224e9883b00;  1 drivers
v00000224e987eb20_0 .net "memRead_out", 0 0, v00000224e987bd40_0;  alias, 1 drivers
v00000224e987d360_0 .net "memRead_w", 0 0, L_00000224e9883ba0;  1 drivers
v00000224e987f520_0 .net "memWrite_out", 0 0, v00000224e987ca60_0;  alias, 1 drivers
v00000224e987d7c0_0 .net "memWrite_w", 0 0, L_00000224e98850e0;  1 drivers
v00000224e987f8e0_0 .net "rd_in", 4 0, v00000224e987eda0_0;  1 drivers
v00000224e987e580_0 .net "rd_out", 4 0, v00000224e987b7a0_0;  alias, 1 drivers
v00000224e987d180_0 .net "rd_w", 4 0, L_00000224e9885040;  1 drivers
v00000224e987df40_0 .net "regWrite_in", 0 0, v00000224e987ef80_0;  1 drivers
v00000224e987eee0_0 .net "regWrite_out", 0 0, v00000224e987c600_0;  alias, 1 drivers
v00000224e987e3a0_0 .net "regWrite_w", 0 0, L_00000224e9883420;  1 drivers
v00000224e987ec60_0 .net "resultSrc_out", 1 0, v00000224e987c4c0_0;  alias, 1 drivers
v00000224e987e9e0_0 .net "resultSrc_w", 1 0, L_00000224e9885220;  1 drivers
v00000224e987d220_0 .net "rs1_out", 4 0, v00000224e987c240_0;  alias, 1 drivers
v00000224e987e440_0 .net "rs1_val_out", 31 0, v00000224e987c380_0;  alias, 1 drivers
v00000224e987dfe0_0 .net "rs1_val_w", 31 0, v00000224e987aaf0_0;  1 drivers
v00000224e987d9a0_0 .net "rs1_w", 4 0, L_00000224e9885900;  1 drivers
v00000224e987d2c0_0 .net "rs2_out", 4 0, v00000224e987cce0_0;  alias, 1 drivers
v00000224e987dae0_0 .net "rs2_val_out", 31 0, v00000224e987c560_0;  alias, 1 drivers
v00000224e987e080_0 .net "rs2_val_w", 31 0, v00000224e987aa50_0;  1 drivers
v00000224e987f480_0 .net "rs2_w", 4 0, L_00000224e98832e0;  1 drivers
v00000224e987f5c0_0 .net "rst", 0 0, v00000224e987e1c0_0;  alias, 1 drivers
v00000224e987ea80_0 .net "stall", 0 0, L_00000224e9888748;  1 drivers
L_00000224e9885900 .part v00000224e97541a0_0, 15, 5;
L_00000224e98832e0 .part v00000224e97541a0_0, 20, 5;
L_00000224e9885040 .part v00000224e97541a0_0, 7, 5;
L_00000224e9884280 .part v00000224e97541a0_0, 0, 7;
L_00000224e9884fa0 .part v00000224e97541a0_0, 25, 7;
L_00000224e9884320 .part v00000224e97541a0_0, 12, 3;
L_00000224e9886940 .part v00000224e97541a0_0, 12, 3;
L_00000224e98d1770 .part v00000224e97541a0_0, 25, 7;
L_00000224e98d19f0 .part v00000224e97541a0_0, 14, 1;
S_00000224e970e140 .scope module, "ALUControl" "ALU_control" 4 69, 4 128 0, S_00000224e96ee160;
 .timescale -9 -12;
    .port_info 0 /INPUT 3 "funct3";
    .port_info 1 /INPUT 7 "funct7";
    .port_info 2 /INPUT 2 "ALUOp";
    .port_info 3 /OUTPUT 4 "ALUControl";
L_00000224e976aa10 .functor AND 1, L_00000224e9886ee0, L_00000224e9885c20, C4<1>, C4<1>;
L_00000224e976ad20 .functor AND 1, L_00000224e98868a0, L_00000224e98866c0, C4<1>, C4<1>;
L_00000224e976ae00 .functor AND 1, L_00000224e9886120, L_00000224e9885ea0, C4<1>, C4<1>;
v00000224e9755140_0 .net "ALUControl", 3 0, L_00000224e9886800;  alias, 1 drivers
v00000224e97544c0_0 .net "ALUOp", 1 0, L_00000224e9884000;  alias, 1 drivers
L_00000224e9888088 .functor BUFT 1, C4<01>, C4<0>, C4<0>, C4<0>;
v00000224e9755820_0 .net/2u *"_ivl_0", 1 0, L_00000224e9888088;  1 drivers
L_00000224e9888160 .functor BUFT 1, C4<0001>, C4<0>, C4<0>, C4<0>;
v00000224e9755dc0_0 .net/2u *"_ivl_10", 3 0, L_00000224e9888160;  1 drivers
L_00000224e98881a8 .functor BUFT 1, C4<11>, C4<0>, C4<0>, C4<0>;
v00000224e9755e60_0 .net/2u *"_ivl_12", 1 0, L_00000224e98881a8;  1 drivers
v00000224e9754880_0 .net *"_ivl_14", 0 0, L_00000224e9886ee0;  1 drivers
L_00000224e98881f0 .functor BUFT 1, C4<000>, C4<0>, C4<0>, C4<0>;
v00000224e9755a00_0 .net/2u *"_ivl_16", 2 0, L_00000224e98881f0;  1 drivers
v00000224e9754560_0 .net *"_ivl_18", 0 0, L_00000224e9885c20;  1 drivers
v00000224e977bbe0_0 .net *"_ivl_2", 0 0, L_00000224e98869e0;  1 drivers
v00000224e977d4e0_0 .net *"_ivl_21", 0 0, L_00000224e976aa10;  1 drivers
L_00000224e9888238 .functor BUFT 1, C4<0010>, C4<0>, C4<0>, C4<0>;
v00000224e977bd20_0 .net/2u *"_ivl_22", 3 0, L_00000224e9888238;  1 drivers
L_00000224e9888280 .functor BUFT 1, C4<11>, C4<0>, C4<0>, C4<0>;
v00000224e977ca40_0 .net/2u *"_ivl_24", 1 0, L_00000224e9888280;  1 drivers
v00000224e977bc80_0 .net *"_ivl_26", 0 0, L_00000224e98868a0;  1 drivers
L_00000224e98882c8 .functor BUFT 1, C4<111>, C4<0>, C4<0>, C4<0>;
v00000224e977be60_0 .net/2u *"_ivl_28", 2 0, L_00000224e98882c8;  1 drivers
v00000224e977c2c0_0 .net *"_ivl_30", 0 0, L_00000224e98866c0;  1 drivers
v00000224e977b960_0 .net *"_ivl_33", 0 0, L_00000224e976ad20;  1 drivers
L_00000224e9888310 .functor BUFT 1, C4<0100>, C4<0>, C4<0>, C4<0>;
v00000224e977bdc0_0 .net/2u *"_ivl_34", 3 0, L_00000224e9888310;  1 drivers
L_00000224e9888358 .functor BUFT 1, C4<001>, C4<0>, C4<0>, C4<0>;
v00000224e977c220_0 .net/2u *"_ivl_36", 2 0, L_00000224e9888358;  1 drivers
v00000224e977b820_0 .net *"_ivl_38", 0 0, L_00000224e9885cc0;  1 drivers
L_00000224e98880d0 .functor BUFT 1, C4<0000>, C4<0>, C4<0>, C4<0>;
v00000224e977c0e0_0 .net/2u *"_ivl_4", 3 0, L_00000224e98880d0;  1 drivers
L_00000224e98883a0 .functor BUFT 1, C4<0000>, C4<0>, C4<0>, C4<0>;
v00000224e977d080_0 .net/2u *"_ivl_40", 3 0, L_00000224e98883a0;  1 drivers
L_00000224e98883e8 .functor BUFT 1, C4<000>, C4<0>, C4<0>, C4<0>;
v00000224e977cb80_0 .net/2u *"_ivl_42", 2 0, L_00000224e98883e8;  1 drivers
v00000224e977c900_0 .net *"_ivl_44", 0 0, L_00000224e9886300;  1 drivers
L_00000224e9888430 .functor BUFT 1, C4<0010>, C4<0>, C4<0>, C4<0>;
v00000224e977c9a0_0 .net/2u *"_ivl_46", 3 0, L_00000224e9888430;  1 drivers
L_00000224e9888478 .functor BUFT 1, C4<101>, C4<0>, C4<0>, C4<0>;
v00000224e977d3a0_0 .net/2u *"_ivl_48", 2 0, L_00000224e9888478;  1 drivers
v00000224e977bf00_0 .net *"_ivl_50", 0 0, L_00000224e9886bc0;  1 drivers
L_00000224e98884c0 .functor BUFT 1, C4<0011>, C4<0>, C4<0>, C4<0>;
v00000224e977d580_0 .net/2u *"_ivl_52", 3 0, L_00000224e98884c0;  1 drivers
L_00000224e9888508 .functor BUFT 1, C4<111>, C4<0>, C4<0>, C4<0>;
v00000224e977ccc0_0 .net/2u *"_ivl_54", 2 0, L_00000224e9888508;  1 drivers
v00000224e977c040_0 .net *"_ivl_56", 0 0, L_00000224e9885d60;  1 drivers
L_00000224e9888550 .functor BUFT 1, C4<0100>, C4<0>, C4<0>, C4<0>;
v00000224e977d120_0 .net/2u *"_ivl_58", 3 0, L_00000224e9888550;  1 drivers
L_00000224e9888118 .functor BUFT 1, C4<10>, C4<0>, C4<0>, C4<0>;
v00000224e977c860_0 .net/2u *"_ivl_6", 1 0, L_00000224e9888118;  1 drivers
L_00000224e9888598 .functor BUFT 1, C4<100>, C4<0>, C4<0>, C4<0>;
v00000224e977c720_0 .net/2u *"_ivl_60", 2 0, L_00000224e9888598;  1 drivers
v00000224e977d1c0_0 .net *"_ivl_62", 0 0, L_00000224e9886c60;  1 drivers
L_00000224e98885e0 .functor BUFT 1, C4<0111>, C4<0>, C4<0>, C4<0>;
v00000224e977c180_0 .net/2u *"_ivl_64", 3 0, L_00000224e98885e0;  1 drivers
L_00000224e9888628 .functor BUFT 1, C4<110>, C4<0>, C4<0>, C4<0>;
v00000224e977bfa0_0 .net/2u *"_ivl_66", 2 0, L_00000224e9888628;  1 drivers
v00000224e977cae0_0 .net *"_ivl_68", 0 0, L_00000224e9886120;  1 drivers
L_00000224e9888670 .functor BUFT 1, C4<0010000>, C4<0>, C4<0>, C4<0>;
v00000224e977ba00_0 .net/2u *"_ivl_70", 6 0, L_00000224e9888670;  1 drivers
v00000224e977d260_0 .net *"_ivl_72", 0 0, L_00000224e9885ea0;  1 drivers
v00000224e977c360_0 .net *"_ivl_74", 0 0, L_00000224e976ae00;  1 drivers
L_00000224e98886b8 .functor BUFT 1, C4<0101>, C4<0>, C4<0>, C4<0>;
v00000224e977cc20_0 .net/2u *"_ivl_76", 3 0, L_00000224e98886b8;  1 drivers
L_00000224e9888700 .functor BUFT 1, C4<0110>, C4<0>, C4<0>, C4<0>;
v00000224e977baa0_0 .net/2u *"_ivl_78", 3 0, L_00000224e9888700;  1 drivers
v00000224e977d300_0 .net *"_ivl_8", 0 0, L_00000224e9886e40;  1 drivers
v00000224e977cd60_0 .net *"_ivl_80", 3 0, L_00000224e9885f40;  1 drivers
v00000224e977c7c0_0 .net *"_ivl_82", 3 0, L_00000224e9885fe0;  1 drivers
v00000224e977ce00_0 .net *"_ivl_84", 3 0, L_00000224e9886260;  1 drivers
v00000224e977c400_0 .net *"_ivl_86", 3 0, L_00000224e98863a0;  1 drivers
v00000224e977cea0_0 .net *"_ivl_88", 3 0, L_00000224e9886440;  1 drivers
v00000224e977d620_0 .net *"_ivl_90", 3 0, L_00000224e9886d00;  1 drivers
v00000224e977b8c0_0 .net *"_ivl_92", 3 0, L_00000224e9886620;  1 drivers
v00000224e977cf40_0 .net *"_ivl_94", 3 0, L_00000224e98864e0;  1 drivers
v00000224e977c540_0 .net *"_ivl_96", 3 0, L_00000224e9886760;  1 drivers
v00000224e977d440_0 .net "funct3", 2 0, L_00000224e9886940;  1 drivers
v00000224e977d6c0_0 .net "funct7", 6 0, L_00000224e98d1770;  1 drivers
L_00000224e98869e0 .cmp/eq 2, L_00000224e9884000, L_00000224e9888088;
L_00000224e9886e40 .cmp/eq 2, L_00000224e9884000, L_00000224e9888118;
L_00000224e9886ee0 .cmp/eq 2, L_00000224e9884000, L_00000224e98881a8;
L_00000224e9885c20 .cmp/eq 3, L_00000224e9886940, L_00000224e98881f0;
L_00000224e98868a0 .cmp/eq 2, L_00000224e9884000, L_00000224e9888280;
L_00000224e98866c0 .cmp/eq 3, L_00000224e9886940, L_00000224e98882c8;
L_00000224e9885cc0 .cmp/eq 3, L_00000224e9886940, L_00000224e9888358;
L_00000224e9886300 .cmp/eq 3, L_00000224e9886940, L_00000224e98883e8;
L_00000224e9886bc0 .cmp/eq 3, L_00000224e9886940, L_00000224e9888478;
L_00000224e9885d60 .cmp/eq 3, L_00000224e9886940, L_00000224e9888508;
L_00000224e9886c60 .cmp/eq 3, L_00000224e9886940, L_00000224e9888598;
L_00000224e9886120 .cmp/eq 3, L_00000224e9886940, L_00000224e9888628;
L_00000224e9885ea0 .cmp/eq 7, L_00000224e98d1770, L_00000224e9888670;
L_00000224e9885f40 .functor MUXZ 4, L_00000224e9888700, L_00000224e98886b8, L_00000224e976ae00, C4<>;
L_00000224e9885fe0 .functor MUXZ 4, L_00000224e9885f40, L_00000224e98885e0, L_00000224e9886c60, C4<>;
L_00000224e9886260 .functor MUXZ 4, L_00000224e9885fe0, L_00000224e9888550, L_00000224e9885d60, C4<>;
L_00000224e98863a0 .functor MUXZ 4, L_00000224e9886260, L_00000224e98884c0, L_00000224e9886bc0, C4<>;
L_00000224e9886440 .functor MUXZ 4, L_00000224e98863a0, L_00000224e9888430, L_00000224e9886300, C4<>;
L_00000224e9886d00 .functor MUXZ 4, L_00000224e9886440, L_00000224e98883a0, L_00000224e9885cc0, C4<>;
L_00000224e9886620 .functor MUXZ 4, L_00000224e9886d00, L_00000224e9888310, L_00000224e976ad20, C4<>;
L_00000224e98864e0 .functor MUXZ 4, L_00000224e9886620, L_00000224e9888238, L_00000224e976aa10, C4<>;
L_00000224e9886760 .functor MUXZ 4, L_00000224e98864e0, L_00000224e9888160, L_00000224e9886e40, C4<>;
L_00000224e9886800 .functor MUXZ 4, L_00000224e9886760, L_00000224e98880d0, L_00000224e98869e0, C4<>;
S_00000224e9714ec0 .scope module, "CU" "control_unit" 4 42, 4 96 0, S_00000224e96ee160;
 .timescale -9 -12;
    .port_info 0 /INPUT 7 "opcode";
    .port_info 1 /INPUT 7 "funct7";
    .port_info 2 /INPUT 3 "funct3";
    .port_info 3 /OUTPUT 1 "ALUSrc";
    .port_info 4 /OUTPUT 2 "ALUOp";
    .port_info 5 /OUTPUT 1 "memRead";
    .port_info 6 /OUTPUT 1 "memWrite";
    .port_info 7 /OUTPUT 1 "jalr";
    .port_info 8 /OUTPUT 1 "jump";
    .port_info 9 /OUTPUT 1 "branch";
    .port_info 10 /OUTPUT 1 "regWrite";
    .port_info 11 /OUTPUT 2 "resultSrc";
    .port_info 12 /OUTPUT 2 "immSrc";
L_00000224e976b2d0 .functor AND 1, L_00000224e98839c0, L_00000224e98854a0, C4<1>, C4<1>;
L_00000224e976aa80 .functor OR 1, L_00000224e9883380, L_00000224e9884be0, C4<0>, C4<0>;
L_00000224e976aaf0 .functor OR 1, L_00000224e9883920, L_00000224e9883e20, C4<0>, C4<0>;
L_00000224e976ad90 .functor OR 1, L_00000224e9884c80, L_00000224e9885720, C4<0>, C4<0>;
L_00000224e976b1f0 .functor AND 1, L_00000224e9883ce0, L_00000224e9883a60, C4<1>, C4<1>;
L_00000224e976b340 .functor OR 1, L_00000224e98834c0, L_00000224e9883ec0, C4<0>, C4<0>;
L_00000224e976afc0 .functor AND 1, L_00000224e9884640, L_00000224e976b340, C4<1>, C4<1>;
L_00000224e976a7e0 .functor OR 1, L_00000224e9883560, L_00000224e9884140, C4<0>, C4<0>;
v00000224e977cfe0_0 .net "ALUOp", 1 0, L_00000224e9884000;  alias, 1 drivers
v00000224e977c4a0_0 .net "ALUSrc", 0 0, L_00000224e9884a00;  alias, 1 drivers
L_00000224e98871a0 .functor BUFT 1, C4<0110100>, C4<0>, C4<0>, C4<0>;
v00000224e977c5e0_0 .net/2u *"_ivl_0", 6 0, L_00000224e98871a0;  1 drivers
L_00000224e9887278 .functor BUFT 1, C4<0010100>, C4<0>, C4<0>, C4<0>;
v00000224e977c680_0 .net/2u *"_ivl_10", 6 0, L_00000224e9887278;  1 drivers
L_00000224e9887938 .functor BUFT 1, C4<0010100>, C4<0>, C4<0>, C4<0>;
v00000224e977bb40_0 .net/2u *"_ivl_100", 6 0, L_00000224e9887938;  1 drivers
v00000224e9875f90_0 .net *"_ivl_102", 0 0, L_00000224e9883ce0;  1 drivers
L_00000224e9887980 .functor BUFT 1, C4<011>, C4<0>, C4<0>, C4<0>;
v00000224e9875810_0 .net/2u *"_ivl_104", 2 0, L_00000224e9887980;  1 drivers
v00000224e9875770_0 .net *"_ivl_106", 0 0, L_00000224e9883a60;  1 drivers
v00000224e9876530_0 .net *"_ivl_108", 0 0, L_00000224e976b1f0;  1 drivers
L_00000224e98879c8 .functor BUFT 1, C4<01>, C4<0>, C4<0>, C4<0>;
v00000224e9876c10_0 .net/2u *"_ivl_110", 1 0, L_00000224e98879c8;  1 drivers
L_00000224e9887a10 .functor BUFT 1, C4<00>, C4<0>, C4<0>, C4<0>;
v00000224e9875c70_0 .net/2u *"_ivl_112", 1 0, L_00000224e9887a10;  1 drivers
v00000224e9876490_0 .net *"_ivl_114", 1 0, L_00000224e9884b40;  1 drivers
L_00000224e9887a58 .functor BUFT 1, C4<0110100>, C4<0>, C4<0>, C4<0>;
v00000224e9876850_0 .net/2u *"_ivl_118", 6 0, L_00000224e9887a58;  1 drivers
v00000224e98758b0_0 .net *"_ivl_12", 0 0, L_00000224e98839c0;  1 drivers
v00000224e9875d10_0 .net *"_ivl_120", 0 0, L_00000224e9884d20;  1 drivers
L_00000224e9887aa0 .functor BUFT 1, C4<00>, C4<0>, C4<0>, C4<0>;
v00000224e9875270_0 .net/2u *"_ivl_122", 1 0, L_00000224e9887aa0;  1 drivers
L_00000224e9887ae8 .functor BUFT 1, C4<1100100>, C4<0>, C4<0>, C4<0>;
v00000224e9876d50_0 .net/2u *"_ivl_124", 6 0, L_00000224e9887ae8;  1 drivers
v00000224e9875950_0 .net *"_ivl_126", 0 0, L_00000224e9883d80;  1 drivers
L_00000224e9887b30 .functor BUFT 1, C4<10>, C4<0>, C4<0>, C4<0>;
v00000224e98760d0_0 .net/2u *"_ivl_128", 1 0, L_00000224e9887b30;  1 drivers
L_00000224e9887b78 .functor BUFT 1, C4<0010100>, C4<0>, C4<0>, C4<0>;
v00000224e9875130_0 .net/2u *"_ivl_130", 6 0, L_00000224e9887b78;  1 drivers
v00000224e9875db0_0 .net *"_ivl_132", 0 0, L_00000224e9884640;  1 drivers
L_00000224e9887bc0 .functor BUFT 1, C4<000>, C4<0>, C4<0>, C4<0>;
v00000224e98768f0_0 .net/2u *"_ivl_134", 2 0, L_00000224e9887bc0;  1 drivers
v00000224e9876170_0 .net *"_ivl_136", 0 0, L_00000224e98834c0;  1 drivers
L_00000224e9887c08 .functor BUFT 1, C4<111>, C4<0>, C4<0>, C4<0>;
v00000224e9876cb0_0 .net/2u *"_ivl_138", 2 0, L_00000224e9887c08;  1 drivers
L_00000224e98872c0 .functor BUFT 1, C4<011>, C4<0>, C4<0>, C4<0>;
v00000224e98765d0_0 .net/2u *"_ivl_14", 2 0, L_00000224e98872c0;  1 drivers
v00000224e9875450_0 .net *"_ivl_140", 0 0, L_00000224e9883ec0;  1 drivers
v00000224e9876030_0 .net *"_ivl_143", 0 0, L_00000224e976b340;  1 drivers
v00000224e9875310_0 .net *"_ivl_145", 0 0, L_00000224e976afc0;  1 drivers
L_00000224e9887c50 .functor BUFT 1, C4<11>, C4<0>, C4<0>, C4<0>;
v00000224e9875e50_0 .net/2u *"_ivl_146", 1 0, L_00000224e9887c50;  1 drivers
L_00000224e9887c98 .functor BUFT 1, C4<01>, C4<0>, C4<0>, C4<0>;
v00000224e98751d0_0 .net/2u *"_ivl_148", 1 0, L_00000224e9887c98;  1 drivers
v00000224e98759f0_0 .net *"_ivl_150", 1 0, L_00000224e9884dc0;  1 drivers
v00000224e9875b30_0 .net *"_ivl_152", 1 0, L_00000224e9883f60;  1 drivers
L_00000224e9887ce0 .functor BUFT 1, C4<0010100>, C4<0>, C4<0>, C4<0>;
v00000224e98762b0_0 .net/2u *"_ivl_156", 6 0, L_00000224e9887ce0;  1 drivers
v00000224e9876990_0 .net *"_ivl_158", 0 0, L_00000224e9883560;  1 drivers
v00000224e9876fd0_0 .net *"_ivl_16", 0 0, L_00000224e98854a0;  1 drivers
L_00000224e9887d28 .functor BUFT 1, C4<1101000>, C4<0>, C4<0>, C4<0>;
v00000224e9875bd0_0 .net/2u *"_ivl_160", 6 0, L_00000224e9887d28;  1 drivers
v00000224e9875ef0_0 .net *"_ivl_162", 0 0, L_00000224e9884140;  1 drivers
v00000224e9876210_0 .net *"_ivl_164", 0 0, L_00000224e976a7e0;  1 drivers
L_00000224e9887d70 .functor BUFT 1, C4<00>, C4<0>, C4<0>, C4<0>;
v00000224e9876670_0 .net/2u *"_ivl_166", 1 0, L_00000224e9887d70;  1 drivers
L_00000224e9887db8 .functor BUFT 1, C4<0100100>, C4<0>, C4<0>, C4<0>;
v00000224e9876ad0_0 .net/2u *"_ivl_168", 6 0, L_00000224e9887db8;  1 drivers
v00000224e9876350_0 .net *"_ivl_170", 0 0, L_00000224e98841e0;  1 drivers
L_00000224e9887e00 .functor BUFT 1, C4<01>, C4<0>, C4<0>, C4<0>;
v00000224e9876b70_0 .net/2u *"_ivl_172", 1 0, L_00000224e9887e00;  1 drivers
L_00000224e9887e48 .functor BUFT 1, C4<1100100>, C4<0>, C4<0>, C4<0>;
v00000224e98753b0_0 .net/2u *"_ivl_174", 6 0, L_00000224e9887e48;  1 drivers
v00000224e9876df0_0 .net *"_ivl_176", 0 0, L_00000224e9883600;  1 drivers
L_00000224e9887e90 .functor BUFT 1, C4<10>, C4<0>, C4<0>, C4<0>;
v00000224e9875a90_0 .net/2u *"_ivl_178", 1 0, L_00000224e9887e90;  1 drivers
v00000224e98763f0_0 .net *"_ivl_18", 0 0, L_00000224e976b2d0;  1 drivers
L_00000224e9887ed8 .functor BUFT 1, C4<11>, C4<0>, C4<0>, C4<0>;
v00000224e98754f0_0 .net/2u *"_ivl_180", 1 0, L_00000224e9887ed8;  1 drivers
v00000224e9875590_0 .net *"_ivl_182", 1 0, L_00000224e9884e60;  1 drivers
v00000224e9876710_0 .net *"_ivl_184", 1 0, L_00000224e9884f00;  1 drivers
v00000224e98767b0_0 .net *"_ivl_2", 0 0, L_00000224e9884960;  1 drivers
L_00000224e9887308 .functor BUFT 1, C4<1>, C4<0>, C4<0>, C4<0>;
v00000224e9876a30_0 .net/2u *"_ivl_20", 0 0, L_00000224e9887308;  1 drivers
L_00000224e9887350 .functor BUFT 1, C4<0>, C4<0>, C4<0>, C4<0>;
v00000224e9876e90_0 .net/2u *"_ivl_22", 0 0, L_00000224e9887350;  1 drivers
L_00000224e9887398 .functor BUFT 1, C4<0100100>, C4<0>, C4<0>, C4<0>;
v00000224e9875630_0 .net/2u *"_ivl_26", 6 0, L_00000224e9887398;  1 drivers
v00000224e9876f30_0 .net *"_ivl_28", 0 0, L_00000224e98840a0;  1 drivers
L_00000224e98873e0 .functor BUFT 1, C4<1>, C4<0>, C4<0>, C4<0>;
v00000224e98756d0_0 .net/2u *"_ivl_30", 0 0, L_00000224e98873e0;  1 drivers
L_00000224e9887428 .functor BUFT 1, C4<0>, C4<0>, C4<0>, C4<0>;
v00000224e9877b40_0 .net/2u *"_ivl_32", 0 0, L_00000224e9887428;  1 drivers
L_00000224e9887470 .functor BUFT 1, C4<1101000>, C4<0>, C4<0>, C4<0>;
v00000224e98776e0_0 .net/2u *"_ivl_36", 6 0, L_00000224e9887470;  1 drivers
v00000224e9877280_0 .net *"_ivl_38", 0 0, L_00000224e9883880;  1 drivers
L_00000224e98871e8 .functor BUFT 1, C4<0>, C4<0>, C4<0>, C4<0>;
v00000224e9877780_0 .net/2u *"_ivl_4", 0 0, L_00000224e98871e8;  1 drivers
L_00000224e98874b8 .functor BUFT 1, C4<1>, C4<0>, C4<0>, C4<0>;
v00000224e9878900_0 .net/2u *"_ivl_40", 0 0, L_00000224e98874b8;  1 drivers
L_00000224e9887500 .functor BUFT 1, C4<0>, C4<0>, C4<0>, C4<0>;
v00000224e9877320_0 .net/2u *"_ivl_42", 0 0, L_00000224e9887500;  1 drivers
L_00000224e9887548 .functor BUFT 1, C4<1101000>, C4<0>, C4<0>, C4<0>;
v00000224e9877960_0 .net/2u *"_ivl_46", 6 0, L_00000224e9887548;  1 drivers
v00000224e98789a0_0 .net *"_ivl_48", 0 0, L_00000224e9883380;  1 drivers
L_00000224e9887590 .functor BUFT 1, C4<1110000>, C4<0>, C4<0>, C4<0>;
v00000224e9878180_0 .net/2u *"_ivl_50", 6 0, L_00000224e9887590;  1 drivers
v00000224e98782c0_0 .net *"_ivl_52", 0 0, L_00000224e9884be0;  1 drivers
v00000224e98773c0_0 .net *"_ivl_54", 0 0, L_00000224e976aa80;  1 drivers
L_00000224e98875d8 .functor BUFT 1, C4<1>, C4<0>, C4<0>, C4<0>;
v00000224e9877460_0 .net/2u *"_ivl_56", 0 0, L_00000224e98875d8;  1 drivers
L_00000224e9887620 .functor BUFT 1, C4<0>, C4<0>, C4<0>, C4<0>;
v00000224e9877640_0 .net/2u *"_ivl_58", 0 0, L_00000224e9887620;  1 drivers
L_00000224e9887230 .functor BUFT 1, C4<1>, C4<0>, C4<0>, C4<0>;
v00000224e9878e00_0 .net/2u *"_ivl_6", 0 0, L_00000224e9887230;  1 drivers
L_00000224e9887668 .functor BUFT 1, C4<1100100>, C4<0>, C4<0>, C4<0>;
v00000224e9878540_0 .net/2u *"_ivl_62", 6 0, L_00000224e9887668;  1 drivers
v00000224e98778c0_0 .net *"_ivl_64", 0 0, L_00000224e9883c40;  1 drivers
L_00000224e98876b0 .functor BUFT 1, C4<1>, C4<0>, C4<0>, C4<0>;
v00000224e9878a40_0 .net/2u *"_ivl_66", 0 0, L_00000224e98876b0;  1 drivers
L_00000224e98876f8 .functor BUFT 1, C4<0>, C4<0>, C4<0>, C4<0>;
v00000224e98780e0_0 .net/2u *"_ivl_68", 0 0, L_00000224e98876f8;  1 drivers
L_00000224e9887740 .functor BUFT 1, C4<1100100>, C4<0>, C4<0>, C4<0>;
v00000224e9877fa0_0 .net/2u *"_ivl_72", 6 0, L_00000224e9887740;  1 drivers
v00000224e9878ae0_0 .net *"_ivl_74", 0 0, L_00000224e9883920;  1 drivers
L_00000224e9887788 .functor BUFT 1, C4<0100100>, C4<0>, C4<0>, C4<0>;
v00000224e9878f40_0 .net/2u *"_ivl_76", 6 0, L_00000224e9887788;  1 drivers
v00000224e9878400_0 .net *"_ivl_78", 0 0, L_00000224e9883e20;  1 drivers
v00000224e9878220_0 .net *"_ivl_80", 0 0, L_00000224e976aaf0;  1 drivers
L_00000224e98877d0 .functor BUFT 1, C4<0>, C4<0>, C4<0>, C4<0>;
v00000224e9877f00_0 .net/2u *"_ivl_82", 0 0, L_00000224e98877d0;  1 drivers
L_00000224e9887818 .functor BUFT 1, C4<1>, C4<0>, C4<0>, C4<0>;
v00000224e9878360_0 .net/2u *"_ivl_84", 0 0, L_00000224e9887818;  1 drivers
L_00000224e9887860 .functor BUFT 1, C4<1101000>, C4<0>, C4<0>, C4<0>;
v00000224e9878040_0 .net/2u *"_ivl_88", 6 0, L_00000224e9887860;  1 drivers
v00000224e98785e0_0 .net *"_ivl_90", 0 0, L_00000224e9884c80;  1 drivers
L_00000224e98878a8 .functor BUFT 1, C4<1110000>, C4<0>, C4<0>, C4<0>;
v00000224e9877820_0 .net/2u *"_ivl_92", 6 0, L_00000224e98878a8;  1 drivers
v00000224e9877be0_0 .net *"_ivl_94", 0 0, L_00000224e9885720;  1 drivers
v00000224e98784a0_0 .net *"_ivl_96", 0 0, L_00000224e976ad90;  1 drivers
L_00000224e98878f0 .functor BUFT 1, C4<10>, C4<0>, C4<0>, C4<0>;
v00000224e9878720_0 .net/2u *"_ivl_98", 1 0, L_00000224e98878f0;  1 drivers
v00000224e9878860_0 .net "branch", 0 0, L_00000224e9885180;  alias, 1 drivers
v00000224e9878680_0 .net "funct3", 2 0, L_00000224e9884320;  1 drivers
v00000224e98775a0_0 .net "funct7", 6 0, L_00000224e9884fa0;  1 drivers
v00000224e9878c20_0 .net "immSrc", 1 0, L_00000224e98836a0;  alias, 1 drivers
v00000224e9877500_0 .net "jalr", 0 0, L_00000224e9884aa0;  alias, 1 drivers
v00000224e9878cc0_0 .net "jump", 0 0, L_00000224e9883b00;  alias, 1 drivers
v00000224e9877a00_0 .net "memRead", 0 0, L_00000224e9883ba0;  alias, 1 drivers
v00000224e9878fe0_0 .net "memWrite", 0 0, L_00000224e98850e0;  alias, 1 drivers
v00000224e98787c0_0 .net "opcode", 6 0, L_00000224e9884280;  1 drivers
v00000224e9878b80_0 .net "regWrite", 0 0, L_00000224e9883420;  alias, 1 drivers
v00000224e9878d60_0 .net "resultSrc", 1 0, L_00000224e9885220;  alias, 1 drivers
L_00000224e9884960 .cmp/eq 7, L_00000224e9884280, L_00000224e98871a0;
L_00000224e9884a00 .functor MUXZ 1, L_00000224e9887230, L_00000224e98871e8, L_00000224e9884960, C4<>;
L_00000224e98839c0 .cmp/eq 7, L_00000224e9884280, L_00000224e9887278;
L_00000224e98854a0 .cmp/eq 3, L_00000224e9884320, L_00000224e98872c0;
L_00000224e9883ba0 .functor MUXZ 1, L_00000224e9887350, L_00000224e9887308, L_00000224e976b2d0, C4<>;
L_00000224e98840a0 .cmp/eq 7, L_00000224e9884280, L_00000224e9887398;
L_00000224e98850e0 .functor MUXZ 1, L_00000224e9887428, L_00000224e98873e0, L_00000224e98840a0, C4<>;
L_00000224e9883880 .cmp/eq 7, L_00000224e9884280, L_00000224e9887470;
L_00000224e9884aa0 .functor MUXZ 1, L_00000224e9887500, L_00000224e98874b8, L_00000224e9883880, C4<>;
L_00000224e9883380 .cmp/eq 7, L_00000224e9884280, L_00000224e9887548;
L_00000224e9884be0 .cmp/eq 7, L_00000224e9884280, L_00000224e9887590;
L_00000224e9883b00 .functor MUXZ 1, L_00000224e9887620, L_00000224e98875d8, L_00000224e976aa80, C4<>;
L_00000224e9883c40 .cmp/eq 7, L_00000224e9884280, L_00000224e9887668;
L_00000224e9885180 .functor MUXZ 1, L_00000224e98876f8, L_00000224e98876b0, L_00000224e9883c40, C4<>;
L_00000224e9883920 .cmp/eq 7, L_00000224e9884280, L_00000224e9887740;
L_00000224e9883e20 .cmp/eq 7, L_00000224e9884280, L_00000224e9887788;
L_00000224e9883420 .functor MUXZ 1, L_00000224e9887818, L_00000224e98877d0, L_00000224e976aaf0, C4<>;
L_00000224e9884c80 .cmp/eq 7, L_00000224e9884280, L_00000224e9887860;
L_00000224e9885720 .cmp/eq 7, L_00000224e9884280, L_00000224e98878a8;
L_00000224e9883ce0 .cmp/eq 7, L_00000224e9884280, L_00000224e9887938;
L_00000224e9883a60 .cmp/eq 3, L_00000224e9884320, L_00000224e9887980;
L_00000224e9884b40 .functor MUXZ 2, L_00000224e9887a10, L_00000224e98879c8, L_00000224e976b1f0, C4<>;
L_00000224e9885220 .functor MUXZ 2, L_00000224e9884b40, L_00000224e98878f0, L_00000224e976ad90, C4<>;
L_00000224e9884d20 .cmp/eq 7, L_00000224e9884280, L_00000224e9887a58;
L_00000224e9883d80 .cmp/eq 7, L_00000224e9884280, L_00000224e9887ae8;
L_00000224e9884640 .cmp/eq 7, L_00000224e9884280, L_00000224e9887b78;
L_00000224e98834c0 .cmp/eq 3, L_00000224e9884320, L_00000224e9887bc0;
L_00000224e9883ec0 .cmp/eq 3, L_00000224e9884320, L_00000224e9887c08;
L_00000224e9884dc0 .functor MUXZ 2, L_00000224e9887c98, L_00000224e9887c50, L_00000224e976afc0, C4<>;
L_00000224e9883f60 .functor MUXZ 2, L_00000224e9884dc0, L_00000224e9887b30, L_00000224e9883d80, C4<>;
L_00000224e9884000 .functor MUXZ 2, L_00000224e9883f60, L_00000224e9887aa0, L_00000224e9884d20, C4<>;
L_00000224e9883560 .cmp/eq 7, L_00000224e9884280, L_00000224e9887ce0;
L_00000224e9884140 .cmp/eq 7, L_00000224e9884280, L_00000224e9887d28;
L_00000224e98841e0 .cmp/eq 7, L_00000224e9884280, L_00000224e9887db8;
L_00000224e9883600 .cmp/eq 7, L_00000224e9884280, L_00000224e9887e48;
L_00000224e9884e60 .functor MUXZ 2, L_00000224e9887ed8, L_00000224e9887e90, L_00000224e9883600, C4<>;
L_00000224e9884f00 .functor MUXZ 2, L_00000224e9884e60, L_00000224e9887e00, L_00000224e98841e0, C4<>;
L_00000224e98836a0 .functor MUXZ 2, L_00000224e9884f00, L_00000224e9887d70, L_00000224e976a7e0, C4<>;
S_00000224e9715050 .scope module, "IMM" "imm_gen" 4 59, 4 152 0, S_00000224e96ee160;
 .timescale -9 -12;
    .port_info 0 /INPUT 32 "inst";
    .port_info 1 /INPUT 2 "immSrc";
    .port_info 2 /OUTPUT 32 "immediate";
L_00000224e9887f20 .functor BUFT 1, C4<00>, C4<0>, C4<0>, C4<0>;
v00000224e9877dc0_0 .net/2u *"_ivl_0", 1 0, L_00000224e9887f20;  1 drivers
v00000224e98771e0_0 .net *"_ivl_10", 31 0, L_00000224e9885540;  1 drivers
L_00000224e9887f68 .functor BUFT 1, C4<01>, C4<0>, C4<0>, C4<0>;
v00000224e9877aa0_0 .net/2u *"_ivl_12", 1 0, L_00000224e9887f68;  1 drivers
v00000224e9878ea0_0 .net *"_ivl_14", 0 0, L_00000224e9885400;  1 drivers
v00000224e9877140_0 .net *"_ivl_17", 0 0, L_00000224e98855e0;  1 drivers
v00000224e9877c80_0 .net *"_ivl_18", 19 0, L_00000224e9883740;  1 drivers
v00000224e9877d20_0 .net *"_ivl_2", 0 0, L_00000224e98857c0;  1 drivers
v00000224e9877e60_0 .net *"_ivl_21", 6 0, L_00000224e9885860;  1 drivers
v00000224e98798d0_0 .net *"_ivl_23", 4 0, L_00000224e98843c0;  1 drivers
v00000224e987a550_0 .net *"_ivl_24", 31 0, L_00000224e9884460;  1 drivers
L_00000224e9887fb0 .functor BUFT 1, C4<10>, C4<0>, C4<0>, C4<0>;
v00000224e987a870_0 .net/2u *"_ivl_26", 1 0, L_00000224e9887fb0;  1 drivers
v00000224e987af50_0 .net *"_ivl_28", 0 0, L_00000224e9885680;  1 drivers
v00000224e9879150_0 .net *"_ivl_31", 0 0, L_00000224e9884500;  1 drivers
v00000224e98796f0_0 .net *"_ivl_32", 18 0, L_00000224e98845a0;  1 drivers
v00000224e9879830_0 .net *"_ivl_35", 0 0, L_00000224e98846e0;  1 drivers
v00000224e987aeb0_0 .net *"_ivl_37", 0 0, L_00000224e9884780;  1 drivers
v00000224e98791f0_0 .net *"_ivl_39", 5 0, L_00000224e9886b20;  1 drivers
v00000224e987ab90_0 .net *"_ivl_41", 3 0, L_00000224e9886a80;  1 drivers
L_00000224e9887ff8 .functor BUFT 1, C4<0>, C4<0>, C4<0>, C4<0>;
v00000224e987a910_0 .net/2u *"_ivl_42", 0 0, L_00000224e9887ff8;  1 drivers
v00000224e987aff0_0 .net *"_ivl_44", 31 0, L_00000224e9886080;  1 drivers
v00000224e987acd0_0 .net *"_ivl_47", 0 0, L_00000224e98859a0;  1 drivers
v00000224e9879790_0 .net *"_ivl_48", 10 0, L_00000224e9885b80;  1 drivers
v00000224e9879290_0 .net *"_ivl_5", 0 0, L_00000224e98852c0;  1 drivers
v00000224e987ac30_0 .net *"_ivl_51", 0 0, L_00000224e9886f80;  1 drivers
v00000224e9879b50_0 .net *"_ivl_53", 7 0, L_00000224e9886580;  1 drivers
v00000224e9879330_0 .net *"_ivl_55", 0 0, L_00000224e9887020;  1 drivers
v00000224e9879970_0 .net *"_ivl_57", 9 0, L_00000224e9885e00;  1 drivers
L_00000224e9888040 .functor BUFT 1, C4<0>, C4<0>, C4<0>, C4<0>;
v00000224e987ad70_0 .net/2u *"_ivl_58", 0 0, L_00000224e9888040;  1 drivers
v00000224e9879510_0 .net *"_ivl_6", 19 0, L_00000224e98837e0;  1 drivers
v00000224e9879bf0_0 .net *"_ivl_60", 31 0, L_00000224e9885a40;  1 drivers
v00000224e987ae10_0 .net *"_ivl_62", 31 0, L_00000224e9885ae0;  1 drivers
v00000224e987a690_0 .net *"_ivl_64", 31 0, L_00000224e9886da0;  1 drivers
v00000224e987a410_0 .net *"_ivl_9", 11 0, L_00000224e9885360;  1 drivers
v00000224e9879470_0 .net "immSrc", 1 0, L_00000224e98836a0;  alias, 1 drivers
v00000224e987a4b0_0 .net "immediate", 31 0, L_00000224e98861c0;  alias, 1 drivers
v00000224e987a370_0 .net "inst", 31 0, v00000224e97541a0_0;  alias, 1 drivers
L_00000224e98857c0 .cmp/eq 2, L_00000224e98836a0, L_00000224e9887f20;
L_00000224e98852c0 .part v00000224e97541a0_0, 31, 1;
LS_00000224e98837e0_0_0 .concat [ 1 1 1 1], L_00000224e98852c0, L_00000224e98852c0, L_00000224e98852c0, L_00000224e98852c0;
LS_00000224e98837e0_0_4 .concat [ 1 1 1 1], L_00000224e98852c0, L_00000224e98852c0, L_00000224e98852c0, L_00000224e98852c0;
LS_00000224e98837e0_0_8 .concat [ 1 1 1 1], L_00000224e98852c0, L_00000224e98852c0, L_00000224e98852c0, L_00000224e98852c0;
LS_00000224e98837e0_0_12 .concat [ 1 1 1 1], L_00000224e98852c0, L_00000224e98852c0, L_00000224e98852c0, L_00000224e98852c0;
LS_00000224e98837e0_0_16 .concat [ 1 1 1 1], L_00000224e98852c0, L_00000224e98852c0, L_00000224e98852c0, L_00000224e98852c0;
LS_00000224e98837e0_1_0 .concat [ 4 4 4 4], LS_00000224e98837e0_0_0, LS_00000224e98837e0_0_4, LS_00000224e98837e0_0_8, LS_00000224e98837e0_0_12;
LS_00000224e98837e0_1_4 .concat [ 4 0 0 0], LS_00000224e98837e0_0_16;
L_00000224e98837e0 .concat [ 16 4 0 0], LS_00000224e98837e0_1_0, LS_00000224e98837e0_1_4;
L_00000224e9885360 .part v00000224e97541a0_0, 20, 12;
L_00000224e9885540 .concat [ 12 20 0 0], L_00000224e9885360, L_00000224e98837e0;
L_00000224e9885400 .cmp/eq 2, L_00000224e98836a0, L_00000224e9887f68;
L_00000224e98855e0 .part v00000224e97541a0_0, 31, 1;
LS_00000224e9883740_0_0 .concat [ 1 1 1 1], L_00000224e98855e0, L_00000224e98855e0, L_00000224e98855e0, L_00000224e98855e0;
LS_00000224e9883740_0_4 .concat [ 1 1 1 1], L_00000224e98855e0, L_00000224e98855e0, L_00000224e98855e0, L_00000224e98855e0;
LS_00000224e9883740_0_8 .concat [ 1 1 1 1], L_00000224e98855e0, L_00000224e98855e0, L_00000224e98855e0, L_00000224e98855e0;
LS_00000224e9883740_0_12 .concat [ 1 1 1 1], L_00000224e98855e0, L_00000224e98855e0, L_00000224e98855e0, L_00000224e98855e0;
LS_00000224e9883740_0_16 .concat [ 1 1 1 1], L_00000224e98855e0, L_00000224e98855e0, L_00000224e98855e0, L_00000224e98855e0;
LS_00000224e9883740_1_0 .concat [ 4 4 4 4], LS_00000224e9883740_0_0, LS_00000224e9883740_0_4, LS_00000224e9883740_0_8, LS_00000224e9883740_0_12;
LS_00000224e9883740_1_4 .concat [ 4 0 0 0], LS_00000224e9883740_0_16;
L_00000224e9883740 .concat [ 16 4 0 0], LS_00000224e9883740_1_0, LS_00000224e9883740_1_4;
L_00000224e9885860 .part v00000224e97541a0_0, 25, 7;
L_00000224e98843c0 .part v00000224e97541a0_0, 7, 5;
L_00000224e9884460 .concat [ 5 7 20 0], L_00000224e98843c0, L_00000224e9885860, L_00000224e9883740;
L_00000224e9885680 .cmp/eq 2, L_00000224e98836a0, L_00000224e9887fb0;
L_00000224e9884500 .part v00000224e97541a0_0, 31, 1;
LS_00000224e98845a0_0_0 .concat [ 1 1 1 1], L_00000224e9884500, L_00000224e9884500, L_00000224e9884500, L_00000224e9884500;
LS_00000224e98845a0_0_4 .concat [ 1 1 1 1], L_00000224e9884500, L_00000224e9884500, L_00000224e9884500, L_00000224e9884500;
LS_00000224e98845a0_0_8 .concat [ 1 1 1 1], L_00000224e9884500, L_00000224e9884500, L_00000224e9884500, L_00000224e9884500;
LS_00000224e98845a0_0_12 .concat [ 1 1 1 1], L_00000224e9884500, L_00000224e9884500, L_00000224e9884500, L_00000224e9884500;
LS_00000224e98845a0_0_16 .concat [ 1 1 1 0], L_00000224e9884500, L_00000224e9884500, L_00000224e9884500;
LS_00000224e98845a0_1_0 .concat [ 4 4 4 4], LS_00000224e98845a0_0_0, LS_00000224e98845a0_0_4, LS_00000224e98845a0_0_8, LS_00000224e98845a0_0_12;
LS_00000224e98845a0_1_4 .concat [ 3 0 0 0], LS_00000224e98845a0_0_16;
L_00000224e98845a0 .concat [ 16 3 0 0], LS_00000224e98845a0_1_0, LS_00000224e98845a0_1_4;
L_00000224e98846e0 .part v00000224e97541a0_0, 31, 1;
L_00000224e9884780 .part v00000224e97541a0_0, 7, 1;
L_00000224e9886b20 .part v00000224e97541a0_0, 25, 6;
L_00000224e9886a80 .part v00000224e97541a0_0, 8, 4;
LS_00000224e9886080_0_0 .concat [ 1 4 6 1], L_00000224e9887ff8, L_00000224e9886a80, L_00000224e9886b20, L_00000224e9884780;
LS_00000224e9886080_0_4 .concat [ 1 19 0 0], L_00000224e98846e0, L_00000224e98845a0;
L_00000224e9886080 .concat [ 12 20 0 0], LS_00000224e9886080_0_0, LS_00000224e9886080_0_4;
L_00000224e98859a0 .part v00000224e97541a0_0, 31, 1;
LS_00000224e9885b80_0_0 .concat [ 1 1 1 1], L_00000224e98859a0, L_00000224e98859a0, L_00000224e98859a0, L_00000224e98859a0;
LS_00000224e9885b80_0_4 .concat [ 1 1 1 1], L_00000224e98859a0, L_00000224e98859a0, L_00000224e98859a0, L_00000224e98859a0;
LS_00000224e9885b80_0_8 .concat [ 1 1 1 0], L_00000224e98859a0, L_00000224e98859a0, L_00000224e98859a0;
L_00000224e9885b80 .concat [ 4 4 3 0], LS_00000224e9885b80_0_0, LS_00000224e9885b80_0_4, LS_00000224e9885b80_0_8;
L_00000224e9886f80 .part v00000224e97541a0_0, 31, 1;
L_00000224e9886580 .part v00000224e97541a0_0, 12, 8;
L_00000224e9887020 .part v00000224e97541a0_0, 20, 1;
L_00000224e9885e00 .part v00000224e97541a0_0, 21, 10;
LS_00000224e9885a40_0_0 .concat [ 1 10 1 8], L_00000224e9888040, L_00000224e9885e00, L_00000224e9887020, L_00000224e9886580;
LS_00000224e9885a40_0_4 .concat [ 1 11 0 0], L_00000224e9886f80, L_00000224e9885b80;
L_00000224e9885a40 .concat [ 20 12 0 0], LS_00000224e9885a40_0_0, LS_00000224e9885a40_0_4;
L_00000224e9885ae0 .functor MUXZ 32, L_00000224e9885a40, L_00000224e9886080, L_00000224e9885680, C4<>;
L_00000224e9886da0 .functor MUXZ 32, L_00000224e9885ae0, L_00000224e9884460, L_00000224e9885400, C4<>;
L_00000224e98861c0 .functor MUXZ 32, L_00000224e9886da0, L_00000224e9885540, L_00000224e98857c0, C4<>;
S_00000224e96ebe00 .scope module, "RF" "register_file" 4 63, 4 168 0, S_00000224e96ee160;
 .timescale -9 -12;
    .port_info 0 /INPUT 1 "clk";
    .port_info 1 /INPUT 1 "rst";
    .port_info 2 /INPUT 1 "regWrite";
    .port_info 3 /INPUT 5 "rs1";
    .port_info 4 /INPUT 5 "rs2";
    .port_info 5 /INPUT 5 "rd";
    .port_info 6 /INPUT 32 "WB_result";
    .port_info 7 /OUTPUT 32 "rs1_val";
    .port_info 8 /OUTPUT 32 "rs2_val";
v00000224e9879a10_0 .net "WB_result", 31 0, v00000224e987d4a0_0;  alias, 1 drivers
v00000224e9879d30_0 .net "clk", 0 0, v00000224e987d540_0;  alias, 1 drivers
v00000224e9879ab0_0 .var/i "i", 31 0;
v00000224e987a5f0_0 .net "rd", 4 0, v00000224e987eda0_0;  alias, 1 drivers
v00000224e987a730_0 .net "regWrite", 0 0, v00000224e987ef80_0;  alias, 1 drivers
v00000224e9879c90 .array "register", 0 31, 31 0;
v00000224e98795b0_0 .net "rs1", 4 0, L_00000224e9885900;  alias, 1 drivers
v00000224e987aaf0_0 .var "rs1_val", 31 0;
v00000224e987a9b0_0 .net "rs2", 4 0, L_00000224e98832e0;  alias, 1 drivers
v00000224e987aa50_0 .var "rs2_val", 31 0;
v00000224e987a050_0 .net "rst", 0 0, v00000224e987e1c0_0;  alias, 1 drivers
E_00000224e97487d0 .event negedge, v00000224e97542e0_0;
E_00000224e9745a10 .event posedge, v00000224e97542e0_0;
S_00000224e9702ce0 .scope module, "pipe_reg" "ID_EX" 4 77, 4 205 0, S_00000224e96ee160;
 .timescale -9 -12;
    .port_info 0 /INPUT 32 "PC_r";
    .port_info 1 /INPUT 32 "instruction_r";
    .port_info 2 /INPUT 1 "clk";
    .port_info 3 /INPUT 1 "rst";
    .port_info 4 /INPUT 1 "flush";
    .port_info 5 /INPUT 1 "ALUSrc_r";
    .port_info 6 /INPUT 1 "memRead_r";
    .port_info 7 /INPUT 1 "memWrite_r";
    .port_info 8 /INPUT 1 "jalr_r";
    .port_info 9 /INPUT 1 "jump_r";
    .port_info 10 /INPUT 1 "branch_r";
    .port_info 11 /INPUT 1 "regWrite_r";
    .port_info 12 /INPUT 2 "resultSrc_r";
    .port_info 13 /INPUT 4 "ALUControl_r";
    .port_info 14 /INPUT 32 "immediate_r";
    .port_info 15 /INPUT 32 "rs1_val_r";
    .port_info 16 /INPUT 32 "rs2_val_r";
    .port_info 17 /INPUT 1 "bgef3_r";
    .port_info 18 /INPUT 5 "rs1_r";
    .port_info 19 /INPUT 5 "rs2_r";
    .port_info 20 /INPUT 5 "rd_r";
    .port_info 21 /OUTPUT 32 "instruction";
    .port_info 22 /OUTPUT 32 "PC";
    .port_info 23 /OUTPUT 1 "ALUSrc";
    .port_info 24 /OUTPUT 1 "memRead";
    .port_info 25 /OUTPUT 1 "memWrite";
    .port_info 26 /OUTPUT 1 "jalr";
    .port_info 27 /OUTPUT 1 "jump";
    .port_info 28 /OUTPUT 1 "branch";
    .port_info 29 /OUTPUT 1 "regWrite";
    .port_info 30 /OUTPUT 2 "resultSrc";
    .port_info 31 /OUTPUT 4 "ALUControl";
    .port_info 32 /OUTPUT 32 "immediate";
    .port_info 33 /OUTPUT 32 "rs1_val";
    .port_info 34 /OUTPUT 32 "rs2_val";
    .port_info 35 /OUTPUT 1 "bgef3";
    .port_info 36 /OUTPUT 5 "rs1";
    .port_info 37 /OUTPUT 5 "rs2";
    .port_info 38 /OUTPUT 5 "rd";
v00000224e9879650_0 .var "ALUControl", 3 0;
v00000224e9879dd0_0 .net "ALUControl_r", 3 0, L_00000224e9886800;  alias, 1 drivers
v00000224e987a7d0_0 .var "ALUSrc", 0 0;
v00000224e9879e70_0 .net "ALUSrc_r", 0 0, L_00000224e9884a00;  alias, 1 drivers
v00000224e9879f10_0 .var "PC", 31 0;
v00000224e9879fb0_0 .net "PC_r", 31 0, v00000224e97556e0_0;  alias, 1 drivers
v00000224e987a0f0_0 .var "bgef3", 0 0;
v00000224e987a190_0 .net "bgef3_r", 0 0, L_00000224e98d19f0;  1 drivers
v00000224e987a230_0 .var "branch", 0 0;
v00000224e987a2d0_0 .net "branch_r", 0 0, L_00000224e9885180;  alias, 1 drivers
v00000224e987b480_0 .net "clk", 0 0, v00000224e987d540_0;  alias, 1 drivers
v00000224e987b660_0 .net "flush", 0 0, L_00000224e976b420;  1 drivers
v00000224e987ce20_0 .var "immediate", 31 0;
v00000224e987b160_0 .net "immediate_r", 31 0, L_00000224e98861c0;  alias, 1 drivers
v00000224e987b3e0_0 .var "instruction", 31 0;
o00000224e9832ed8 .functor BUFZ 32, C4<zzzzzzzzzzzzzzzzzzzzzzzzzzzzzzzz>; HiZ drive
v00000224e987bfc0_0 .net "instruction_r", 31 0, o00000224e9832ed8;  0 drivers
v00000224e987c6a0_0 .var "jalr", 0 0;
v00000224e987c100_0 .net "jalr_r", 0 0, L_00000224e9884aa0;  alias, 1 drivers
v00000224e987cec0_0 .var "jump", 0 0;
v00000224e987b700_0 .net "jump_r", 0 0, L_00000224e9883b00;  alias, 1 drivers
v00000224e987bd40_0 .var "memRead", 0 0;
v00000224e987b2a0_0 .net "memRead_r", 0 0, L_00000224e9883ba0;  alias, 1 drivers
v00000224e987ca60_0 .var "memWrite", 0 0;
v00000224e987b520_0 .net "memWrite_r", 0 0, L_00000224e98850e0;  alias, 1 drivers
v00000224e987b7a0_0 .var "rd", 4 0;
v00000224e987b340_0 .net "rd_r", 4 0, L_00000224e9885040;  alias, 1 drivers
v00000224e987c600_0 .var "regWrite", 0 0;
v00000224e987c9c0_0 .net "regWrite_r", 0 0, L_00000224e9883420;  alias, 1 drivers
v00000224e987c4c0_0 .var "resultSrc", 1 0;
v00000224e987b5c0_0 .net "resultSrc_r", 1 0, L_00000224e9885220;  alias, 1 drivers
v00000224e987c240_0 .var "rs1", 4 0;
v00000224e987c2e0_0 .net "rs1_r", 4 0, L_00000224e9885900;  alias, 1 drivers
v00000224e987c380_0 .var "rs1_val", 31 0;
v00000224e987c420_0 .net "rs1_val_r", 31 0, v00000224e987aaf0_0;  alias, 1 drivers
v00000224e987cce0_0 .var "rs2", 4 0;
v00000224e987b840_0 .net "rs2_r", 4 0, L_00000224e98832e0;  alias, 1 drivers
v00000224e987c560_0 .var "rs2_val", 31 0;
v00000224e987c740_0 .net "rs2_val_r", 31 0, v00000224e987aa50_0;  alias, 1 drivers
v00000224e987b200_0 .net "rst", 0 0, v00000224e987e1c0_0;  alias, 1 drivers
S_00000224e975d320 .scope module, "fetch_stage" "fetch_stage" 3 10;
 .timescale -9 -12;
    .port_info 0 /INPUT 1 "clk";
    .port_info 1 /INPUT 1 "rst";
    .port_info 2 /INPUT 1 "stall";
    .port_info 3 /INPUT 1 "PCSel";
    .port_info 4 /INPUT 32 "jump_target";
    .port_info 5 /OUTPUT 32 "PC_out";
    .port_info 6 /OUTPUT 32 "instruction_out";
    .port_info 7 /OUTPUT 5 "rs1_out";
    .port_info 8 /OUTPUT 5 "rs2_out";
o00000224e9834618 .functor BUFZ 1, C4<z>; HiZ drive
v00000224e987fac0_0 .net "PCSel", 0 0, o00000224e9834618;  0 drivers
v00000224e9880380_0 .net "PC_out", 31 0, v00000224e987e8a0_0;  1 drivers
v00000224e987fde0_0 .net "PC_plus_4", 31 0, L_00000224e98d1590;  1 drivers
v00000224e9880100_0 .net "PC_w", 31 0, v00000224e9880420_0;  1 drivers
o00000224e9833e68 .functor BUFZ 1, C4<z>; HiZ drive
v00000224e9880240_0 .net "clk", 0 0, o00000224e9833e68;  0 drivers
v00000224e98802e0_0 .net "instruction_out", 31 0, v00000224e987e940_0;  1 drivers
v00000224e98804c0_0 .net "instruction_w", 31 0, L_00000224e98d2030;  1 drivers
o00000224e98345e8 .functor BUFZ 32, C4<zzzzzzzzzzzzzzzzzzzzzzzzzzzzzzzz>; HiZ drive
v00000224e9880560_0 .net "jump_target", 31 0, o00000224e98345e8;  0 drivers
v00000224e98806a0_0 .net "next_PC_val", 31 0, L_00000224e98d37f0;  1 drivers
v00000224e98807e0_0 .net "rs1_out", 4 0, L_00000224e98d1a90;  1 drivers
v00000224e9880880_0 .net "rs2_out", 4 0, L_00000224e98d1950;  1 drivers
o00000224e9833f58 .functor BUFZ 1, C4<z>; HiZ drive
v00000224e9884820_0 .net "rst", 0 0, o00000224e9833f58;  0 drivers
o00000224e9833f88 .functor BUFZ 1, C4<z>; HiZ drive
v00000224e9883240_0 .net "stall", 0 0, o00000224e9833f88;  0 drivers
S_00000224e96e1ac0 .scope module, "IFID" "IF_ID" 3 37, 3 87 0, S_00000224e975d320;
 .timescale -9 -12;
    .port_info 0 /INPUT 1 "clk";
    .port_info 1 /INPUT 1 "rst";
    .port_info 2 /INPUT 1 "stall";
    .port_info 3 /INPUT 32 "PC_r";
    .port_info 4 /INPUT 32 "instr_r";
    .port_info 5 /OUTPUT 32 "PC";
    .port_info 6 /OUTPUT 32 "instr";
    .port_info 7 /OUTPUT 5 "rs1_out";
    .port_info 8 /OUTPUT 5 "rs2_out";
v00000224e987e8a0_0 .var "PC", 31 0;
v00000224e987e760_0 .net "PC_r", 31 0, v00000224e9880420_0;  alias, 1 drivers
v00000224e987e300_0 .net "clk", 0 0, o00000224e9833e68;  alias, 0 drivers
v00000224e987e940_0 .var "instr", 31 0;
v00000224e987f7a0_0 .net "instr_r", 31 0, L_00000224e98d2030;  alias, 1 drivers
v00000224e987f840_0 .net "rs1_out", 4 0, L_00000224e98d1a90;  alias, 1 drivers
v00000224e987f200_0 .net "rs2_out", 4 0, L_00000224e98d1950;  alias, 1 drivers
v00000224e987f2a0_0 .net "rst", 0 0, o00000224e9833f58;  alias, 0 drivers
v00000224e987f340_0 .net "stall", 0 0, o00000224e9833f88;  alias, 0 drivers
E_00000224e97456d0 .event posedge, v00000224e987f2a0_0, v00000224e987e300_0;
L_00000224e98d1a90 .part L_00000224e98d2030, 15, 5;
L_00000224e98d1950 .part L_00000224e98d2030, 20, 5;
S_00000224e96e1c50 .scope module, "IM" "instruction_memory" 3 32, 3 43 0, S_00000224e975d320;
 .timescale -9 -12;
    .port_info 0 /INPUT 32 "PC";
    .port_info 1 /OUTPUT 32 "instruction";
v00000224e987f3e0_0 .net "PC", 31 0, v00000224e9880420_0;  alias, 1 drivers
v00000224e9880a60_0 .net *"_ivl_0", 7 0, L_00000224e98d2e90;  1 drivers
v00000224e9880920_0 .net *"_ivl_10", 31 0, L_00000224e98d16d0;  1 drivers
v00000224e9880740_0 .net *"_ivl_12", 7 0, L_00000224e98d1f90;  1 drivers
L_00000224e9888868 .functor BUFT 1, C4<00000000000000000000000000000001>, C4<0>, C4<0>, C4<0>;
v00000224e987fb60_0 .net/2u *"_ivl_14", 31 0, L_00000224e9888868;  1 drivers
v00000224e9881000_0 .net *"_ivl_16", 31 0, L_00000224e98d25d0;  1 drivers
v00000224e9880f60_0 .net *"_ivl_18", 7 0, L_00000224e98d1450;  1 drivers
L_00000224e98887d8 .functor BUFT 1, C4<00000000000000000000000000000011>, C4<0>, C4<0>, C4<0>;
v00000224e987ffc0_0 .net/2u *"_ivl_2", 31 0, L_00000224e98887d8;  1 drivers
v00000224e987fd40_0 .net *"_ivl_4", 31 0, L_00000224e98d13b0;  1 drivers
v00000224e98801a0_0 .net *"_ivl_6", 7 0, L_00000224e98d20d0;  1 drivers
L_00000224e9888820 .functor BUFT 1, C4<00000000000000000000000000000010>, C4<0>, C4<0>, C4<0>;
v00000224e9880d80_0 .net/2u *"_ivl_8", 31 0, L_00000224e9888820;  1 drivers
v00000224e9880e20_0 .var/i "i", 31 0;
v00000224e9880ba0_0 .net "instruction", 31 0, L_00000224e98d2030;  alias, 1 drivers
v00000224e9880060 .array "memory", 65535 0, 7 0;
v00000224e987fe80 .array "temp_mem", 16383 0, 31 0;
L_00000224e98d2e90 .array/port v00000224e9880060, L_00000224e98d13b0;
L_00000224e98d13b0 .arith/sum 32, v00000224e9880420_0, L_00000224e98887d8;
L_00000224e98d20d0 .array/port v00000224e9880060, L_00000224e98d16d0;
L_00000224e98d16d0 .arith/sum 32, v00000224e9880420_0, L_00000224e9888820;
L_00000224e98d1f90 .array/port v00000224e9880060, L_00000224e98d25d0;
L_00000224e98d25d0 .arith/sum 32, v00000224e9880420_0, L_00000224e9888868;
L_00000224e98d1450 .array/port v00000224e9880060, v00000224e9880420_0;
L_00000224e98d2030 .concat [ 8 8 8 8], L_00000224e98d1450, L_00000224e98d1f90, L_00000224e98d20d0, L_00000224e98d2e90;
S_00000224e9719350 .scope module, "PC_Reg" "program_counter" 3 24, 3 76 0, S_00000224e975d320;
 .timescale -9 -12;
    .port_info 0 /INPUT 1 "clk";
    .port_info 1 /INPUT 32 "PC_mux_output";
    .port_info 2 /INPUT 1 "rst";
    .port_info 3 /INPUT 1 "stall";
    .port_info 4 /OUTPUT 32 "PC";
v00000224e9880420_0 .var "PC", 31 0;
v00000224e9880600_0 .net "PC_mux_output", 31 0, L_00000224e98d37f0;  alias, 1 drivers
v00000224e987fc00_0 .net "clk", 0 0, o00000224e9833e68;  alias, 0 drivers
v00000224e9880b00_0 .net "rst", 0 0, o00000224e9833f58;  alias, 0 drivers
v00000224e987f980_0 .net "stall", 0 0, o00000224e9833f88;  alias, 0 drivers
E_00000224e9745d90 .event posedge, v00000224e987e300_0;
S_00000224e97194e0 .scope module, "adder_4" "adder" 3 20, 5 12 0, S_00000224e975d320;
 .timescale -9 -12;
    .port_info 0 /INPUT 32 "a";
    .port_info 1 /INPUT 32 "b";
    .port_info 2 /OUTPUT 32 "f";
v00000224e987fa20_0 .net "a", 31 0, v00000224e9880420_0;  alias, 1 drivers
L_00000224e9888790 .functor BUFT 1, C4<00000000000000000000000000000100>, C4<0>, C4<0>, C4<0>;
v00000224e9880ec0_0 .net "b", 31 0, L_00000224e9888790;  1 drivers
v00000224e987ff20_0 .net "f", 31 0, L_00000224e98d1590;  alias, 1 drivers
L_00000224e98d1590 .arith/sum 32, v00000224e9880420_0, L_00000224e9888790;
S_00000224e970e910 .scope module, "mux" "mux_2x1" 3 22, 5 1 0, S_00000224e975d320;
 .timescale -9 -12;
    .port_info 0 /INPUT 32 "a";
    .port_info 1 /INPUT 32 "b";
    .port_info 2 /INPUT 1 "s";
    .port_info 3 /OUTPUT 32 "f";
v00000224e9880c40_0 .net "a", 31 0, L_00000224e98d1590;  alias, 1 drivers
v00000224e987fca0_0 .net "b", 31 0, o00000224e98345e8;  alias, 0 drivers
v00000224e9880ce0_0 .net "f", 31 0, L_00000224e98d37f0;  alias, 1 drivers
v00000224e98809c0_0 .net "s", 0 0, o00000224e9834618;  alias, 0 drivers
L_00000224e98d37f0 .functor MUXZ 32, L_00000224e98d1590, o00000224e98345e8, o00000224e9834618, C4<>;
    .scope S_00000224e975c1e0;
T_0 ;
    %wait E_00000224e97486d0;
    %load/vec4 v00000224e9754380_0;
    %flag_set/vec4 8;
    %jmp/0xz  T_0.0, 8;
    %pushi/vec4 0, 0, 32;
    %assign/vec4 v00000224e97556e0_0, 0;
    %pushi/vec4 0, 0, 32;
    %assign/vec4 v00000224e97541a0_0, 0;
    %jmp T_0.1;
T_0.0 ;
    %load/vec4 v00000224e9754e20_0;
    %nor/r;
    %flag_set/vec4 8;
    %jmp/0xz  T_0.2, 8;
    %load/vec4 v00000224e9754420_0;
    %assign/vec4 v00000224e97556e0_0, 0;
    %load/vec4 v00000224e9755780_0;
    %assign/vec4 v00000224e97541a0_0, 0;
T_0.2 ;
T_0.1 ;
    %jmp T_0;
    .thread T_0;
    .scope S_00000224e96ebe00;
T_1 ;
    %wait E_00000224e9745a10;
    %load/vec4 v00000224e987a730_0;
    %load/vec4 v00000224e987a5f0_0;
    %pushi/vec4 0, 0, 5;
    %cmp/ne;
    %flag_get/vec4 4;
    %and;
    %flag_set/vec4 8;
    %jmp/0xz  T_1.0, 8;
    %load/vec4 v00000224e9879a10_0;
    %load/vec4 v00000224e987a5f0_0;
    %pad/u 7;
    %ix/vec4 3;
    %ix/load 4, 0, 0; Constant delay
    %assign/vec4/a/d v00000224e9879c90, 0, 4;
T_1.0 ;
    %jmp T_1;
    .thread T_1;
    .scope S_00000224e96ebe00;
T_2 ;
    %wait E_00000224e97487d0;
    %load/vec4 v00000224e987a050_0;
    %cmpi/e 1, 0, 1;
    %flag_mov 8, 4;
    %jmp/0 T_2.0, 8;
    %pushi/vec4 0, 0, 32;
    %jmp/1 T_2.1, 8;
T_2.0 ; End of true expr.
    %load/vec4 v00000224e98795b0_0;
    %pad/u 7;
    %ix/vec4 4;
    %load/vec4a v00000224e9879c90, 4;
    %jmp/0 T_2.1, 8;
 ; End of false expr.
    %blend;
T_2.1;
    %store/vec4 v00000224e987aaf0_0, 0, 32;
    %load/vec4 v00000224e987a050_0;
    %cmpi/e 1, 0, 1;
    %flag_mov 8, 4;
    %jmp/0 T_2.2, 8;
    %pushi/vec4 0, 0, 32;
    %jmp/1 T_2.3, 8;
T_2.2 ; End of true expr.
    %load/vec4 v00000224e987a9b0_0;
    %pad/u 7;
    %ix/vec4 4;
    %load/vec4a v00000224e9879c90, 4;
    %jmp/0 T_2.3, 8;
 ; End of false expr.
    %blend;
T_2.3;
    %store/vec4 v00000224e987aa50_0, 0, 32;
    %jmp T_2;
    .thread T_2;
    .scope S_00000224e96ebe00;
T_3 ;
    %pushi/vec4 0, 0, 32;
    %store/vec4 v00000224e9879ab0_0, 0, 32;
T_3.0 ;
    %load/vec4 v00000224e9879ab0_0;
    %cmpi/s 32, 0, 32;
    %jmp/0xz T_3.1, 5;
    %pushi/vec4 0, 0, 32;
    %ix/getv/s 4, v00000224e9879ab0_0;
    %store/vec4a v00000224e9879c90, 4, 0;
    %load/vec4 v00000224e9879ab0_0;
    %addi 1, 0, 32;
    %store/vec4 v00000224e9879ab0_0, 0, 32;
    %jmp T_3.0;
T_3.1 ;
    %end;
    .thread T_3;
    .scope S_00000224e9702ce0;
T_4 ;
    %wait E_00000224e97486d0;
    %load/vec4 v00000224e987b200_0;
    %flag_set/vec4 8;
    %jmp/0xz  T_4.0, 8;
    %pushi/vec4 0, 0, 32;
    %assign/vec4 v00000224e987b3e0_0, 0;
    %pushi/vec4 0, 0, 32;
    %assign/vec4 v00000224e9879f10_0, 0;
    %pushi/vec4 0, 0, 1;
    %assign/vec4 v00000224e987a7d0_0, 0;
    %pushi/vec4 0, 0, 1;
    %assign/vec4 v00000224e987bd40_0, 0;
    %pushi/vec4 0, 0, 1;
    %assign/vec4 v00000224e987ca60_0, 0;
    %pushi/vec4 0, 0, 1;
    %assign/vec4 v00000224e987c6a0_0, 0;
    %pushi/vec4 0, 0, 1;
    %assign/vec4 v00000224e987cec0_0, 0;
    %pushi/vec4 0, 0, 1;
    %assign/vec4 v00000224e987a230_0, 0;
    %pushi/vec4 0, 0, 1;
    %assign/vec4 v00000224e987c600_0, 0;
    %pushi/vec4 0, 0, 2;
    %assign/vec4 v00000224e987c4c0_0, 0;
    %pushi/vec4 0, 0, 4;
    %assign/vec4 v00000224e9879650_0, 0;
    %pushi/vec4 0, 0, 32;
    %assign/vec4 v00000224e987ce20_0, 0;
    %pushi/vec4 0, 0, 32;
    %assign/vec4 v00000224e987c380_0, 0;
    %pushi/vec4 0, 0, 32;
    %assign/vec4 v00000224e987c560_0, 0;
    %pushi/vec4 0, 0, 1;
    %assign/vec4 v00000224e987a0f0_0, 0;
    %pushi/vec4 0, 0, 5;
    %assign/vec4 v00000224e987c240_0, 0;
    %pushi/vec4 0, 0, 5;
    %assign/vec4 v00000224e987cce0_0, 0;
    %pushi/vec4 0, 0, 5;
    %assign/vec4 v00000224e987b7a0_0, 0;
    %jmp T_4.1;
T_4.0 ;
    %load/vec4 v00000224e987b660_0;
    %flag_set/vec4 8;
    %jmp/0xz  T_4.2, 8;
    %pushi/vec4 0, 0, 32;
    %assign/vec4 v00000224e987b3e0_0, 0;
    %pushi/vec4 0, 0, 32;
    %assign/vec4 v00000224e9879f10_0, 0;
    %pushi/vec4 0, 0, 1;
    %assign/vec4 v00000224e987a7d0_0, 0;
    %pushi/vec4 0, 0, 1;
    %assign/vec4 v00000224e987bd40_0, 0;
    %pushi/vec4 0, 0, 1;
    %assign/vec4 v00000224e987ca60_0, 0;
    %pushi/vec4 0, 0, 1;
    %assign/vec4 v00000224e987c6a0_0, 0;
    %pushi/vec4 0, 0, 1;
    %assign/vec4 v00000224e987cec0_0, 0;
    %pushi/vec4 0, 0, 1;
    %assign/vec4 v00000224e987a230_0, 0;
    %pushi/vec4 0, 0, 1;
    %assign/vec4 v00000224e987c600_0, 0;
    %pushi/vec4 0, 0, 2;
    %assign/vec4 v00000224e987c4c0_0, 0;
    %pushi/vec4 0, 0, 4;
    %assign/vec4 v00000224e9879650_0, 0;
    %pushi/vec4 0, 0, 32;
    %assign/vec4 v00000224e987ce20_0, 0;
    %pushi/vec4 0, 0, 32;
    %assign/vec4 v00000224e987c380_0, 0;
    %pushi/vec4 0, 0, 32;
    %assign/vec4 v00000224e987c560_0, 0;
    %pushi/vec4 0, 0, 1;
    %assign/vec4 v00000224e987a0f0_0, 0;
    %pushi/vec4 0, 0, 5;
    %assign/vec4 v00000224e987c240_0, 0;
    %pushi/vec4 0, 0, 5;
    %assign/vec4 v00000224e987cce0_0, 0;
    %pushi/vec4 0, 0, 5;
    %assign/vec4 v00000224e987b7a0_0, 0;
    %jmp T_4.3;
T_4.2 ;
    %load/vec4 v00000224e987bfc0_0;
    %assign/vec4 v00000224e987b3e0_0, 0;
    %load/vec4 v00000224e9879fb0_0;
    %assign/vec4 v00000224e9879f10_0, 0;
    %load/vec4 v00000224e9879e70_0;
    %assign/vec4 v00000224e987a7d0_0, 0;
    %load/vec4 v00000224e987b2a0_0;
    %assign/vec4 v00000224e987bd40_0, 0;
    %load/vec4 v00000224e987b520_0;
    %assign/vec4 v00000224e987ca60_0, 0;
    %load/vec4 v00000224e987c100_0;
    %assign/vec4 v00000224e987c6a0_0, 0;
    %load/vec4 v00000224e987b700_0;
    %assign/vec4 v00000224e987cec0_0, 0;
    %load/vec4 v00000224e987a2d0_0;
    %assign/vec4 v00000224e987a230_0, 0;
    %load/vec4 v00000224e987c9c0_0;
    %assign/vec4 v00000224e987c600_0, 0;
    %load/vec4 v00000224e987b5c0_0;
    %assign/vec4 v00000224e987c4c0_0, 0;
    %load/vec4 v00000224e9879dd0_0;
    %assign/vec4 v00000224e9879650_0, 0;
    %load/vec4 v00000224e987b160_0;
    %assign/vec4 v00000224e987ce20_0, 0;
    %load/vec4 v00000224e987c420_0;
    %assign/vec4 v00000224e987c380_0, 0;
    %load/vec4 v00000224e987c740_0;
    %assign/vec4 v00000224e987c560_0, 0;
    %load/vec4 v00000224e987a190_0;
    %assign/vec4 v00000224e987a0f0_0, 0;
    %load/vec4 v00000224e987c2e0_0;
    %assign/vec4 v00000224e987c240_0, 0;
    %load/vec4 v00000224e987b840_0;
    %assign/vec4 v00000224e987cce0_0, 0;
    %load/vec4 v00000224e987b340_0;
    %assign/vec4 v00000224e987b7a0_0, 0;
T_4.3 ;
T_4.1 ;
    %jmp T_4;
    .thread T_4;
    .scope S_00000224e96f6e40;
T_5 ;
    %delay 5000, 0;
    %load/vec4 v00000224e987d540_0;
    %inv;
    %store/vec4 v00000224e987d540_0, 0, 1;
    %jmp T_5;
    .thread T_5;
    .scope S_00000224e96f6e40;
T_6 ;
    %vpi_call 2 50 "$dumpfile", "ID_tb.vcd" {0 0 0};
    %vpi_call 2 51 "$dumpvars", 32'sb00000000000000000000000000000000, S_00000224e96f6e40 {0 0 0};
    %pushi/vec4 0, 0, 1;
    %store/vec4 v00000224e987d540_0, 0, 1;
    %pushi/vec4 1, 0, 1;
    %store/vec4 v00000224e987e1c0_0, 0, 1;
    %pushi/vec4 0, 0, 1;
    %store/vec4 v00000224e987dc20_0, 0, 1;
    %pushi/vec4 0, 0, 32;
    %store/vec4 v00000224e987d5e0_0, 0, 32;
    %pushi/vec4 0, 0, 32;
    %store/vec4 v00000224e987ebc0_0, 0, 32;
    %pushi/vec4 0, 0, 1;
    %store/vec4 v00000224e987ef80_0, 0, 1;
    %pushi/vec4 0, 0, 32;
    %store/vec4 v00000224e987d4a0_0, 0, 32;
    %delay 20000, 0;
    %pushi/vec4 0, 0, 1;
    %store/vec4 v00000224e987e1c0_0, 0, 1;
    %wait E_00000224e9745a10;
    %pushi/vec4 1, 0, 5;
    %store/vec4 v00000224e987eda0_0, 0, 5;
    %pushi/vec4 1, 0, 1;
    %store/vec4 v00000224e987ef80_0, 0, 1;
    %pushi/vec4 15761940, 0, 32;
    %store/vec4 v00000224e987d5e0_0, 0, 32;
    %pushi/vec4 100, 0, 32;
    %store/vec4 v00000224e987d4a0_0, 0, 32;
    %pushi/vec4 2, 0, 32;
T_6.0 %dup/vec4;
    %pushi/vec4 0, 0, 32;
    %cmp/s;
    %jmp/1xz T_6.1, 5;
    %jmp/1 T_6.1, 4;
    %pushi/vec4 1, 0, 32;
    %sub;
    %wait E_00000224e9745a10;
    %jmp T_6.0;
T_6.1 ;
    %pop/vec4 1;
    %pushi/vec4 0, 0, 1;
    %store/vec4 v00000224e987ef80_0, 0, 1;
    %vpi_call 2 81 "$display", "--- Testing andi  x4, x1, 15 after writing 100 into x1 ---" {0 0 0};
    %vpi_call 2 82 "$display", "Time: %t | Inst: %h | Imm: %d | rs1_val: %d |  RegWrite: %b, ALUControl = %b\012", $time, v00000224e987d5e0_0, v00000224e987f0c0_0, v00000224e987dcc0_0, v00000224e987dea0_0, v00000224e987d400_0 {0 0 0};
    %pushi/vec4 5350500, 0, 32;
    %store/vec4 v00000224e987d5e0_0, 0, 32;
    %pushi/vec4 2, 0, 32;
T_6.2 %dup/vec4;
    %pushi/vec4 0, 0, 32;
    %cmp/s;
    %jmp/1xz T_6.3, 5;
    %jmp/1 T_6.3, 4;
    %pushi/vec4 1, 0, 32;
    %sub;
    %wait E_00000224e9745a10;
    %jmp T_6.2;
T_6.3 ;
    %pop/vec4 1;
    %vpi_call 2 90 "$display", "--- Testing bne   x3, x5, l2 ---" {0 0 0};
    %vpi_call 2 91 "$display", "Time: %t | Inst: %h | Branch: %b | Jump (jal or jalr): %b | rs2: %d | bgef3 = %b,  ALUControl = %b\012", $time, v00000224e987d5e0_0, v00000224e987e4e0_0, v00000224e987f020_0, v00000224e987dd60_0, v00000224e987e800_0, v00000224e987d400_0 {0 0 0};
    %pushi/vec4 539005364, 0, 32;
    %store/vec4 v00000224e987d5e0_0, 0, 32;
    %pushi/vec4 2, 0, 32;
T_6.4 %dup/vec4;
    %pushi/vec4 0, 0, 32;
    %cmp/s;
    %jmp/1xz T_6.5, 5;
    %jmp/1 T_6.5, 4;
    %pushi/vec4 1, 0, 32;
    %sub;
    %wait E_00000224e9745a10;
    %jmp T_6.4;
T_6.5 ;
    %pop/vec4 1;
    %vpi_call 2 98 "$display", "--- Testing addw  x3, x1, x2---" {0 0 0};
    %vpi_call 2 99 "$display", " Time: %t | Inst: %h | ALUSrc: %b (0 for ALU wb) | ALUControl: %b | rs1: %d, rs2: %d, rd: %d\012", $time, v00000224e987d5e0_0, v00000224e987f660_0, v00000224e987d400_0, v00000224e987d900_0, v00000224e987dd60_0, v00000224e987d680_0 {0 0 0};
    %pushi/vec4 45460, 0, 32;
    %store/vec4 v00000224e987d5e0_0, 0, 32;
    %pushi/vec4 2, 0, 32;
T_6.6 %dup/vec4;
    %pushi/vec4 0, 0, 32;
    %cmp/s;
    %jmp/1xz T_6.7, 5;
    %jmp/1 T_6.7, 4;
    %pushi/vec4 1, 0, 32;
    %sub;
    %wait E_00000224e9745a10;
    %jmp T_6.6;
T_6.7 ;
    %pop/vec4 1;
    %vpi_call 2 107 "$display", "--- Testing lw    x3, 0(x1) ---" {0 0 0};
    %vpi_call 2 108 "$display", "Time: %t | Inst: %h | memRead: %b | ResultSrc: %b | Imm: %d\012", $time, v00000224e987d5e0_0, v00000224e987ed00_0, v00000224e987e6c0_0, v00000224e987f0c0_0 {0 0 0};
    %pushi/vec4 2142756, 0, 32;
    %store/vec4 v00000224e987d5e0_0, 0, 32;
    %pushi/vec4 2, 0, 32;
T_6.8 %dup/vec4;
    %pushi/vec4 0, 0, 32;
    %cmp/s;
    %jmp/1xz T_6.9, 5;
    %jmp/1 T_6.9, 4;
    %pushi/vec4 1, 0, 32;
    %sub;
    %wait E_00000224e9745a10;
    %jmp T_6.8;
T_6.9 ;
    %pop/vec4 1;
    %vpi_call 2 114 "$display", "--- Testing sw    x2, 4(x1)  ---" {0 0 0};
    %vpi_call 2 115 "$display", "Time: %t | Inst: %h | memWrite: %b | Imm: %d | rs2_val (data to store): %d\012", $time, v00000224e987d5e0_0, v00000224e987d860_0, v00000224e987f0c0_0, v00000224e987e120_0 {0 0 0};
    %pushi/vec4 12583792, 0, 32;
    %store/vec4 v00000224e987d5e0_0, 0, 32;
    %pushi/vec4 2, 0, 32;
T_6.10 %dup/vec4;
    %pushi/vec4 0, 0, 32;
    %cmp/s;
    %jmp/1xz T_6.11, 5;
    %jmp/1 T_6.11, 4;
    %pushi/vec4 1, 0, 32;
    %sub;
    %wait E_00000224e9745a10;
    %jmp T_6.10;
T_6.11 ;
    %pop/vec4 1;
    %vpi_call 2 121 "$display", "--- Testing jal   x6, l1  ---" {0 0 0};
    %vpi_call 2 122 "$display", "Time: %t | Inst: %h | jump: %b | regWrite: %b | resultSrc: %b (10: wb PC+4)\012", $time, v00000224e987d5e0_0, v00000224e987f020_0, v00000224e987dea0_0, v00000224e987e6c0_0 {0 0 0};
    %pushi/vec4 34686260, 0, 32;
    %store/vec4 v00000224e987d5e0_0, 0, 32;
    %pushi/vec4 2, 0, 32;
T_6.12 %dup/vec4;
    %pushi/vec4 0, 0, 32;
    %cmp/s;
    %jmp/1xz T_6.13, 5;
    %jmp/1 T_6.13, 4;
    %pushi/vec4 1, 0, 32;
    %sub;
    %wait E_00000224e9745a10;
    %jmp T_6.12;
T_6.13 ;
    %pop/vec4 1;
    %vpi_call 2 129 "$display", "--- Testing SLTU  sltu  x10, x2, x1 ---" {0 0 0};
    %vpi_call 2 130 "$display", "Time: %t | Inst: %h | ALUControl: %b, rs2_val %d", $time, v00000224e987d5e0_0, v00000224e987d400_0, v00000224e987e120_0 {0 0 0};
    %delay 20000, 0;
    %vpi_call 2 133 "$finish" {0 0 0};
    %end;
    .thread T_6;
    .scope S_00000224e9719350;
T_7 ;
    %wait E_00000224e9745d90;
    %load/vec4 v00000224e9880b00_0;
    %cmpi/e 1, 0, 1;
    %jmp/0xz  T_7.0, 4;
    %pushi/vec4 0, 0, 32;
    %assign/vec4 v00000224e9880420_0, 0;
    %jmp T_7.1;
T_7.0 ;
    %load/vec4 v00000224e987f980_0;
    %nor/r;
    %flag_set/vec4 8;
    %jmp/0xz  T_7.2, 8;
    %load/vec4 v00000224e9880600_0;
    %assign/vec4 v00000224e9880420_0, 0;
T_7.2 ;
T_7.1 ;
    %jmp T_7;
    .thread T_7;
    .scope S_00000224e96e1c50;
T_8 ;
    %pushi/vec4 0, 0, 32;
    %store/vec4 v00000224e9880e20_0, 0, 32;
T_8.0 ;
    %load/vec4 v00000224e9880e20_0;
    %cmpi/s 16384, 0, 32;
    %jmp/0xz T_8.1, 5;
    %pushi/vec4 4116, 0, 32;
    %ix/getv/s 4, v00000224e9880e20_0;
    %store/vec4a v00000224e987fe80, 4, 0;
    %load/vec4 v00000224e9880e20_0;
    %addi 1, 0, 32;
    %store/vec4 v00000224e9880e20_0, 0, 32;
    %jmp T_8.0;
T_8.1 ;
    %vpi_call 3 60 "$readmemb", "program.txt", v00000224e987fe80 {0 0 0};
    %pushi/vec4 0, 0, 32;
    %store/vec4 v00000224e9880e20_0, 0, 32;
T_8.2 ;
    %load/vec4 v00000224e9880e20_0;
    %cmpi/s 16384, 0, 32;
    %jmp/0xz T_8.3, 5;
    %ix/getv/s 4, v00000224e9880e20_0;
    %load/vec4a v00000224e987fe80, 4;
    %parti/s 8, 0, 2;
    %load/vec4 v00000224e9880e20_0;
    %muli 4, 0, 32;
    %ix/vec4/s 4;
    %store/vec4a v00000224e9880060, 4, 0;
    %ix/getv/s 4, v00000224e9880e20_0;
    %load/vec4a v00000224e987fe80, 4;
    %parti/s 8, 8, 5;
    %load/vec4 v00000224e9880e20_0;
    %muli 4, 0, 32;
    %addi 1, 0, 32;
    %ix/vec4/s 4;
    %store/vec4a v00000224e9880060, 4, 0;
    %ix/getv/s 4, v00000224e9880e20_0;
    %load/vec4a v00000224e987fe80, 4;
    %parti/s 8, 16, 6;
    %load/vec4 v00000224e9880e20_0;
    %muli 4, 0, 32;
    %addi 2, 0, 32;
    %ix/vec4/s 4;
    %store/vec4a v00000224e9880060, 4, 0;
    %ix/getv/s 4, v00000224e9880e20_0;
    %load/vec4a v00000224e987fe80, 4;
    %parti/s 8, 24, 6;
    %load/vec4 v00000224e9880e20_0;
    %muli 4, 0, 32;
    %addi 3, 0, 32;
    %ix/vec4/s 4;
    %store/vec4a v00000224e9880060, 4, 0;
    %load/vec4 v00000224e9880e20_0;
    %addi 1, 0, 32;
    %store/vec4 v00000224e9880e20_0, 0, 32;
    %jmp T_8.2;
T_8.3 ;
    %end;
    .thread T_8;
    .scope S_00000224e96e1ac0;
T_9 ;
    %wait E_00000224e97456d0;
    %load/vec4 v00000224e987f2a0_0;
    %flag_set/vec4 8;
    %jmp/0xz  T_9.0, 8;
    %pushi/vec4 0, 0, 32;
    %assign/vec4 v00000224e987e8a0_0, 0;
    %pushi/vec4 0, 0, 32;
    %assign/vec4 v00000224e987e940_0, 0;
    %jmp T_9.1;
T_9.0 ;
    %load/vec4 v00000224e987f340_0;
    %nor/r;
    %flag_set/vec4 8;
    %jmp/0xz  T_9.2, 8;
    %load/vec4 v00000224e987e760_0;
    %assign/vec4 v00000224e987e8a0_0, 0;
    %load/vec4 v00000224e987f7a0_0;
    %assign/vec4 v00000224e987e940_0, 0;
T_9.2 ;
T_9.1 ;
    %jmp T_9;
    .thread T_9;
# The file index is used to find the file name in the following table.
:file_names 6;
    "N/A";
    "<interactive>";
    "ID_tb.v";
    "fetch_stage.v";
    "decode_stage.v";
    "shared_modules.v";
