#! /c/Source/iverilog-install/bin/vvp
:ivl_version "12.0 (devel)" "(s20150603-1539-g2693dd32b)";
:ivl_delay_selection "TYPICAL";
:vpi_time_precision - 12;
:vpi_module "D:\iverilog\lib\ivl\system.vpi";
:vpi_module "D:\iverilog\lib\ivl\vhdl_sys.vpi";
:vpi_module "D:\iverilog\lib\ivl\vhdl_textio.vpi";
:vpi_module "D:\iverilog\lib\ivl\v2005_math.vpi";
:vpi_module "D:\iverilog\lib\ivl\va_math.vpi";
S_000002910f0a0420 .scope module, "ID_tb" "ID_tb" 2 4;
 .timescale -9 -12;
v000002910f12bcf0_0 .net "ALUControl", 3 0, v000002910f126280_0;  1 drivers
v000002910f12a7b0_0 .net "ALUSrc", 0 0, v000002910f126a00_0;  1 drivers
v000002910f12b430_0 .net "PC", 31 0, v000002910f1272c0_0;  1 drivers
v000002910f12a490_0 .var "PC_in", 31 0;
v000002910f12aa30_0 .net "PC_r", 31 0, v000002910f0f6d70_0;  1 drivers
v000002910f12be30_0 .var "WB_result", 31 0;
v000002910f12a8f0_0 .net "bgef3", 0 0, v000002910f126000_0;  1 drivers
v000002910f12ab70_0 .net "branch", 0 0, v000002910f126aa0_0;  1 drivers
v000002910f129c70_0 .var "clk", 0 0;
v000002910f12ba70_0 .net "immediate", 31 0, v000002910f125c40_0;  1 drivers
v000002910f12b4d0_0 .net "instruction", 31 0, v000002910f126b40_0;  1 drivers
v000002910f12a210_0 .var "instruction_in", 31 0;
v000002910f12bb10_0 .net "instruction_r", 31 0, v000002910f0f8350_0;  1 drivers
v000002910f12b750_0 .net "jalr", 0 0, v000002910f125f60_0;  1 drivers
v000002910f12a5d0_0 .net "jump", 0 0, v000002910f127400_0;  1 drivers
v000002910f12bbb0_0 .net "memRead", 0 0, v000002910f1274a0_0;  1 drivers
v000002910f12bf70_0 .net "memWrite", 0 0, v000002910f126320_0;  1 drivers
v000002910f12ac10_0 .net "rd", 4 0, v000002910f126c80_0;  1 drivers
v000002910f12bc50_0 .var "rd_in", 4 0;
v000002910f12a850_0 .net "regWrite", 0 0, v000002910f128b50_0;  1 drivers
v000002910f12c0b0_0 .var "regWrite_prev", 0 0;
v000002910f12acb0_0 .net "resultSrc", 1 0, v000002910f127ed0_0;  1 drivers
v000002910f12ad50_0 .net "rs1", 4 0, v000002910f128bf0_0;  1 drivers
v000002910f12adf0_0 .net "rs1_val", 31 0, v000002910f129050_0;  1 drivers
v000002910f12a0d0_0 .net "rs2", 4 0, v000002910f127cf0_0;  1 drivers
v000002910f12a990_0 .net "rs2_val", 31 0, v000002910f128e70_0;  1 drivers
v000002910f12b110_0 .var "rst", 0 0;
S_000002910f097f30 .scope module, "pipe_reg" "IF_ID" 2 28, 3 87 0, S_000002910f0a0420;
 .timescale -9 -12;
    .port_info 0 /INPUT 1 "clk";
    .port_info 1 /INPUT 1 "rst";
    .port_info 2 /INPUT 1 "flush";
    .port_info 3 /INPUT 32 "PC_r";
    .port_info 4 /INPUT 32 "instr_r";
    .port_info 5 /OUTPUT 32 "PC";
    .port_info 6 /OUTPUT 32 "instr";
v000002910f0f6d70_0 .var "PC", 31 0;
v000002910f0f8210_0 .net "PC_r", 31 0, v000002910f12a490_0;  1 drivers
v000002910f0f6b90_0 .net "clk", 0 0, v000002910f129c70_0;  1 drivers
o000002910f130118 .functor BUFZ 1, C4<z>; HiZ drive
v000002910f0f6e10_0 .net "flush", 0 0, o000002910f130118;  0 drivers
v000002910f0f8350_0 .var "instr", 31 0;
v000002910f0f8710_0 .net "instr_r", 31 0, v000002910f12a210_0;  1 drivers
v000002910f0f7db0_0 .net "rst", 0 0, v000002910f12b110_0;  1 drivers
E_000002910f104180 .event posedge, v000002910f0f7db0_0, v000002910f0f6b90_0;
S_000002910f0980c0 .scope module, "uut" "decode_stage" 2 31, 4 11 0, S_000002910f0a0420;
 .timescale -9 -12;
    .port_info 0 /INPUT 1 "clk";
    .port_info 1 /INPUT 1 "rst";
    .port_info 2 /INPUT 1 "flush";
    .port_info 3 /INPUT 1 "regWrite_in";
    .port_info 4 /INPUT 32 "instruction_in";
    .port_info 5 /INPUT 32 "PC_in";
    .port_info 6 /INPUT 32 "WB_result";
    .port_info 7 /INPUT 5 "rd_in";
    .port_info 8 /OUTPUT 32 "PC_out";
    .port_info 9 /OUTPUT 32 "instruction_out";
    .port_info 10 /OUTPUT 1 "ALUSrc_out";
    .port_info 11 /OUTPUT 1 "memRead_out";
    .port_info 12 /OUTPUT 1 "memWrite_out";
    .port_info 13 /OUTPUT 1 "jalr_out";
    .port_info 14 /OUTPUT 1 "jump_out";
    .port_info 15 /OUTPUT 1 "branch_out";
    .port_info 16 /OUTPUT 1 "regWrite_out";
    .port_info 17 /OUTPUT 2 "resultSrc_out";
    .port_info 18 /OUTPUT 4 "ALUControl_out";
    .port_info 19 /OUTPUT 32 "immediate_out";
    .port_info 20 /OUTPUT 32 "rs1_val_out";
    .port_info 21 /OUTPUT 32 "rs2_val_out";
    .port_info 22 /OUTPUT 1 "bgef3_out";
    .port_info 23 /OUTPUT 5 "rs1_out";
    .port_info 24 /OUTPUT 5 "rs2_out";
    .port_info 25 /OUTPUT 5 "rd_out";
o000002910f133778 .functor BUFZ 1, C4<z>; HiZ drive
L_000002910f096450 .functor OR 1, v000002910f12b110_0, o000002910f133778, C4<0>, C4<0>;
v000002910f1288d0_0 .net "ALUControl_out", 3 0, v000002910f126280_0;  alias, 1 drivers
v000002910f129370_0 .net "ALUControl_w", 3 0, L_000002910f1bfe30;  1 drivers
v000002910f1279d0_0 .net "ALUOp", 1 0, L_000002910f1bdef0;  1 drivers
v000002910f1280b0_0 .net "ALUSrc_out", 0 0, v000002910f126a00_0;  alias, 1 drivers
v000002910f1292d0_0 .net "ALUSrc_w", 0 0, L_000002910f12cd30;  1 drivers
v000002910f129190_0 .net "PC_in", 31 0, v000002910f0f6d70_0;  alias, 1 drivers
v000002910f128ab0_0 .net "PC_out", 31 0, v000002910f1272c0_0;  alias, 1 drivers
v000002910f1290f0_0 .net "WB_result", 31 0, v000002910f12be30_0;  1 drivers
v000002910f128150_0 .net "bgef3_out", 0 0, v000002910f126000_0;  alias, 1 drivers
v000002910f128790_0 .net "branch_out", 0 0, v000002910f126aa0_0;  alias, 1 drivers
v000002910f127b10_0 .net "branch_w", 0 0, L_000002910f12d2d0;  1 drivers
v000002910f129230_0 .net "clk", 0 0, v000002910f129c70_0;  alias, 1 drivers
v000002910f129410_0 .net "flush", 0 0, o000002910f133778;  0 drivers
v000002910f127d90_0 .net "immSrc", 1 0, L_000002910f1bde50;  1 drivers
v000002910f127a70_0 .net "immediate_out", 31 0, v000002910f125c40_0;  alias, 1 drivers
v000002910f128c90_0 .net "immediate_w", 31 0, L_000002910f1bd1d0;  1 drivers
v000002910f1281f0_0 .net "instruction_in", 31 0, v000002910f0f8350_0;  alias, 1 drivers
v000002910f128f10_0 .net "instruction_out", 31 0, v000002910f126b40_0;  alias, 1 drivers
v000002910f129550_0 .net "jalr_out", 0 0, v000002910f125f60_0;  alias, 1 drivers
v000002910f127bb0_0 .net "jalr_w", 0 0, L_000002910f12d4b0;  1 drivers
v000002910f127e30_0 .net "jump_out", 0 0, v000002910f127400_0;  alias, 1 drivers
v000002910f127f70_0 .net "jump_w", 0 0, L_000002910f12cdd0;  1 drivers
v000002910f128830_0 .net "memRead_out", 0 0, v000002910f1274a0_0;  alias, 1 drivers
v000002910f128010_0 .net "memRead_w", 0 0, L_000002910f12c790;  1 drivers
v000002910f128290_0 .net "memWrite_out", 0 0, v000002910f126320_0;  alias, 1 drivers
v000002910f128470_0 .net "memWrite_w", 0 0, L_000002910f12c470;  1 drivers
v000002910f1286f0_0 .net "rd_in", 4 0, v000002910f12bc50_0;  1 drivers
v000002910f128dd0_0 .net "rd_out", 4 0, v000002910f126c80_0;  alias, 1 drivers
v000002910f128510_0 .net "rd_w", 4 0, L_000002910f12c3d0;  1 drivers
v000002910f128a10_0 .net "regWrite_in", 0 0, v000002910f12c0b0_0;  1 drivers
v000002910f128d30_0 .net "regWrite_out", 0 0, v000002910f128b50_0;  alias, 1 drivers
v000002910f1295f0_0 .net "regWrite_w", 0 0, L_000002910f12ce70;  1 drivers
v000002910f129690_0 .net "resultSrc_out", 1 0, v000002910f127ed0_0;  alias, 1 drivers
v000002910f128fb0_0 .net "resultSrc_w", 1 0, L_000002910f1becb0;  1 drivers
v000002910f1285b0_0 .net "rs1_out", 4 0, v000002910f128bf0_0;  alias, 1 drivers
v000002910f128970_0 .net "rs1_val_out", 31 0, v000002910f129050_0;  alias, 1 drivers
v000002910f129950_0 .net "rs1_val_w", 31 0, v000002910f126d20_0;  1 drivers
v000002910f12b7f0_0 .net "rs1_w", 4 0, L_000002910f12c6f0;  1 drivers
v000002910f12a710_0 .net "rs2_out", 4 0, v000002910f127cf0_0;  alias, 1 drivers
v000002910f12ae90_0 .net "rs2_val_out", 31 0, v000002910f128e70_0;  alias, 1 drivers
v000002910f129e50_0 .net "rs2_val_w", 31 0, v000002910f127040_0;  1 drivers
v000002910f12aad0_0 .net "rs2_w", 4 0, L_000002910f12cab0;  1 drivers
v000002910f129ef0_0 .net "rst", 0 0, v000002910f12b110_0;  alias, 1 drivers
L_000002910f12c6f0 .part v000002910f0f8350_0, 15, 5;
L_000002910f12cab0 .part v000002910f0f8350_0, 20, 5;
L_000002910f12c3d0 .part v000002910f0f8350_0, 7, 5;
L_000002910f1beb70 .part v000002910f0f8350_0, 0, 7;
L_000002910f1be7b0 .part v000002910f0f8350_0, 25, 7;
L_000002910f1be0d0 .part v000002910f0f8350_0, 12, 3;
L_000002910f1c0510 .part v000002910f0f8350_0, 12, 3;
L_000002910f1c0790 .part v000002910f0f8350_0, 25, 7;
L_000002910f1c05b0 .part v000002910f0f8350_0, 14, 1;
S_000002910f0b6500 .scope module, "ALUControl" "ALU_control" 4 69, 4 128 0, S_000002910f0980c0;
 .timescale -9 -12;
    .port_info 0 /INPUT 3 "funct3";
    .port_info 1 /INPUT 7 "funct7";
    .port_info 2 /INPUT 2 "ALUOp";
    .port_info 3 /OUTPUT 4 "ALUControl";
L_000002910f0d52b0 .functor AND 1, L_000002910f1bd270, L_000002910f1be210, C4<1>, C4<1>;
L_000002910f0d5320 .functor AND 1, L_000002910f1bd310, L_000002910f1bdd10, C4<1>, C4<1>;
L_000002910f0d5390 .functor AND 1, L_000002910f1be490, L_000002910f1be670, C4<1>, C4<1>;
v000002910f0f8a30_0 .net "ALUControl", 3 0, L_000002910f1bfe30;  alias, 1 drivers
v000002910f0f7450_0 .net "ALUOp", 1 0, L_000002910f1bdef0;  alias, 1 drivers
L_000002910f173f00 .functor BUFT 1, C4<01>, C4<0>, C4<0>, C4<0>;
v000002910f0f87b0_0 .net/2u *"_ivl_0", 1 0, L_000002910f173f00;  1 drivers
L_000002910f173fd8 .functor BUFT 1, C4<0001>, C4<0>, C4<0>, C4<0>;
v000002910f0f7270_0 .net/2u *"_ivl_10", 3 0, L_000002910f173fd8;  1 drivers
L_000002910f174020 .functor BUFT 1, C4<11>, C4<0>, C4<0>, C4<0>;
v000002910f0f74f0_0 .net/2u *"_ivl_12", 1 0, L_000002910f174020;  1 drivers
v000002910f0f7f90_0 .net *"_ivl_14", 0 0, L_000002910f1bd270;  1 drivers
L_000002910f174068 .functor BUFT 1, C4<000>, C4<0>, C4<0>, C4<0>;
v000002910f0f7590_0 .net/2u *"_ivl_16", 2 0, L_000002910f174068;  1 drivers
v000002910f0f6c30_0 .net *"_ivl_18", 0 0, L_000002910f1be210;  1 drivers
v000002910f0f7630_0 .net *"_ivl_2", 0 0, L_000002910f1bdf90;  1 drivers
v000002910f0f83f0_0 .net *"_ivl_21", 0 0, L_000002910f0d52b0;  1 drivers
L_000002910f1740b0 .functor BUFT 1, C4<0010>, C4<0>, C4<0>, C4<0>;
v000002910f0f78b0_0 .net/2u *"_ivl_22", 3 0, L_000002910f1740b0;  1 drivers
L_000002910f1740f8 .functor BUFT 1, C4<11>, C4<0>, C4<0>, C4<0>;
v000002910f0f8490_0 .net/2u *"_ivl_24", 1 0, L_000002910f1740f8;  1 drivers
v000002910f0f8850_0 .net *"_ivl_26", 0 0, L_000002910f1bd310;  1 drivers
L_000002910f174140 .functor BUFT 1, C4<111>, C4<0>, C4<0>, C4<0>;
v000002910f0f8530_0 .net/2u *"_ivl_28", 2 0, L_000002910f174140;  1 drivers
v000002910f0f7a90_0 .net *"_ivl_30", 0 0, L_000002910f1bdd10;  1 drivers
v000002910f0f76d0_0 .net *"_ivl_33", 0 0, L_000002910f0d5320;  1 drivers
L_000002910f174188 .functor BUFT 1, C4<0100>, C4<0>, C4<0>, C4<0>;
v000002910f0f85d0_0 .net/2u *"_ivl_34", 3 0, L_000002910f174188;  1 drivers
L_000002910f1741d0 .functor BUFT 1, C4<001>, C4<0>, C4<0>, C4<0>;
v000002910f0f88f0_0 .net/2u *"_ivl_36", 2 0, L_000002910f1741d0;  1 drivers
v000002910f0f8990_0 .net *"_ivl_38", 0 0, L_000002910f1be2b0;  1 drivers
L_000002910f173f48 .functor BUFT 1, C4<0000>, C4<0>, C4<0>, C4<0>;
v000002910f0f7b30_0 .net/2u *"_ivl_4", 3 0, L_000002910f173f48;  1 drivers
L_000002910f174218 .functor BUFT 1, C4<0000>, C4<0>, C4<0>, C4<0>;
v000002910f0f7bd0_0 .net/2u *"_ivl_40", 3 0, L_000002910f174218;  1 drivers
L_000002910f174260 .functor BUFT 1, C4<000>, C4<0>, C4<0>, C4<0>;
v000002910f0f7c70_0 .net/2u *"_ivl_42", 2 0, L_000002910f174260;  1 drivers
v000002910f120430_0 .net *"_ivl_44", 0 0, L_000002910f1bd450;  1 drivers
L_000002910f1742a8 .functor BUFT 1, C4<0010>, C4<0>, C4<0>, C4<0>;
v000002910f120e30_0 .net/2u *"_ivl_46", 3 0, L_000002910f1742a8;  1 drivers
L_000002910f1742f0 .functor BUFT 1, C4<101>, C4<0>, C4<0>, C4<0>;
v000002910f121470_0 .net/2u *"_ivl_48", 2 0, L_000002910f1742f0;  1 drivers
v000002910f11fcb0_0 .net *"_ivl_50", 0 0, L_000002910f1bddb0;  1 drivers
L_000002910f174338 .functor BUFT 1, C4<0011>, C4<0>, C4<0>, C4<0>;
v000002910f121510_0 .net/2u *"_ivl_52", 3 0, L_000002910f174338;  1 drivers
L_000002910f174380 .functor BUFT 1, C4<111>, C4<0>, C4<0>, C4<0>;
v000002910f1215b0_0 .net/2u *"_ivl_54", 2 0, L_000002910f174380;  1 drivers
v000002910f121650_0 .net *"_ivl_56", 0 0, L_000002910f1be3f0;  1 drivers
L_000002910f1743c8 .functor BUFT 1, C4<0100>, C4<0>, C4<0>, C4<0>;
v000002910f120110_0 .net/2u *"_ivl_58", 3 0, L_000002910f1743c8;  1 drivers
L_000002910f173f90 .functor BUFT 1, C4<10>, C4<0>, C4<0>, C4<0>;
v000002910f120070_0 .net/2u *"_ivl_6", 1 0, L_000002910f173f90;  1 drivers
L_000002910f174410 .functor BUFT 1, C4<100>, C4<0>, C4<0>, C4<0>;
v000002910f121010_0 .net/2u *"_ivl_60", 2 0, L_000002910f174410;  1 drivers
v000002910f1210b0_0 .net *"_ivl_62", 0 0, L_000002910f1bed50;  1 drivers
L_000002910f174458 .functor BUFT 1, C4<0111>, C4<0>, C4<0>, C4<0>;
v000002910f120d90_0 .net/2u *"_ivl_64", 3 0, L_000002910f174458;  1 drivers
L_000002910f1744a0 .functor BUFT 1, C4<110>, C4<0>, C4<0>, C4<0>;
v000002910f11f990_0 .net/2u *"_ivl_66", 2 0, L_000002910f1744a0;  1 drivers
v000002910f11fd50_0 .net *"_ivl_68", 0 0, L_000002910f1be490;  1 drivers
L_000002910f1744e8 .functor BUFT 1, C4<0010000>, C4<0>, C4<0>, C4<0>;
v000002910f1209d0_0 .net/2u *"_ivl_70", 6 0, L_000002910f1744e8;  1 drivers
v000002910f1206b0_0 .net *"_ivl_72", 0 0, L_000002910f1be670;  1 drivers
v000002910f121330_0 .net *"_ivl_74", 0 0, L_000002910f0d5390;  1 drivers
L_000002910f174530 .functor BUFT 1, C4<0101>, C4<0>, C4<0>, C4<0>;
v000002910f11f8f0_0 .net/2u *"_ivl_76", 3 0, L_000002910f174530;  1 drivers
L_000002910f174578 .functor BUFT 1, C4<0110>, C4<0>, C4<0>, C4<0>;
v000002910f120890_0 .net/2u *"_ivl_78", 3 0, L_000002910f174578;  1 drivers
v000002910f1201b0_0 .net *"_ivl_8", 0 0, L_000002910f1be030;  1 drivers
v000002910f121150_0 .net *"_ivl_80", 3 0, L_000002910f1bead0;  1 drivers
v000002910f120b10_0 .net *"_ivl_82", 3 0, L_000002910f1bedf0;  1 drivers
v000002910f11fad0_0 .net *"_ivl_84", 3 0, L_000002910f1bfed0;  1 drivers
v000002910f120250_0 .net *"_ivl_86", 3 0, L_000002910f1c0dd0;  1 drivers
v000002910f1216f0_0 .net *"_ivl_88", 3 0, L_000002910f1c0330;  1 drivers
v000002910f1211f0_0 .net *"_ivl_90", 3 0, L_000002910f1bfd90;  1 drivers
v000002910f120c50_0 .net *"_ivl_92", 3 0, L_000002910f1c06f0;  1 drivers
v000002910f120930_0 .net *"_ivl_94", 3 0, L_000002910f1bfb10;  1 drivers
v000002910f120cf0_0 .net *"_ivl_96", 3 0, L_000002910f1c0bf0;  1 drivers
v000002910f120a70_0 .net "funct3", 2 0, L_000002910f1c0510;  1 drivers
v000002910f120bb0_0 .net "funct7", 6 0, L_000002910f1c0790;  1 drivers
L_000002910f1bdf90 .cmp/eq 2, L_000002910f1bdef0, L_000002910f173f00;
L_000002910f1be030 .cmp/eq 2, L_000002910f1bdef0, L_000002910f173f90;
L_000002910f1bd270 .cmp/eq 2, L_000002910f1bdef0, L_000002910f174020;
L_000002910f1be210 .cmp/eq 3, L_000002910f1c0510, L_000002910f174068;
L_000002910f1bd310 .cmp/eq 2, L_000002910f1bdef0, L_000002910f1740f8;
L_000002910f1bdd10 .cmp/eq 3, L_000002910f1c0510, L_000002910f174140;
L_000002910f1be2b0 .cmp/eq 3, L_000002910f1c0510, L_000002910f1741d0;
L_000002910f1bd450 .cmp/eq 3, L_000002910f1c0510, L_000002910f174260;
L_000002910f1bddb0 .cmp/eq 3, L_000002910f1c0510, L_000002910f1742f0;
L_000002910f1be3f0 .cmp/eq 3, L_000002910f1c0510, L_000002910f174380;
L_000002910f1bed50 .cmp/eq 3, L_000002910f1c0510, L_000002910f174410;
L_000002910f1be490 .cmp/eq 3, L_000002910f1c0510, L_000002910f1744a0;
L_000002910f1be670 .cmp/eq 7, L_000002910f1c0790, L_000002910f1744e8;
L_000002910f1bead0 .functor MUXZ 4, L_000002910f174578, L_000002910f174530, L_000002910f0d5390, C4<>;
L_000002910f1bedf0 .functor MUXZ 4, L_000002910f1bead0, L_000002910f174458, L_000002910f1bed50, C4<>;
L_000002910f1bfed0 .functor MUXZ 4, L_000002910f1bedf0, L_000002910f1743c8, L_000002910f1be3f0, C4<>;
L_000002910f1c0dd0 .functor MUXZ 4, L_000002910f1bfed0, L_000002910f174338, L_000002910f1bddb0, C4<>;
L_000002910f1c0330 .functor MUXZ 4, L_000002910f1c0dd0, L_000002910f1742a8, L_000002910f1bd450, C4<>;
L_000002910f1bfd90 .functor MUXZ 4, L_000002910f1c0330, L_000002910f174218, L_000002910f1be2b0, C4<>;
L_000002910f1c06f0 .functor MUXZ 4, L_000002910f1bfd90, L_000002910f174188, L_000002910f0d5320, C4<>;
L_000002910f1bfb10 .functor MUXZ 4, L_000002910f1c06f0, L_000002910f1740b0, L_000002910f0d52b0, C4<>;
L_000002910f1c0bf0 .functor MUXZ 4, L_000002910f1bfb10, L_000002910f173fd8, L_000002910f1be030, C4<>;
L_000002910f1bfe30 .functor MUXZ 4, L_000002910f1c0bf0, L_000002910f173f48, L_000002910f1bdf90, C4<>;
S_000002910f0bb1a0 .scope module, "CU" "control_unit" 4 42, 4 96 0, S_000002910f0980c0;
 .timescale -9 -12;
    .port_info 0 /INPUT 7 "opcode";
    .port_info 1 /INPUT 7 "funct7";
    .port_info 2 /INPUT 3 "funct3";
    .port_info 3 /OUTPUT 1 "ALUSrc";
    .port_info 4 /OUTPUT 2 "ALUOp";
    .port_info 5 /OUTPUT 1 "memRead";
    .port_info 6 /OUTPUT 1 "memWrite";
    .port_info 7 /OUTPUT 1 "jalr";
    .port_info 8 /OUTPUT 1 "jump";
    .port_info 9 /OUTPUT 1 "branch";
    .port_info 10 /OUTPUT 1 "regWrite";
    .port_info 11 /OUTPUT 2 "resultSrc";
    .port_info 12 /OUTPUT 2 "immSrc";
L_000002910f0d5470 .functor AND 1, L_000002910f12c290, L_000002910f12c330, C4<1>, C4<1>;
L_000002910f0d5940 .functor OR 1, L_000002910f12d550, L_000002910f12c830, C4<0>, C4<0>;
L_000002910f0d51d0 .functor OR 1, L_000002910f12c970, L_000002910f12ca10, C4<0>, C4<0>;
L_000002910f0d55c0 .functor OR 1, L_000002910f12cf10, L_000002910f12d0f0, C4<0>, C4<0>;
L_000002910f0d59b0 .functor AND 1, L_000002910f12d050, L_000002910f12d5f0, C4<1>, C4<1>;
L_000002910f0d4ec0 .functor OR 1, L_000002910f1bd130, L_000002910f1bf610, C4<0>, C4<0>;
L_000002910f0d5a20 .functor AND 1, L_000002910f1bef30, L_000002910f0d4ec0, C4<1>, C4<1>;
L_000002910f0d4c90 .functor OR 1, L_000002910f1be990, L_000002910f1bd590, C4<0>, C4<0>;
v000002910f120ed0_0 .net "ALUOp", 1 0, L_000002910f1bdef0;  alias, 1 drivers
v000002910f1204d0_0 .net "ALUSrc", 0 0, L_000002910f12cd30;  alias, 1 drivers
L_000002910f173018 .functor BUFT 1, C4<0110100>, C4<0>, C4<0>, C4<0>;
v000002910f11fc10_0 .net/2u *"_ivl_0", 6 0, L_000002910f173018;  1 drivers
L_000002910f1730f0 .functor BUFT 1, C4<0010100>, C4<0>, C4<0>, C4<0>;
v000002910f11fe90_0 .net/2u *"_ivl_10", 6 0, L_000002910f1730f0;  1 drivers
L_000002910f1737b0 .functor BUFT 1, C4<0010100>, C4<0>, C4<0>, C4<0>;
v000002910f120750_0 .net/2u *"_ivl_100", 6 0, L_000002910f1737b0;  1 drivers
v000002910f120f70_0 .net *"_ivl_102", 0 0, L_000002910f12d050;  1 drivers
L_000002910f1737f8 .functor BUFT 1, C4<011>, C4<0>, C4<0>, C4<0>;
v000002910f11fb70_0 .net/2u *"_ivl_104", 2 0, L_000002910f1737f8;  1 drivers
v000002910f11fdf0_0 .net *"_ivl_106", 0 0, L_000002910f12d5f0;  1 drivers
v000002910f121290_0 .net *"_ivl_108", 0 0, L_000002910f0d59b0;  1 drivers
L_000002910f173840 .functor BUFT 1, C4<01>, C4<0>, C4<0>, C4<0>;
v000002910f11ff30_0 .net/2u *"_ivl_110", 1 0, L_000002910f173840;  1 drivers
L_000002910f173888 .functor BUFT 1, C4<00>, C4<0>, C4<0>, C4<0>;
v000002910f11ffd0_0 .net/2u *"_ivl_112", 1 0, L_000002910f173888;  1 drivers
v000002910f1202f0_0 .net *"_ivl_114", 1 0, L_000002910f1befd0;  1 drivers
L_000002910f1738d0 .functor BUFT 1, C4<0110100>, C4<0>, C4<0>, C4<0>;
v000002910f120390_0 .net/2u *"_ivl_118", 6 0, L_000002910f1738d0;  1 drivers
v000002910f1213d0_0 .net *"_ivl_12", 0 0, L_000002910f12c290;  1 drivers
v000002910f11fa30_0 .net *"_ivl_120", 0 0, L_000002910f1bf6b0;  1 drivers
L_000002910f173918 .functor BUFT 1, C4<00>, C4<0>, C4<0>, C4<0>;
v000002910f120570_0 .net/2u *"_ivl_122", 1 0, L_000002910f173918;  1 drivers
L_000002910f173960 .functor BUFT 1, C4<1100100>, C4<0>, C4<0>, C4<0>;
v000002910f121790_0 .net/2u *"_ivl_124", 6 0, L_000002910f173960;  1 drivers
v000002910f120610_0 .net *"_ivl_126", 0 0, L_000002910f1bf070;  1 drivers
L_000002910f1739a8 .functor BUFT 1, C4<10>, C4<0>, C4<0>, C4<0>;
v000002910f1207f0_0 .net/2u *"_ivl_128", 1 0, L_000002910f1739a8;  1 drivers
L_000002910f1739f0 .functor BUFT 1, C4<0010100>, C4<0>, C4<0>, C4<0>;
v000002910f122940_0 .net/2u *"_ivl_130", 6 0, L_000002910f1739f0;  1 drivers
v000002910f121b80_0 .net *"_ivl_132", 0 0, L_000002910f1bef30;  1 drivers
L_000002910f173a38 .functor BUFT 1, C4<000>, C4<0>, C4<0>, C4<0>;
v000002910f122760_0 .net/2u *"_ivl_134", 2 0, L_000002910f173a38;  1 drivers
v000002910f122080_0 .net *"_ivl_136", 0 0, L_000002910f1bd130;  1 drivers
L_000002910f173a80 .functor BUFT 1, C4<111>, C4<0>, C4<0>, C4<0>;
v000002910f122ee0_0 .net/2u *"_ivl_138", 2 0, L_000002910f173a80;  1 drivers
L_000002910f173138 .functor BUFT 1, C4<011>, C4<0>, C4<0>, C4<0>;
v000002910f1229e0_0 .net/2u *"_ivl_14", 2 0, L_000002910f173138;  1 drivers
v000002910f1219a0_0 .net *"_ivl_140", 0 0, L_000002910f1bf610;  1 drivers
v000002910f123020_0 .net *"_ivl_143", 0 0, L_000002910f0d4ec0;  1 drivers
v000002910f122300_0 .net *"_ivl_145", 0 0, L_000002910f0d5a20;  1 drivers
L_000002910f173ac8 .functor BUFT 1, C4<11>, C4<0>, C4<0>, C4<0>;
v000002910f1233e0_0 .net/2u *"_ivl_146", 1 0, L_000002910f173ac8;  1 drivers
L_000002910f173b10 .functor BUFT 1, C4<01>, C4<0>, C4<0>, C4<0>;
v000002910f122f80_0 .net/2u *"_ivl_148", 1 0, L_000002910f173b10;  1 drivers
v000002910f122b20_0 .net *"_ivl_150", 1 0, L_000002910f1bee90;  1 drivers
v000002910f122800_0 .net *"_ivl_152", 1 0, L_000002910f1bf750;  1 drivers
L_000002910f173b58 .functor BUFT 1, C4<0010100>, C4<0>, C4<0>, C4<0>;
v000002910f122bc0_0 .net/2u *"_ivl_156", 6 0, L_000002910f173b58;  1 drivers
v000002910f1228a0_0 .net *"_ivl_158", 0 0, L_000002910f1be990;  1 drivers
v000002910f121d60_0 .net *"_ivl_16", 0 0, L_000002910f12c330;  1 drivers
L_000002910f173ba0 .functor BUFT 1, C4<1101000>, C4<0>, C4<0>, C4<0>;
v000002910f122c60_0 .net/2u *"_ivl_160", 6 0, L_000002910f173ba0;  1 drivers
v000002910f121c20_0 .net *"_ivl_162", 0 0, L_000002910f1bd590;  1 drivers
v000002910f121ea0_0 .net *"_ivl_164", 0 0, L_000002910f0d4c90;  1 drivers
L_000002910f173be8 .functor BUFT 1, C4<00>, C4<0>, C4<0>, C4<0>;
v000002910f1223a0_0 .net/2u *"_ivl_166", 1 0, L_000002910f173be8;  1 drivers
L_000002910f173c30 .functor BUFT 1, C4<0100100>, C4<0>, C4<0>, C4<0>;
v000002910f122d00_0 .net/2u *"_ivl_168", 6 0, L_000002910f173c30;  1 drivers
v000002910f122440_0 .net *"_ivl_170", 0 0, L_000002910f1bd950;  1 drivers
L_000002910f173c78 .functor BUFT 1, C4<01>, C4<0>, C4<0>, C4<0>;
v000002910f121f40_0 .net/2u *"_ivl_172", 1 0, L_000002910f173c78;  1 drivers
L_000002910f173cc0 .functor BUFT 1, C4<1100100>, C4<0>, C4<0>, C4<0>;
v000002910f1235c0_0 .net/2u *"_ivl_174", 6 0, L_000002910f173cc0;  1 drivers
v000002910f121e00_0 .net *"_ivl_176", 0 0, L_000002910f1bd770;  1 drivers
L_000002910f173d08 .functor BUFT 1, C4<10>, C4<0>, C4<0>, C4<0>;
v000002910f1226c0_0 .net/2u *"_ivl_178", 1 0, L_000002910f173d08;  1 drivers
v000002910f1230c0_0 .net *"_ivl_18", 0 0, L_000002910f0d5470;  1 drivers
L_000002910f173d50 .functor BUFT 1, C4<11>, C4<0>, C4<0>, C4<0>;
v000002910f121fe0_0 .net/2u *"_ivl_180", 1 0, L_000002910f173d50;  1 drivers
v000002910f123160_0 .net *"_ivl_182", 1 0, L_000002910f1bf2f0;  1 drivers
v000002910f122da0_0 .net *"_ivl_184", 1 0, L_000002910f1bd810;  1 drivers
v000002910f123660_0 .net *"_ivl_2", 0 0, L_000002910f12c1f0;  1 drivers
L_000002910f173180 .functor BUFT 1, C4<1>, C4<0>, C4<0>, C4<0>;
v000002910f123700_0 .net/2u *"_ivl_20", 0 0, L_000002910f173180;  1 drivers
L_000002910f1731c8 .functor BUFT 1, C4<0>, C4<0>, C4<0>, C4<0>;
v000002910f1237a0_0 .net/2u *"_ivl_22", 0 0, L_000002910f1731c8;  1 drivers
L_000002910f173210 .functor BUFT 1, C4<0100100>, C4<0>, C4<0>, C4<0>;
v000002910f122120_0 .net/2u *"_ivl_26", 6 0, L_000002910f173210;  1 drivers
v000002910f122a80_0 .net *"_ivl_28", 0 0, L_000002910f12d410;  1 drivers
L_000002910f173258 .functor BUFT 1, C4<1>, C4<0>, C4<0>, C4<0>;
v000002910f122e40_0 .net/2u *"_ivl_30", 0 0, L_000002910f173258;  1 drivers
L_000002910f1732a0 .functor BUFT 1, C4<0>, C4<0>, C4<0>, C4<0>;
v000002910f123200_0 .net/2u *"_ivl_32", 0 0, L_000002910f1732a0;  1 drivers
L_000002910f1732e8 .functor BUFT 1, C4<1101000>, C4<0>, C4<0>, C4<0>;
v000002910f123340_0 .net/2u *"_ivl_36", 6 0, L_000002910f1732e8;  1 drivers
v000002910f1221c0_0 .net *"_ivl_38", 0 0, L_000002910f12c510;  1 drivers
L_000002910f173060 .functor BUFT 1, C4<0>, C4<0>, C4<0>, C4<0>;
v000002910f122260_0 .net/2u *"_ivl_4", 0 0, L_000002910f173060;  1 drivers
L_000002910f173330 .functor BUFT 1, C4<1>, C4<0>, C4<0>, C4<0>;
v000002910f1232a0_0 .net/2u *"_ivl_40", 0 0, L_000002910f173330;  1 drivers
L_000002910f173378 .functor BUFT 1, C4<0>, C4<0>, C4<0>, C4<0>;
v000002910f123480_0 .net/2u *"_ivl_42", 0 0, L_000002910f173378;  1 drivers
L_000002910f1733c0 .functor BUFT 1, C4<1101000>, C4<0>, C4<0>, C4<0>;
v000002910f123520_0 .net/2u *"_ivl_46", 6 0, L_000002910f1733c0;  1 drivers
v000002910f121900_0 .net *"_ivl_48", 0 0, L_000002910f12d550;  1 drivers
L_000002910f173408 .functor BUFT 1, C4<1110000>, C4<0>, C4<0>, C4<0>;
v000002910f121a40_0 .net/2u *"_ivl_50", 6 0, L_000002910f173408;  1 drivers
v000002910f121cc0_0 .net *"_ivl_52", 0 0, L_000002910f12c830;  1 drivers
v000002910f121ae0_0 .net *"_ivl_54", 0 0, L_000002910f0d5940;  1 drivers
L_000002910f173450 .functor BUFT 1, C4<1>, C4<0>, C4<0>, C4<0>;
v000002910f1224e0_0 .net/2u *"_ivl_56", 0 0, L_000002910f173450;  1 drivers
L_000002910f173498 .functor BUFT 1, C4<0>, C4<0>, C4<0>, C4<0>;
v000002910f122580_0 .net/2u *"_ivl_58", 0 0, L_000002910f173498;  1 drivers
L_000002910f1730a8 .functor BUFT 1, C4<1>, C4<0>, C4<0>, C4<0>;
v000002910f122620_0 .net/2u *"_ivl_6", 0 0, L_000002910f1730a8;  1 drivers
L_000002910f1734e0 .functor BUFT 1, C4<1100100>, C4<0>, C4<0>, C4<0>;
v000002910f1246d0_0 .net/2u *"_ivl_62", 6 0, L_000002910f1734e0;  1 drivers
v000002910f1257b0_0 .net *"_ivl_64", 0 0, L_000002910f12c8d0;  1 drivers
L_000002910f173528 .functor BUFT 1, C4<1>, C4<0>, C4<0>, C4<0>;
v000002910f124bd0_0 .net/2u *"_ivl_66", 0 0, L_000002910f173528;  1 drivers
L_000002910f173570 .functor BUFT 1, C4<0>, C4<0>, C4<0>, C4<0>;
v000002910f1250d0_0 .net/2u *"_ivl_68", 0 0, L_000002910f173570;  1 drivers
L_000002910f1735b8 .functor BUFT 1, C4<1100100>, C4<0>, C4<0>, C4<0>;
v000002910f123910_0 .net/2u *"_ivl_72", 6 0, L_000002910f1735b8;  1 drivers
v000002910f125530_0 .net *"_ivl_74", 0 0, L_000002910f12c970;  1 drivers
L_000002910f173600 .functor BUFT 1, C4<0100100>, C4<0>, C4<0>, C4<0>;
v000002910f124130_0 .net/2u *"_ivl_76", 6 0, L_000002910f173600;  1 drivers
v000002910f123ff0_0 .net *"_ivl_78", 0 0, L_000002910f12ca10;  1 drivers
v000002910f124590_0 .net *"_ivl_80", 0 0, L_000002910f0d51d0;  1 drivers
L_000002910f173648 .functor BUFT 1, C4<0>, C4<0>, C4<0>, C4<0>;
v000002910f123af0_0 .net/2u *"_ivl_82", 0 0, L_000002910f173648;  1 drivers
L_000002910f173690 .functor BUFT 1, C4<1>, C4<0>, C4<0>, C4<0>;
v000002910f124270_0 .net/2u *"_ivl_84", 0 0, L_000002910f173690;  1 drivers
L_000002910f1736d8 .functor BUFT 1, C4<1101000>, C4<0>, C4<0>, C4<0>;
v000002910f125670_0 .net/2u *"_ivl_88", 6 0, L_000002910f1736d8;  1 drivers
v000002910f123e10_0 .net *"_ivl_90", 0 0, L_000002910f12cf10;  1 drivers
L_000002910f173720 .functor BUFT 1, C4<1110000>, C4<0>, C4<0>, C4<0>;
v000002910f123eb0_0 .net/2u *"_ivl_92", 6 0, L_000002910f173720;  1 drivers
v000002910f125710_0 .net *"_ivl_94", 0 0, L_000002910f12d0f0;  1 drivers
v000002910f1255d0_0 .net *"_ivl_96", 0 0, L_000002910f0d55c0;  1 drivers
L_000002910f173768 .functor BUFT 1, C4<10>, C4<0>, C4<0>, C4<0>;
v000002910f123b90_0 .net/2u *"_ivl_98", 1 0, L_000002910f173768;  1 drivers
v000002910f124630_0 .net "branch", 0 0, L_000002910f12d2d0;  alias, 1 drivers
v000002910f125170_0 .net "funct3", 2 0, L_000002910f1be0d0;  1 drivers
v000002910f124450_0 .net "funct7", 6 0, L_000002910f1be7b0;  1 drivers
v000002910f123c30_0 .net "immSrc", 1 0, L_000002910f1bde50;  alias, 1 drivers
v000002910f124770_0 .net "jalr", 0 0, L_000002910f12d4b0;  alias, 1 drivers
v000002910f123cd0_0 .net "jump", 0 0, L_000002910f12cdd0;  alias, 1 drivers
v000002910f1249f0_0 .net "memRead", 0 0, L_000002910f12c790;  alias, 1 drivers
v000002910f125210_0 .net "memWrite", 0 0, L_000002910f12c470;  alias, 1 drivers
v000002910f123f50_0 .net "opcode", 6 0, L_000002910f1beb70;  1 drivers
v000002910f124d10_0 .net "regWrite", 0 0, L_000002910f12ce70;  alias, 1 drivers
v000002910f123d70_0 .net "resultSrc", 1 0, L_000002910f1becb0;  alias, 1 drivers
L_000002910f12c1f0 .cmp/eq 7, L_000002910f1beb70, L_000002910f173018;
L_000002910f12cd30 .functor MUXZ 1, L_000002910f1730a8, L_000002910f173060, L_000002910f12c1f0, C4<>;
L_000002910f12c290 .cmp/eq 7, L_000002910f1beb70, L_000002910f1730f0;
L_000002910f12c330 .cmp/eq 3, L_000002910f1be0d0, L_000002910f173138;
L_000002910f12c790 .functor MUXZ 1, L_000002910f1731c8, L_000002910f173180, L_000002910f0d5470, C4<>;
L_000002910f12d410 .cmp/eq 7, L_000002910f1beb70, L_000002910f173210;
L_000002910f12c470 .functor MUXZ 1, L_000002910f1732a0, L_000002910f173258, L_000002910f12d410, C4<>;
L_000002910f12c510 .cmp/eq 7, L_000002910f1beb70, L_000002910f1732e8;
L_000002910f12d4b0 .functor MUXZ 1, L_000002910f173378, L_000002910f173330, L_000002910f12c510, C4<>;
L_000002910f12d550 .cmp/eq 7, L_000002910f1beb70, L_000002910f1733c0;
L_000002910f12c830 .cmp/eq 7, L_000002910f1beb70, L_000002910f173408;
L_000002910f12cdd0 .functor MUXZ 1, L_000002910f173498, L_000002910f173450, L_000002910f0d5940, C4<>;
L_000002910f12c8d0 .cmp/eq 7, L_000002910f1beb70, L_000002910f1734e0;
L_000002910f12d2d0 .functor MUXZ 1, L_000002910f173570, L_000002910f173528, L_000002910f12c8d0, C4<>;
L_000002910f12c970 .cmp/eq 7, L_000002910f1beb70, L_000002910f1735b8;
L_000002910f12ca10 .cmp/eq 7, L_000002910f1beb70, L_000002910f173600;
L_000002910f12ce70 .functor MUXZ 1, L_000002910f173690, L_000002910f173648, L_000002910f0d51d0, C4<>;
L_000002910f12cf10 .cmp/eq 7, L_000002910f1beb70, L_000002910f1736d8;
L_000002910f12d0f0 .cmp/eq 7, L_000002910f1beb70, L_000002910f173720;
L_000002910f12d050 .cmp/eq 7, L_000002910f1beb70, L_000002910f1737b0;
L_000002910f12d5f0 .cmp/eq 3, L_000002910f1be0d0, L_000002910f1737f8;
L_000002910f1befd0 .functor MUXZ 2, L_000002910f173888, L_000002910f173840, L_000002910f0d59b0, C4<>;
L_000002910f1becb0 .functor MUXZ 2, L_000002910f1befd0, L_000002910f173768, L_000002910f0d55c0, C4<>;
L_000002910f1bf6b0 .cmp/eq 7, L_000002910f1beb70, L_000002910f1738d0;
L_000002910f1bf070 .cmp/eq 7, L_000002910f1beb70, L_000002910f173960;
L_000002910f1bef30 .cmp/eq 7, L_000002910f1beb70, L_000002910f1739f0;
L_000002910f1bd130 .cmp/eq 3, L_000002910f1be0d0, L_000002910f173a38;
L_000002910f1bf610 .cmp/eq 3, L_000002910f1be0d0, L_000002910f173a80;
L_000002910f1bee90 .functor MUXZ 2, L_000002910f173b10, L_000002910f173ac8, L_000002910f0d5a20, C4<>;
L_000002910f1bf750 .functor MUXZ 2, L_000002910f1bee90, L_000002910f1739a8, L_000002910f1bf070, C4<>;
L_000002910f1bdef0 .functor MUXZ 2, L_000002910f1bf750, L_000002910f173918, L_000002910f1bf6b0, C4<>;
L_000002910f1be990 .cmp/eq 7, L_000002910f1beb70, L_000002910f173b58;
L_000002910f1bd590 .cmp/eq 7, L_000002910f1beb70, L_000002910f173ba0;
L_000002910f1bd950 .cmp/eq 7, L_000002910f1beb70, L_000002910f173c30;
L_000002910f1bd770 .cmp/eq 7, L_000002910f1beb70, L_000002910f173cc0;
L_000002910f1bf2f0 .functor MUXZ 2, L_000002910f173d50, L_000002910f173d08, L_000002910f1bd770, C4<>;
L_000002910f1bd810 .functor MUXZ 2, L_000002910f1bf2f0, L_000002910f173c78, L_000002910f1bd950, C4<>;
L_000002910f1bde50 .functor MUXZ 2, L_000002910f1bd810, L_000002910f173be8, L_000002910f0d4c90, C4<>;
S_000002910f0ae7f0 .scope module, "IMM" "imm_gen" 4 59, 4 152 0, S_000002910f0980c0;
 .timescale -9 -12;
    .port_info 0 /INPUT 32 "inst";
    .port_info 1 /INPUT 2 "immSrc";
    .port_info 2 /OUTPUT 32 "immediate";
L_000002910f173d98 .functor BUFT 1, C4<00>, C4<0>, C4<0>, C4<0>;
v000002910f125490_0 .net/2u *"_ivl_0", 1 0, L_000002910f173d98;  1 drivers
v000002910f1241d0_0 .net *"_ivl_10", 31 0, L_000002910f1bf250;  1 drivers
L_000002910f173de0 .functor BUFT 1, C4<01>, C4<0>, C4<0>, C4<0>;
v000002910f1239b0_0 .net/2u *"_ivl_12", 1 0, L_000002910f173de0;  1 drivers
v000002910f1244f0_0 .net *"_ivl_14", 0 0, L_000002910f1bf390;  1 drivers
v000002910f123a50_0 .net *"_ivl_17", 0 0, L_000002910f1bdb30;  1 drivers
v000002910f124310_0 .net *"_ivl_18", 19 0, L_000002910f1be530;  1 drivers
v000002910f124e50_0 .net *"_ivl_2", 0 0, L_000002910f1bf4d0;  1 drivers
v000002910f124090_0 .net *"_ivl_21", 6 0, L_000002910f1be710;  1 drivers
v000002910f124c70_0 .net *"_ivl_23", 4 0, L_000002910f1bf430;  1 drivers
v000002910f124810_0 .net *"_ivl_24", 31 0, L_000002910f1be850;  1 drivers
L_000002910f173e28 .functor BUFT 1, C4<10>, C4<0>, C4<0>, C4<0>;
v000002910f124db0_0 .net/2u *"_ivl_26", 1 0, L_000002910f173e28;  1 drivers
v000002910f1252b0_0 .net *"_ivl_28", 0 0, L_000002910f1bf110;  1 drivers
v000002910f1243b0_0 .net *"_ivl_31", 0 0, L_000002910f1bd8b0;  1 drivers
v000002910f1248b0_0 .net *"_ivl_32", 18 0, L_000002910f1bda90;  1 drivers
v000002910f124950_0 .net *"_ivl_35", 0 0, L_000002910f1bd630;  1 drivers
v000002910f125350_0 .net *"_ivl_37", 0 0, L_000002910f1be170;  1 drivers
v000002910f124a90_0 .net *"_ivl_39", 5 0, L_000002910f1bec10;  1 drivers
v000002910f124b30_0 .net *"_ivl_41", 3 0, L_000002910f1bf7f0;  1 drivers
L_000002910f173e70 .functor BUFT 1, C4<0>, C4<0>, C4<0>, C4<0>;
v000002910f124ef0_0 .net/2u *"_ivl_42", 0 0, L_000002910f173e70;  1 drivers
v000002910f124f90_0 .net *"_ivl_44", 31 0, L_000002910f1be8f0;  1 drivers
v000002910f1253f0_0 .net *"_ivl_47", 0 0, L_000002910f1bd6d0;  1 drivers
v000002910f125030_0 .net *"_ivl_48", 10 0, L_000002910f1bdbd0;  1 drivers
v000002910f127180_0 .net *"_ivl_5", 0 0, L_000002910f1bd090;  1 drivers
v000002910f1275e0_0 .net *"_ivl_51", 0 0, L_000002910f1bf1b0;  1 drivers
v000002910f126780_0 .net *"_ivl_53", 7 0, L_000002910f1bea30;  1 drivers
v000002910f1266e0_0 .net *"_ivl_55", 0 0, L_000002910f1bdc70;  1 drivers
v000002910f1277c0_0 .net *"_ivl_57", 9 0, L_000002910f1bf570;  1 drivers
L_000002910f173eb8 .functor BUFT 1, C4<0>, C4<0>, C4<0>, C4<0>;
v000002910f126f00_0 .net/2u *"_ivl_58", 0 0, L_000002910f173eb8;  1 drivers
v000002910f125ce0_0 .net *"_ivl_6", 19 0, L_000002910f1be350;  1 drivers
v000002910f127720_0 .net *"_ivl_60", 31 0, L_000002910f1be5d0;  1 drivers
v000002910f126460_0 .net *"_ivl_62", 31 0, L_000002910f1bd4f0;  1 drivers
v000002910f127680_0 .net *"_ivl_64", 31 0, L_000002910f1bd3b0;  1 drivers
v000002910f126500_0 .net *"_ivl_9", 11 0, L_000002910f1bd9f0;  1 drivers
v000002910f125a60_0 .net "immSrc", 1 0, L_000002910f1bde50;  alias, 1 drivers
v000002910f1261e0_0 .net "immediate", 31 0, L_000002910f1bd1d0;  alias, 1 drivers
v000002910f125920_0 .net "inst", 31 0, v000002910f0f8350_0;  alias, 1 drivers
L_000002910f1bf4d0 .cmp/eq 2, L_000002910f1bde50, L_000002910f173d98;
L_000002910f1bd090 .part v000002910f0f8350_0, 31, 1;
LS_000002910f1be350_0_0 .concat [ 1 1 1 1], L_000002910f1bd090, L_000002910f1bd090, L_000002910f1bd090, L_000002910f1bd090;
LS_000002910f1be350_0_4 .concat [ 1 1 1 1], L_000002910f1bd090, L_000002910f1bd090, L_000002910f1bd090, L_000002910f1bd090;
LS_000002910f1be350_0_8 .concat [ 1 1 1 1], L_000002910f1bd090, L_000002910f1bd090, L_000002910f1bd090, L_000002910f1bd090;
LS_000002910f1be350_0_12 .concat [ 1 1 1 1], L_000002910f1bd090, L_000002910f1bd090, L_000002910f1bd090, L_000002910f1bd090;
LS_000002910f1be350_0_16 .concat [ 1 1 1 1], L_000002910f1bd090, L_000002910f1bd090, L_000002910f1bd090, L_000002910f1bd090;
LS_000002910f1be350_1_0 .concat [ 4 4 4 4], LS_000002910f1be350_0_0, LS_000002910f1be350_0_4, LS_000002910f1be350_0_8, LS_000002910f1be350_0_12;
LS_000002910f1be350_1_4 .concat [ 4 0 0 0], LS_000002910f1be350_0_16;
L_000002910f1be350 .concat [ 16 4 0 0], LS_000002910f1be350_1_0, LS_000002910f1be350_1_4;
L_000002910f1bd9f0 .part v000002910f0f8350_0, 20, 12;
L_000002910f1bf250 .concat [ 12 20 0 0], L_000002910f1bd9f0, L_000002910f1be350;
L_000002910f1bf390 .cmp/eq 2, L_000002910f1bde50, L_000002910f173de0;
L_000002910f1bdb30 .part v000002910f0f8350_0, 31, 1;
LS_000002910f1be530_0_0 .concat [ 1 1 1 1], L_000002910f1bdb30, L_000002910f1bdb30, L_000002910f1bdb30, L_000002910f1bdb30;
LS_000002910f1be530_0_4 .concat [ 1 1 1 1], L_000002910f1bdb30, L_000002910f1bdb30, L_000002910f1bdb30, L_000002910f1bdb30;
LS_000002910f1be530_0_8 .concat [ 1 1 1 1], L_000002910f1bdb30, L_000002910f1bdb30, L_000002910f1bdb30, L_000002910f1bdb30;
LS_000002910f1be530_0_12 .concat [ 1 1 1 1], L_000002910f1bdb30, L_000002910f1bdb30, L_000002910f1bdb30, L_000002910f1bdb30;
LS_000002910f1be530_0_16 .concat [ 1 1 1 1], L_000002910f1bdb30, L_000002910f1bdb30, L_000002910f1bdb30, L_000002910f1bdb30;
LS_000002910f1be530_1_0 .concat [ 4 4 4 4], LS_000002910f1be530_0_0, LS_000002910f1be530_0_4, LS_000002910f1be530_0_8, LS_000002910f1be530_0_12;
LS_000002910f1be530_1_4 .concat [ 4 0 0 0], LS_000002910f1be530_0_16;
L_000002910f1be530 .concat [ 16 4 0 0], LS_000002910f1be530_1_0, LS_000002910f1be530_1_4;
L_000002910f1be710 .part v000002910f0f8350_0, 25, 7;
L_000002910f1bf430 .part v000002910f0f8350_0, 7, 5;
L_000002910f1be850 .concat [ 5 7 20 0], L_000002910f1bf430, L_000002910f1be710, L_000002910f1be530;
L_000002910f1bf110 .cmp/eq 2, L_000002910f1bde50, L_000002910f173e28;
L_000002910f1bd8b0 .part v000002910f0f8350_0, 31, 1;
LS_000002910f1bda90_0_0 .concat [ 1 1 1 1], L_000002910f1bd8b0, L_000002910f1bd8b0, L_000002910f1bd8b0, L_000002910f1bd8b0;
LS_000002910f1bda90_0_4 .concat [ 1 1 1 1], L_000002910f1bd8b0, L_000002910f1bd8b0, L_000002910f1bd8b0, L_000002910f1bd8b0;
LS_000002910f1bda90_0_8 .concat [ 1 1 1 1], L_000002910f1bd8b0, L_000002910f1bd8b0, L_000002910f1bd8b0, L_000002910f1bd8b0;
LS_000002910f1bda90_0_12 .concat [ 1 1 1 1], L_000002910f1bd8b0, L_000002910f1bd8b0, L_000002910f1bd8b0, L_000002910f1bd8b0;
LS_000002910f1bda90_0_16 .concat [ 1 1 1 0], L_000002910f1bd8b0, L_000002910f1bd8b0, L_000002910f1bd8b0;
LS_000002910f1bda90_1_0 .concat [ 4 4 4 4], LS_000002910f1bda90_0_0, LS_000002910f1bda90_0_4, LS_000002910f1bda90_0_8, LS_000002910f1bda90_0_12;
LS_000002910f1bda90_1_4 .concat [ 3 0 0 0], LS_000002910f1bda90_0_16;
L_000002910f1bda90 .concat [ 16 3 0 0], LS_000002910f1bda90_1_0, LS_000002910f1bda90_1_4;
L_000002910f1bd630 .part v000002910f0f8350_0, 31, 1;
L_000002910f1be170 .part v000002910f0f8350_0, 7, 1;
L_000002910f1bec10 .part v000002910f0f8350_0, 25, 6;
L_000002910f1bf7f0 .part v000002910f0f8350_0, 8, 4;
LS_000002910f1be8f0_0_0 .concat [ 1 4 6 1], L_000002910f173e70, L_000002910f1bf7f0, L_000002910f1bec10, L_000002910f1be170;
LS_000002910f1be8f0_0_4 .concat [ 1 19 0 0], L_000002910f1bd630, L_000002910f1bda90;
L_000002910f1be8f0 .concat [ 12 20 0 0], LS_000002910f1be8f0_0_0, LS_000002910f1be8f0_0_4;
L_000002910f1bd6d0 .part v000002910f0f8350_0, 31, 1;
LS_000002910f1bdbd0_0_0 .concat [ 1 1 1 1], L_000002910f1bd6d0, L_000002910f1bd6d0, L_000002910f1bd6d0, L_000002910f1bd6d0;
LS_000002910f1bdbd0_0_4 .concat [ 1 1 1 1], L_000002910f1bd6d0, L_000002910f1bd6d0, L_000002910f1bd6d0, L_000002910f1bd6d0;
LS_000002910f1bdbd0_0_8 .concat [ 1 1 1 0], L_000002910f1bd6d0, L_000002910f1bd6d0, L_000002910f1bd6d0;
L_000002910f1bdbd0 .concat [ 4 4 3 0], LS_000002910f1bdbd0_0_0, LS_000002910f1bdbd0_0_4, LS_000002910f1bdbd0_0_8;
L_000002910f1bf1b0 .part v000002910f0f8350_0, 31, 1;
L_000002910f1bea30 .part v000002910f0f8350_0, 12, 8;
L_000002910f1bdc70 .part v000002910f0f8350_0, 20, 1;
L_000002910f1bf570 .part v000002910f0f8350_0, 21, 10;
LS_000002910f1be5d0_0_0 .concat [ 1 10 1 8], L_000002910f173eb8, L_000002910f1bf570, L_000002910f1bdc70, L_000002910f1bea30;
LS_000002910f1be5d0_0_4 .concat [ 1 11 0 0], L_000002910f1bf1b0, L_000002910f1bdbd0;
L_000002910f1be5d0 .concat [ 20 12 0 0], LS_000002910f1be5d0_0_0, LS_000002910f1be5d0_0_4;
L_000002910f1bd4f0 .functor MUXZ 32, L_000002910f1be5d0, L_000002910f1be8f0, L_000002910f1bf110, C4<>;
L_000002910f1bd3b0 .functor MUXZ 32, L_000002910f1bd4f0, L_000002910f1be850, L_000002910f1bf390, C4<>;
L_000002910f1bd1d0 .functor MUXZ 32, L_000002910f1bd3b0, L_000002910f1bf250, L_000002910f1bf4d0, C4<>;
S_000002910f0acea0 .scope module, "RF" "register_file" 4 63, 4 168 0, S_000002910f0980c0;
 .timescale -9 -12;
    .port_info 0 /INPUT 1 "clk";
    .port_info 1 /INPUT 1 "rst";
    .port_info 2 /INPUT 1 "regWrite";
    .port_info 3 /INPUT 5 "rs1";
    .port_info 4 /INPUT 5 "rs2";
    .port_info 5 /INPUT 5 "rd";
    .port_info 6 /INPUT 32 "WB_result";
    .port_info 7 /OUTPUT 32 "rs1_val";
    .port_info 8 /OUTPUT 32 "rs2_val";
v000002910f126640_0 .net "WB_result", 31 0, v000002910f12be30_0;  alias, 1 drivers
v000002910f126dc0_0 .net "clk", 0 0, v000002910f129c70_0;  alias, 1 drivers
v000002910f126e60_0 .var/i "i", 31 0;
v000002910f1268c0_0 .net "rd", 4 0, v000002910f12bc50_0;  alias, 1 drivers
v000002910f1265a0_0 .net "regWrite", 0 0, v000002910f12c0b0_0;  alias, 1 drivers
v000002910f127220 .array "register", 0 31, 31 0;
v000002910f125ec0_0 .net "rs1", 4 0, L_000002910f12c6f0;  alias, 1 drivers
v000002910f126d20_0 .var "rs1_val", 31 0;
v000002910f126fa0_0 .net "rs2", 4 0, L_000002910f12cab0;  alias, 1 drivers
v000002910f127040_0 .var "rs2_val", 31 0;
v000002910f126960_0 .net "rst", 0 0, v000002910f12b110_0;  alias, 1 drivers
E_000002910f1041c0 .event negedge, v000002910f0f6b90_0;
E_000002910f104200 .event posedge, v000002910f0f6b90_0;
S_000002910f0ad030 .scope module, "pipe_reg" "ID_EX" 4 77, 4 205 0, S_000002910f0980c0;
 .timescale -9 -12;
    .port_info 0 /INPUT 32 "PC_r";
    .port_info 1 /INPUT 32 "instruction_r";
    .port_info 2 /INPUT 1 "clk";
    .port_info 3 /INPUT 1 "rst";
    .port_info 4 /INPUT 1 "ALUSrc_r";
    .port_info 5 /INPUT 1 "memRead_r";
    .port_info 6 /INPUT 1 "memWrite_r";
    .port_info 7 /INPUT 1 "jalr_r";
    .port_info 8 /INPUT 1 "jump_r";
    .port_info 9 /INPUT 1 "branch_r";
    .port_info 10 /INPUT 1 "regWrite_r";
    .port_info 11 /INPUT 2 "resultSrc_r";
    .port_info 12 /INPUT 4 "ALUControl_r";
    .port_info 13 /INPUT 32 "immediate_r";
    .port_info 14 /INPUT 32 "rs1_val_r";
    .port_info 15 /INPUT 32 "rs2_val_r";
    .port_info 16 /INPUT 1 "bgef3_r";
    .port_info 17 /INPUT 5 "rs1_r";
    .port_info 18 /INPUT 5 "rs2_r";
    .port_info 19 /INPUT 5 "rd_r";
    .port_info 20 /OUTPUT 32 "instruction";
    .port_info 21 /OUTPUT 32 "PC";
    .port_info 22 /OUTPUT 1 "ALUSrc";
    .port_info 23 /OUTPUT 1 "memRead";
    .port_info 24 /OUTPUT 1 "memWrite";
    .port_info 25 /OUTPUT 1 "jalr";
    .port_info 26 /OUTPUT 1 "jump";
    .port_info 27 /OUTPUT 1 "branch";
    .port_info 28 /OUTPUT 1 "regWrite";
    .port_info 29 /OUTPUT 2 "resultSrc";
    .port_info 30 /OUTPUT 4 "ALUControl";
    .port_info 31 /OUTPUT 32 "immediate";
    .port_info 32 /OUTPUT 32 "rs1_val";
    .port_info 33 /OUTPUT 32 "rs2_val";
    .port_info 34 /OUTPUT 1 "bgef3";
    .port_info 35 /OUTPUT 5 "rs1";
    .port_info 36 /OUTPUT 5 "rs2";
    .port_info 37 /OUTPUT 5 "rd";
v000002910f126280_0 .var "ALUControl", 3 0;
v000002910f127540_0 .net "ALUControl_r", 3 0, L_000002910f1bfe30;  alias, 1 drivers
v000002910f126a00_0 .var "ALUSrc", 0 0;
v000002910f1270e0_0 .net "ALUSrc_r", 0 0, L_000002910f12cd30;  alias, 1 drivers
v000002910f1272c0_0 .var "PC", 31 0;
v000002910f125d80_0 .net "PC_r", 31 0, v000002910f0f6d70_0;  alias, 1 drivers
v000002910f126000_0 .var "bgef3", 0 0;
v000002910f1259c0_0 .net "bgef3_r", 0 0, L_000002910f1c05b0;  1 drivers
v000002910f126aa0_0 .var "branch", 0 0;
v000002910f125b00_0 .net "branch_r", 0 0, L_000002910f12d2d0;  alias, 1 drivers
v000002910f125ba0_0 .net "clk", 0 0, v000002910f129c70_0;  alias, 1 drivers
v000002910f125c40_0 .var "immediate", 31 0;
v000002910f127360_0 .net "immediate_r", 31 0, L_000002910f1bd1d0;  alias, 1 drivers
v000002910f126b40_0 .var "instruction", 31 0;
v000002910f125e20_0 .net "instruction_r", 31 0, v000002910f0f8350_0;  alias, 1 drivers
v000002910f125f60_0 .var "jalr", 0 0;
v000002910f126be0_0 .net "jalr_r", 0 0, L_000002910f12d4b0;  alias, 1 drivers
v000002910f127400_0 .var "jump", 0 0;
v000002910f1260a0_0 .net "jump_r", 0 0, L_000002910f12cdd0;  alias, 1 drivers
v000002910f1274a0_0 .var "memRead", 0 0;
v000002910f126140_0 .net "memRead_r", 0 0, L_000002910f12c790;  alias, 1 drivers
v000002910f126320_0 .var "memWrite", 0 0;
v000002910f1263c0_0 .net "memWrite_r", 0 0, L_000002910f12c470;  alias, 1 drivers
v000002910f126c80_0 .var "rd", 4 0;
v000002910f1294b0_0 .net "rd_r", 4 0, L_000002910f12c3d0;  alias, 1 drivers
v000002910f128b50_0 .var "regWrite", 0 0;
v000002910f127c50_0 .net "regWrite_r", 0 0, L_000002910f12ce70;  alias, 1 drivers
v000002910f127ed0_0 .var "resultSrc", 1 0;
v000002910f1283d0_0 .net "resultSrc_r", 1 0, L_000002910f1becb0;  alias, 1 drivers
v000002910f128bf0_0 .var "rs1", 4 0;
v000002910f128330_0 .net "rs1_r", 4 0, L_000002910f12c6f0;  alias, 1 drivers
v000002910f129050_0 .var "rs1_val", 31 0;
v000002910f129730_0 .net "rs1_val_r", 31 0, v000002910f126d20_0;  alias, 1 drivers
v000002910f127cf0_0 .var "rs2", 4 0;
v000002910f128650_0 .net "rs2_r", 4 0, L_000002910f12cab0;  alias, 1 drivers
v000002910f128e70_0 .var "rs2_val", 31 0;
v000002910f1297d0_0 .net "rs2_val_r", 31 0, v000002910f127040_0;  alias, 1 drivers
v000002910f127930_0 .net "rst", 0 0, L_000002910f096450;  1 drivers
E_000002910f104900 .event posedge, v000002910f127930_0, v000002910f0f6b90_0;
S_000002910f101300 .scope module, "fetch_stage" "fetch_stage" 3 10;
 .timescale -9 -12;
    .port_info 0 /INPUT 1 "clk";
    .port_info 1 /INPUT 1 "rst";
    .port_info 2 /INPUT 1 "PCSel";
    .port_info 3 /INPUT 32 "jump_target";
    .port_info 4 /OUTPUT 32 "PC_out";
    .port_info 5 /OUTPUT 32 "instruction_out";
o000002910f133d18 .functor BUFZ 1, C4<z>; HiZ drive
v000002910f12d190_0 .net "PCSel", 0 0, o000002910f133d18;  0 drivers
v000002910f12c650_0 .net "PC_out", 31 0, v000002910f129f90_0;  1 drivers
v000002910f12cfb0_0 .net "PC_plus_4", 31 0, L_000002910f1c0010;  1 drivers
v000002910f12d370_0 .net "PC_w", 31 0, v000002910f12a3f0_0;  1 drivers
o000002910f133ce8 .functor BUFZ 1, C4<z>; HiZ drive
v000002910f12d690_0 .net "clk", 0 0, o000002910f133ce8;  0 drivers
v000002910f12cbf0_0 .net "instruction_out", 31 0, v000002910f12a2b0_0;  1 drivers
v000002910f12cb50_0 .net "instruction_w", 31 0, L_000002910f1c0e70;  1 drivers
o000002910f134378 .functor BUFZ 32, C4<zzzzzzzzzzzzzzzzzzzzzzzzzzzzzzzz>; HiZ drive
v000002910f12c150_0 .net "jump_target", 31 0, o000002910f134378;  0 drivers
v000002910f12d230_0 .net "next_PC_val", 31 0, L_000002910f1c00b0;  1 drivers
o000002910f133da8 .functor BUFZ 1, C4<z>; HiZ drive
v000002910f12d730_0 .net "rst", 0 0, o000002910f133da8;  0 drivers
S_000002910f0bd630 .scope module, "IFID" "IF_ID" 3 35, 3 87 0, S_000002910f101300;
 .timescale -9 -12;
    .port_info 0 /INPUT 1 "clk";
    .port_info 1 /INPUT 1 "rst";
    .port_info 2 /INPUT 1 "flush";
    .port_info 3 /INPUT 32 "PC_r";
    .port_info 4 /INPUT 32 "instr_r";
    .port_info 5 /OUTPUT 32 "PC";
    .port_info 6 /OUTPUT 32 "instr";
v000002910f129f90_0 .var "PC", 31 0;
v000002910f12bd90_0 .net "PC_r", 31 0, v000002910f12a3f0_0;  alias, 1 drivers
v000002910f12c010_0 .net "clk", 0 0, o000002910f133ce8;  alias, 0 drivers
v000002910f12a170_0 .net "flush", 0 0, o000002910f133d18;  alias, 0 drivers
v000002910f12a2b0_0 .var "instr", 31 0;
v000002910f12b250_0 .net "instr_r", 31 0, L_000002910f1c0e70;  alias, 1 drivers
v000002910f12bed0_0 .net "rst", 0 0, o000002910f133da8;  alias, 0 drivers
E_000002910f104b00 .event posedge, v000002910f12bed0_0, v000002910f12c010_0;
S_000002910f0b6f30 .scope module, "IM" "instruction_memory" 3 30, 3 40 0, S_000002910f101300;
 .timescale -9 -12;
    .port_info 0 /INPUT 32 "PC";
    .port_info 1 /OUTPUT 32 "instruction";
v000002910f12af30_0 .net "PC", 31 0, v000002910f12a3f0_0;  alias, 1 drivers
v000002910f129d10_0 .net *"_ivl_0", 7 0, L_000002910f1c03d0;  1 drivers
v000002910f12a350_0 .net *"_ivl_10", 31 0, L_000002910f1bff70;  1 drivers
v000002910f12a030_0 .net *"_ivl_12", 7 0, L_000002910f1c0970;  1 drivers
L_000002910f174698 .functor BUFT 1, C4<00000000000000000000000000000001>, C4<0>, C4<0>, C4<0>;
v000002910f12b890_0 .net/2u *"_ivl_14", 31 0, L_000002910f174698;  1 drivers
v000002910f12b930_0 .net *"_ivl_16", 31 0, L_000002910f1c0d30;  1 drivers
v000002910f1299f0_0 .net *"_ivl_18", 7 0, L_000002910f1c0650;  1 drivers
L_000002910f174608 .functor BUFT 1, C4<00000000000000000000000000000011>, C4<0>, C4<0>, C4<0>;
v000002910f129a90_0 .net/2u *"_ivl_2", 31 0, L_000002910f174608;  1 drivers
v000002910f12afd0_0 .net *"_ivl_4", 31 0, L_000002910f1c08d0;  1 drivers
v000002910f12b070_0 .net *"_ivl_6", 7 0, L_000002910f1c0c90;  1 drivers
L_000002910f174650 .functor BUFT 1, C4<00000000000000000000000000000010>, C4<0>, C4<0>, C4<0>;
v000002910f12b2f0_0 .net/2u *"_ivl_8", 31 0, L_000002910f174650;  1 drivers
v000002910f12b1b0_0 .var/i "i", 31 0;
v000002910f12b390_0 .net "instruction", 31 0, L_000002910f1c0e70;  alias, 1 drivers
v000002910f12b570 .array "memory", 65535 0, 7 0;
v000002910f12b610 .array "temp_mem", 16383 0, 31 0;
L_000002910f1c03d0 .array/port v000002910f12b570, L_000002910f1c08d0;
L_000002910f1c08d0 .arith/sum 32, v000002910f12a3f0_0, L_000002910f174608;
L_000002910f1c0c90 .array/port v000002910f12b570, L_000002910f1bff70;
L_000002910f1bff70 .arith/sum 32, v000002910f12a3f0_0, L_000002910f174650;
L_000002910f1c0970 .array/port v000002910f12b570, L_000002910f1c0d30;
L_000002910f1c0d30 .arith/sum 32, v000002910f12a3f0_0, L_000002910f174698;
L_000002910f1c0650 .array/port v000002910f12b570, v000002910f12a3f0_0;
L_000002910f1c0e70 .concat [ 8 8 8 8], L_000002910f1c0650, L_000002910f1c0970, L_000002910f1c0c90, L_000002910f1c03d0;
S_000002910f0b70c0 .scope module, "PC_Reg" "program_counter" 3 23, 3 73 0, S_000002910f101300;
 .timescale -9 -12;
    .port_info 0 /INPUT 1 "clk";
    .port_info 1 /INPUT 32 "PC_mux_output";
    .port_info 2 /INPUT 1 "rst";
    .port_info 3 /OUTPUT 32 "PC";
v000002910f12a3f0_0 .var "PC", 31 0;
v000002910f129b30_0 .net "PC_mux_output", 31 0, L_000002910f1c00b0;  alias, 1 drivers
v000002910f12b6b0_0 .net "clk", 0 0, o000002910f133ce8;  alias, 0 drivers
v000002910f12b9d0_0 .net "rst", 0 0, o000002910f133da8;  alias, 0 drivers
E_000002910f104ac0 .event posedge, v000002910f12c010_0;
S_000002910f09ecc0 .scope module, "adder_4" "adder" 3 19, 5 12 0, S_000002910f101300;
 .timescale -9 -12;
    .port_info 0 /INPUT 32 "a";
    .port_info 1 /INPUT 32 "b";
    .port_info 2 /OUTPUT 32 "f";
v000002910f129bd0_0 .net "a", 31 0, v000002910f12a3f0_0;  alias, 1 drivers
L_000002910f1745c0 .functor BUFT 1, C4<00000000000000000000000000000100>, C4<0>, C4<0>, C4<0>;
v000002910f129db0_0 .net "b", 31 0, L_000002910f1745c0;  1 drivers
v000002910f12a530_0 .net "f", 31 0, L_000002910f1c0010;  alias, 1 drivers
L_000002910f1c0010 .arith/sum 32, v000002910f12a3f0_0, L_000002910f1745c0;
S_000002910f09ee50 .scope module, "mux" "mux_2x1" 3 21, 5 1 0, S_000002910f101300;
 .timescale -9 -12;
    .port_info 0 /INPUT 32 "a";
    .port_info 1 /INPUT 32 "b";
    .port_info 2 /INPUT 1 "s";
    .port_info 3 /OUTPUT 32 "f";
v000002910f12a670_0 .net "a", 31 0, L_000002910f1c0010;  alias, 1 drivers
v000002910f12d7d0_0 .net "b", 31 0, o000002910f134378;  alias, 0 drivers
v000002910f12c5b0_0 .net "f", 31 0, L_000002910f1c00b0;  alias, 1 drivers
v000002910f12cc90_0 .net "s", 0 0, o000002910f133d18;  alias, 0 drivers
L_000002910f1c00b0 .functor MUXZ 32, L_000002910f1c0010, o000002910f134378, o000002910f133d18, C4<>;
    .scope S_000002910f097f30;
T_0 ;
    %wait E_000002910f104180;
    %load/vec4 v000002910f0f7db0_0;
    %flag_set/vec4 8;
    %jmp/0xz  T_0.0, 8;
    %pushi/vec4 0, 0, 32;
    %assign/vec4 v000002910f0f6d70_0, 0;
    %pushi/vec4 0, 0, 32;
    %assign/vec4 v000002910f0f8350_0, 0;
    %jmp T_0.1;
T_0.0 ;
    %load/vec4 v000002910f0f6e10_0;
    %flag_set/vec4 8;
    %jmp/0xz  T_0.2, 8;
    %load/vec4 v000002910f0f8210_0;
    %assign/vec4 v000002910f0f6d70_0, 0;
    %pushi/vec4 0, 0, 32;
    %assign/vec4 v000002910f0f8350_0, 0;
    %jmp T_0.3;
T_0.2 ;
    %load/vec4 v000002910f0f8210_0;
    %assign/vec4 v000002910f0f6d70_0, 0;
    %load/vec4 v000002910f0f8710_0;
    %assign/vec4 v000002910f0f8350_0, 0;
T_0.3 ;
T_0.1 ;
    %jmp T_0;
    .thread T_0;
    .scope S_000002910f0acea0;
T_1 ;
    %wait E_000002910f104200;
    %load/vec4 v000002910f1265a0_0;
    %load/vec4 v000002910f1268c0_0;
    %pushi/vec4 0, 0, 5;
    %cmp/ne;
    %flag_get/vec4 4;
    %and;
    %flag_set/vec4 8;
    %jmp/0xz  T_1.0, 8;
    %load/vec4 v000002910f126640_0;
    %load/vec4 v000002910f1268c0_0;
    %pad/u 7;
    %ix/vec4 3;
    %ix/load 4, 0, 0; Constant delay
    %assign/vec4/a/d v000002910f127220, 0, 4;
T_1.0 ;
    %jmp T_1;
    .thread T_1;
    .scope S_000002910f0acea0;
T_2 ;
    %wait E_000002910f1041c0;
    %load/vec4 v000002910f126960_0;
    %cmpi/e 1, 0, 1;
    %flag_mov 8, 4;
    %jmp/0 T_2.0, 8;
    %pushi/vec4 0, 0, 32;
    %jmp/1 T_2.1, 8;
T_2.0 ; End of true expr.
    %load/vec4 v000002910f125ec0_0;
    %pad/u 7;
    %ix/vec4 4;
    %load/vec4a v000002910f127220, 4;
    %jmp/0 T_2.1, 8;
 ; End of false expr.
    %blend;
T_2.1;
    %store/vec4 v000002910f126d20_0, 0, 32;
    %load/vec4 v000002910f126960_0;
    %cmpi/e 1, 0, 1;
    %flag_mov 8, 4;
    %jmp/0 T_2.2, 8;
    %pushi/vec4 0, 0, 32;
    %jmp/1 T_2.3, 8;
T_2.2 ; End of true expr.
    %load/vec4 v000002910f126fa0_0;
    %pad/u 7;
    %ix/vec4 4;
    %load/vec4a v000002910f127220, 4;
    %jmp/0 T_2.3, 8;
 ; End of false expr.
    %blend;
T_2.3;
    %store/vec4 v000002910f127040_0, 0, 32;
    %jmp T_2;
    .thread T_2;
    .scope S_000002910f0acea0;
T_3 ;
    %pushi/vec4 0, 0, 32;
    %store/vec4 v000002910f126e60_0, 0, 32;
T_3.0 ;
    %load/vec4 v000002910f126e60_0;
    %cmpi/s 32, 0, 32;
    %jmp/0xz T_3.1, 5;
    %pushi/vec4 0, 0, 32;
    %ix/getv/s 4, v000002910f126e60_0;
    %store/vec4a v000002910f127220, 4, 0;
    %load/vec4 v000002910f126e60_0;
    %addi 1, 0, 32;
    %store/vec4 v000002910f126e60_0, 0, 32;
    %jmp T_3.0;
T_3.1 ;
    %end;
    .thread T_3;
    .scope S_000002910f0ad030;
T_4 ;
    %wait E_000002910f104900;
    %load/vec4 v000002910f127930_0;
    %flag_set/vec4 8;
    %jmp/0xz  T_4.0, 8;
    %pushi/vec4 0, 0, 32;
    %assign/vec4 v000002910f126b40_0, 0;
    %pushi/vec4 0, 0, 32;
    %assign/vec4 v000002910f1272c0_0, 0;
    %pushi/vec4 0, 0, 1;
    %assign/vec4 v000002910f126a00_0, 0;
    %pushi/vec4 0, 0, 1;
    %assign/vec4 v000002910f1274a0_0, 0;
    %pushi/vec4 0, 0, 1;
    %assign/vec4 v000002910f126320_0, 0;
    %pushi/vec4 0, 0, 1;
    %assign/vec4 v000002910f125f60_0, 0;
    %pushi/vec4 0, 0, 1;
    %assign/vec4 v000002910f127400_0, 0;
    %pushi/vec4 0, 0, 1;
    %assign/vec4 v000002910f126aa0_0, 0;
    %pushi/vec4 0, 0, 1;
    %assign/vec4 v000002910f128b50_0, 0;
    %pushi/vec4 0, 0, 2;
    %assign/vec4 v000002910f127ed0_0, 0;
    %pushi/vec4 0, 0, 4;
    %assign/vec4 v000002910f126280_0, 0;
    %pushi/vec4 0, 0, 32;
    %assign/vec4 v000002910f125c40_0, 0;
    %pushi/vec4 0, 0, 32;
    %assign/vec4 v000002910f129050_0, 0;
    %pushi/vec4 0, 0, 32;
    %assign/vec4 v000002910f128e70_0, 0;
    %pushi/vec4 0, 0, 1;
    %assign/vec4 v000002910f126000_0, 0;
    %pushi/vec4 0, 0, 5;
    %assign/vec4 v000002910f128bf0_0, 0;
    %pushi/vec4 0, 0, 5;
    %assign/vec4 v000002910f127cf0_0, 0;
    %pushi/vec4 0, 0, 5;
    %assign/vec4 v000002910f126c80_0, 0;
    %jmp T_4.1;
T_4.0 ;
    %load/vec4 v000002910f125e20_0;
    %assign/vec4 v000002910f126b40_0, 0;
    %load/vec4 v000002910f125d80_0;
    %assign/vec4 v000002910f1272c0_0, 0;
    %load/vec4 v000002910f1270e0_0;
    %assign/vec4 v000002910f126a00_0, 0;
    %load/vec4 v000002910f126140_0;
    %assign/vec4 v000002910f1274a0_0, 0;
    %load/vec4 v000002910f1263c0_0;
    %assign/vec4 v000002910f126320_0, 0;
    %load/vec4 v000002910f126be0_0;
    %assign/vec4 v000002910f125f60_0, 0;
    %load/vec4 v000002910f1260a0_0;
    %assign/vec4 v000002910f127400_0, 0;
    %load/vec4 v000002910f125b00_0;
    %assign/vec4 v000002910f126aa0_0, 0;
    %load/vec4 v000002910f127c50_0;
    %assign/vec4 v000002910f128b50_0, 0;
    %load/vec4 v000002910f1283d0_0;
    %assign/vec4 v000002910f127ed0_0, 0;
    %load/vec4 v000002910f127540_0;
    %assign/vec4 v000002910f126280_0, 0;
    %load/vec4 v000002910f127360_0;
    %assign/vec4 v000002910f125c40_0, 0;
    %load/vec4 v000002910f129730_0;
    %assign/vec4 v000002910f129050_0, 0;
    %load/vec4 v000002910f1297d0_0;
    %assign/vec4 v000002910f128e70_0, 0;
    %load/vec4 v000002910f1259c0_0;
    %assign/vec4 v000002910f126000_0, 0;
    %load/vec4 v000002910f128330_0;
    %assign/vec4 v000002910f128bf0_0, 0;
    %load/vec4 v000002910f128650_0;
    %assign/vec4 v000002910f127cf0_0, 0;
    %load/vec4 v000002910f1294b0_0;
    %assign/vec4 v000002910f126c80_0, 0;
T_4.1 ;
    %jmp T_4;
    .thread T_4;
    .scope S_000002910f0a0420;
T_5 ;
    %delay 5000, 0;
    %load/vec4 v000002910f129c70_0;
    %inv;
    %store/vec4 v000002910f129c70_0, 0, 1;
    %jmp T_5;
    .thread T_5;
    .scope S_000002910f0a0420;
T_6 ;
    %pushi/vec4 0, 0, 1;
    %store/vec4 v000002910f129c70_0, 0, 1;
    %pushi/vec4 1, 0, 1;
    %store/vec4 v000002910f12b110_0, 0, 1;
    %pushi/vec4 0, 0, 32;
    %store/vec4 v000002910f12a210_0, 0, 32;
    %pushi/vec4 0, 0, 32;
    %store/vec4 v000002910f12a490_0, 0, 32;
    %pushi/vec4 0, 0, 1;
    %store/vec4 v000002910f12c0b0_0, 0, 1;
    %pushi/vec4 0, 0, 32;
    %store/vec4 v000002910f12be30_0, 0, 32;
    %delay 20000, 0;
    %pushi/vec4 0, 0, 1;
    %store/vec4 v000002910f12b110_0, 0, 1;
    %wait E_000002910f104200;
    %pushi/vec4 1, 0, 5;
    %store/vec4 v000002910f12bc50_0, 0, 5;
    %pushi/vec4 1, 0, 1;
    %store/vec4 v000002910f12c0b0_0, 0, 1;
    %pushi/vec4 15761940, 0, 32;
    %store/vec4 v000002910f12a210_0, 0, 32;
    %pushi/vec4 100, 0, 32;
    %store/vec4 v000002910f12be30_0, 0, 32;
    %pushi/vec4 2, 0, 32;
T_6.0 %dup/vec4;
    %pushi/vec4 0, 0, 32;
    %cmp/s;
    %jmp/1xz T_6.1, 5;
    %jmp/1 T_6.1, 4;
    %pushi/vec4 1, 0, 32;
    %sub;
    %wait E_000002910f104200;
    %jmp T_6.0;
T_6.1 ;
    %pop/vec4 1;
    %pushi/vec4 0, 0, 1;
    %store/vec4 v000002910f12c0b0_0, 0, 1;
    %vpi_call 2 78 "$display", "--- Testing ANDI ---" {0 0 0};
    %vpi_call 2 79 "$display", "Time: %t | Inst: %h | Imm: %d | rs1_val: %d |  RegWrite: %b", $time, v000002910f12b4d0_0, v000002910f12ba70_0, v000002910f12adf0_0, v000002910f12a850_0 {0 0 0};
    %pushi/vec4 5350500, 0, 32;
    %store/vec4 v000002910f12a210_0, 0, 32;
    %pushi/vec4 2, 0, 32;
T_6.2 %dup/vec4;
    %pushi/vec4 0, 0, 32;
    %cmp/s;
    %jmp/1xz T_6.3, 5;
    %jmp/1 T_6.3, 4;
    %pushi/vec4 1, 0, 32;
    %sub;
    %wait E_000002910f104200;
    %jmp T_6.2;
T_6.3 ;
    %pop/vec4 1;
    %vpi_call 2 87 "$display", "--- Testing BNE ---" {0 0 0};
    %vpi_call 2 88 "$display", "Time: %t | Inst: %h | Branch: %b | Jump (jal or jalr): %b | rs2: %d", $time, v000002910f12b4d0_0, v000002910f12ab70_0, v000002910f12a5d0_0, v000002910f12a0d0_0 {0 0 0};
    %delay 20000, 0;
    %vpi_call 2 92 "$finish" {0 0 0};
    %end;
    .thread T_6;
    .scope S_000002910f0b70c0;
T_7 ;
    %wait E_000002910f104ac0;
    %load/vec4 v000002910f12b9d0_0;
    %cmpi/e 1, 0, 1;
    %jmp/0xz  T_7.0, 4;
    %pushi/vec4 0, 0, 32;
    %assign/vec4 v000002910f12a3f0_0, 0;
    %jmp T_7.1;
T_7.0 ;
    %load/vec4 v000002910f129b30_0;
    %assign/vec4 v000002910f12a3f0_0, 0;
T_7.1 ;
    %jmp T_7;
    .thread T_7;
    .scope S_000002910f0b6f30;
T_8 ;
    %pushi/vec4 0, 0, 32;
    %store/vec4 v000002910f12b1b0_0, 0, 32;
T_8.0 ;
    %load/vec4 v000002910f12b1b0_0;
    %cmpi/s 16384, 0, 32;
    %jmp/0xz T_8.1, 5;
    %pushi/vec4 4116, 0, 32;
    %ix/getv/s 4, v000002910f12b1b0_0;
    %store/vec4a v000002910f12b610, 4, 0;
    %load/vec4 v000002910f12b1b0_0;
    %addi 1, 0, 32;
    %store/vec4 v000002910f12b1b0_0, 0, 32;
    %jmp T_8.0;
T_8.1 ;
    %vpi_call 3 57 "$readmemb", "program.txt", v000002910f12b610 {0 0 0};
    %pushi/vec4 0, 0, 32;
    %store/vec4 v000002910f12b1b0_0, 0, 32;
T_8.2 ;
    %load/vec4 v000002910f12b1b0_0;
    %cmpi/s 16384, 0, 32;
    %jmp/0xz T_8.3, 5;
    %ix/getv/s 4, v000002910f12b1b0_0;
    %load/vec4a v000002910f12b610, 4;
    %parti/s 8, 0, 2;
    %load/vec4 v000002910f12b1b0_0;
    %muli 4, 0, 32;
    %ix/vec4/s 4;
    %store/vec4a v000002910f12b570, 4, 0;
    %ix/getv/s 4, v000002910f12b1b0_0;
    %load/vec4a v000002910f12b610, 4;
    %parti/s 8, 8, 5;
    %load/vec4 v000002910f12b1b0_0;
    %muli 4, 0, 32;
    %addi 1, 0, 32;
    %ix/vec4/s 4;
    %store/vec4a v000002910f12b570, 4, 0;
    %ix/getv/s 4, v000002910f12b1b0_0;
    %load/vec4a v000002910f12b610, 4;
    %parti/s 8, 16, 6;
    %load/vec4 v000002910f12b1b0_0;
    %muli 4, 0, 32;
    %addi 2, 0, 32;
    %ix/vec4/s 4;
    %store/vec4a v000002910f12b570, 4, 0;
    %ix/getv/s 4, v000002910f12b1b0_0;
    %load/vec4a v000002910f12b610, 4;
    %parti/s 8, 24, 6;
    %load/vec4 v000002910f12b1b0_0;
    %muli 4, 0, 32;
    %addi 3, 0, 32;
    %ix/vec4/s 4;
    %store/vec4a v000002910f12b570, 4, 0;
    %load/vec4 v000002910f12b1b0_0;
    %addi 1, 0, 32;
    %store/vec4 v000002910f12b1b0_0, 0, 32;
    %jmp T_8.2;
T_8.3 ;
    %end;
    .thread T_8;
    .scope S_000002910f0bd630;
T_9 ;
    %wait E_000002910f104b00;
    %load/vec4 v000002910f12bed0_0;
    %flag_set/vec4 8;
    %jmp/0xz  T_9.0, 8;
    %pushi/vec4 0, 0, 32;
    %assign/vec4 v000002910f129f90_0, 0;
    %pushi/vec4 0, 0, 32;
    %assign/vec4 v000002910f12a2b0_0, 0;
    %jmp T_9.1;
T_9.0 ;
    %load/vec4 v000002910f12a170_0;
    %flag_set/vec4 8;
    %jmp/0xz  T_9.2, 8;
    %load/vec4 v000002910f12bd90_0;
    %assign/vec4 v000002910f129f90_0, 0;
    %pushi/vec4 0, 0, 32;
    %assign/vec4 v000002910f12a2b0_0, 0;
    %jmp T_9.3;
T_9.2 ;
    %load/vec4 v000002910f12bd90_0;
    %assign/vec4 v000002910f129f90_0, 0;
    %load/vec4 v000002910f12b250_0;
    %assign/vec4 v000002910f12a2b0_0, 0;
T_9.3 ;
T_9.1 ;
    %jmp T_9;
    .thread T_9;
# The file index is used to find the file name in the following table.
:file_names 6;
    "N/A";
    "<interactive>";
    "ID_tb.v";
    "fetch_stage.v";
    "decode_stage.v";
    "shared_modules.v";
