#! /c/Source/iverilog-install/bin/vvp
:ivl_version "12.0 (devel)" "(s20150603-1539-g2693dd32b)";
:ivl_delay_selection "TYPICAL";
:vpi_time_precision + 0;
:vpi_module "D:\iverilog\lib\ivl\system.vpi";
:vpi_module "D:\iverilog\lib\ivl\vhdl_sys.vpi";
:vpi_module "D:\iverilog\lib\ivl\vhdl_textio.vpi";
:vpi_module "D:\iverilog\lib\ivl\v2005_math.vpi";
:vpi_module "D:\iverilog\lib\ivl\va_math.vpi";
S_000001fbdf914510 .scope module, "IF_tb" "IF_tb" 2 1;
 .timescale 0 0;
v000001fbdf986210_0 .net "PC", 31 0, v000001fbdf912ba0_0;  1 drivers
v000001fbdf9865d0_0 .var "PCSel", 0 0;
v000001fbdf9863f0_0 .var "clk", 0 0;
v000001fbdf986850_0 .net "ins", 31 0, v000001fbdf9122e0_0;  1 drivers
v000001fbdf9879d0_0 .var "jump_target", 0 31;
v000001fbdf986cb0_0 .net "rs1_if", 4 0, L_000001fbdf9876b0;  1 drivers
v000001fbdf986530_0 .net "rs2_if", 4 0, L_000001fbdf987a70;  1 drivers
v000001fbdf987430_0 .var "rst", 0 0;
v000001fbdf985db0_0 .var "stall", 0 0;
S_000001fbdf921540 .scope module, "IF" "fetch_stage" 2 8, 3 10 0, S_000001fbdf914510;
 .timescale 0 0;
    .port_info 0 /INPUT 1 "clk";
    .port_info 1 /INPUT 1 "rst";
    .port_info 2 /INPUT 1 "stall";
    .port_info 3 /INPUT 1 "PCSel";
    .port_info 4 /INPUT 32 "jump_target";
    .port_info 5 /OUTPUT 32 "PC_out";
    .port_info 6 /OUTPUT 32 "instruction_out";
    .port_info 7 /OUTPUT 5 "rs1_out";
    .port_info 8 /OUTPUT 5 "rs2_out";
v000001fbdf986350_0 .net "PCSel", 0 0, v000001fbdf9865d0_0;  1 drivers
v000001fbdf986490_0 .net "PC_out", 31 0, v000001fbdf912ba0_0;  alias, 1 drivers
v000001fbdf986e90_0 .net "PC_plus_4", 31 0, L_000001fbdf9871b0;  1 drivers
v000001fbdf986030_0 .net "PC_w", 31 0, v000001fbdf985e50_0;  1 drivers
v000001fbdf986f30_0 .net "clk", 0 0, v000001fbdf9863f0_0;  1 drivers
v000001fbdf987390_0 .net "instruction_out", 31 0, v000001fbdf9122e0_0;  alias, 1 drivers
v000001fbdf9867b0_0 .net "instruction_w", 31 0, L_000001fbdf986d50;  1 drivers
v000001fbdf987070_0 .net "jump_target", 31 0, v000001fbdf9879d0_0;  1 drivers
v000001fbdf9862b0_0 .net "next_PC_val", 31 0, L_000001fbdf986710;  1 drivers
v000001fbdf986b70_0 .net "rs1_out", 4 0, L_000001fbdf9876b0;  alias, 1 drivers
v000001fbdf986170_0 .net "rs2_out", 4 0, L_000001fbdf987a70;  alias, 1 drivers
v000001fbdf987750_0 .net "rst", 0 0, v000001fbdf987430_0;  1 drivers
v000001fbdf986ad0_0 .net "stall", 0 0, v000001fbdf985db0_0;  1 drivers
S_000001fbdf9216d0 .scope module, "IFID" "IF_ID" 3 37, 3 87 0, S_000001fbdf921540;
 .timescale 0 0;
    .port_info 0 /INPUT 1 "clk";
    .port_info 1 /INPUT 1 "rst";
    .port_info 2 /INPUT 1 "stall";
    .port_info 3 /INPUT 32 "PC_r";
    .port_info 4 /INPUT 32 "instr_r";
    .port_info 5 /OUTPUT 32 "PC";
    .port_info 6 /OUTPUT 32 "instr";
    .port_info 7 /OUTPUT 5 "rs1_out";
    .port_info 8 /OUTPUT 5 "rs2_out";
v000001fbdf912ba0_0 .var "PC", 31 0;
v000001fbdf912d80_0 .net "PC_r", 31 0, v000001fbdf985e50_0;  alias, 1 drivers
v000001fbdf912880_0 .net "clk", 0 0, v000001fbdf9863f0_0;  alias, 1 drivers
v000001fbdf9122e0_0 .var "instr", 31 0;
v000001fbdf912560_0 .net "instr_r", 31 0, L_000001fbdf986d50;  alias, 1 drivers
v000001fbdf913000_0 .net "rs1_out", 4 0, L_000001fbdf9876b0;  alias, 1 drivers
v000001fbdf912c40_0 .net "rs2_out", 4 0, L_000001fbdf987a70;  alias, 1 drivers
v000001fbdf912ce0_0 .net "rst", 0 0, v000001fbdf987430_0;  alias, 1 drivers
v000001fbdf912ec0_0 .net "stall", 0 0, v000001fbdf985db0_0;  alias, 1 drivers
E_000001fbdf90e9c0 .event posedge, v000001fbdf912ce0_0, v000001fbdf912880_0;
L_000001fbdf9876b0 .part L_000001fbdf986d50, 15, 5;
L_000001fbdf987a70 .part L_000001fbdf986d50, 20, 5;
S_000001fbdf91c670 .scope module, "IM" "instruction_memory" 3 32, 3 43 0, S_000001fbdf921540;
 .timescale 0 0;
    .port_info 0 /INPUT 32 "PC";
    .port_info 1 /OUTPUT 32 "instruction";
v000001fbdf9127e0_0 .net "PC", 31 0, v000001fbdf985e50_0;  alias, 1 drivers
v000001fbdf912920_0 .net *"_ivl_0", 7 0, L_000001fbdf9874d0;  1 drivers
v000001fbdf912f60_0 .net *"_ivl_10", 31 0, L_000001fbdf9877f0;  1 drivers
v000001fbdf912420_0 .net *"_ivl_12", 7 0, L_000001fbdf9868f0;  1 drivers
L_000001fbdf9d0160 .functor BUFT 1, C4<00000000000000000000000000000001>, C4<0>, C4<0>, C4<0>;
v000001fbdf9130a0_0 .net/2u *"_ivl_14", 31 0, L_000001fbdf9d0160;  1 drivers
v000001fbdf913140_0 .net *"_ivl_16", 31 0, L_000001fbdf987570;  1 drivers
v000001fbdf9129c0_0 .net *"_ivl_18", 7 0, L_000001fbdf987930;  1 drivers
L_000001fbdf9d00d0 .functor BUFT 1, C4<00000000000000000000000000000011>, C4<0>, C4<0>, C4<0>;
v000001fbdf912740_0 .net/2u *"_ivl_2", 31 0, L_000001fbdf9d00d0;  1 drivers
v000001fbdf9131e0_0 .net *"_ivl_4", 31 0, L_000001fbdf986c10;  1 drivers
v000001fbdf912600_0 .net *"_ivl_6", 7 0, L_000001fbdf986670;  1 drivers
L_000001fbdf9d0118 .functor BUFT 1, C4<00000000000000000000000000000010>, C4<0>, C4<0>, C4<0>;
v000001fbdf912380_0 .net/2u *"_ivl_8", 31 0, L_000001fbdf9d0118;  1 drivers
v000001fbdf9126a0_0 .var/i "i", 31 0;
v000001fbdf912a60_0 .net "instruction", 31 0, L_000001fbdf986d50;  alias, 1 drivers
v000001fbdf9872f0 .array "memory", 65535 0, 7 0;
v000001fbdf986fd0 .array "temp_mem", 16383 0, 31 0;
L_000001fbdf9874d0 .array/port v000001fbdf9872f0, L_000001fbdf986c10;
L_000001fbdf986c10 .arith/sum 32, v000001fbdf985e50_0, L_000001fbdf9d00d0;
L_000001fbdf986670 .array/port v000001fbdf9872f0, L_000001fbdf9877f0;
L_000001fbdf9877f0 .arith/sum 32, v000001fbdf985e50_0, L_000001fbdf9d0118;
L_000001fbdf9868f0 .array/port v000001fbdf9872f0, L_000001fbdf987570;
L_000001fbdf987570 .arith/sum 32, v000001fbdf985e50_0, L_000001fbdf9d0160;
L_000001fbdf987930 .array/port v000001fbdf9872f0, v000001fbdf985e50_0;
L_000001fbdf986d50 .concat [ 8 8 8 8], L_000001fbdf987930, L_000001fbdf9868f0, L_000001fbdf986670, L_000001fbdf9874d0;
S_000001fbdf91c800 .scope module, "PC_Reg" "program_counter" 3 24, 3 76 0, S_000001fbdf921540;
 .timescale 0 0;
    .port_info 0 /INPUT 1 "clk";
    .port_info 1 /INPUT 32 "PC_mux_output";
    .port_info 2 /INPUT 1 "rst";
    .port_info 3 /INPUT 1 "stall";
    .port_info 4 /OUTPUT 32 "PC";
v000001fbdf985e50_0 .var "PC", 31 0;
v000001fbdf987110_0 .net "PC_mux_output", 31 0, L_000001fbdf986710;  alias, 1 drivers
v000001fbdf987890_0 .net "clk", 0 0, v000001fbdf9863f0_0;  alias, 1 drivers
v000001fbdf985ef0_0 .net "rst", 0 0, v000001fbdf987430_0;  alias, 1 drivers
v000001fbdf986df0_0 .net "stall", 0 0, v000001fbdf985db0_0;  alias, 1 drivers
E_000001fbdf90e200 .event posedge, v000001fbdf912880_0;
S_000001fbdf8cdf40 .scope module, "adder_4" "adder" 3 20, 4 12 0, S_000001fbdf921540;
 .timescale 0 0;
    .port_info 0 /INPUT 32 "a";
    .port_info 1 /INPUT 32 "b";
    .port_info 2 /OUTPUT 32 "f";
v000001fbdf985c70_0 .net "a", 31 0, v000001fbdf985e50_0;  alias, 1 drivers
L_000001fbdf9d0088 .functor BUFT 1, C4<00000000000000000000000000000100>, C4<0>, C4<0>, C4<0>;
v000001fbdf9860d0_0 .net "b", 31 0, L_000001fbdf9d0088;  1 drivers
v000001fbdf987610_0 .net "f", 31 0, L_000001fbdf9871b0;  alias, 1 drivers
L_000001fbdf9871b0 .arith/sum 32, v000001fbdf985e50_0, L_000001fbdf9d0088;
S_000001fbdf8ce0d0 .scope module, "mux" "mux_2x1" 3 22, 4 1 0, S_000001fbdf921540;
 .timescale 0 0;
    .port_info 0 /INPUT 32 "a";
    .port_info 1 /INPUT 32 "b";
    .port_info 2 /INPUT 1 "s";
    .port_info 3 /OUTPUT 32 "f";
v000001fbdf986990_0 .net "a", 31 0, L_000001fbdf9871b0;  alias, 1 drivers
v000001fbdf987250_0 .net "b", 31 0, v000001fbdf9879d0_0;  alias, 1 drivers
v000001fbdf985f90_0 .net "f", 31 0, L_000001fbdf986710;  alias, 1 drivers
v000001fbdf985d10_0 .net "s", 0 0, v000001fbdf9865d0_0;  alias, 1 drivers
L_000001fbdf986710 .functor MUXZ 32, L_000001fbdf9871b0, v000001fbdf9879d0_0, v000001fbdf9865d0_0, C4<>;
    .scope S_000001fbdf91c800;
T_0 ;
    %wait E_000001fbdf90e200;
    %load/vec4 v000001fbdf985ef0_0;
    %cmpi/e 1, 0, 1;
    %jmp/0xz  T_0.0, 4;
    %pushi/vec4 0, 0, 32;
    %assign/vec4 v000001fbdf985e50_0, 0;
    %jmp T_0.1;
T_0.0 ;
    %load/vec4 v000001fbdf986df0_0;
    %nor/r;
    %flag_set/vec4 8;
    %jmp/0xz  T_0.2, 8;
    %load/vec4 v000001fbdf987110_0;
    %assign/vec4 v000001fbdf985e50_0, 0;
T_0.2 ;
T_0.1 ;
    %jmp T_0;
    .thread T_0;
    .scope S_000001fbdf91c670;
T_1 ;
    %pushi/vec4 0, 0, 32;
    %store/vec4 v000001fbdf9126a0_0, 0, 32;
T_1.0 ;
    %load/vec4 v000001fbdf9126a0_0;
    %cmpi/s 16384, 0, 32;
    %jmp/0xz T_1.1, 5;
    %pushi/vec4 4116, 0, 32;
    %ix/getv/s 4, v000001fbdf9126a0_0;
    %store/vec4a v000001fbdf986fd0, 4, 0;
    %load/vec4 v000001fbdf9126a0_0;
    %addi 1, 0, 32;
    %store/vec4 v000001fbdf9126a0_0, 0, 32;
    %jmp T_1.0;
T_1.1 ;
    %vpi_call 3 60 "$readmemb", "program.txt", v000001fbdf986fd0 {0 0 0};
    %pushi/vec4 0, 0, 32;
    %store/vec4 v000001fbdf9126a0_0, 0, 32;
T_1.2 ;
    %load/vec4 v000001fbdf9126a0_0;
    %cmpi/s 16384, 0, 32;
    %jmp/0xz T_1.3, 5;
    %ix/getv/s 4, v000001fbdf9126a0_0;
    %load/vec4a v000001fbdf986fd0, 4;
    %parti/s 8, 0, 2;
    %load/vec4 v000001fbdf9126a0_0;
    %muli 4, 0, 32;
    %ix/vec4/s 4;
    %store/vec4a v000001fbdf9872f0, 4, 0;
    %ix/getv/s 4, v000001fbdf9126a0_0;
    %load/vec4a v000001fbdf986fd0, 4;
    %parti/s 8, 8, 5;
    %load/vec4 v000001fbdf9126a0_0;
    %muli 4, 0, 32;
    %addi 1, 0, 32;
    %ix/vec4/s 4;
    %store/vec4a v000001fbdf9872f0, 4, 0;
    %ix/getv/s 4, v000001fbdf9126a0_0;
    %load/vec4a v000001fbdf986fd0, 4;
    %parti/s 8, 16, 6;
    %load/vec4 v000001fbdf9126a0_0;
    %muli 4, 0, 32;
    %addi 2, 0, 32;
    %ix/vec4/s 4;
    %store/vec4a v000001fbdf9872f0, 4, 0;
    %ix/getv/s 4, v000001fbdf9126a0_0;
    %load/vec4a v000001fbdf986fd0, 4;
    %parti/s 8, 24, 6;
    %load/vec4 v000001fbdf9126a0_0;
    %muli 4, 0, 32;
    %addi 3, 0, 32;
    %ix/vec4/s 4;
    %store/vec4a v000001fbdf9872f0, 4, 0;
    %load/vec4 v000001fbdf9126a0_0;
    %addi 1, 0, 32;
    %store/vec4 v000001fbdf9126a0_0, 0, 32;
    %jmp T_1.2;
T_1.3 ;
    %end;
    .thread T_1;
    .scope S_000001fbdf9216d0;
T_2 ;
    %wait E_000001fbdf90e9c0;
    %load/vec4 v000001fbdf912ce0_0;
    %flag_set/vec4 8;
    %jmp/0xz  T_2.0, 8;
    %pushi/vec4 0, 0, 32;
    %assign/vec4 v000001fbdf912ba0_0, 0;
    %pushi/vec4 0, 0, 32;
    %assign/vec4 v000001fbdf9122e0_0, 0;
    %jmp T_2.1;
T_2.0 ;
    %load/vec4 v000001fbdf912ec0_0;
    %nor/r;
    %flag_set/vec4 8;
    %jmp/0xz  T_2.2, 8;
    %load/vec4 v000001fbdf912d80_0;
    %assign/vec4 v000001fbdf912ba0_0, 0;
    %load/vec4 v000001fbdf912560_0;
    %assign/vec4 v000001fbdf9122e0_0, 0;
T_2.2 ;
T_2.1 ;
    %jmp T_2;
    .thread T_2;
    .scope S_000001fbdf914510;
T_3 ;
    %delay 5, 0;
    %load/vec4 v000001fbdf9863f0_0;
    %inv;
    %store/vec4 v000001fbdf9863f0_0, 0, 1;
    %jmp T_3;
    .thread T_3;
    .scope S_000001fbdf914510;
T_4 ;
    %vpi_call 2 14 "$dumpfile", "IF_tb.vcd" {0 0 0};
    %vpi_call 2 15 "$dumpvars", 32'sb00000000000000000000000000000000, S_000001fbdf914510 {0 0 0};
    %pushi/vec4 1, 0, 1;
    %store/vec4 v000001fbdf9863f0_0, 0, 1;
    %pushi/vec4 1, 0, 1;
    %store/vec4 v000001fbdf987430_0, 0, 1;
    %pushi/vec4 0, 0, 1;
    %store/vec4 v000001fbdf985db0_0, 0, 1;
    %delay 10, 0;
    %vpi_call 2 22 "$monitor", "time = %t, clk = %b, rst = %b, PCSel = %b, jump_target = %h, PC = %h, ins = %h", $time, v000001fbdf9863f0_0, v000001fbdf987430_0, v000001fbdf9865d0_0, v000001fbdf9879d0_0, v000001fbdf986210_0, v000001fbdf986850_0 {0 0 0};
    %pushi/vec4 0, 0, 1;
    %store/vec4 v000001fbdf987430_0, 0, 1;
    %pushi/vec4 0, 0, 1;
    %store/vec4 v000001fbdf9865d0_0, 0, 1;
    %pushi/vec4 20, 0, 32;
    %store/vec4 v000001fbdf9879d0_0, 0, 32;
    %delay 30, 0;
    %pushi/vec4 0, 0, 1;
    %store/vec4 v000001fbdf987430_0, 0, 1;
    %pushi/vec4 1, 0, 1;
    %store/vec4 v000001fbdf9865d0_0, 0, 1;
    %delay 10, 0;
    %vpi_call 2 30 "$finish" {0 0 0};
    %end;
    .thread T_4;
# The file index is used to find the file name in the following table.
:file_names 5;
    "N/A";
    "<interactive>";
    "IF_tb.v";
    "fetch_stage.v";
    "shared_modules.v";
