#! /c/Source/iverilog-install/bin/vvp
:ivl_version "12.0 (devel)" "(s20150603-1539-g2693dd32b)";
:ivl_delay_selection "TYPICAL";
:vpi_time_precision + 0;
:vpi_module "D:\iverilog\lib\ivl\system.vpi";
:vpi_module "D:\iverilog\lib\ivl\vhdl_sys.vpi";
:vpi_module "D:\iverilog\lib\ivl\vhdl_textio.vpi";
:vpi_module "D:\iverilog\lib\ivl\v2005_math.vpi";
:vpi_module "D:\iverilog\lib\ivl\va_math.vpi";
S_0000028c52aa0740 .scope module, "IF_tb" "IF_tb" 2 3;
 .timescale 0 0;
v0000028c52affaa0_0 .net "PC", 31 0, v0000028c52aa4800_0;  1 drivers
v0000028c52b00220_0 .var "PCSel", 0 0;
v0000028c52b01120_0 .var "clk", 0 0;
v0000028c52b01760_0 .net "ins", 31 0, v0000028c52a8ed70_0;  1 drivers
v0000028c52b00cc0_0 .var "jump_target", 0 31;
v0000028c52b009a0_0 .var "rst", 0 0;
S_0000028c52aa08d0 .scope module, "IF" "fetch_stage" 2 9, 3 10 0, S_0000028c52aa0740;
 .timescale 0 0;
    .port_info 0 /INPUT 1 "clk";
    .port_info 1 /INPUT 1 "rst";
    .port_info 2 /INPUT 1 "PCSel";
    .port_info 3 /INPUT 32 "jump_target";
    .port_info 4 /OUTPUT 32 "PC_out";
    .port_info 5 /OUTPUT 32 "instruction_out";
v0000028c52affbe0_0 .net "PCSel", 0 0, v0000028c52b00220_0;  1 drivers
v0000028c52affdc0_0 .net "PC_out", 31 0, v0000028c52aa4800_0;  alias, 1 drivers
v0000028c52b004a0_0 .net "PC_plus_4", 31 0, L_0000028c52b01260;  1 drivers
v0000028c52b014e0_0 .net "PC_w", 31 0, v0000028c52aff530_0;  1 drivers
v0000028c52b00b80_0 .net "clk", 0 0, v0000028c52b01120_0;  1 drivers
v0000028c52b00ea0_0 .net "instruction_out", 31 0, v0000028c52a8ed70_0;  alias, 1 drivers
v0000028c52affe60_0 .net "instruction_w", 31 0, L_0000028c52afff00;  1 drivers
v0000028c52b01620_0 .net "jump_target", 31 0, v0000028c52b00cc0_0;  1 drivers
v0000028c52b01080_0 .net "next_PC_val", 31 0, L_0000028c52b01300;  1 drivers
v0000028c52b00c20_0 .net "rst", 0 0, v0000028c52b009a0_0;  1 drivers
S_0000028c52aa4670 .scope module, "IFID" "IF_ID" 3 35, 3 87 0, S_0000028c52aa08d0;
 .timescale 0 0;
    .port_info 0 /INPUT 1 "clk";
    .port_info 1 /INPUT 1 "rst";
    .port_info 2 /INPUT 1 "flush";
    .port_info 3 /INPUT 32 "PC_r";
    .port_info 4 /INPUT 32 "instr_r";
    .port_info 5 /OUTPUT 32 "PC";
    .port_info 6 /OUTPUT 32 "instr";
v0000028c52aa4800_0 .var "PC", 31 0;
v0000028c52aa48a0_0 .net "PC_r", 31 0, v0000028c52aff530_0;  alias, 1 drivers
v0000028c52aa4940_0 .net "clk", 0 0, v0000028c52b01120_0;  alias, 1 drivers
v0000028c52aa49e0_0 .net "flush", 0 0, v0000028c52b00220_0;  alias, 1 drivers
v0000028c52a8ed70_0 .var "instr", 31 0;
v0000028c52aff210_0 .net "instr_r", 31 0, L_0000028c52afff00;  alias, 1 drivers
v0000028c52aff0d0_0 .net "rst", 0 0, v0000028c52b009a0_0;  alias, 1 drivers
E_0000028c52a8d2d0 .event posedge, v0000028c52aff0d0_0, v0000028c52aa4940_0;
S_0000028c52a8ee10 .scope module, "IM" "instruction_memory" 3 30, 3 40 0, S_0000028c52aa08d0;
 .timescale 0 0;
    .port_info 0 /INPUT 32 "PC";
    .port_info 1 /OUTPUT 32 "instruction";
v0000028c52afebd0_0 .net "PC", 31 0, v0000028c52aff530_0;  alias, 1 drivers
v0000028c52aff350_0 .net *"_ivl_0", 7 0, L_0000028c52aff8c0;  1 drivers
v0000028c52afe9f0_0 .net *"_ivl_10", 31 0, L_0000028c52aff960;  1 drivers
v0000028c52aff170_0 .net *"_ivl_12", 7 0, L_0000028c52b005e0;  1 drivers
L_0000028c52b01960 .functor BUFT 1, C4<00000000000000000000000000000001>, C4<0>, C4<0>, C4<0>;
v0000028c52afeef0_0 .net/2u *"_ivl_14", 31 0, L_0000028c52b01960;  1 drivers
v0000028c52aff3f0_0 .net *"_ivl_16", 31 0, L_0000028c52affc80;  1 drivers
v0000028c52aff2b0_0 .net *"_ivl_18", 7 0, L_0000028c52b00fe0;  1 drivers
L_0000028c52b018d0 .functor BUFT 1, C4<00000000000000000000000000000011>, C4<0>, C4<0>, C4<0>;
v0000028c52afec70_0 .net/2u *"_ivl_2", 31 0, L_0000028c52b018d0;  1 drivers
v0000028c52afed10_0 .net *"_ivl_4", 31 0, L_0000028c52affb40;  1 drivers
v0000028c52afedb0_0 .net *"_ivl_6", 7 0, L_0000028c52b00a40;  1 drivers
L_0000028c52b01918 .functor BUFT 1, C4<00000000000000000000000000000010>, C4<0>, C4<0>, C4<0>;
v0000028c52aff7b0_0 .net/2u *"_ivl_8", 31 0, L_0000028c52b01918;  1 drivers
v0000028c52afe950_0 .var/i "i", 31 0;
v0000028c52afee50_0 .net "instruction", 31 0, L_0000028c52afff00;  alias, 1 drivers
v0000028c52aff490 .array "memory", 65535 0, 7 0;
v0000028c52afea90 .array "temp_mem", 16383 0, 31 0;
L_0000028c52aff8c0 .array/port v0000028c52aff490, L_0000028c52affb40;
L_0000028c52affb40 .arith/sum 32, v0000028c52aff530_0, L_0000028c52b018d0;
L_0000028c52b00a40 .array/port v0000028c52aff490, L_0000028c52aff960;
L_0000028c52aff960 .arith/sum 32, v0000028c52aff530_0, L_0000028c52b01918;
L_0000028c52b005e0 .array/port v0000028c52aff490, L_0000028c52affc80;
L_0000028c52affc80 .arith/sum 32, v0000028c52aff530_0, L_0000028c52b01960;
L_0000028c52b00fe0 .array/port v0000028c52aff490, v0000028c52aff530_0;
L_0000028c52afff00 .concat [ 8 8 8 8], L_0000028c52b00fe0, L_0000028c52b005e0, L_0000028c52b00a40, L_0000028c52aff8c0;
S_0000028c52a94210 .scope module, "PC_Reg" "program_counter" 3 23, 3 73 0, S_0000028c52aa08d0;
 .timescale 0 0;
    .port_info 0 /INPUT 1 "clk";
    .port_info 1 /INPUT 32 "PC_mux_output";
    .port_info 2 /INPUT 1 "rst";
    .port_info 3 /OUTPUT 32 "PC";
v0000028c52aff530_0 .var "PC", 31 0;
v0000028c52afef90_0 .net "PC_mux_output", 31 0, L_0000028c52b01300;  alias, 1 drivers
v0000028c52aff5d0_0 .net "clk", 0 0, v0000028c52b01120_0;  alias, 1 drivers
v0000028c52aff670_0 .net "rst", 0 0, v0000028c52b009a0_0;  alias, 1 drivers
E_0000028c52a8ce10 .event posedge, v0000028c52aa4940_0;
S_0000028c52a943a0 .scope module, "adder_4" "adder" 3 19, 4 12 0, S_0000028c52aa08d0;
 .timescale 0 0;
    .port_info 0 /INPUT 32 "a";
    .port_info 1 /INPUT 32 "b";
    .port_info 2 /OUTPUT 32 "f";
v0000028c52afeb30_0 .net "a", 31 0, v0000028c52aff530_0;  alias, 1 drivers
L_0000028c52b01888 .functor BUFT 1, C4<00000000000000000000000000000100>, C4<0>, C4<0>, C4<0>;
v0000028c52aff030_0 .net "b", 31 0, L_0000028c52b01888;  1 drivers
v0000028c52aff710_0 .net "f", 31 0, L_0000028c52b01260;  alias, 1 drivers
L_0000028c52b01260 .arith/sum 32, v0000028c52aff530_0, L_0000028c52b01888;
S_0000028c5294d2c0 .scope module, "mux" "mux_2x1" 3 21, 4 1 0, S_0000028c52aa08d0;
 .timescale 0 0;
    .port_info 0 /INPUT 32 "a";
    .port_info 1 /INPUT 32 "b";
    .port_info 2 /INPUT 1 "s";
    .port_info 3 /OUTPUT 32 "f";
v0000028c52afe8b0_0 .net "a", 31 0, L_0000028c52b01260;  alias, 1 drivers
v0000028c52b01580_0 .net "b", 31 0, v0000028c52b00cc0_0;  alias, 1 drivers
v0000028c52b00540_0 .net "f", 31 0, L_0000028c52b01300;  alias, 1 drivers
v0000028c52b016c0_0 .net "s", 0 0, v0000028c52b00220_0;  alias, 1 drivers
L_0000028c52b01300 .functor MUXZ 32, L_0000028c52b01260, v0000028c52b00cc0_0, v0000028c52b00220_0, C4<>;
    .scope S_0000028c52a94210;
T_0 ;
    %wait E_0000028c52a8ce10;
    %load/vec4 v0000028c52aff670_0;
    %cmpi/e 1, 0, 1;
    %jmp/0xz  T_0.0, 4;
    %pushi/vec4 0, 0, 32;
    %assign/vec4 v0000028c52aff530_0, 0;
    %jmp T_0.1;
T_0.0 ;
    %load/vec4 v0000028c52afef90_0;
    %assign/vec4 v0000028c52aff530_0, 0;
T_0.1 ;
    %jmp T_0;
    .thread T_0;
    .scope S_0000028c52a8ee10;
T_1 ;
    %pushi/vec4 0, 0, 32;
    %store/vec4 v0000028c52afe950_0, 0, 32;
T_1.0 ;
    %load/vec4 v0000028c52afe950_0;
    %cmpi/s 16384, 0, 32;
    %jmp/0xz T_1.1, 5;
    %pushi/vec4 4116, 0, 32;
    %ix/getv/s 4, v0000028c52afe950_0;
    %store/vec4a v0000028c52afea90, 4, 0;
    %load/vec4 v0000028c52afe950_0;
    %addi 1, 0, 32;
    %store/vec4 v0000028c52afe950_0, 0, 32;
    %jmp T_1.0;
T_1.1 ;
    %vpi_call 3 57 "$readmemb", "program.txt", v0000028c52afea90 {0 0 0};
    %pushi/vec4 0, 0, 32;
    %store/vec4 v0000028c52afe950_0, 0, 32;
T_1.2 ;
    %load/vec4 v0000028c52afe950_0;
    %cmpi/s 16384, 0, 32;
    %jmp/0xz T_1.3, 5;
    %ix/getv/s 4, v0000028c52afe950_0;
    %load/vec4a v0000028c52afea90, 4;
    %parti/s 8, 0, 2;
    %load/vec4 v0000028c52afe950_0;
    %muli 4, 0, 32;
    %ix/vec4/s 4;
    %store/vec4a v0000028c52aff490, 4, 0;
    %ix/getv/s 4, v0000028c52afe950_0;
    %load/vec4a v0000028c52afea90, 4;
    %parti/s 8, 8, 5;
    %load/vec4 v0000028c52afe950_0;
    %muli 4, 0, 32;
    %addi 1, 0, 32;
    %ix/vec4/s 4;
    %store/vec4a v0000028c52aff490, 4, 0;
    %ix/getv/s 4, v0000028c52afe950_0;
    %load/vec4a v0000028c52afea90, 4;
    %parti/s 8, 16, 6;
    %load/vec4 v0000028c52afe950_0;
    %muli 4, 0, 32;
    %addi 2, 0, 32;
    %ix/vec4/s 4;
    %store/vec4a v0000028c52aff490, 4, 0;
    %ix/getv/s 4, v0000028c52afe950_0;
    %load/vec4a v0000028c52afea90, 4;
    %parti/s 8, 24, 6;
    %load/vec4 v0000028c52afe950_0;
    %muli 4, 0, 32;
    %addi 3, 0, 32;
    %ix/vec4/s 4;
    %store/vec4a v0000028c52aff490, 4, 0;
    %load/vec4 v0000028c52afe950_0;
    %addi 1, 0, 32;
    %store/vec4 v0000028c52afe950_0, 0, 32;
    %jmp T_1.2;
T_1.3 ;
    %end;
    .thread T_1;
    .scope S_0000028c52aa4670;
T_2 ;
    %wait E_0000028c52a8d2d0;
    %load/vec4 v0000028c52aff0d0_0;
    %flag_set/vec4 8;
    %jmp/0xz  T_2.0, 8;
    %pushi/vec4 0, 0, 32;
    %assign/vec4 v0000028c52aa4800_0, 0;
    %pushi/vec4 0, 0, 32;
    %assign/vec4 v0000028c52a8ed70_0, 0;
    %jmp T_2.1;
T_2.0 ;
    %load/vec4 v0000028c52aa49e0_0;
    %flag_set/vec4 8;
    %jmp/0xz  T_2.2, 8;
    %load/vec4 v0000028c52aa48a0_0;
    %assign/vec4 v0000028c52aa4800_0, 0;
    %pushi/vec4 0, 0, 32;
    %assign/vec4 v0000028c52a8ed70_0, 0;
    %jmp T_2.3;
T_2.2 ;
    %load/vec4 v0000028c52aa48a0_0;
    %assign/vec4 v0000028c52aa4800_0, 0;
    %load/vec4 v0000028c52aff210_0;
    %assign/vec4 v0000028c52a8ed70_0, 0;
T_2.3 ;
T_2.1 ;
    %jmp T_2;
    .thread T_2;
    .scope S_0000028c52aa0740;
T_3 ;
    %delay 5, 0;
    %load/vec4 v0000028c52b01120_0;
    %inv;
    %store/vec4 v0000028c52b01120_0, 0, 1;
    %jmp T_3;
    .thread T_3;
    .scope S_0000028c52aa0740;
T_4 ;
    %pushi/vec4 1, 0, 1;
    %store/vec4 v0000028c52b01120_0, 0, 1;
    %pushi/vec4 1, 0, 1;
    %store/vec4 v0000028c52b009a0_0, 0, 1;
    %delay 10, 0;
    %vpi_call 2 19 "$monitor", "time = %t, clk = %b, rst = %b, PCSel = %b, jump_target = %h, PC = %h, ins = %h", $time, v0000028c52b01120_0, v0000028c52b009a0_0, v0000028c52b00220_0, v0000028c52b00cc0_0, v0000028c52affaa0_0, v0000028c52b01760_0 {0 0 0};
    %pushi/vec4 0, 0, 1;
    %store/vec4 v0000028c52b009a0_0, 0, 1;
    %pushi/vec4 0, 0, 1;
    %store/vec4 v0000028c52b00220_0, 0, 1;
    %pushi/vec4 20, 0, 32;
    %store/vec4 v0000028c52b00cc0_0, 0, 32;
    %delay 30, 0;
    %pushi/vec4 0, 0, 1;
    %store/vec4 v0000028c52b009a0_0, 0, 1;
    %pushi/vec4 1, 0, 1;
    %store/vec4 v0000028c52b00220_0, 0, 1;
    %delay 10, 0;
    %vpi_call 2 27 "$finish" {0 0 0};
    %end;
    .thread T_4;
# The file index is used to find the file name in the following table.
:file_names 5;
    "N/A";
    "<interactive>";
    "IF_tb.v";
    "fetch_stage.v";
    "shared_modules.v";
