#! /c/Source/iverilog-install/bin/vvp
:ivl_version "12.0 (devel)" "(s20150603-1539-g2693dd32b)";
:ivl_delay_selection "TYPICAL";
:vpi_time_precision - 12;
:vpi_module "D:\iverilog\lib\ivl\system.vpi";
:vpi_module "D:\iverilog\lib\ivl\vhdl_sys.vpi";
:vpi_module "D:\iverilog\lib\ivl\vhdl_textio.vpi";
:vpi_module "D:\iverilog\lib\ivl\v2005_math.vpi";
:vpi_module "D:\iverilog\lib\ivl\va_math.vpi";
S_0000025b0a7f6fb0 .scope module, "WB_tb" "WB_tb" 2 4;
 .timescale -9 -12;
v0000025b0a7f3e60_0 .var "ALU_result_in", 31 0;
v0000025b0a7f3c80_0 .var "PC_plus_4_in", 31 0;
v0000025b0a7f40e0_0 .net "WB_result_out", 31 0, L_0000025b0a8a2aa0;  1 drivers
v0000025b0a7f3a00_0 .var "mem_result_in", 31 0;
v0000025b0a7f3aa0_0 .var "rd_in", 4 0;
v0000025b0a7f3b40_0 .net "rd_out", 4 0, L_0000025b0a7f9820;  1 drivers
v0000025b0a7f33c0_0 .var "regWrite_in", 0 0;
v0000025b0a7f3dc0_0 .net "regWrite_out", 0 0, L_0000025b0a7f9a50;  1 drivers
v0000025b0a7f3fa0_0 .var "resultSrc_in", 1 0;
S_0000025b0a7f7140 .scope module, "uut" "wb_stage" 2 15, 3 3 0, S_0000025b0a7f6fb0;
 .timescale -9 -12;
    .port_info 0 /INPUT 32 "ALU_result_in";
    .port_info 1 /INPUT 32 "mem_result_in";
    .port_info 2 /INPUT 32 "PC_plus_4_in";
    .port_info 3 /INPUT 2 "resultSrc_in";
    .port_info 4 /INPUT 1 "regWrite_in";
    .port_info 5 /INPUT 5 "rd_in";
    .port_info 6 /OUTPUT 32 "WB_result_out";
    .port_info 7 /OUTPUT 1 "regWrite_out";
    .port_info 8 /OUTPUT 5 "rd_out";
L_0000025b0a7f9a50 .functor BUFZ 1, v0000025b0a7f33c0_0, C4<0>, C4<0>, C4<0>;
L_0000025b0a7f9820 .functor BUFZ 5, v0000025b0a7f3aa0_0, C4<00000>, C4<00000>, C4<00000>;
v0000025b0a7f72d0_0 .net "ALU_result_in", 31 0, v0000025b0a7f3e60_0;  1 drivers
v0000025b0a8f6800_0 .net "PC_plus_4_in", 31 0, v0000025b0a7f3c80_0;  1 drivers
v0000025b0a7f7370_0 .net "WB_result_out", 31 0, L_0000025b0a8a2aa0;  alias, 1 drivers
L_0000025b0a849fe8 .functor BUFT 1, C4<00>, C4<0>, C4<0>, C4<0>;
v0000025b0a7e77a0_0 .net/2u *"_ivl_0", 1 0, L_0000025b0a849fe8;  1 drivers
v0000025b0a7e7840_0 .net *"_ivl_10", 0 0, L_0000025b0a7f3f00;  1 drivers
L_0000025b0a84a0c0 .functor BUFT 1, C4<00000000000000000000000000000000>, C4<0>, C4<0>, C4<0>;
v0000025b0a7e78e0_0 .net/2u *"_ivl_12", 31 0, L_0000025b0a84a0c0;  1 drivers
v0000025b0a7e7980_0 .net *"_ivl_14", 31 0, L_0000025b0a7f4040;  1 drivers
v0000025b0a7f3460_0 .net *"_ivl_16", 31 0, L_0000025b0a7f4180;  1 drivers
v0000025b0a7f3780_0 .net *"_ivl_2", 0 0, L_0000025b0a7f36e0;  1 drivers
L_0000025b0a84a030 .functor BUFT 1, C4<01>, C4<0>, C4<0>, C4<0>;
v0000025b0a7f3500_0 .net/2u *"_ivl_4", 1 0, L_0000025b0a84a030;  1 drivers
v0000025b0a7f3820_0 .net *"_ivl_6", 0 0, L_0000025b0a7f3d20;  1 drivers
L_0000025b0a84a078 .functor BUFT 1, C4<10>, C4<0>, C4<0>, C4<0>;
v0000025b0a7f35a0_0 .net/2u *"_ivl_8", 1 0, L_0000025b0a84a078;  1 drivers
v0000025b0a7f38c0_0 .net "mem_result_in", 31 0, v0000025b0a7f3a00_0;  1 drivers
v0000025b0a7f3280_0 .net "rd_in", 4 0, v0000025b0a7f3aa0_0;  1 drivers
v0000025b0a7f3320_0 .net "rd_out", 4 0, L_0000025b0a7f9820;  alias, 1 drivers
v0000025b0a7f3960_0 .net "regWrite_in", 0 0, v0000025b0a7f33c0_0;  1 drivers
v0000025b0a7f3640_0 .net "regWrite_out", 0 0, L_0000025b0a7f9a50;  alias, 1 drivers
v0000025b0a7f3be0_0 .net "resultSrc_in", 1 0, v0000025b0a7f3fa0_0;  1 drivers
L_0000025b0a7f36e0 .cmp/eq 2, v0000025b0a7f3fa0_0, L_0000025b0a849fe8;
L_0000025b0a7f3d20 .cmp/eq 2, v0000025b0a7f3fa0_0, L_0000025b0a84a030;
L_0000025b0a7f3f00 .cmp/eq 2, v0000025b0a7f3fa0_0, L_0000025b0a84a078;
L_0000025b0a7f4040 .functor MUXZ 32, L_0000025b0a84a0c0, v0000025b0a7f3c80_0, L_0000025b0a7f3f00, C4<>;
L_0000025b0a7f4180 .functor MUXZ 32, L_0000025b0a7f4040, v0000025b0a7f3a00_0, L_0000025b0a7f3d20, C4<>;
L_0000025b0a8a2aa0 .functor MUXZ 32, L_0000025b0a7f4180, v0000025b0a7f3e60_0, L_0000025b0a7f36e0, C4<>;
    .scope S_0000025b0a7f6fb0;
T_0 ;
    %vpi_call 2 28 "$dumpfile", "WB_tb.vcd" {0 0 0};
    %vpi_call 2 29 "$dumpvars", 32'sb00000000000000000000000000000000, S_0000025b0a7f6fb0 {0 0 0};
    %pushi/vec4 111, 0, 32;
    %store/vec4 v0000025b0a7f3e60_0, 0, 32;
    %pushi/vec4 222, 0, 32;
    %store/vec4 v0000025b0a7f3a00_0, 0, 32;
    %pushi/vec4 333, 0, 32;
    %store/vec4 v0000025b0a7f3c80_0, 0, 32;
    %pushi/vec4 1, 0, 1;
    %store/vec4 v0000025b0a7f33c0_0, 0, 1;
    %pushi/vec4 7, 0, 5;
    %store/vec4 v0000025b0a7f3aa0_0, 0, 5;
    %pushi/vec4 0, 0, 2;
    %store/vec4 v0000025b0a7f3fa0_0, 0, 2;
    %delay 1000, 0;
    %vpi_call 2 38 "$display", "ALU select   -> %d (expected 111)", v0000025b0a7f40e0_0 {0 0 0};
    %pushi/vec4 1, 0, 2;
    %store/vec4 v0000025b0a7f3fa0_0, 0, 2;
    %delay 1000, 0;
    %vpi_call 2 41 "$display", "MEM select   -> %d (expected 222)", v0000025b0a7f40e0_0 {0 0 0};
    %pushi/vec4 2, 0, 2;
    %store/vec4 v0000025b0a7f3fa0_0, 0, 2;
    %delay 1000, 0;
    %vpi_call 2 44 "$display", "PC+4 select  -> %d (expected 333)", v0000025b0a7f40e0_0 {0 0 0};
    %pushi/vec4 3, 0, 2;
    %store/vec4 v0000025b0a7f3fa0_0, 0, 2;
    %delay 1000, 0;
    %vpi_call 2 47 "$display", "Default      -> %d (expected 0)", v0000025b0a7f40e0_0 {0 0 0};
    %vpi_call 2 49 "$display", "WB pass-through rd=%0d regWrite=%b", v0000025b0a7f3b40_0, v0000025b0a7f3dc0_0 {0 0 0};
    %vpi_call 2 50 "$finish" {0 0 0};
    %end;
    .thread T_0;
# The file index is used to find the file name in the following table.
:file_names 4;
    "N/A";
    "<interactive>";
    "WB_tb.v";
    "wb_stage.v";
